3.3057 	DEBUG 	Fullscreen settings ignored as running in pilot mode.
3.3063 	INFO 	Loaded monitor calibration from ['2025_06_17 20:17']
3.4060 	INFO 	Using renderer 'Intel(R) Iris(R) Xe Graphics' for graphics
3.4060 	INFO 	OpenGL version supported by driver is 4..
3.4162 	EXP 	Created window1 = Window(allowGUI=False, allowStencil=False, autoLog=True, backendConf=UNKNOWN, backgroundFit=<method-wrapper '__getattribute__' of attributeSetter object at 0x00000293C36D9A50>, backgroundImage=<method-wrapper '__getattribute__' of attributeSetter object at 0x00000293C36D99F0>, bitsMode=UNKNOWN, blendMode='avg', bpc=(8, 8, 8), color=array([0, 0, 0]), colorSpace='rgb', depthBits=8, fullscr=False, gamma=None, gammaErrorPolicy='raise', infoMsg=UNKNOWN, lms=UNKNOWN, monitor=<psychopy.monitors.calibTools.Monitor object at 0x00000293C37872E0>, multiSample=False, name='window1', numSamples=2, pos=[np.float64(560.0), np.float64(300.0)], screen=0, size=array([800, 600]), stencilBits=0, stereo=False, title='PsychoPy', units='height', useFBO=True, useRetina=False, viewOri=0.0, viewPos=None, viewScale=None, waitBlanking=True, winType='pyglet')
3.4163 	EXP 	window1: backgroundImage = ''
3.4163 	EXP 	window1: backgroundFit = 'none'
3.4311 	DEBUG 	TextBox2 loaded 1 chars with 0 blanks and 1 valid
3.4411 	DEBUG 	TextBox2 loaded 1 chars with 0 blanks and 1 valid
3.4515 	DEBUG 	TextBox2 loaded 1 chars with 0 blanks and 1 valid
3.4616 	DEBUG 	TextBox2 loaded 1 chars with 0 blanks and 1 valid
3.4722 	DEBUG 	TextBox2 loaded 1 chars with 0 blanks and 1 valid
3.4824 	DEBUG 	TextBox2 loaded 1 chars with 0 blanks and 1 valid
3.4931 	DEBUG 	TextBox2 loaded 1 chars with 0 blanks and 1 valid
3.5043 	DEBUG 	TextBox2 loaded 1 chars with 0 blanks and 1 valid
3.5153 	DEBUG 	TextBox2 loaded 1 chars with 0 blanks and 1 valid
3.5270 	DEBUG 	TextBox2 loaded 1 chars with 0 blanks and 1 valid
3.5389 	DEBUG 	TextBox2 loaded 1 chars with 0 blanks and 1 valid
3.5511 	DEBUG 	TextBox2 loaded 1 chars with 0 blanks and 1 valid
3.5632 	DEBUG 	TextBox2 loaded 1 chars with 0 blanks and 1 valid
3.5747 	DEBUG 	TextBox2 loaded 1 chars with 0 blanks and 1 valid
3.5865 	DEBUG 	TextBox2 loaded 1 chars with 0 blanks and 1 valid
3.5989 	DEBUG 	TextBox2 loaded 1 chars with 0 blanks and 1 valid
3.6115 	DEBUG 	TextBox2 loaded 1 chars with 0 blanks and 1 valid
3.6239 	DEBUG 	TextBox2 loaded 1 chars with 0 blanks and 1 valid
3.6365 	DEBUG 	TextBox2 loaded 1 chars with 0 blanks and 1 valid
3.6499 	DEBUG 	TextBox2 loaded 1 chars with 0 blanks and 1 valid
3.6625 	DEBUG 	TextBox2 loaded 1 chars with 0 blanks and 1 valid
3.6632 	DEBUG 	Uploading Texture Font fontname to graphics card
3.6688 	DEBUG 	Upload of Texture Font fontname complete
3.6887 	DEBUG 	TextBox2 loaded 1 chars with 0 blanks and 1 valid
3.7031 	DEBUG 	TextBox2 loaded 1 chars with 0 blanks and 1 valid
3.7179 	DEBUG 	TextBox2 loaded 1 chars with 0 blanks and 1 valid
3.7183 	DEBUG 	Uploading Texture Font fontname to graphics card
3.7232 	DEBUG 	Upload of Texture Font fontname complete
3.7259 	EXP 	window1: Attempting to measure frame rate of screen (0) ...
3.7260 	EXP 	window1: recordFrameIntervals = False
3.8974 	EXP 	window1: recordFrameIntervals = True
4.0820 	EXP 	Screen (0) actual frame rate measured at 59.54Hz
4.0821 	EXP 	window1: recordFrameIntervals = False
4.1000 	DEBUG 	TextBox2 loaded 1 chars with 0 blanks and 1 valid
4.1125 	DEBUG 	TextBox2 loaded 1 chars with 0 blanks and 1 valid
4.1253 	DEBUG 	TextBox2 loaded 1 chars with 0 blanks and 1 valid
4.1385 	DEBUG 	TextBox2 loaded 1 chars with 0 blanks and 1 valid
4.1515 	DEBUG 	TextBox2 loaded 1 chars with 0 blanks and 1 valid
4.1647 	DEBUG 	TextBox2 loaded 1 chars with 0 blanks and 1 valid
4.1772 	DEBUG 	TextBox2 loaded 1 chars with 0 blanks and 1 valid
4.1904 	DEBUG 	TextBox2 loaded 1 chars with 0 blanks and 1 valid
4.2040 	DEBUG 	TextBox2 loaded 1 chars with 0 blanks and 1 valid
4.2177 	DEBUG 	TextBox2 loaded 1 chars with 0 blanks and 1 valid
4.2182 	DEBUG 	Uploading Texture Font fontname to graphics card
4.2188 	DEBUG 	Upload of Texture Font fontname complete
4.6314 	INFO 	keyboard.Keyboard is using ptb backend.
4.6315 	EXP 	mouse: status = STARTED
4.6547 	EXP 	Created mouse_none = ImageStim(__class__=<class 'psychopy.visual.image.ImageStim'>, anchor=('center', 'center'), autoLog=True, color=array([1., 1., 1.]), colorSpace='rgb', contrast=1.0, depth=0.0, draggable=False, flipHoriz=np.False_, flipVert=np.False_, image='stimuli/mouse_none.jpg', interpolate=True, mask='stimuli/mouse_mask.jpg', maskParams=None, name='mouse_none', opacity=1, ori=0.0, pos=array([0., 0.]), size=array([0.5, 0.5]), texRes=128.0, units='height', win=Window(...))
4.6602 	EXP 	Created image = ImageStim(__class__=<class 'psychopy.visual.image.ImageStim'>, anchor=('center', 'center'), autoLog=True, color=array([1., 1., 1.]), colorSpace='rgb', contrast=1.0, depth=-1.0, draggable=False, flipHoriz=np.False_, flipVert=np.False_, image='stimuli/mouse_left.jpg', interpolate=True, mask='stimuli/mouse_mask.jpg', maskParams=None, name='image', opacity=1, ori=0.0, pos=array([0., 0.]), size=array([0.5, 0.5]), texRes=128.0, units='height', win=Window(...))
0.0086 	DEBUG 	Read csv file with pandas: conditions.csv
0.0095 	DEBUG 	Clearing unnamed columns from conditions.csv
0.0097 	EXP 	Imported conditions.csv as conditions, 2 conditions, 1 params
0.0100 	EXP 	New trial (rep=0, index=0): <Trial 0 (0 in rep 0) data={'side': 'left', 'thisN': 0, 'thisTrialN': 0, 'thisRepN': 0}>
0.0211 	EXP 	mouse_none: autoDraw = True
0.2095 	EXP 	image: autoDraw = True
0.2207 	EXP 	mouse_none: autoDraw = False
1.7067 	EXP 	New trial (rep=0, index=1): <Trial 1 (1 in rep 0) data={'side': 'right', 'thisN': 1, 'thisTrialN': 1, 'thisRepN': 0}>
1.7210 	EXP 	mouse_none: autoDraw = False
1.7210 	EXP 	image: autoDraw = False
1.7210 	EXP 	mouse_none: autoDraw = True
1.9038 	EXP 	image: autoDraw = True
1.9200 	EXP 	mouse_none: autoDraw = False
3.3891 	EXP 	New trial (rep=1, index=0): <Trial 2 (0 in rep 1) data={'side': 'left', 'thisN': 2, 'thisTrialN': 0, 'thisRepN': 1}>
3.4040 	EXP 	image: autoDraw = False
3.4040 	EXP 	mouse_none: autoDraw = False
3.4040 	EXP 	image: autoDraw = False
3.4040 	EXP 	mouse_none: autoDraw = True
3.6046 	EXP 	mouse_none: autoDraw = False
3.6046 	EXP 	image: autoDraw = True
4.6725 	DATA 	Keypress: escape
4.6757 	EXP 	Device response: <KeyPress from None: t=4.667681599967182, value=escape, duration=None>
4.7566 	EXP 	Device response: <KeyPress from None: t=4.667681599967182, value=escape, duration=0.08823510003276169>
4.7566 	EXP 	mouse: status = STOPPED
4.7703 	EXP 	image: autoDraw = False
4.7721 	EXP 	mouse: status = STOPPED
4.7829 	INFO 	saved data to 'C:\\Users\\delgr\\Projects\\mouseGame\\data\\pilot_mouse_2025-06-17_21h39.02.950.csv'
4.7835 	INFO 	saved data to C:\Users\delgr\Projects\mouseGame\data\pilot_mouse_2025-06-17_21h39.02.950.psydat
4.9327 	DEBUG 	Saving data for mouse ExperimentHandler
4.9381 	WARNING 	Stopping key buffers but this could be dangerous ifother keyboards rely on the same.
