7.6756 	DEBUG 	Fullscreen settings ignored as running in pilot mode.
7.6762 	INFO 	Loaded monitor calibration from ['2025_06_17 20:17']
7.8069 	INFO 	Using renderer 'Intel(R) Iris(R) Xe Graphics' for graphics
7.8069 	INFO 	OpenGL version supported by driver is 4..
7.8199 	EXP 	Created window1 = Window(allowGUI=False, allowStencil=False, autoLog=True, backendConf=UNKNOWN, backgroundFit=<method-wrapper '__getattribute__' of attributeSetter object at 0x000001D78D54B6D0>, backgroundImage=<method-wrapper '__getattribute__' of attributeSetter object at 0x000001D78D54B670>, bitsMode=UNKNOWN, blendMode='avg', bpc=(8, 8, 8), color=array([0, 0, 0]), colorSpace='rgb', depthBits=8, fullscr=False, gamma=None, gammaErrorPolicy='raise', infoMsg=UNKNOWN, lms=UNKNOWN, monitor=<psychopy.monitors.calibTools.Monitor object at 0x000001D78D61CFA0>, multiSample=False, name='window1', numSamples=2, pos=[np.float64(1520.0), np.float64(780.0)], screen=0, size=array([800, 600]), stencilBits=0, stereo=False, title='PsychoPy', units='height', useFBO=True, useRetina=False, viewOri=0.0, viewPos=None, viewScale=None, waitBlanking=True, winType='pyglet')
7.8200 	EXP 	window1: backgroundImage = ''
7.8200 	EXP 	window1: backgroundFit = 'none'
7.8371 	DEBUG 	TextBox2 loaded 1 chars with 0 blanks and 1 valid
7.8490 	DEBUG 	TextBox2 loaded 1 chars with 0 blanks and 1 valid
7.8610 	DEBUG 	TextBox2 loaded 1 chars with 0 blanks and 1 valid
7.8728 	DEBUG 	TextBox2 loaded 1 chars with 0 blanks and 1 valid
7.8851 	DEBUG 	TextBox2 loaded 1 chars with 0 blanks and 1 valid
7.8972 	DEBUG 	TextBox2 loaded 1 chars with 0 blanks and 1 valid
7.9102 	DEBUG 	TextBox2 loaded 1 chars with 0 blanks and 1 valid
7.9231 	DEBUG 	TextBox2 loaded 1 chars with 0 blanks and 1 valid
7.9351 	DEBUG 	TextBox2 loaded 1 chars with 0 blanks and 1 valid
7.9475 	DEBUG 	TextBox2 loaded 1 chars with 0 blanks and 1 valid
7.9602 	DEBUG 	TextBox2 loaded 1 chars with 0 blanks and 1 valid
7.9732 	DEBUG 	TextBox2 loaded 1 chars with 0 blanks and 1 valid
7.9862 	DEBUG 	TextBox2 loaded 1 chars with 0 blanks and 1 valid
7.9995 	DEBUG 	TextBox2 loaded 1 chars with 0 blanks and 1 valid
8.0124 	DEBUG 	TextBox2 loaded 1 chars with 0 blanks and 1 valid
8.0258 	DEBUG 	TextBox2 loaded 1 chars with 0 blanks and 1 valid
8.0391 	DEBUG 	TextBox2 loaded 1 chars with 0 blanks and 1 valid
8.0524 	DEBUG 	TextBox2 loaded 1 chars with 0 blanks and 1 valid
8.0660 	DEBUG 	TextBox2 loaded 1 chars with 0 blanks and 1 valid
8.0801 	DEBUG 	TextBox2 loaded 1 chars with 0 blanks and 1 valid
8.0940 	DEBUG 	TextBox2 loaded 1 chars with 0 blanks and 1 valid
8.0946 	DEBUG 	Uploading Texture Font fontname to graphics card
8.1014 	DEBUG 	Upload of Texture Font fontname complete
8.1218 	DEBUG 	TextBox2 loaded 1 chars with 0 blanks and 1 valid
8.1362 	DEBUG 	TextBox2 loaded 1 chars with 0 blanks and 1 valid
8.1508 	DEBUG 	TextBox2 loaded 1 chars with 0 blanks and 1 valid
8.1514 	DEBUG 	Uploading Texture Font fontname to graphics card
8.1566 	DEBUG 	Upload of Texture Font fontname complete
8.1592 	EXP 	window1: Attempting to measure frame rate of screen (0) ...
8.1592 	EXP 	window1: recordFrameIntervals = False
8.3313 	EXP 	window1: recordFrameIntervals = True
8.5993 	EXP 	Screen (0) actual frame rate measured at 59.71Hz
8.5994 	EXP 	window1: recordFrameIntervals = False
8.6207 	DEBUG 	TextBox2 loaded 1 chars with 0 blanks and 1 valid
8.6359 	DEBUG 	TextBox2 loaded 1 chars with 0 blanks and 1 valid
8.6512 	DEBUG 	TextBox2 loaded 1 chars with 0 blanks and 1 valid
8.6672 	DEBUG 	TextBox2 loaded 1 chars with 0 blanks and 1 valid
8.6828 	DEBUG 	TextBox2 loaded 1 chars with 0 blanks and 1 valid
8.6983 	DEBUG 	TextBox2 loaded 1 chars with 0 blanks and 1 valid
8.7126 	DEBUG 	TextBox2 loaded 1 chars with 0 blanks and 1 valid
8.7279 	DEBUG 	TextBox2 loaded 1 chars with 0 blanks and 1 valid
8.7433 	DEBUG 	TextBox2 loaded 1 chars with 0 blanks and 1 valid
8.7592 	DEBUG 	TextBox2 loaded 1 chars with 0 blanks and 1 valid
8.7601 	DEBUG 	Uploading Texture Font fontname to graphics card
8.7614 	DEBUG 	Upload of Texture Font fontname complete
9.1006 	INFO 	keyboard.Keyboard is using ptb backend.
9.1008 	EXP 	mouse: status = STARTED
9.1026 	EXP 	Created start_button = Rect(__class__=<class 'psychopy.visual.rect.Rect'>, anchor=('center', 'center'), autoDraw=False, autoLog=True, closeShape=True, color=method-wrapper(...), colorSpace='rgb', contrast=None, depth=0.0, draggable=False, fillColor=array([0.8902, 0.898 , 0.6549]), fillColorSpace='rgb', fillRGB=array([0.8902, 0.898 , 0.6549]), interpolate=True, lineColor=array([ 0.6078, -0.2784, -0.2784]), lineColorSpace='rgb', lineRGB=array([ 0.6078, -0.2784, -0.2784]), lineWidth=2.0, name='start_button', opacity=1, ori=0.0, pos=array([ 0. , -3.5]), size=array([0.3, 0.1]), units='height', vertices=ndarray(...), win=Window(...))
9.1038 	EXP 	Created drawing_area = Rect(__class__=<class 'psychopy.visual.rect.Rect'>, anchor=('center', 'center'), autoDraw=False, autoLog=True, closeShape=True, color=method-wrapper(...), colorSpace='rgb', contrast=None, depth=-1.0, draggable=False, fillColor=array([1, 1, 1]), fillColorSpace='rgb', fillRGB=array([1, 1, 1]), interpolate=True, lineColor=array([-0.6706, -0.749 , -0.749 ]), lineColorSpace='rgb', lineRGB=array([-0.6706, -0.749 , -0.749 ]), lineWidth=3.0, name='drawing_area', opacity=1, ori=0.0, pos=array([0., 0.]), size=array([0.5, 0.5]), units='height', vertices=ndarray(...), win=Window(...))
9.1039 	EXP 	Created brush = <psychopy.visual.brush.Brush object at 0x000001D79740A7A0>
9.1727 	EXP 	Created instrutions_text = TextStim(__class__=<class 'psychopy.visual.text.TextStim'>, alignHoriz=method-wrapper(...), alignText='center', alignVert=method-wrapper(...), anchorHoriz='center', anchorVert='center', antialias=True, autoDraw=False, autoLog=True, bold=False, color=array([1., 1., 1.]), colorSpace='rgb', contrast=1.0, depth=0.0, draggable=False, flipHoriz=False, flipVert=False, font='Arial', fontFiles=[], height=np.float64(0.05), italic=False, languageStyle='LTR', name='instrutions_text', opacity=1, ori=0.0, pos=array([0., 0.]), rgb=UNKNOWN, text=str(...), units='height', win=Window(...), wrapWidth=1)
9.2006 	EXP 	Created instructions_mouse_2 = ImageStim(__class__=<class 'psychopy.visual.image.ImageStim'>, anchor=('center', 'center'), autoLog=True, color=array([1., 1., 1.]), colorSpace='rgb', contrast=1.0, depth=0.0, draggable=False, flipHoriz=np.False_, flipVert=np.False_, image='stimuli/mouse_none.jpg', interpolate=True, mask='stimuli/mouse_mask.jpg', maskParams=None, name='instructions_mouse_2', opacity=1, ori=0.0, pos=array([0., 0.]), size=array([0.5, 0.5]), texRes=128.0, units='height', win=Window(...))
9.2083 	EXP 	Created mouse_none = ImageStim(__class__=<class 'psychopy.visual.image.ImageStim'>, anchor=('center', 'center'), autoLog=True, color=array([1., 1., 1.]), colorSpace='rgb', contrast=1.0, depth=0.0, draggable=False, flipHoriz=np.False_, flipVert=np.False_, image='stimuli/mouse_none.jpg', interpolate=True, mask='stimuli/mouse_mask.jpg', maskParams=None, name='mouse_none', opacity=1, ori=0.0, pos=array([0., 0.]), size=array([0.5, 0.5]), texRes=128.0, units='height', win=Window(...))
9.2158 	EXP 	Created image = ImageStim(__class__=<class 'psychopy.visual.image.ImageStim'>, anchor=('center', 'center'), autoLog=True, color=array([1., 1., 1.]), colorSpace='rgb', contrast=1.0, depth=-1.0, draggable=False, flipHoriz=np.False_, flipVert=np.False_, image='default.png', interpolate=True, mask='stimuli/mouse_mask.jpg', maskParams=None, name='image', opacity=1, ori=0.0, pos=array([0., 0.]), size=array([0.5, 0.5]), texRes=128.0, units='height', win=Window(...))
9.2242 	EXP 	Created mouse_none_2 = ImageStim(__class__=<class 'psychopy.visual.image.ImageStim'>, anchor=('center', 'center'), autoLog=True, color=array([1., 1., 1.]), colorSpace='rgb', contrast=1.0, depth=0.0, draggable=False, flipHoriz=np.False_, flipVert=np.False_, image='stimuli/mouse_none.jpg', interpolate=True, mask='stimuli/mouse_mask.jpg', maskParams=None, name='mouse_none_2', opacity=1, ori=0.0, pos=array([0., 0.]), size=array([0.5, 0.5]), texRes=128.0, units='height', win=Window(...))
9.2323 	EXP 	Created image_2 = ImageStim(__class__=<class 'psychopy.visual.image.ImageStim'>, anchor=('center', 'center'), autoLog=True, color=array([1., 1., 1.]), colorSpace='rgb', contrast=1.0, depth=-1.0, draggable=False, flipHoriz=np.False_, flipVert=np.False_, image='default.png', interpolate=True, mask='stimuli/mouse_mask.jpg', maskParams=None, name='image_2', opacity=1, ori=0.0, pos=array([0., 0.]), size=array([0.5, 0.5]), texRes=128.0, units='height', win=Window(...))
9.2399 	EXP 	Created thankyou_text = TextStim(__class__=<class 'psychopy.visual.text.TextStim'>, alignHoriz=method-wrapper(...), alignText='center', alignVert=method-wrapper(...), anchorHoriz='center', anchorVert='center', antialias=True, autoDraw=False, autoLog=True, bold=False, color=array([1., 1., 1.]), colorSpace='rgb', contrast=1.0, depth=0.0, draggable=False, flipHoriz=False, flipVert=False, font='Arial', fontFiles=[], height=np.float64(0.05), italic=False, languageStyle='LTR', name='thankyou_text', opacity=1, ori=0.0, pos=array([0., 0.]), rgb=UNKNOWN, text='Done, Thank You!\n\n(Click mouse to end).', units='height', win=Window(...), wrapWidth=1)
0.0073 	EXP 	brush: autoLog = True
0.0073 	EXP 	brush: autoDraw = False
0.0111 	EXP 	Resetting brush
0.0244 	EXP 	start_button: autoDraw = True
0.0244 	EXP 	drawing_area: autoDraw = True
0.0244 	EXP 	brush: autoDraw = True
7.0386 	DATA 	Mouse: Left button down, pos=(337,369)
7.0398 	EXP 	Resetting brush parameter: brushPos.
7.0398 	EXP 	Creating ShapeStim for brush
7.4802 	DATA 	Mouse:  Left button up, pos=(421,437)
7.6797 	DATA 	Mouse: Left button down, pos=(432,442)
7.6807 	EXP 	Resetting brush parameter: brushPos.
7.6807 	EXP 	Creating ShapeStim for brush
8.1973 	DATA 	Mouse:  Left button up, pos=(534,245)
8.4468 	DATA 	Mouse: Left button down, pos=(616,111)
8.4477 	EXP 	Resetting brush parameter: brushPos.
8.4477 	EXP 	Creating ShapeStim for brush
9.0791 	DATA 	Mouse:  Left button up, pos=(377,268)
9.3807 	DATA 	Mouse: Left button down, pos=(458,261)
9.3817 	EXP 	Resetting brush parameter: brushPos.
9.3817 	EXP 	Creating ShapeStim for brush
10.3287 	DATA 	Mouse:  Left button up, pos=(237,485)
12.3113 	DATA 	Keypress: escape
12.3154 	EXP 	Device response: <KeyPress from None: t=12.30568350001704, value=escape, duration=None>
12.4298 	EXP 	Device response: <KeyPress from None: t=12.30568350001704, value=escape, duration=0.11158149997936562>
12.4298 	EXP 	mouse: status = STOPPED
12.4412 	EXP 	start_button: autoDraw = False
12.4412 	EXP 	drawing_area: autoDraw = False
12.4412 	EXP 	brush: autoDraw = False
12.4442 	EXP 	mouse: status = STOPPED
12.4552 	INFO 	saved data to 'C:\\Users\\delgr\\Projects\\mouseGame\\data\\pilot_mouse_2025-06-17_23h36.39.052.csv'
12.4560 	INFO 	saved data to C:\Users\delgr\Projects\mouseGame\data\pilot_mouse_2025-06-17_23h36.39.052.psydat
12.6049 	DEBUG 	Saving data for mouse ExperimentHandler
12.6114 	WARNING 	Stopping key buffers but this could be dangerous ifother keyboards rely on the same.
