3.2109 	DEBUG 	Fullscreen settings ignored as running in pilot mode.
3.2116 	INFO 	Loaded monitor calibration from ['2025_06_17 20:17']
3.3462 	INFO 	Using renderer 'Intel(R) Iris(R) Xe Graphics' for graphics
3.3462 	INFO 	OpenGL version supported by driver is 4..
3.3609 	EXP 	Created window1 = Window(allowGUI=False, allowStencil=False, autoLog=True, backendConf=UNKNOWN, backgroundFit=<method-wrapper '__getattribute__' of attributeSetter object at 0x0000025282DC7E20>, backgroundImage=<method-wrapper '__getattribute__' of attributeSetter object at 0x0000025282DC7DC0>, bitsMode=UNKNOWN, blendMode='avg', bpc=(8, 8, 8), color=array([0, 0, 0]), colorSpace='rgb', depthBits=8, fullscr=False, gamma=None, gammaErrorPolicy='raise', infoMsg=UNKNOWN, lms=UNKNOWN, monitor=<psychopy.monitors.calibTools.Monitor object at 0x0000025282E996F0>, multiSample=False, name='window1', numSamples=2, pos=[np.float64(1520.0), np.float64(780.0)], screen=0, size=array([800, 600]), stencilBits=0, stereo=False, title='PsychoPy', units='height', useFBO=True, useRetina=False, viewOri=0.0, viewPos=None, viewScale=None, waitBlanking=True, winType='pyglet')
3.3610 	EXP 	window1: backgroundImage = ''
3.3610 	EXP 	window1: backgroundFit = 'none'
3.3826 	DEBUG 	TextBox2 loaded 1 chars with 0 blanks and 1 valid
3.3974 	DEBUG 	TextBox2 loaded 1 chars with 0 blanks and 1 valid
3.4126 	DEBUG 	TextBox2 loaded 1 chars with 0 blanks and 1 valid
3.4277 	DEBUG 	TextBox2 loaded 1 chars with 0 blanks and 1 valid
3.4428 	DEBUG 	TextBox2 loaded 1 chars with 0 blanks and 1 valid
3.4573 	DEBUG 	TextBox2 loaded 1 chars with 0 blanks and 1 valid
3.4722 	DEBUG 	TextBox2 loaded 1 chars with 0 blanks and 1 valid
3.4874 	DEBUG 	TextBox2 loaded 1 chars with 0 blanks and 1 valid
3.5027 	DEBUG 	TextBox2 loaded 1 chars with 0 blanks and 1 valid
3.5186 	DEBUG 	TextBox2 loaded 1 chars with 0 blanks and 1 valid
3.5365 	DEBUG 	TextBox2 loaded 1 chars with 0 blanks and 1 valid
3.5532 	DEBUG 	TextBox2 loaded 1 chars with 0 blanks and 1 valid
3.5699 	DEBUG 	TextBox2 loaded 1 chars with 0 blanks and 1 valid
3.5860 	DEBUG 	TextBox2 loaded 1 chars with 0 blanks and 1 valid
3.6019 	DEBUG 	TextBox2 loaded 1 chars with 0 blanks and 1 valid
3.6180 	DEBUG 	TextBox2 loaded 1 chars with 0 blanks and 1 valid
3.6335 	DEBUG 	TextBox2 loaded 1 chars with 0 blanks and 1 valid
3.6487 	DEBUG 	TextBox2 loaded 1 chars with 0 blanks and 1 valid
3.6640 	DEBUG 	TextBox2 loaded 1 chars with 0 blanks and 1 valid
3.6798 	DEBUG 	TextBox2 loaded 1 chars with 0 blanks and 1 valid
3.6950 	DEBUG 	TextBox2 loaded 1 chars with 0 blanks and 1 valid
3.6955 	DEBUG 	Uploading Texture Font fontname to graphics card
3.7019 	DEBUG 	Upload of Texture Font fontname complete
3.7246 	DEBUG 	TextBox2 loaded 1 chars with 0 blanks and 1 valid
3.7402 	DEBUG 	TextBox2 loaded 1 chars with 0 blanks and 1 valid
3.7567 	DEBUG 	TextBox2 loaded 1 chars with 0 blanks and 1 valid
3.7572 	DEBUG 	Uploading Texture Font fontname to graphics card
3.7627 	DEBUG 	Upload of Texture Font fontname complete
3.7654 	EXP 	window1: Attempting to measure frame rate of screen (0) ...
3.7654 	EXP 	window1: recordFrameIntervals = False
3.9386 	EXP 	window1: recordFrameIntervals = True
4.1223 	EXP 	Screen (0) actual frame rate measured at 60.01Hz
4.1224 	EXP 	window1: recordFrameIntervals = False
4.1418 	DEBUG 	TextBox2 loaded 1 chars with 0 blanks and 1 valid
4.1560 	DEBUG 	TextBox2 loaded 1 chars with 0 blanks and 1 valid
4.1700 	DEBUG 	TextBox2 loaded 1 chars with 0 blanks and 1 valid
4.1843 	DEBUG 	TextBox2 loaded 1 chars with 0 blanks and 1 valid
4.1986 	DEBUG 	TextBox2 loaded 1 chars with 0 blanks and 1 valid
4.2130 	DEBUG 	TextBox2 loaded 1 chars with 0 blanks and 1 valid
4.2267 	DEBUG 	TextBox2 loaded 1 chars with 0 blanks and 1 valid
4.2409 	DEBUG 	TextBox2 loaded 1 chars with 0 blanks and 1 valid
4.2555 	DEBUG 	TextBox2 loaded 1 chars with 0 blanks and 1 valid
4.2695 	DEBUG 	TextBox2 loaded 1 chars with 0 blanks and 1 valid
4.2700 	DEBUG 	Uploading Texture Font fontname to graphics card
4.2705 	DEBUG 	Upload of Texture Font fontname complete
4.6879 	INFO 	keyboard.Keyboard is using ptb backend.
4.6879 	EXP 	mouse: status = STARTED
4.6899 	EXP 	Created drawing_area = Rect(__class__=<class 'psychopy.visual.rect.Rect'>, anchor=('center', 'center'), autoDraw=False, autoLog=True, closeShape=True, color=method-wrapper(...), colorSpace='rgb', contrast=None, depth=0.0, draggable=False, fillColor=array([1, 1, 1]), fillColorSpace='rgb', fillRGB=array([1, 1, 1]), interpolate=True, lineColor=array([-0.6706, -0.749 , -0.749 ]), lineColorSpace='rgb', lineRGB=array([-0.6706, -0.749 , -0.749 ]), lineWidth=3.0, name='drawing_area', opacity=1, ori=0.0, pos=array([0., 0.]), size=array([0.5, 0.5]), units='height', vertices=ndarray(...), win=Window(...))
4.6899 	EXP 	Created brush = <psychopy.visual.brush.Brush object at 0x000002528A34ABF0>
4.6907 	EXP 	Created start_button = Rect(__class__=<class 'psychopy.visual.rect.Rect'>, anchor=('center', 'center'), autoDraw=False, autoLog=True, closeShape=True, color=method-wrapper(...), colorSpace='rgb', contrast=None, depth=-2.0, draggable=False, fillColor=array([0.8902, 0.7098, 0.6549]), fillColorSpace='rgb', fillRGB=array([0.8902, 0.7098, 0.6549]), interpolate=True, lineColor=array([ 0.6078, -0.2784, -0.2784]), lineColorSpace='rgb', lineRGB=array([ 0.6078, -0.2784, -0.2784]), lineWidth=4.0, name='start_button', opacity=1, ori=0.0, pos=array([ 0. , -0.4]), size=array([0.25, 0.1 ]), units='height', vertices=ndarray(...), win=Window(...))
4.7379 	EXP 	Created instrutions_text = TextStim(__class__=<class 'psychopy.visual.text.TextStim'>, alignHoriz=method-wrapper(...), alignText='center', alignVert=method-wrapper(...), anchorHoriz='center', anchorVert='center', antialias=True, autoDraw=False, autoLog=True, bold=False, color=array([1., 1., 1.]), colorSpace='rgb', contrast=1.0, depth=0.0, draggable=False, flipHoriz=False, flipVert=False, font='Arial', fontFiles=[], height=np.float64(0.05), italic=False, languageStyle='LTR', name='instrutions_text', opacity=1, ori=0.0, pos=array([0., 0.]), rgb=UNKNOWN, text=str(...), units='height', win=Window(...), wrapWidth=1)
4.7577 	EXP 	Created instructions_mouse_2 = ImageStim(__class__=<class 'psychopy.visual.image.ImageStim'>, anchor=('center', 'center'), autoLog=True, color=array([1., 1., 1.]), colorSpace='rgb', contrast=1.0, depth=0.0, draggable=False, flipHoriz=np.False_, flipVert=np.False_, image='stimuli/mouse_none.jpg', interpolate=True, mask='stimuli/mouse_mask.jpg', maskParams=None, name='instructions_mouse_2', opacity=1, ori=0.0, pos=array([0., 0.]), size=array([0.5, 0.5]), texRes=128.0, units='height', win=Window(...))
4.7634 	EXP 	Created mouse_none = ImageStim(__class__=<class 'psychopy.visual.image.ImageStim'>, anchor=('center', 'center'), autoLog=True, color=array([1., 1., 1.]), colorSpace='rgb', contrast=1.0, depth=0.0, draggable=False, flipHoriz=np.False_, flipVert=np.False_, image='stimuli/mouse_none.jpg', interpolate=True, mask='stimuli/mouse_mask.jpg', maskParams=None, name='mouse_none', opacity=1, ori=0.0, pos=array([0., 0.]), size=array([0.5, 0.5]), texRes=128.0, units='height', win=Window(...))
4.7684 	EXP 	Created image = ImageStim(__class__=<class 'psychopy.visual.image.ImageStim'>, anchor=('center', 'center'), autoLog=True, color=array([1., 1., 1.]), colorSpace='rgb', contrast=1.0, depth=-1.0, draggable=False, flipHoriz=np.False_, flipVert=np.False_, image='default.png', interpolate=True, mask='stimuli/mouse_mask.jpg', maskParams=None, name='image', opacity=1, ori=0.0, pos=array([0., 0.]), size=array([0.5, 0.5]), texRes=128.0, units='height', win=Window(...))
4.7740 	EXP 	Created mouse_none_2 = ImageStim(__class__=<class 'psychopy.visual.image.ImageStim'>, anchor=('center', 'center'), autoLog=True, color=array([1., 1., 1.]), colorSpace='rgb', contrast=1.0, depth=0.0, draggable=False, flipHoriz=np.False_, flipVert=np.False_, image='stimuli/mouse_none.jpg', interpolate=True, mask='stimuli/mouse_mask.jpg', maskParams=None, name='mouse_none_2', opacity=1, ori=0.0, pos=array([0., 0.]), size=array([0.5, 0.5]), texRes=128.0, units='height', win=Window(...))
4.7793 	EXP 	Created image_2 = ImageStim(__class__=<class 'psychopy.visual.image.ImageStim'>, anchor=('center', 'center'), autoLog=True, color=array([1., 1., 1.]), colorSpace='rgb', contrast=1.0, depth=-1.0, draggable=False, flipHoriz=np.False_, flipVert=np.False_, image='default.png', interpolate=True, mask='stimuli/mouse_mask.jpg', maskParams=None, name='image_2', opacity=1, ori=0.0, pos=array([0., 0.]), size=array([0.5, 0.5]), texRes=128.0, units='height', win=Window(...))
4.7848 	EXP 	Created thankyou_text = TextStim(__class__=<class 'psychopy.visual.text.TextStim'>, alignHoriz=method-wrapper(...), alignText='center', alignVert=method-wrapper(...), anchorHoriz='center', anchorVert='center', antialias=True, autoDraw=False, autoLog=True, bold=False, color=array([1., 1., 1.]), colorSpace='rgb', contrast=1.0, depth=0.0, draggable=False, flipHoriz=False, flipVert=False, font='Arial', fontFiles=[], height=np.float64(0.05), italic=False, languageStyle='LTR', name='thankyou_text', opacity=1, ori=0.0, pos=array([0., 0.]), rgb=UNKNOWN, text='Done, Thank You!\n\n(Click mouse to end).', units='height', win=Window(...), wrapWidth=1)
0.0024 	EXP 	brush: autoLog = True
0.0024 	EXP 	brush: autoDraw = False
0.0048 	EXP 	Resetting brush
0.0204 	EXP 	drawing_area: autoDraw = True
0.0204 	EXP 	brush: autoDraw = True
0.0204 	EXP 	start_button: autoDraw = True
1.4748 	DATA 	Mouse: Left button down, pos=(405,315)
1.4759 	EXP 	Resetting brush parameter: brushPos.
1.4759 	EXP 	Creating ShapeStim for brush
2.2733 	DATA 	Mouse:  Left button up, pos=(501,212)
2.5890 	DATA 	Mouse: Left button down, pos=(543,180)
2.5895 	EXP 	Resetting brush parameter: brushPos.
2.5895 	EXP 	Creating ShapeStim for brush
3.2404 	DATA 	Mouse:  Left button up, pos=(427,236)
3.7760 	DATA 	Mouse: Left button down, pos=(407,60)
3.7875 	EXP 	drawing_area: autoDraw = False
3.7875 	EXP 	brush: autoDraw = False
3.7875 	EXP 	start_button: autoDraw = False
3.7875 	EXP 	instrutions_text: autoDraw = True
3.8415 	DATA 	Mouse:  Left button up, pos=(407,60)
4.9066 	DATA 	Mouse: Left button down, pos=(375,251)
4.9207 	EXP 	instrutions_text: autoDraw = False
4.9207 	EXP 	instructions_mouse_2: autoDraw = True
4.9912 	DATA 	Mouse:  Left button up, pos=(375,251)
5.3431 	EXP 	Device response: <KeyPress from None: t=5.339118299947586, value=escape, duration=None>
5.3438 	DATA 	Keypress: escape
5.4416 	EXP 	Device response: <KeyPress from None: t=5.339118299947586, value=escape, duration=0.08576630003517494>
5.4417 	EXP 	mouse: status = STOPPED
5.4547 	EXP 	instructions_mouse_2: autoDraw = False
5.4579 	EXP 	mouse: status = STOPPED
5.4693 	INFO 	saved data to 'C:\\Users\\delgr\\Projects\\mouseGame\\data\\pilot_mouse_2025-06-17_23h41.51.539.csv'
5.4700 	INFO 	saved data to C:\Users\delgr\Projects\mouseGame\data\pilot_mouse_2025-06-17_23h41.51.539.psydat
5.6118 	DEBUG 	Saving data for mouse ExperimentHandler
5.6162 	WARNING 	Stopping key buffers but this could be dangerous ifother keyboards rely on the same.
