3.1127 	DEBUG 	Fullscreen settings ignored as running in pilot mode.
3.1134 	INFO 	Loaded monitor calibration from ['2025_06_17 20:17']
3.2085 	INFO 	Using renderer 'Intel(R) Iris(R) Xe Graphics' for graphics
3.2085 	INFO 	OpenGL version supported by driver is 4..
3.2183 	EXP 	Created window1 = Window(allowGUI=False, allowStencil=False, autoLog=True, backendConf=UNKNOWN, backgroundFit=<method-wrapper '__getattribute__' of attributeSetter object at 0x0000019C1134C730>, backgroundImage=<method-wrapper '__getattribute__' of attributeSetter object at 0x0000019C1134C6D0>, bitsMode=UNKNOWN, blendMode='avg', bpc=(8, 8, 8), color=array([0, 0, 0]), colorSpace='rgb', depthBits=8, fullscr=False, gamma=None, gammaErrorPolicy='raise', infoMsg=UNKNOWN, lms=UNKNOWN, monitor=<psychopy.monitors.calibTools.Monitor object at 0x0000019C11401FC0>, multiSample=False, name='window1', numSamples=2, pos=[np.float64(1520.0), np.float64(780.0)], screen=0, size=array([800, 600]), stencilBits=0, stereo=False, title='PsychoPy', units='height', useFBO=True, useRetina=False, viewOri=0.0, viewPos=None, viewScale=None, waitBlanking=True, winType='pyglet')
3.2184 	EXP 	window1: backgroundImage = ''
3.2184 	EXP 	window1: backgroundFit = 'none'
3.2319 	DEBUG 	TextBox2 loaded 1 chars with 0 blanks and 1 valid
3.2410 	DEBUG 	TextBox2 loaded 1 chars with 0 blanks and 1 valid
3.2502 	DEBUG 	TextBox2 loaded 1 chars with 0 blanks and 1 valid
3.2593 	DEBUG 	TextBox2 loaded 1 chars with 0 blanks and 1 valid
3.2685 	DEBUG 	TextBox2 loaded 1 chars with 0 blanks and 1 valid
3.2773 	DEBUG 	TextBox2 loaded 1 chars with 0 blanks and 1 valid
3.2862 	DEBUG 	TextBox2 loaded 1 chars with 0 blanks and 1 valid
3.2952 	DEBUG 	TextBox2 loaded 1 chars with 0 blanks and 1 valid
3.3038 	DEBUG 	TextBox2 loaded 1 chars with 0 blanks and 1 valid
3.3123 	DEBUG 	TextBox2 loaded 1 chars with 0 blanks and 1 valid
3.3213 	DEBUG 	TextBox2 loaded 1 chars with 0 blanks and 1 valid
3.3300 	DEBUG 	TextBox2 loaded 1 chars with 0 blanks and 1 valid
3.3388 	DEBUG 	TextBox2 loaded 1 chars with 0 blanks and 1 valid
3.3476 	DEBUG 	TextBox2 loaded 1 chars with 0 blanks and 1 valid
3.3561 	DEBUG 	TextBox2 loaded 1 chars with 0 blanks and 1 valid
3.3641 	DEBUG 	TextBox2 loaded 1 chars with 0 blanks and 1 valid
3.3726 	DEBUG 	TextBox2 loaded 1 chars with 0 blanks and 1 valid
3.3808 	DEBUG 	TextBox2 loaded 1 chars with 0 blanks and 1 valid
3.3886 	DEBUG 	TextBox2 loaded 1 chars with 0 blanks and 1 valid
3.3973 	DEBUG 	TextBox2 loaded 1 chars with 0 blanks and 1 valid
3.4053 	DEBUG 	TextBox2 loaded 1 chars with 0 blanks and 1 valid
3.4056 	DEBUG 	Uploading Texture Font fontname to graphics card
3.4093 	DEBUG 	Upload of Texture Font fontname complete
3.4219 	DEBUG 	TextBox2 loaded 1 chars with 0 blanks and 1 valid
3.4304 	DEBUG 	TextBox2 loaded 1 chars with 0 blanks and 1 valid
3.4387 	DEBUG 	TextBox2 loaded 1 chars with 0 blanks and 1 valid
3.4389 	DEBUG 	Uploading Texture Font fontname to graphics card
3.4416 	DEBUG 	Upload of Texture Font fontname complete
3.4429 	EXP 	window1: Attempting to measure frame rate of screen (0) ...
3.4429 	EXP 	window1: recordFrameIntervals = False
3.6002 	EXP 	window1: recordFrameIntervals = True
3.7849 	EXP 	Screen (0) actual frame rate measured at 59.86Hz
3.7849 	EXP 	window1: recordFrameIntervals = False
3.8021 	DEBUG 	TextBox2 loaded 1 chars with 0 blanks and 1 valid
3.8102 	DEBUG 	TextBox2 loaded 1 chars with 0 blanks and 1 valid
3.8187 	DEBUG 	TextBox2 loaded 1 chars with 0 blanks and 1 valid
3.8276 	DEBUG 	TextBox2 loaded 1 chars with 0 blanks and 1 valid
3.8367 	DEBUG 	TextBox2 loaded 1 chars with 0 blanks and 1 valid
3.8451 	DEBUG 	TextBox2 loaded 1 chars with 0 blanks and 1 valid
3.8543 	DEBUG 	TextBox2 loaded 1 chars with 0 blanks and 1 valid
3.8629 	DEBUG 	TextBox2 loaded 1 chars with 0 blanks and 1 valid
3.8713 	DEBUG 	TextBox2 loaded 1 chars with 0 blanks and 1 valid
3.8796 	DEBUG 	TextBox2 loaded 1 chars with 0 blanks and 1 valid
3.8799 	DEBUG 	Uploading Texture Font fontname to graphics card
3.8803 	DEBUG 	Upload of Texture Font fontname complete
4.1378 	INFO 	keyboard.Keyboard is using ptb backend.
4.1379 	EXP 	mouse: status = STARTED
4.1391 	EXP 	Created drawing_area = Rect(__class__=<class 'psychopy.visual.rect.Rect'>, anchor=('center', 'center'), autoDraw=False, autoLog=True, closeShape=True, color=method-wrapper(...), colorSpace='rgb', contrast=None, depth=0.0, draggable=False, fillColor=array([1, 1, 1]), fillColorSpace='rgb', fillRGB=array([1, 1, 1]), interpolate=True, lineColor=array([-0.6706, -0.749 , -0.749 ]), lineColorSpace='rgb', lineRGB=array([-0.6706, -0.749 , -0.749 ]), lineWidth=3.0, name='drawing_area', opacity=1, ori=0.0, pos=array([0., 0.]), size=array([0.5, 0.5]), units='height', vertices=ndarray(...), win=Window(...))
4.1392 	EXP 	Created brush = <psychopy.visual.brush.Brush object at 0x0000019C188774C0>
4.1750 	EXP 	Created instrutions_text = TextStim(__class__=<class 'psychopy.visual.text.TextStim'>, alignHoriz=method-wrapper(...), alignText='center', alignVert=method-wrapper(...), anchorHoriz='center', anchorVert='center', antialias=True, autoDraw=False, autoLog=True, bold=False, color=array([1., 1., 1.]), colorSpace='rgb', contrast=1.0, depth=0.0, draggable=False, flipHoriz=False, flipVert=False, font='Arial', fontFiles=[], height=np.float64(0.05), italic=False, languageStyle='LTR', name='instrutions_text', opacity=1, ori=0.0, pos=array([0., 0.]), rgb=UNKNOWN, text=str(...), units='height', win=Window(...), wrapWidth=1)
4.1883 	EXP 	Created instructions_mouse_2 = ImageStim(__class__=<class 'psychopy.visual.image.ImageStim'>, anchor=('center', 'center'), autoLog=True, color=array([1., 1., 1.]), colorSpace='rgb', contrast=1.0, depth=0.0, draggable=False, flipHoriz=np.False_, flipVert=np.False_, image='stimuli/mouse_none.jpg', interpolate=True, mask='stimuli/mouse_mask.jpg', maskParams=None, name='instructions_mouse_2', opacity=1, ori=0.0, pos=array([0., 0.]), size=array([0.5, 0.5]), texRes=128.0, units='height', win=Window(...))
4.1920 	EXP 	Created mouse_none = ImageStim(__class__=<class 'psychopy.visual.image.ImageStim'>, anchor=('center', 'center'), autoLog=True, color=array([1., 1., 1.]), colorSpace='rgb', contrast=1.0, depth=0.0, draggable=False, flipHoriz=np.False_, flipVert=np.False_, image='stimuli/mouse_none.jpg', interpolate=True, mask='stimuli/mouse_mask.jpg', maskParams=None, name='mouse_none', opacity=1, ori=0.0, pos=array([0., 0.]), size=array([0.5, 0.5]), texRes=128.0, units='height', win=Window(...))
4.1952 	EXP 	Created image = ImageStim(__class__=<class 'psychopy.visual.image.ImageStim'>, anchor=('center', 'center'), autoLog=True, color=array([1., 1., 1.]), colorSpace='rgb', contrast=1.0, depth=-1.0, draggable=False, flipHoriz=np.False_, flipVert=np.False_, image='default.png', interpolate=True, mask='stimuli/mouse_mask.jpg', maskParams=None, name='image', opacity=1, ori=0.0, pos=array([0., 0.]), size=array([0.5, 0.5]), texRes=128.0, units='height', win=Window(...))
4.1991 	EXP 	Created mouse_none_2 = ImageStim(__class__=<class 'psychopy.visual.image.ImageStim'>, anchor=('center', 'center'), autoLog=True, color=array([1., 1., 1.]), colorSpace='rgb', contrast=1.0, depth=0.0, draggable=False, flipHoriz=np.False_, flipVert=np.False_, image='stimuli/mouse_none.jpg', interpolate=True, mask='stimuli/mouse_mask.jpg', maskParams=None, name='mouse_none_2', opacity=1, ori=0.0, pos=array([0., 0.]), size=array([0.5, 0.5]), texRes=128.0, units='height', win=Window(...))
4.2023 	EXP 	Created image_2 = ImageStim(__class__=<class 'psychopy.visual.image.ImageStim'>, anchor=('center', 'center'), autoLog=True, color=array([1., 1., 1.]), colorSpace='rgb', contrast=1.0, depth=-1.0, draggable=False, flipHoriz=np.False_, flipVert=np.False_, image='default.png', interpolate=True, mask='stimuli/mouse_mask.jpg', maskParams=None, name='image_2', opacity=1, ori=0.0, pos=array([0., 0.]), size=array([0.5, 0.5]), texRes=128.0, units='height', win=Window(...))
4.2078 	EXP 	Created thankyou_text = TextStim(__class__=<class 'psychopy.visual.text.TextStim'>, alignHoriz=method-wrapper(...), alignText='center', alignVert=method-wrapper(...), anchorHoriz='center', anchorVert='center', antialias=True, autoDraw=False, autoLog=True, bold=False, color=array([1., 1., 1.]), colorSpace='rgb', contrast=1.0, depth=0.0, draggable=False, flipHoriz=False, flipVert=False, font='Arial', fontFiles=[], height=np.float64(0.05), italic=False, languageStyle='LTR', name='thankyou_text', opacity=1, ori=0.0, pos=array([0., 0.]), rgb=UNKNOWN, text='Done, Thank You!\n\n(Click mouse to end).', units='height', win=Window(...), wrapWidth=1)
0.0081 	EXP 	brush: autoLog = True
0.0081 	EXP 	brush: autoDraw = False
0.0100 	EXP 	Resetting brush
0.0262 	EXP 	drawing_area: autoDraw = True
0.0262 	EXP 	brush: autoDraw = True
0.9477 	DATA 	Mouse: Left button down, pos=(339,308)
0.9478 	EXP 	Resetting brush parameter: brushPos.
0.9478 	EXP 	Creating ShapeStim for brush
3.0332 	DATA 	Mouse:  Left button up, pos=(281,278)
3.2280 	DATA 	Mouse: Left button down, pos=(259,304)
3.2281 	EXP 	Resetting brush parameter: brushPos.
3.2281 	EXP 	Creating ShapeStim for brush
3.7149 	DATA 	Mouse:  Left button up, pos=(320,281)
4.7142 	EXP 	Device response: <KeyPress from None: t=4.702848499990068, value=escape, duration=None>
4.7149 	DATA 	Keypress: escape
4.7813 	EXP 	Device response: <KeyPress from None: t=4.702848499990068, value=escape, duration=0.07182960002683103>
4.7813 	EXP 	mouse: status = STOPPED
4.7925 	EXP 	drawing_area: autoDraw = False
4.7925 	EXP 	brush: autoDraw = False
4.7954 	EXP 	mouse: status = STOPPED
4.7978 	INFO 	saved data to 'C:\\Users\\delgr\\Projects\\mouseGame\\data\\pilot_mouse_2025-06-17_23h26.29.673.csv'
4.7984 	INFO 	saved data to C:\Users\delgr\Projects\mouseGame\data\pilot_mouse_2025-06-17_23h26.29.673.psydat
4.9272 	DEBUG 	Saving data for mouse ExperimentHandler
4.9304 	WARNING 	Stopping key buffers but this could be dangerous ifother keyboards rely on the same.
