4.2860 	DEBUG 	Fullscreen settings ignored as running in pilot mode.
4.2869 	INFO 	Loaded monitor calibration from ['2025_06_17 20:17']
4.4151 	INFO 	Using renderer 'Intel(R) Iris(R) Xe Graphics' for graphics
4.4151 	INFO 	OpenGL version supported by driver is 4..
4.4290 	EXP 	Created window1 = Window(allowGUI=False, allowStencil=False, autoLog=True, backendConf=UNKNOWN, backgroundFit=<method-wrapper '__getattribute__' of attributeSetter object at 0x000002C4F5297DF0>, backgroundImage=<method-wrapper '__getattribute__' of attributeSetter object at 0x000002C4F5297D90>, bitsMode=UNKNOWN, blendMode='avg', bpc=(8, 8, 8), color=array([0, 0, 0]), colorSpace='rgb', depthBits=8, fullscr=False, gamma=None, gammaErrorPolicy='raise', infoMsg=UNKNOWN, lms=UNKNOWN, monitor=<psychopy.monitors.calibTools.Monitor object at 0x000002C4F53696C0>, multiSample=False, name='window1', numSamples=2, pos=[np.float64(1520.0), np.float64(780.0)], screen=0, size=array([800, 600]), stencilBits=0, stereo=False, title='PsychoPy', units='height', useFBO=True, useRetina=False, viewOri=0.0, viewPos=None, viewScale=None, waitBlanking=True, winType='pyglet')
4.4291 	EXP 	window1: backgroundImage = ''
4.4291 	EXP 	window1: backgroundFit = 'none'
4.4505 	DEBUG 	TextBox2 loaded 1 chars with 0 blanks and 1 valid
4.4646 	DEBUG 	TextBox2 loaded 1 chars with 0 blanks and 1 valid
4.4797 	DEBUG 	TextBox2 loaded 1 chars with 0 blanks and 1 valid
4.4947 	DEBUG 	TextBox2 loaded 1 chars with 0 blanks and 1 valid
4.5099 	DEBUG 	TextBox2 loaded 1 chars with 0 blanks and 1 valid
4.5248 	DEBUG 	TextBox2 loaded 1 chars with 0 blanks and 1 valid
4.5394 	DEBUG 	TextBox2 loaded 1 chars with 0 blanks and 1 valid
4.5548 	DEBUG 	TextBox2 loaded 1 chars with 0 blanks and 1 valid
4.5690 	DEBUG 	TextBox2 loaded 1 chars with 0 blanks and 1 valid
4.5830 	DEBUG 	TextBox2 loaded 1 chars with 0 blanks and 1 valid
4.5973 	DEBUG 	TextBox2 loaded 1 chars with 0 blanks and 1 valid
4.6114 	DEBUG 	TextBox2 loaded 1 chars with 0 blanks and 1 valid
4.6255 	DEBUG 	TextBox2 loaded 1 chars with 0 blanks and 1 valid
4.6396 	DEBUG 	TextBox2 loaded 1 chars with 0 blanks and 1 valid
4.6548 	DEBUG 	TextBox2 loaded 1 chars with 0 blanks and 1 valid
4.6694 	DEBUG 	TextBox2 loaded 1 chars with 0 blanks and 1 valid
4.6850 	DEBUG 	TextBox2 loaded 1 chars with 0 blanks and 1 valid
4.6995 	DEBUG 	TextBox2 loaded 1 chars with 0 blanks and 1 valid
4.7144 	DEBUG 	TextBox2 loaded 1 chars with 0 blanks and 1 valid
4.7309 	DEBUG 	TextBox2 loaded 1 chars with 0 blanks and 1 valid
4.7458 	DEBUG 	TextBox2 loaded 1 chars with 0 blanks and 1 valid
4.7463 	DEBUG 	Uploading Texture Font fontname to graphics card
4.7528 	DEBUG 	Upload of Texture Font fontname complete
4.7754 	DEBUG 	TextBox2 loaded 1 chars with 0 blanks and 1 valid
4.7927 	DEBUG 	TextBox2 loaded 1 chars with 0 blanks and 1 valid
4.8084 	DEBUG 	TextBox2 loaded 1 chars with 0 blanks and 1 valid
4.8088 	DEBUG 	Uploading Texture Font fontname to graphics card
4.8137 	DEBUG 	Upload of Texture Font fontname complete
4.8164 	EXP 	window1: Attempting to measure frame rate of screen (0) ...
4.8165 	EXP 	window1: recordFrameIntervals = False
4.9864 	EXP 	window1: recordFrameIntervals = True
5.1719 	EXP 	Screen (0) actual frame rate measured at 59.34Hz
5.1720 	EXP 	window1: recordFrameIntervals = False
5.1904 	DEBUG 	TextBox2 loaded 1 chars with 0 blanks and 1 valid
5.2022 	DEBUG 	TextBox2 loaded 1 chars with 0 blanks and 1 valid
5.2139 	DEBUG 	TextBox2 loaded 1 chars with 0 blanks and 1 valid
5.2258 	DEBUG 	TextBox2 loaded 1 chars with 0 blanks and 1 valid
5.2378 	DEBUG 	TextBox2 loaded 1 chars with 0 blanks and 1 valid
5.2499 	DEBUG 	TextBox2 loaded 1 chars with 0 blanks and 1 valid
5.2617 	DEBUG 	TextBox2 loaded 1 chars with 0 blanks and 1 valid
5.2738 	DEBUG 	TextBox2 loaded 1 chars with 0 blanks and 1 valid
5.2860 	DEBUG 	TextBox2 loaded 1 chars with 0 blanks and 1 valid
5.2995 	DEBUG 	TextBox2 loaded 1 chars with 0 blanks and 1 valid
5.2999 	DEBUG 	Uploading Texture Font fontname to graphics card
5.3004 	DEBUG 	Upload of Texture Font fontname complete
5.5718 	INFO 	keyboard.Keyboard is using ptb backend.
5.5719 	EXP 	mouse: status = STARTED
5.5736 	EXP 	Created start_button = Rect(__class__=<class 'psychopy.visual.rect.Rect'>, anchor=('center', 'center'), autoDraw=False, autoLog=True, closeShape=True, color=method-wrapper(...), colorSpace='rgb', contrast=None, depth=0.0, draggable=False, fillColor=array([ 0.8902, -0.3098,  0.6549]), fillColorSpace='rgb', fillRGB=array([ 0.8902, -0.3098,  0.6549]), interpolate=True, lineColor=array([ 0.6078, -0.2784, -0.2784]), lineColorSpace='rgb', lineRGB=array([ 0.6078, -0.2784, -0.2784]), lineWidth=2.0, name='start_button', opacity=1, ori=0.0, pos=array([0., 0.]), size=array([0.3, 0.1]), units='height', vertices=ndarray(...), win=Window(...))
5.5736 	EXP 	Created brush = <psychopy.visual.brush.Brush object at 0x000002C4FA7EAC80>
5.5746 	EXP 	Created drawing_area = Rect(__class__=<class 'psychopy.visual.rect.Rect'>, anchor=('center', 'center'), autoDraw=False, autoLog=True, closeShape=True, color=method-wrapper(...), colorSpace='rgb', contrast=None, depth=-2.0, draggable=False, fillColor=array([1, 1, 1]), fillColorSpace='rgb', fillRGB=array([1, 1, 1]), interpolate=True, lineColor=array([-0.6706, -0.749 , -0.749 ]), lineColorSpace='rgb', lineRGB=array([-0.6706, -0.749 , -0.749 ]), lineWidth=3.0, name='drawing_area', opacity=1, ori=0.0, pos=array([0., 0.]), size=array([0.5, 0.5]), units='height', vertices=ndarray(...), win=Window(...))
5.6244 	EXP 	Created instrutions_text = TextStim(__class__=<class 'psychopy.visual.text.TextStim'>, alignHoriz=method-wrapper(...), alignText='center', alignVert=method-wrapper(...), anchorHoriz='center', anchorVert='center', antialias=True, autoDraw=False, autoLog=True, bold=False, color=array([1., 1., 1.]), colorSpace='rgb', contrast=1.0, depth=0.0, draggable=False, flipHoriz=False, flipVert=False, font='Arial', fontFiles=[], height=np.float64(0.05), italic=False, languageStyle='LTR', name='instrutions_text', opacity=1, ori=0.0, pos=array([0., 0.]), rgb=UNKNOWN, text=str(...), units='height', win=Window(...), wrapWidth=1)
5.6447 	EXP 	Created instructions_mouse_2 = ImageStim(__class__=<class 'psychopy.visual.image.ImageStim'>, anchor=('center', 'center'), autoLog=True, color=array([1., 1., 1.]), colorSpace='rgb', contrast=1.0, depth=0.0, draggable=False, flipHoriz=np.False_, flipVert=np.False_, image='stimuli/mouse_none.jpg', interpolate=True, mask='stimuli/mouse_mask.jpg', maskParams=None, name='instructions_mouse_2', opacity=1, ori=0.0, pos=array([0., 0.]), size=array([0.5, 0.5]), texRes=128.0, units='height', win=Window(...))
5.6503 	EXP 	Created mouse_none = ImageStim(__class__=<class 'psychopy.visual.image.ImageStim'>, anchor=('center', 'center'), autoLog=True, color=array([1., 1., 1.]), colorSpace='rgb', contrast=1.0, depth=0.0, draggable=False, flipHoriz=np.False_, flipVert=np.False_, image='stimuli/mouse_none.jpg', interpolate=True, mask='stimuli/mouse_mask.jpg', maskParams=None, name='mouse_none', opacity=1, ori=0.0, pos=array([0., 0.]), size=array([0.5, 0.5]), texRes=128.0, units='height', win=Window(...))
5.6554 	EXP 	Created image = ImageStim(__class__=<class 'psychopy.visual.image.ImageStim'>, anchor=('center', 'center'), autoLog=True, color=array([1., 1., 1.]), colorSpace='rgb', contrast=1.0, depth=-1.0, draggable=False, flipHoriz=np.False_, flipVert=np.False_, image='default.png', interpolate=True, mask='stimuli/mouse_mask.jpg', maskParams=None, name='image', opacity=1, ori=0.0, pos=array([0., 0.]), size=array([0.5, 0.5]), texRes=128.0, units='height', win=Window(...))
5.6612 	EXP 	Created mouse_none_2 = ImageStim(__class__=<class 'psychopy.visual.image.ImageStim'>, anchor=('center', 'center'), autoLog=True, color=array([1., 1., 1.]), colorSpace='rgb', contrast=1.0, depth=0.0, draggable=False, flipHoriz=np.False_, flipVert=np.False_, image='stimuli/mouse_none.jpg', interpolate=True, mask='stimuli/mouse_mask.jpg', maskParams=None, name='mouse_none_2', opacity=1, ori=0.0, pos=array([0., 0.]), size=array([0.5, 0.5]), texRes=128.0, units='height', win=Window(...))
5.6665 	EXP 	Created image_2 = ImageStim(__class__=<class 'psychopy.visual.image.ImageStim'>, anchor=('center', 'center'), autoLog=True, color=array([1., 1., 1.]), colorSpace='rgb', contrast=1.0, depth=-1.0, draggable=False, flipHoriz=np.False_, flipVert=np.False_, image='default.png', interpolate=True, mask='stimuli/mouse_mask.jpg', maskParams=None, name='image_2', opacity=1, ori=0.0, pos=array([0., 0.]), size=array([0.5, 0.5]), texRes=128.0, units='height', win=Window(...))
5.6727 	EXP 	Created thankyou_text = TextStim(__class__=<class 'psychopy.visual.text.TextStim'>, alignHoriz=method-wrapper(...), alignText='center', alignVert=method-wrapper(...), anchorHoriz='center', anchorVert='center', antialias=True, autoDraw=False, autoLog=True, bold=False, color=array([1., 1., 1.]), colorSpace='rgb', contrast=1.0, depth=0.0, draggable=False, flipHoriz=False, flipVert=False, font='Arial', fontFiles=[], height=np.float64(0.05), italic=False, languageStyle='LTR', name='thankyou_text', opacity=1, ori=0.0, pos=array([0., 0.]), rgb=UNKNOWN, text='Done, Thank You!\n\n(Click mouse to end).', units='height', win=Window(...), wrapWidth=1)
0.0123 	EXP 	brush: autoLog = True
0.0123 	EXP 	brush: autoDraw = False
0.0148 	EXP 	Resetting brush
0.0299 	EXP 	start_button: autoDraw = True
0.0299 	EXP 	brush: autoDraw = True
0.0299 	EXP 	drawing_area: autoDraw = True
3.3011 	DATA 	Keypress: escape
3.3050 	EXP 	Device response: <KeyPress from None: t=3.284787899989169, value=escape, duration=None>
3.4014 	EXP 	Device response: <KeyPress from None: t=3.284787899989169, value=escape, duration=0.10435899998992682>
3.4014 	EXP 	mouse: status = STOPPED
3.4133 	EXP 	start_button: autoDraw = False
3.4133 	EXP 	brush: autoDraw = False
3.4133 	EXP 	drawing_area: autoDraw = False
3.4153 	EXP 	mouse: status = STOPPED
3.4257 	INFO 	saved data to 'C:\\Users\\delgr\\Projects\\mouseGame\\data\\pilot_mouse_2025-06-17_23h39.36.077.csv'
3.4263 	INFO 	saved data to C:\Users\delgr\Projects\mouseGame\data\pilot_mouse_2025-06-17_23h39.36.077.psydat
3.5470 	DEBUG 	Saving data for mouse ExperimentHandler
3.5505 	WARNING 	Stopping key buffers but this could be dangerous ifother keyboards rely on the same.
