4.3914 	DEBUG 	Fullscreen settings ignored as running in pilot mode.
4.3923 	INFO 	Loaded monitor calibration from ['2025_06_17 20:17']
4.5056 	INFO 	Using renderer 'Intel(R) Iris(R) Xe Graphics' for graphics
4.5056 	INFO 	OpenGL version supported by driver is 4..
4.5205 	EXP 	Created window1 = Window(allowGUI=False, allowStencil=False, autoLog=True, backendConf=UNKNOWN, backgroundFit=<method-wrapper '__getattribute__' of attributeSetter object at 0x00000296AA35F4F0>, backgroundImage=<method-wrapper '__getattribute__' of attributeSetter object at 0x00000296AA35F490>, bitsMode=UNKNOWN, blendMode='avg', bpc=(8, 8, 8), color=array([0, 0, 0]), colorSpace='rgb', depthBits=8, fullscr=False, gamma=None, gammaErrorPolicy='raise', infoMsg=UNKNOWN, lms=UNKNOWN, monitor=<psychopy.monitors.calibTools.Monitor object at 0x00000296AA430DC0>, multiSample=False, name='window1', numSamples=2, pos=[np.float64(560.0), np.float64(300.0)], screen=0, size=array([800, 600]), stencilBits=0, stereo=False, title='PsychoPy', units='height', useFBO=True, useRetina=False, viewOri=0.0, viewPos=None, viewScale=None, waitBlanking=True, winType='pyglet')
4.5206 	EXP 	window1: backgroundImage = ''
4.5206 	EXP 	window1: backgroundFit = 'none'
4.5437 	DEBUG 	TextBox2 loaded 1 chars with 0 blanks and 1 valid
4.5591 	DEBUG 	TextBox2 loaded 1 chars with 0 blanks and 1 valid
4.5749 	DEBUG 	TextBox2 loaded 1 chars with 0 blanks and 1 valid
4.5908 	DEBUG 	TextBox2 loaded 1 chars with 0 blanks and 1 valid
4.6064 	DEBUG 	TextBox2 loaded 1 chars with 0 blanks and 1 valid
4.6211 	DEBUG 	TextBox2 loaded 1 chars with 0 blanks and 1 valid
4.6359 	DEBUG 	TextBox2 loaded 1 chars with 0 blanks and 1 valid
4.6508 	DEBUG 	TextBox2 loaded 1 chars with 0 blanks and 1 valid
4.6650 	DEBUG 	TextBox2 loaded 1 chars with 0 blanks and 1 valid
4.6793 	DEBUG 	TextBox2 loaded 1 chars with 0 blanks and 1 valid
4.6946 	DEBUG 	TextBox2 loaded 1 chars with 0 blanks and 1 valid
4.7098 	DEBUG 	TextBox2 loaded 1 chars with 0 blanks and 1 valid
4.7247 	DEBUG 	TextBox2 loaded 1 chars with 0 blanks and 1 valid
4.7401 	DEBUG 	TextBox2 loaded 1 chars with 0 blanks and 1 valid
4.7555 	DEBUG 	TextBox2 loaded 1 chars with 0 blanks and 1 valid
4.7712 	DEBUG 	TextBox2 loaded 1 chars with 0 blanks and 1 valid
4.7869 	DEBUG 	TextBox2 loaded 1 chars with 0 blanks and 1 valid
4.8022 	DEBUG 	TextBox2 loaded 1 chars with 0 blanks and 1 valid
4.8174 	DEBUG 	TextBox2 loaded 1 chars with 0 blanks and 1 valid
4.8332 	DEBUG 	TextBox2 loaded 1 chars with 0 blanks and 1 valid
4.8484 	DEBUG 	TextBox2 loaded 1 chars with 0 blanks and 1 valid
4.8490 	DEBUG 	Uploading Texture Font fontname to graphics card
4.8555 	DEBUG 	Upload of Texture Font fontname complete
4.8783 	DEBUG 	TextBox2 loaded 1 chars with 0 blanks and 1 valid
4.8943 	DEBUG 	TextBox2 loaded 1 chars with 0 blanks and 1 valid
4.9104 	DEBUG 	TextBox2 loaded 1 chars with 0 blanks and 1 valid
4.9109 	DEBUG 	Uploading Texture Font fontname to graphics card
4.9163 	DEBUG 	Upload of Texture Font fontname complete
4.9190 	EXP 	window1: Attempting to measure frame rate of screen (0) ...
4.9190 	EXP 	window1: recordFrameIntervals = False
5.0916 	EXP 	window1: recordFrameIntervals = True
5.2739 	EXP 	Screen (0) actual frame rate measured at 60.30Hz
5.2739 	EXP 	window1: recordFrameIntervals = False
5.2928 	DEBUG 	TextBox2 loaded 1 chars with 0 blanks and 1 valid
5.3068 	DEBUG 	TextBox2 loaded 1 chars with 0 blanks and 1 valid
5.3205 	DEBUG 	TextBox2 loaded 1 chars with 0 blanks and 1 valid
5.3346 	DEBUG 	TextBox2 loaded 1 chars with 0 blanks and 1 valid
5.3490 	DEBUG 	TextBox2 loaded 1 chars with 0 blanks and 1 valid
5.3629 	DEBUG 	TextBox2 loaded 1 chars with 0 blanks and 1 valid
5.3765 	DEBUG 	TextBox2 loaded 1 chars with 0 blanks and 1 valid
5.3902 	DEBUG 	TextBox2 loaded 1 chars with 0 blanks and 1 valid
5.4044 	DEBUG 	TextBox2 loaded 1 chars with 0 blanks and 1 valid
5.4191 	DEBUG 	TextBox2 loaded 1 chars with 0 blanks and 1 valid
5.4196 	DEBUG 	Uploading Texture Font fontname to graphics card
5.4202 	DEBUG 	Upload of Texture Font fontname complete
5.7869 	INFO 	keyboard.Keyboard is using ptb backend.
5.7869 	EXP 	mouse: status = STARTED
5.9863 	EXP 	Created welcome = TextStim(__class__=<class 'psychopy.visual.text.TextStim'>, alignHoriz=method-wrapper(...), alignText='center', alignVert=method-wrapper(...), anchorHoriz='center', anchorVert='center', antialias=True, autoDraw=False, autoLog=True, bold=False, color=array([1., 1., 1.]), colorSpace='rgb', contrast=1.0, depth=0.0, draggable=False, flipHoriz=False, flipVert=False, font='Arial', fontFiles=[], height=np.float64(0.05), italic=False, languageStyle='LTR', name='welcome', opacity=1, ori=0.0, pos=array([0., 0.]), rgb=UNKNOWN, text='Hi!', units='height', win=Window(...), wrapWidth=1)
5.9864 	EXP 	Created brush = <psychopy.visual.brush.Brush object at 0x00000296B034B7F0>
6.0661 	EXP 	Created image = ImageStim(__class__=<class 'psychopy.visual.image.ImageStim'>, anchor=('center', 'center'), autoLog=True, color=array([1., 1., 1.]), colorSpace='rgb', contrast=1.0, depth=-2.0, draggable=False, flipHoriz=np.False_, flipVert=np.False_, image='stimuli/mouse_left.jpg', interpolate=True, mask=None, maskParams=None, name='image', opacity=1, ori=0.0, pos=array([0., 0.]), size=array([0.5, 0.5]), texRes=128.0, units='height', win=Window(...))
0.0075 	EXP 	brush: autoLog = True
0.0075 	EXP 	brush: autoDraw = False
0.0106 	EXP 	Resetting brush
0.0327 	EXP 	welcome: autoDraw = True
0.0327 	EXP 	image: autoDraw = True
1.0408 	EXP 	image: autoDraw = False
2.0088 	EXP 	brush: autoDraw = True
5.0416 	EXP 	welcome: autoDraw = False
7.0127 	EXP 	brush: autoDraw = False
7.0127 	EXP 	welcome: autoDraw = False
7.0127 	EXP 	brush: autoDraw = False
7.0127 	EXP 	image: autoDraw = False
7.0155 	EXP 	mouse: status = STOPPED
7.0276 	INFO 	saved data to 'C:\\Users\\delgr\\Projects\\mouseGame\\data\\pilot_mouse_2025-06-17_20h47.12.927.csv'
7.0284 	INFO 	saved data to C:\Users\delgr\Projects\mouseGame\data\pilot_mouse_2025-06-17_20h47.12.927.psydat
7.2237 	DEBUG 	Saving data for mouse ExperimentHandler
7.2393 	WARNING 	Stopping key buffers but this could be dangerous ifother keyboards rely on the same.
