3.1880 	DEBUG 	Fullscreen settings ignored as running in pilot mode.
3.1887 	INFO 	Loaded monitor calibration from ['2025_06_17 20:17']
3.2783 	INFO 	Using renderer 'Intel(R) Iris(R) Xe Graphics' for graphics
3.2783 	INFO 	OpenGL version supported by driver is 4..
3.2874 	EXP 	Created window1 = Window(allowGUI=False, allowStencil=False, autoLog=True, backendConf=UNKNOWN, backgroundFit=<method-wrapper '__getattribute__' of attributeSetter object at 0x000001CFCFBDCBE0>, backgroundImage=<method-wrapper '__getattribute__' of attributeSetter object at 0x000001CFCFBDCB80>, bitsMode=UNKNOWN, blendMode='avg', bpc=(8, 8, 8), color=array([0, 0, 0]), colorSpace='rgb', depthBits=8, fullscr=False, gamma=None, gammaErrorPolicy='raise', infoMsg=UNKNOWN, lms=UNKNOWN, monitor=<psychopy.monitors.calibTools.Monitor object at 0x000001CFCFC96470>, multiSample=False, name='window1', numSamples=2, pos=[np.float64(1520.0), np.float64(780.0)], screen=0, size=array([800, 600]), stencilBits=0, stereo=False, title='PsychoPy', units='height', useFBO=True, useRetina=False, viewOri=0.0, viewPos=None, viewScale=None, waitBlanking=True, winType='pyglet')
3.2875 	EXP 	window1: backgroundImage = ''
3.2875 	EXP 	window1: backgroundFit = 'none'
3.3015 	DEBUG 	TextBox2 loaded 1 chars with 0 blanks and 1 valid
3.3108 	DEBUG 	TextBox2 loaded 1 chars with 0 blanks and 1 valid
3.3197 	DEBUG 	TextBox2 loaded 1 chars with 0 blanks and 1 valid
3.3289 	DEBUG 	TextBox2 loaded 1 chars with 0 blanks and 1 valid
3.3380 	DEBUG 	TextBox2 loaded 1 chars with 0 blanks and 1 valid
3.3469 	DEBUG 	TextBox2 loaded 1 chars with 0 blanks and 1 valid
3.3558 	DEBUG 	TextBox2 loaded 1 chars with 0 blanks and 1 valid
3.3650 	DEBUG 	TextBox2 loaded 1 chars with 0 blanks and 1 valid
3.3741 	DEBUG 	TextBox2 loaded 1 chars with 0 blanks and 1 valid
3.3831 	DEBUG 	TextBox2 loaded 1 chars with 0 blanks and 1 valid
3.3927 	DEBUG 	TextBox2 loaded 1 chars with 0 blanks and 1 valid
3.4021 	DEBUG 	TextBox2 loaded 1 chars with 0 blanks and 1 valid
3.4112 	DEBUG 	TextBox2 loaded 1 chars with 0 blanks and 1 valid
3.4210 	DEBUG 	TextBox2 loaded 1 chars with 0 blanks and 1 valid
3.4303 	DEBUG 	TextBox2 loaded 1 chars with 0 blanks and 1 valid
3.4389 	DEBUG 	TextBox2 loaded 1 chars with 0 blanks and 1 valid
3.4477 	DEBUG 	TextBox2 loaded 1 chars with 0 blanks and 1 valid
3.4566 	DEBUG 	TextBox2 loaded 1 chars with 0 blanks and 1 valid
3.4654 	DEBUG 	TextBox2 loaded 1 chars with 0 blanks and 1 valid
3.4747 	DEBUG 	TextBox2 loaded 1 chars with 0 blanks and 1 valid
3.4833 	DEBUG 	TextBox2 loaded 1 chars with 0 blanks and 1 valid
3.4836 	DEBUG 	Uploading Texture Font fontname to graphics card
3.4875 	DEBUG 	Upload of Texture Font fontname complete
3.5011 	DEBUG 	TextBox2 loaded 1 chars with 0 blanks and 1 valid
3.5106 	DEBUG 	TextBox2 loaded 1 chars with 0 blanks and 1 valid
3.5195 	DEBUG 	TextBox2 loaded 1 chars with 0 blanks and 1 valid
3.5198 	DEBUG 	Uploading Texture Font fontname to graphics card
3.5231 	DEBUG 	Upload of Texture Font fontname complete
3.5248 	EXP 	window1: Attempting to measure frame rate of screen (0) ...
3.5248 	EXP 	window1: recordFrameIntervals = False
3.6910 	EXP 	window1: recordFrameIntervals = True
3.8743 	EXP 	Screen (0) actual frame rate measured at 60.29Hz
3.8744 	EXP 	window1: recordFrameIntervals = False
3.8891 	DEBUG 	TextBox2 loaded 1 chars with 0 blanks and 1 valid
3.8976 	DEBUG 	TextBox2 loaded 1 chars with 0 blanks and 1 valid
3.9067 	DEBUG 	TextBox2 loaded 1 chars with 0 blanks and 1 valid
3.9160 	DEBUG 	TextBox2 loaded 1 chars with 0 blanks and 1 valid
3.9254 	DEBUG 	TextBox2 loaded 1 chars with 0 blanks and 1 valid
3.9349 	DEBUG 	TextBox2 loaded 1 chars with 0 blanks and 1 valid
3.9441 	DEBUG 	TextBox2 loaded 1 chars with 0 blanks and 1 valid
3.9537 	DEBUG 	TextBox2 loaded 1 chars with 0 blanks and 1 valid
3.9631 	DEBUG 	TextBox2 loaded 1 chars with 0 blanks and 1 valid
3.9723 	DEBUG 	TextBox2 loaded 1 chars with 0 blanks and 1 valid
3.9726 	DEBUG 	Uploading Texture Font fontname to graphics card
3.9731 	DEBUG 	Upload of Texture Font fontname complete
4.2457 	INFO 	keyboard.Keyboard is using ptb backend.
4.2458 	EXP 	mouse: status = STARTED
4.2626 	EXP 	Created instructions_mouse = ImageStim(__class__=<class 'psychopy.visual.image.ImageStim'>, anchor=('center', 'center'), autoLog=True, color=array([1., 1., 1.]), colorSpace='rgb', contrast=1.0, depth=0.0, draggable=False, flipHoriz=np.False_, flipVert=np.False_, image='stimuli/mouse_none.jpg', interpolate=True, mask='stimuli/mouse_mask.jpg', maskParams=None, name='instructions_mouse', opacity=1, ori=0.0, pos=array([0., 0.]), size=array([0.5, 0.5]), texRes=128.0, units='height', win=Window(...))
4.3780 	EXP 	Created instrutions_text = TextStim(__class__=<class 'psychopy.visual.text.TextStim'>, alignHoriz=method-wrapper(...), alignText='center', alignVert=method-wrapper(...), anchorHoriz='center', anchorVert='center', antialias=True, autoDraw=False, autoLog=True, bold=False, color=array([1., 1., 1.]), colorSpace='rgb', contrast=1.0, depth=-2.0, draggable=False, flipHoriz=False, flipVert=False, font='Arial', fontFiles=[], height=np.float64(0.05), italic=False, languageStyle='LTR', name='instrutions_text', opacity=1, ori=0.0, pos=array([0., 0.]), rgb=UNKNOWN, text=str(...), units='height', win=Window(...), wrapWidth=1)
4.3823 	EXP 	Created mouse_none = ImageStim(__class__=<class 'psychopy.visual.image.ImageStim'>, anchor=('center', 'center'), autoLog=True, color=array([1., 1., 1.]), colorSpace='rgb', contrast=1.0, depth=0.0, draggable=False, flipHoriz=np.False_, flipVert=np.False_, image='stimuli/mouse_none.jpg', interpolate=True, mask='stimuli/mouse_mask.jpg', maskParams=None, name='mouse_none', opacity=1, ori=0.0, pos=array([0., 0.]), size=array([0.5, 0.5]), texRes=128.0, units='height', win=Window(...))
4.3857 	EXP 	Created image = ImageStim(__class__=<class 'psychopy.visual.image.ImageStim'>, anchor=('center', 'center'), autoLog=True, color=array([1., 1., 1.]), colorSpace='rgb', contrast=1.0, depth=-1.0, draggable=False, flipHoriz=np.False_, flipVert=np.False_, image='default.png', interpolate=True, mask='stimuli/mouse_mask.jpg', maskParams=None, name='image', opacity=1, ori=0.0, pos=array([0., 0.]), size=array([0.5, 0.5]), texRes=128.0, units='height', win=Window(...))
4.3897 	EXP 	Created mouse_none_2 = ImageStim(__class__=<class 'psychopy.visual.image.ImageStim'>, anchor=('center', 'center'), autoLog=True, color=array([1., 1., 1.]), colorSpace='rgb', contrast=1.0, depth=0.0, draggable=False, flipHoriz=np.False_, flipVert=np.False_, image='stimuli/mouse_none.jpg', interpolate=True, mask='stimuli/mouse_mask.jpg', maskParams=None, name='mouse_none_2', opacity=1, ori=0.0, pos=array([0., 0.]), size=array([0.5, 0.5]), texRes=128.0, units='height', win=Window(...))
4.3932 	EXP 	Created image_2 = ImageStim(__class__=<class 'psychopy.visual.image.ImageStim'>, anchor=('center', 'center'), autoLog=True, color=array([1., 1., 1.]), colorSpace='rgb', contrast=1.0, depth=-1.0, draggable=False, flipHoriz=np.False_, flipVert=np.False_, image='default.png', interpolate=True, mask='stimuli/mouse_mask.jpg', maskParams=None, name='image_2', opacity=1, ori=0.0, pos=array([0., 0.]), size=array([0.5, 0.5]), texRes=128.0, units='height', win=Window(...))
0.0307 	EXP 	instructions_mouse: autoDraw = True
0.0307 	EXP 	instrutions_text: autoDraw = True
6.8151 	DATA 	Mouse: Left button down, pos=(227,473)
6.8155 	EXP 	New trial (rep=0, index=0): <Trial 0 (0 in rep 0) data={'thisN': 0, 'thisTrialN': 0, 'thisRepN': 0}>
6.8177 	DEBUG 	Read csv file with pandas: conditions.csv
6.8183 	DEBUG 	Clearing unnamed columns from conditions.csv
6.8185 	EXP 	Imported conditions.csv as conditions, 2 conditions, 1 params
6.8186 	EXP 	New trial (rep=0, index=0): <Trial 0 (0 in rep 0) data={'mouse_stim_side': 'stimuli/mouse_left.jpg', 'thisN': 0, 'thisTrialN': 0, 'thisRepN': 0}>
6.8302 	EXP 	instructions_mouse: autoDraw = False
6.8302 	EXP 	instrutions_text: autoDraw = False
6.8302 	EXP 	image: image = 'stimuli/mouse_left.jpg'
6.8302 	EXP 	mouse_none: autoDraw = True
6.9178 	DATA 	Mouse:  Left button up, pos=(227,473)
7.1300 	EXP 	mouse_none: autoDraw = False
7.1300 	EXP 	image: autoDraw = True
7.6340 	DATA 	Mouse: Left button down, pos=(227,473)
7.6344 	EXP 	New trial (rep=0, index=1): <Trial 1 (1 in rep 0) data={'mouse_stim_side': 'stimuli/mouse_right.jpg', 'thisN': 1, 'thisTrialN': 1, 'thisRepN': 0}>
7.6469 	EXP 	mouse_none: autoDraw = False
7.6469 	EXP 	image: autoDraw = False
7.6469 	EXP 	image: image = 'stimuli/mouse_right.jpg'
7.6469 	EXP 	mouse_none: autoDraw = True
7.7348 	DATA 	Mouse:  Left button up, pos=(227,473)
7.9471 	EXP 	mouse_none: autoDraw = False
7.9471 	EXP 	image: autoDraw = True
8.3156 	DATA 	Mouse: Left button down, pos=(227,473)
8.3159 	EXP 	New trial (rep=1, index=0): <Trial 2 (0 in rep 1) data={'mouse_stim_side': 'stimuli/mouse_right.jpg', 'thisN': 2, 'thisTrialN': 0, 'thisRepN': 1}>
8.3303 	EXP 	mouse_none: autoDraw = False
8.3303 	EXP 	image: autoDraw = False
8.3303 	EXP 	image: image = 'stimuli/mouse_right.jpg'
8.3303 	EXP 	mouse_none: autoDraw = True
8.4018 	DATA 	Mouse:  Left button up, pos=(227,473)
8.6309 	EXP 	mouse_none: autoDraw = False
8.6309 	EXP 	image: autoDraw = True
9.1358 	DATA 	Keypress: escape
9.1393 	EXP 	Device response: <KeyPress from None: t=9.130226799985394, value=escape, duration=None>
9.2316 	EXP 	Device response: <KeyPress from None: t=9.130226799985394, value=escape, duration=0.08626159996492788>
9.2316 	EXP 	mouse: status = STOPPED
9.2464 	EXP 	image: autoDraw = False
9.2478 	EXP 	mouse: status = STOPPED
9.2584 	INFO 	saved data to 'C:\\Users\\delgr\\Projects\\mouseGame\\data\\pilot_mouse_2025-06-17_22h38.38.950.csv'
9.2590 	INFO 	saved data to C:\Users\delgr\Projects\mouseGame\data\pilot_mouse_2025-06-17_22h38.38.950.psydat
9.3763 	DEBUG 	Saving data for mouse ExperimentHandler
9.3797 	WARNING 	Stopping key buffers but this could be dangerous ifother keyboards rely on the same.
