4.9401 	DEBUG 	Fullscreen settings ignored as running in pilot mode.
4.9408 	INFO 	Loaded monitor calibration from ['2025_06_17 20:17']
5.0530 	INFO 	Using renderer 'Intel(R) Iris(R) Xe Graphics' for graphics
5.0530 	INFO 	OpenGL version supported by driver is 4..
5.0690 	EXP 	Created window1 = Window(allowGUI=False, allowStencil=False, autoLog=True, backendConf=UNKNOWN, backgroundFit=<method-wrapper '__getattribute__' of attributeSetter object at 0x0000025A687D8310>, backgroundImage=<method-wrapper '__getattribute__' of attributeSetter object at 0x0000025A687D82B0>, bitsMode=UNKNOWN, blendMode='avg', bpc=(8, 8, 8), color=array([0, 0, 0]), colorSpace='rgb', depthBits=8, fullscr=False, gamma=None, gammaErrorPolicy='raise', infoMsg=UNKNOWN, lms=UNKNOWN, monitor=<psychopy.monitors.calibTools.Monitor object at 0x0000025A68889BA0>, multiSample=False, name='window1', numSamples=2, pos=[np.float64(560.0), np.float64(300.0)], screen=0, size=array([800, 600]), stencilBits=0, stereo=False, title='PsychoPy', units='height', useFBO=True, useRetina=False, viewOri=0.0, viewPos=None, viewScale=None, waitBlanking=True, winType='pyglet')
5.0691 	EXP 	window1: backgroundImage = ''
5.0691 	EXP 	window1: backgroundFit = 'none'
5.0929 	DEBUG 	TextBox2 loaded 1 chars with 0 blanks and 1 valid
5.1075 	DEBUG 	TextBox2 loaded 1 chars with 0 blanks and 1 valid
5.1222 	DEBUG 	TextBox2 loaded 1 chars with 0 blanks and 1 valid
5.1373 	DEBUG 	TextBox2 loaded 1 chars with 0 blanks and 1 valid
5.1521 	DEBUG 	TextBox2 loaded 1 chars with 0 blanks and 1 valid
5.1664 	DEBUG 	TextBox2 loaded 1 chars with 0 blanks and 1 valid
5.1811 	DEBUG 	TextBox2 loaded 1 chars with 0 blanks and 1 valid
5.1967 	DEBUG 	TextBox2 loaded 1 chars with 0 blanks and 1 valid
5.2116 	DEBUG 	TextBox2 loaded 1 chars with 0 blanks and 1 valid
5.2260 	DEBUG 	TextBox2 loaded 1 chars with 0 blanks and 1 valid
5.2412 	DEBUG 	TextBox2 loaded 1 chars with 0 blanks and 1 valid
5.2566 	DEBUG 	TextBox2 loaded 1 chars with 0 blanks and 1 valid
5.2713 	DEBUG 	TextBox2 loaded 1 chars with 0 blanks and 1 valid
5.2864 	DEBUG 	TextBox2 loaded 1 chars with 0 blanks and 1 valid
5.3013 	DEBUG 	TextBox2 loaded 1 chars with 0 blanks and 1 valid
5.3161 	DEBUG 	TextBox2 loaded 1 chars with 0 blanks and 1 valid
5.3309 	DEBUG 	TextBox2 loaded 1 chars with 0 blanks and 1 valid
5.3453 	DEBUG 	TextBox2 loaded 1 chars with 0 blanks and 1 valid
5.3600 	DEBUG 	TextBox2 loaded 1 chars with 0 blanks and 1 valid
5.3780 	DEBUG 	TextBox2 loaded 1 chars with 0 blanks and 1 valid
5.3926 	DEBUG 	TextBox2 loaded 1 chars with 0 blanks and 1 valid
5.3931 	DEBUG 	Uploading Texture Font fontname to graphics card
5.4000 	DEBUG 	Upload of Texture Font fontname complete
5.4221 	DEBUG 	TextBox2 loaded 1 chars with 0 blanks and 1 valid
5.4375 	DEBUG 	TextBox2 loaded 1 chars with 0 blanks and 1 valid
5.4528 	DEBUG 	TextBox2 loaded 1 chars with 0 blanks and 1 valid
5.4532 	DEBUG 	Uploading Texture Font fontname to graphics card
5.4583 	DEBUG 	Upload of Texture Font fontname complete
5.4608 	EXP 	window1: Attempting to measure frame rate of screen (0) ...
5.4608 	EXP 	window1: recordFrameIntervals = False
5.6312 	EXP 	window1: recordFrameIntervals = True
5.8147 	EXP 	Screen (0) actual frame rate measured at 60.02Hz
5.8148 	EXP 	window1: recordFrameIntervals = False
5.8350 	DEBUG 	TextBox2 loaded 1 chars with 0 blanks and 1 valid
5.8486 	DEBUG 	TextBox2 loaded 1 chars with 0 blanks and 1 valid
5.8620 	DEBUG 	TextBox2 loaded 1 chars with 0 blanks and 1 valid
5.8756 	DEBUG 	TextBox2 loaded 1 chars with 0 blanks and 1 valid
5.8895 	DEBUG 	TextBox2 loaded 1 chars with 0 blanks and 1 valid
5.9041 	DEBUG 	TextBox2 loaded 1 chars with 0 blanks and 1 valid
5.9182 	DEBUG 	TextBox2 loaded 1 chars with 0 blanks and 1 valid
5.9327 	DEBUG 	TextBox2 loaded 1 chars with 0 blanks and 1 valid
5.9469 	DEBUG 	TextBox2 loaded 1 chars with 0 blanks and 1 valid
5.9612 	DEBUG 	TextBox2 loaded 1 chars with 0 blanks and 1 valid
5.9617 	DEBUG 	Uploading Texture Font fontname to graphics card
5.9623 	DEBUG 	Upload of Texture Font fontname complete
6.3083 	INFO 	keyboard.Keyboard is using ptb backend.
6.3084 	EXP 	mouse: status = STARTED
6.3295 	EXP 	Created image = ImageStim(__class__=<class 'psychopy.visual.image.ImageStim'>, anchor=('center', 'center'), autoLog=True, color=array([1., 1., 1.]), colorSpace='rgb', contrast=1.0, depth=0.0, draggable=False, flipHoriz=np.False_, flipVert=np.False_, image='stimuli/mouse_left.jpg', interpolate=True, mask='stimuli/mouse_mask.jpg', maskParams=None, name='image', opacity=1, ori=0.0, pos=array([0., 0.]), size=array([0.5, 0.5]), texRes=128.0, units='height', win=Window(...))
0.0211 	DEBUG 	Read csv file with pandas: conditions.csv
0.0220 	DEBUG 	Clearing unnamed columns from conditions.csv
0.0224 	EXP 	Imported conditions.csv as conditions, 8 conditions, 2 params
0.0228 	EXP 	New trial (rep=0, index=0): <Trial 0 (0 in rep 0) data={'isi': np.float64(0.4), 'side': 'right', 'thisN': 0, 'thisTrialN': 0, 'thisRepN': 0}>
0.0355 	EXP 	image: autoDraw = True
0.9041 	DATA 	Mouse: Left button down, pos=(244,465)
0.9045 	EXP 	New trial (rep=0, index=1): <Trial 1 (1 in rep 0) data={'isi': np.float64(0.2), 'side': 'right', 'thisN': 1, 'thisTrialN': 1, 'thisRepN': 0}>
0.9170 	EXP 	image: autoDraw = False
0.9170 	EXP 	image: autoDraw = True
0.9873 	DATA 	Mouse:  Left button up, pos=(244,465)
2.2865 	DATA 	Mouse: Left button down, pos=(361,311)
2.2870 	EXP 	New trial (rep=0, index=2): <Trial 2 (2 in rep 0) data={'isi': np.float64(0.1), 'side': 'right', 'thisN': 2, 'thisTrialN': 2, 'thisRepN': 0}>
2.2999 	EXP 	image: autoDraw = False
2.2999 	EXP 	image: autoDraw = True
2.3878 	DATA 	Mouse:  Left button up, pos=(361,311)
3.0553 	DATA 	Mouse: Left button down, pos=(344,332)
3.0557 	EXP 	New trial (rep=0, index=3): <Trial 3 (3 in rep 0) data={'isi': np.float64(0.3), 'side': 'right', 'thisN': 3, 'thisTrialN': 3, 'thisRepN': 0}>
3.0677 	EXP 	image: autoDraw = False
3.0677 	EXP 	image: autoDraw = True
3.1549 	DATA 	Mouse:  Left button up, pos=(344,332)
4.5684 	EXP 	image: autoDraw = False
6.0527 	EXP 	New trial (rep=0, index=4): <Trial 4 (4 in rep 0) data={'isi': np.float64(0.4), 'side': 'left', 'thisN': 4, 'thisTrialN': 4, 'thisRepN': 0}>
6.0668 	EXP 	image: autoDraw = False
6.0668 	EXP 	image: autoDraw = True
7.1715 	DATA 	Mouse: Left button down, pos=(322,347)
7.1719 	EXP 	New trial (rep=0, index=5): <Trial 5 (5 in rep 0) data={'isi': np.float64(0.2), 'side': 'left', 'thisN': 5, 'thisTrialN': 5, 'thisRepN': 0}>
7.1841 	EXP 	image: autoDraw = False
7.1841 	EXP 	image: autoDraw = True
7.2868 	DATA 	Mouse:  Left button up, pos=(322,347)
8.6836 	EXP 	image: autoDraw = False
10.1705 	EXP 	New trial (rep=0, index=6): <Trial 6 (6 in rep 0) data={'isi': np.float64(0.1), 'side': 'left', 'thisN': 6, 'thisTrialN': 6, 'thisRepN': 0}>
10.1836 	EXP 	image: autoDraw = False
10.1836 	EXP 	image: autoDraw = True
11.6833 	EXP 	image: autoDraw = False
13.1695 	EXP 	New trial (rep=0, index=7): <Trial 7 (7 in rep 0) data={'isi': np.float64(0.3), 'side': 'left', 'thisN': 7, 'thisTrialN': 7, 'thisRepN': 0}>
13.1834 	EXP 	image: autoDraw = False
13.1834 	EXP 	image: autoDraw = True
14.6835 	EXP 	image: autoDraw = False
16.1685 	EXP 	New trial (rep=1, index=0): <Trial 8 (0 in rep 1) data={'isi': np.float64(0.3), 'side': 'right', 'thisN': 8, 'thisTrialN': 0, 'thisRepN': 1}>
16.1835 	EXP 	image: autoDraw = False
16.1835 	EXP 	image: autoDraw = True
16.8533 	DATA 	Keypress: escape
16.8567 	EXP 	Device response: <KeyPress from None: t=16.843653700023424, value=escape, duration=None>
16.9530 	EXP 	Device response: <KeyPress from None: t=16.843653700023424, value=escape, duration=0.10418169997865334>
16.9531 	EXP 	mouse: status = STOPPED
16.9677 	EXP 	image: autoDraw = False
16.9693 	EXP 	mouse: status = STOPPED
16.9800 	INFO 	saved data to 'C:\\Users\\delgr\\Projects\\mouseGame\\data\\pilot_mouse_2025-06-17_21h24.13.041.csv'
16.9811 	INFO 	saved data to C:\Users\delgr\Projects\mouseGame\data\pilot_mouse_2025-06-17_21h24.13.041.psydat
17.1439 	DEBUG 	Saving data for mouse ExperimentHandler
17.1480 	WARNING 	Stopping key buffers but this could be dangerous ifother keyboards rely on the same.
