3.9420 	DEBUG 	Fullscreen settings ignored as running in pilot mode.
3.9426 	INFO 	Loaded monitor calibration from ['2025_06_17 20:17']
4.0311 	INFO 	Using renderer 'Intel(R) Iris(R) Xe Graphics' for graphics
4.0312 	INFO 	OpenGL version supported by driver is 4..
4.0405 	EXP 	Created window1 = Window(allowGUI=False, allowStencil=False, autoLog=True, backendConf=UNKNOWN, backgroundFit=<method-wrapper '__getattribute__' of attributeSetter object at 0x000001F356682BF0>, backgroundImage=<method-wrapper '__getattribute__' of attributeSetter object at 0x000001F356682B90>, bitsMode=UNKNOWN, blendMode='avg', bpc=(8, 8, 8), color=array([0, 0, 0]), colorSpace='rgb', depthBits=8, fullscr=False, gamma=None, gammaErrorPolicy='raise', infoMsg=UNKNOWN, lms=UNKNOWN, monitor=<psychopy.monitors.calibTools.Monitor object at 0x000001F3567484C0>, multiSample=False, name='window1', numSamples=2, pos=[np.float64(1520.0), np.float64(780.0)], screen=0, size=array([800, 600]), stencilBits=0, stereo=False, title='PsychoPy', units='height', useFBO=True, useRetina=False, viewOri=0.0, viewPos=None, viewScale=None, waitBlanking=True, winType='pyglet')
4.0406 	EXP 	window1: backgroundImage = ''
4.0406 	EXP 	window1: backgroundFit = 'none'
4.0543 	DEBUG 	TextBox2 loaded 1 chars with 0 blanks and 1 valid
4.0634 	DEBUG 	TextBox2 loaded 1 chars with 0 blanks and 1 valid
4.0724 	DEBUG 	TextBox2 loaded 1 chars with 0 blanks and 1 valid
4.0815 	DEBUG 	TextBox2 loaded 1 chars with 0 blanks and 1 valid
4.0908 	DEBUG 	TextBox2 loaded 1 chars with 0 blanks and 1 valid
4.0995 	DEBUG 	TextBox2 loaded 1 chars with 0 blanks and 1 valid
4.1085 	DEBUG 	TextBox2 loaded 1 chars with 0 blanks and 1 valid
4.1183 	DEBUG 	TextBox2 loaded 1 chars with 0 blanks and 1 valid
4.1270 	DEBUG 	TextBox2 loaded 1 chars with 0 blanks and 1 valid
4.1360 	DEBUG 	TextBox2 loaded 1 chars with 0 blanks and 1 valid
4.1455 	DEBUG 	TextBox2 loaded 1 chars with 0 blanks and 1 valid
4.1549 	DEBUG 	TextBox2 loaded 1 chars with 0 blanks and 1 valid
4.1654 	DEBUG 	TextBox2 loaded 1 chars with 0 blanks and 1 valid
4.1753 	DEBUG 	TextBox2 loaded 1 chars with 0 blanks and 1 valid
4.1846 	DEBUG 	TextBox2 loaded 1 chars with 0 blanks and 1 valid
4.1936 	DEBUG 	TextBox2 loaded 1 chars with 0 blanks and 1 valid
4.2024 	DEBUG 	TextBox2 loaded 1 chars with 0 blanks and 1 valid
4.2113 	DEBUG 	TextBox2 loaded 1 chars with 0 blanks and 1 valid
4.2202 	DEBUG 	TextBox2 loaded 1 chars with 0 blanks and 1 valid
4.2292 	DEBUG 	TextBox2 loaded 1 chars with 0 blanks and 1 valid
4.2381 	DEBUG 	TextBox2 loaded 1 chars with 0 blanks and 1 valid
4.2385 	DEBUG 	Uploading Texture Font fontname to graphics card
4.2425 	DEBUG 	Upload of Texture Font fontname complete
4.2557 	DEBUG 	TextBox2 loaded 1 chars with 0 blanks and 1 valid
4.2653 	DEBUG 	TextBox2 loaded 1 chars with 0 blanks and 1 valid
4.2754 	DEBUG 	TextBox2 loaded 1 chars with 0 blanks and 1 valid
4.2757 	DEBUG 	Uploading Texture Font fontname to graphics card
4.2788 	DEBUG 	Upload of Texture Font fontname complete
4.2804 	EXP 	window1: Attempting to measure frame rate of screen (0) ...
4.2804 	EXP 	window1: recordFrameIntervals = False
4.4436 	EXP 	window1: recordFrameIntervals = True
4.6274 	EXP 	Screen (0) actual frame rate measured at 60.30Hz
4.6274 	EXP 	window1: recordFrameIntervals = False
4.6388 	DEBUG 	TextBox2 loaded 1 chars with 0 blanks and 1 valid
4.6483 	DEBUG 	TextBox2 loaded 1 chars with 0 blanks and 1 valid
4.6575 	DEBUG 	TextBox2 loaded 1 chars with 0 blanks and 1 valid
4.6678 	DEBUG 	TextBox2 loaded 1 chars with 0 blanks and 1 valid
4.6776 	DEBUG 	TextBox2 loaded 1 chars with 0 blanks and 1 valid
4.6872 	DEBUG 	TextBox2 loaded 1 chars with 0 blanks and 1 valid
4.6965 	DEBUG 	TextBox2 loaded 1 chars with 0 blanks and 1 valid
4.7060 	DEBUG 	TextBox2 loaded 1 chars with 0 blanks and 1 valid
4.7158 	DEBUG 	TextBox2 loaded 1 chars with 0 blanks and 1 valid
4.7255 	DEBUG 	TextBox2 loaded 1 chars with 0 blanks and 1 valid
4.7258 	DEBUG 	Uploading Texture Font fontname to graphics card
4.7263 	DEBUG 	Upload of Texture Font fontname complete
5.0291 	INFO 	keyboard.Keyboard is using ptb backend.
5.0291 	EXP 	mouse: status = STARTED
5.0646 	EXP 	Created instrutions_text = TextStim(__class__=<class 'psychopy.visual.text.TextStim'>, alignHoriz=method-wrapper(...), alignText='center', alignVert=method-wrapper(...), anchorHoriz='center', anchorVert='center', antialias=True, autoDraw=False, autoLog=True, bold=False, color=array([1., 1., 1.]), colorSpace='rgb', contrast=1.0, depth=0.0, draggable=False, flipHoriz=False, flipVert=False, font='Arial', fontFiles=[], height=np.float64(0.05), italic=False, languageStyle='LTR', name='instrutions_text', opacity=1, ori=0.0, pos=array([0., 0.]), rgb=UNKNOWN, text=str(...), units='height', win=Window(...), wrapWidth=1)
5.0780 	EXP 	Created instructions_mouse_2 = ImageStim(__class__=<class 'psychopy.visual.image.ImageStim'>, anchor=('center', 'center'), autoLog=True, color=array([1., 1., 1.]), colorSpace='rgb', contrast=1.0, depth=0.0, draggable=False, flipHoriz=np.False_, flipVert=np.False_, image='stimuli/mouse_none.jpg', interpolate=True, mask='stimuli/mouse_mask.jpg', maskParams=None, name='instructions_mouse_2', opacity=1, ori=0.0, pos=array([0., 0.]), size=array([0.5, 0.5]), texRes=128.0, units='height', win=Window(...))
5.0817 	EXP 	Created mouse_none = ImageStim(__class__=<class 'psychopy.visual.image.ImageStim'>, anchor=('center', 'center'), autoLog=True, color=array([1., 1., 1.]), colorSpace='rgb', contrast=1.0, depth=0.0, draggable=False, flipHoriz=np.False_, flipVert=np.False_, image='stimuli/mouse_none.jpg', interpolate=True, mask='stimuli/mouse_mask.jpg', maskParams=None, name='mouse_none', opacity=1, ori=0.0, pos=array([0., 0.]), size=array([0.5, 0.5]), texRes=128.0, units='height', win=Window(...))
5.0852 	EXP 	Created image = ImageStim(__class__=<class 'psychopy.visual.image.ImageStim'>, anchor=('center', 'center'), autoLog=True, color=array([1., 1., 1.]), colorSpace='rgb', contrast=1.0, depth=-1.0, draggable=False, flipHoriz=np.False_, flipVert=np.False_, image='default.png', interpolate=True, mask='stimuli/mouse_mask.jpg', maskParams=None, name='image', opacity=1, ori=0.0, pos=array([0., 0.]), size=array([0.5, 0.5]), texRes=128.0, units='height', win=Window(...))
5.0896 	EXP 	Created mouse_none_2 = ImageStim(__class__=<class 'psychopy.visual.image.ImageStim'>, anchor=('center', 'center'), autoLog=True, color=array([1., 1., 1.]), colorSpace='rgb', contrast=1.0, depth=0.0, draggable=False, flipHoriz=np.False_, flipVert=np.False_, image='stimuli/mouse_none.jpg', interpolate=True, mask='stimuli/mouse_mask.jpg', maskParams=None, name='mouse_none_2', opacity=1, ori=0.0, pos=array([0., 0.]), size=array([0.5, 0.5]), texRes=128.0, units='height', win=Window(...))
5.0930 	EXP 	Created image_2 = ImageStim(__class__=<class 'psychopy.visual.image.ImageStim'>, anchor=('center', 'center'), autoLog=True, color=array([1., 1., 1.]), colorSpace='rgb', contrast=1.0, depth=-1.0, draggable=False, flipHoriz=np.False_, flipVert=np.False_, image='default.png', interpolate=True, mask='stimuli/mouse_mask.jpg', maskParams=None, name='image_2', opacity=1, ori=0.0, pos=array([0., 0.]), size=array([0.5, 0.5]), texRes=128.0, units='height', win=Window(...))
0.0333 	EXP 	instrutions_text: autoDraw = True
2.2025 	DATA 	Mouse: Left button down, pos=(408,305)
2.2176 	EXP 	instrutions_text: autoDraw = False
2.2176 	EXP 	instructions_mouse_2: autoDraw = True
2.2559 	DATA 	Mouse:  Left button up, pos=(408,305)
3.7038 	EXP 	New trial (rep=0, index=0): <Trial 0 (0 in rep 0) data={'thisN': 0, 'thisTrialN': 0, 'thisRepN': 0}>
3.7071 	DEBUG 	Read csv file with pandas: conditions.csv
3.7080 	DEBUG 	Clearing unnamed columns from conditions.csv
3.7082 	EXP 	Imported conditions.csv as conditions, 2 conditions, 1 params
3.7085 	EXP 	New trial (rep=0, index=0): <Trial 0 (0 in rep 0) data={'mouse_stim_side': 'stimuli/mouse_right.jpg', 'thisN': 0, 'thisTrialN': 0, 'thisRepN': 0}>
3.7165 	EXP 	instructions_mouse_2: autoDraw = False
3.7165 	EXP 	image: image = 'stimuli/mouse_right.jpg'
3.7165 	EXP 	mouse_none: autoDraw = True
3.9181 	EXP 	mouse_none: autoDraw = False
3.9181 	EXP 	image: autoDraw = True
4.3380 	DATA 	Mouse: Right button down, pos=(395,294)
4.3384 	EXP 	New trial (rep=0, index=1): <Trial 1 (1 in rep 0) data={'mouse_stim_side': 'stimuli/mouse_left.jpg', 'thisN': 1, 'thisTrialN': 1, 'thisRepN': 0}>
4.3504 	EXP 	mouse_none: autoDraw = False
4.3504 	EXP 	image: autoDraw = False
4.3504 	EXP 	image: image = 'stimuli/mouse_left.jpg'
4.3504 	EXP 	mouse_none: autoDraw = True
4.4058 	DATA 	Mouse:  Right button up, pos=(395,294)
4.5504 	EXP 	mouse_none: autoDraw = False
4.5504 	EXP 	image: autoDraw = True
4.8697 	DATA 	Mouse: Left button down, pos=(395,294)
4.8700 	EXP 	New trial (rep=1, index=0): <Trial 2 (0 in rep 1) data={'mouse_stim_side': 'stimuli/mouse_left.jpg', 'thisN': 2, 'thisTrialN': 0, 'thisRepN': 1}>
4.8835 	EXP 	mouse_none: autoDraw = False
4.8835 	EXP 	image: autoDraw = False
4.8835 	EXP 	image: image = 'stimuli/mouse_left.jpg'
4.8835 	EXP 	mouse_none: autoDraw = True
4.9382 	DATA 	Mouse:  Left button up, pos=(395,294)
5.0849 	EXP 	mouse_none: autoDraw = False
5.0849 	EXP 	image: autoDraw = True
5.3904 	DATA 	Mouse: Left button down, pos=(395,294)
5.3909 	EXP 	New trial (rep=1, index=1): <Trial 3 (1 in rep 1) data={'mouse_stim_side': 'stimuli/mouse_right.jpg', 'thisN': 3, 'thisTrialN': 1, 'thisRepN': 1}>
5.4003 	EXP 	mouse_none: autoDraw = False
5.4003 	EXP 	image: autoDraw = False
5.4003 	EXP 	image: image = 'stimuli/mouse_right.jpg'
5.4003 	EXP 	mouse_none: autoDraw = True
5.4709 	DATA 	Mouse:  Left button up, pos=(395,294)
5.6028 	EXP 	mouse_none: autoDraw = False
5.6028 	EXP 	image: autoDraw = True
5.8688 	DATA 	Mouse: Right button down, pos=(395,294)
5.8691 	EXP 	New trial (rep=2, index=0): <Trial 4 (0 in rep 2) data={'mouse_stim_side': 'stimuli/mouse_left.jpg', 'thisN': 4, 'thisTrialN': 0, 'thisRepN': 2}>
5.8835 	EXP 	mouse_none: autoDraw = False
5.8835 	EXP 	image: autoDraw = False
5.8835 	EXP 	image: image = 'stimuli/mouse_left.jpg'
5.8835 	EXP 	mouse_none: autoDraw = True
5.9562 	DATA 	Mouse:  Right button up, pos=(395,294)
6.0833 	EXP 	mouse_none: autoDraw = False
6.0833 	EXP 	image: autoDraw = True
6.3721 	DATA 	Mouse: Left button down, pos=(395,294)
6.3726 	EXP 	New trial (rep=2, index=1): <Trial 5 (1 in rep 2) data={'mouse_stim_side': 'stimuli/mouse_right.jpg', 'thisN': 5, 'thisTrialN': 1, 'thisRepN': 2}>
6.3835 	EXP 	mouse_none: autoDraw = False
6.3835 	EXP 	image: autoDraw = False
6.3835 	EXP 	image: image = 'stimuli/mouse_right.jpg'
6.3835 	EXP 	mouse_none: autoDraw = True
6.4363 	DATA 	Mouse:  Left button up, pos=(395,294)
6.5847 	EXP 	mouse_none: autoDraw = False
6.5847 	EXP 	image: autoDraw = True
6.8696 	DATA 	Mouse: Right button down, pos=(395,294)
6.8699 	EXP 	New trial (rep=3, index=0): <Trial 6 (0 in rep 3) data={'mouse_stim_side': 'stimuli/mouse_left.jpg', 'thisN': 6, 'thisTrialN': 0, 'thisRepN': 3}>
6.8839 	EXP 	mouse_none: autoDraw = False
6.8839 	EXP 	image: autoDraw = False
6.8839 	EXP 	image: image = 'stimuli/mouse_left.jpg'
6.8839 	EXP 	mouse_none: autoDraw = True
6.9561 	DATA 	Mouse:  Right button up, pos=(395,294)
7.0837 	EXP 	mouse_none: autoDraw = False
7.0837 	EXP 	image: autoDraw = True
7.3727 	DATA 	Mouse: Left button down, pos=(395,294)
7.3731 	EXP 	New trial (rep=3, index=1): <Trial 7 (1 in rep 3) data={'mouse_stim_side': 'stimuli/mouse_right.jpg', 'thisN': 7, 'thisTrialN': 1, 'thisRepN': 3}>
7.3836 	EXP 	mouse_none: autoDraw = False
7.3836 	EXP 	image: autoDraw = False
7.3836 	EXP 	image: image = 'stimuli/mouse_right.jpg'
7.3836 	EXP 	mouse_none: autoDraw = True
7.4574 	DATA 	Mouse:  Left button up, pos=(395,294)
7.5838 	EXP 	mouse_none: autoDraw = False
7.5838 	EXP 	image: autoDraw = True
7.8726 	DATA 	Mouse: Right button down, pos=(395,294)
7.8731 	EXP 	New trial (rep=4, index=0): <Trial 8 (0 in rep 4) data={'mouse_stim_side': 'stimuli/mouse_left.jpg', 'thisN': 8, 'thisTrialN': 0, 'thisRepN': 4}>
7.8834 	EXP 	mouse_none: autoDraw = False
7.8834 	EXP 	image: autoDraw = False
7.8834 	EXP 	image: image = 'stimuli/mouse_left.jpg'
7.8834 	EXP 	mouse_none: autoDraw = True
7.9864 	DATA 	Mouse:  Right button up, pos=(395,294)
8.0851 	EXP 	mouse_none: autoDraw = False
8.0851 	EXP 	image: autoDraw = True
8.4892 	DATA 	Mouse: Left button down, pos=(395,294)
8.4897 	EXP 	New trial (rep=4, index=1): <Trial 9 (1 in rep 4) data={'mouse_stim_side': 'stimuli/mouse_right.jpg', 'thisN': 9, 'thisTrialN': 1, 'thisRepN': 4}>
8.5003 	EXP 	mouse_none: autoDraw = False
8.5003 	EXP 	image: autoDraw = False
8.5003 	EXP 	image: image = 'stimuli/mouse_right.jpg'
8.5003 	EXP 	mouse_none: autoDraw = True
8.5755 	DATA 	Mouse:  Left button up, pos=(395,294)
8.7007 	EXP 	mouse_none: autoDraw = False
8.7007 	EXP 	image: autoDraw = True
9.0688 	DATA 	Mouse: Right button down, pos=(395,294)
9.0691 	EXP 	New trial (rep=5, index=0): <Trial 10 (0 in rep 5) data={'mouse_stim_side': 'stimuli/mouse_left.jpg', 'thisN': 10, 'thisTrialN': 0, 'thisRepN': 5}>
9.0841 	EXP 	mouse_none: autoDraw = False
9.0841 	EXP 	image: autoDraw = False
9.0841 	EXP 	image: image = 'stimuli/mouse_left.jpg'
9.0841 	EXP 	mouse_none: autoDraw = True
9.1872 	DATA 	Mouse:  Right button up, pos=(395,294)
9.2834 	EXP 	image: autoDraw = True
9.3002 	EXP 	mouse_none: autoDraw = False
9.5356 	DATA 	Mouse: Left button down, pos=(395,294)
9.5359 	EXP 	New trial (rep=5, index=1): <Trial 11 (1 in rep 5) data={'mouse_stim_side': 'stimuli/mouse_right.jpg', 'thisN': 11, 'thisTrialN': 1, 'thisRepN': 5}>
9.5503 	EXP 	mouse_none: autoDraw = False
9.5503 	EXP 	image: autoDraw = False
9.5503 	EXP 	image: image = 'stimuli/mouse_right.jpg'
9.5503 	EXP 	mouse_none: autoDraw = True
9.6228 	DATA 	Mouse:  Left button up, pos=(395,294)
9.7504 	EXP 	mouse_none: autoDraw = False
9.7504 	EXP 	image: autoDraw = True
10.0188 	DATA 	Mouse: Right button down, pos=(395,294)
10.0191 	EXP 	New trial (rep=6, index=0): <Trial 12 (0 in rep 6) data={'mouse_stim_side': 'stimuli/mouse_left.jpg', 'thisN': 12, 'thisTrialN': 0, 'thisRepN': 6}>
10.0337 	EXP 	mouse_none: autoDraw = False
10.0337 	EXP 	image: autoDraw = False
10.0337 	EXP 	image: image = 'stimuli/mouse_left.jpg'
10.0337 	EXP 	mouse_none: autoDraw = True
10.1231 	DATA 	Mouse:  Right button up, pos=(395,294)
10.2346 	EXP 	mouse_none: autoDraw = False
10.2346 	EXP 	image: autoDraw = True
10.5217 	DATA 	Mouse: Left button down, pos=(395,294)
10.5223 	EXP 	New trial (rep=6, index=1): <Trial 13 (1 in rep 6) data={'mouse_stim_side': 'stimuli/mouse_right.jpg', 'thisN': 13, 'thisTrialN': 1, 'thisRepN': 6}>
10.5338 	EXP 	mouse_none: autoDraw = False
10.5338 	EXP 	image: autoDraw = False
10.5338 	EXP 	image: image = 'stimuli/mouse_right.jpg'
10.5338 	EXP 	mouse_none: autoDraw = True
10.5921 	DATA 	Mouse:  Left button up, pos=(395,294)
10.7342 	EXP 	mouse_none: autoDraw = False
10.7342 	EXP 	image: autoDraw = True
11.0545 	DATA 	Mouse: Right button down, pos=(395,294)
11.0548 	EXP 	New trial (rep=7, index=0): <Trial 14 (0 in rep 7) data={'mouse_stim_side': 'stimuli/mouse_left.jpg', 'thisN': 14, 'thisTrialN': 0, 'thisRepN': 7}>
11.0669 	EXP 	mouse_none: autoDraw = False
11.0669 	EXP 	image: autoDraw = False
11.0669 	EXP 	image: image = 'stimuli/mouse_left.jpg'
11.0669 	EXP 	mouse_none: autoDraw = True
11.1407 	DATA 	Mouse:  Right button up, pos=(395,294)
11.2691 	EXP 	mouse_none: autoDraw = False
11.2691 	EXP 	image: autoDraw = True
11.5872 	DATA 	Mouse: Left button down, pos=(395,294)
11.5876 	EXP 	New trial (rep=7, index=1): <Trial 15 (1 in rep 7) data={'mouse_stim_side': 'stimuli/mouse_right.jpg', 'thisN': 15, 'thisTrialN': 1, 'thisRepN': 7}>
11.6012 	EXP 	mouse_none: autoDraw = False
11.6012 	EXP 	image: autoDraw = False
11.6012 	EXP 	image: image = 'stimuli/mouse_right.jpg'
11.6012 	EXP 	mouse_none: autoDraw = True
11.6714 	DATA 	Mouse:  Left button up, pos=(395,294)
11.8003 	EXP 	mouse_none: autoDraw = False
11.8003 	EXP 	image: autoDraw = True
12.1185 	DATA 	Mouse: Right button down, pos=(395,294)
12.1188 	EXP 	New trial (rep=8, index=0): <Trial 16 (0 in rep 8) data={'mouse_stim_side': 'stimuli/mouse_right.jpg', 'thisN': 16, 'thisTrialN': 0, 'thisRepN': 8}>
12.1336 	EXP 	mouse_none: autoDraw = False
12.1336 	EXP 	image: autoDraw = False
12.1336 	EXP 	image: image = 'stimuli/mouse_right.jpg'
12.1336 	EXP 	mouse_none: autoDraw = True
12.2052 	DATA 	Mouse:  Right button up, pos=(395,294)
12.3335 	EXP 	mouse_none: autoDraw = False
12.3335 	EXP 	image: autoDraw = True
12.6868 	DATA 	Mouse: Right button down, pos=(395,294)
12.6873 	EXP 	New trial (rep=8, index=1): <Trial 17 (1 in rep 8) data={'mouse_stim_side': 'stimuli/mouse_left.jpg', 'thisN': 17, 'thisTrialN': 1, 'thisRepN': 8}>
12.7002 	EXP 	mouse_none: autoDraw = False
12.7002 	EXP 	image: autoDraw = False
12.7002 	EXP 	image: image = 'stimuli/mouse_left.jpg'
12.7002 	EXP 	mouse_none: autoDraw = True
12.8051 	DATA 	Mouse:  Right button up, pos=(395,294)
12.9010 	EXP 	mouse_none: autoDraw = False
12.9010 	EXP 	image: autoDraw = True
13.1562 	DATA 	Mouse: Left button down, pos=(395,294)
13.1568 	EXP 	New trial (rep=9, index=0): <Trial 18 (0 in rep 9) data={'mouse_stim_side': 'stimuli/mouse_left.jpg', 'thisN': 18, 'thisTrialN': 0, 'thisRepN': 9}>
13.1668 	EXP 	mouse_none: autoDraw = False
13.1668 	EXP 	image: autoDraw = False
13.1668 	EXP 	image: image = 'stimuli/mouse_left.jpg'
13.1668 	EXP 	mouse_none: autoDraw = True
13.2386 	DATA 	Mouse:  Left button up, pos=(395,294)
13.3680 	EXP 	mouse_none: autoDraw = False
13.3680 	EXP 	image: autoDraw = True
13.6535 	DATA 	Mouse: Left button down, pos=(395,294)
13.6541 	EXP 	New trial (rep=9, index=1): <Trial 19 (1 in rep 9) data={'mouse_stim_side': 'stimuli/mouse_right.jpg', 'thisN': 19, 'thisTrialN': 1, 'thisRepN': 9}>
13.6671 	EXP 	mouse_none: autoDraw = False
13.6671 	EXP 	image: autoDraw = False
13.6671 	EXP 	image: image = 'stimuli/mouse_right.jpg'
13.6671 	EXP 	mouse_none: autoDraw = True
13.7194 	DATA 	Mouse:  Left button up, pos=(395,294)
13.8677 	EXP 	mouse_none: autoDraw = False
13.8677 	EXP 	image: autoDraw = True
14.1041 	DATA 	Mouse: Right button down, pos=(395,294)
14.1045 	EXP 	New trial (rep=10, index=0): <Trial 20 (0 in rep 10) data={'mouse_stim_side': 'stimuli/mouse_right.jpg', 'thisN': 20, 'thisTrialN': 0, 'thisRepN': 10}>
14.1169 	EXP 	mouse_none: autoDraw = False
14.1169 	EXP 	image: autoDraw = False
14.1169 	EXP 	image: image = 'stimuli/mouse_right.jpg'
14.1169 	EXP 	mouse_none: autoDraw = True
14.2404 	DATA 	Mouse:  Right button up, pos=(395,294)
14.3180 	EXP 	mouse_none: autoDraw = False
14.3180 	EXP 	image: autoDraw = True
14.6228 	DATA 	Mouse: Right button down, pos=(395,294)
14.6234 	EXP 	New trial (rep=10, index=1): <Trial 21 (1 in rep 10) data={'mouse_stim_side': 'stimuli/mouse_left.jpg', 'thisN': 21, 'thisTrialN': 1, 'thisRepN': 10}>
14.6338 	EXP 	mouse_none: autoDraw = False
14.6338 	EXP 	image: autoDraw = False
14.6338 	EXP 	image: image = 'stimuli/mouse_left.jpg'
14.6338 	EXP 	mouse_none: autoDraw = True
14.7058 	DATA 	Mouse:  Right button up, pos=(395,294)
14.8344 	EXP 	mouse_none: autoDraw = False
14.8344 	EXP 	image: autoDraw = True
15.0710 	DATA 	Mouse: Left button down, pos=(395,294)
15.0716 	EXP 	New trial (rep=11, index=0): <Trial 22 (0 in rep 11) data={'mouse_stim_side': 'stimuli/mouse_left.jpg', 'thisN': 22, 'thisTrialN': 0, 'thisRepN': 11}>
15.0839 	EXP 	mouse_none: autoDraw = False
15.0839 	EXP 	image: autoDraw = False
15.0839 	EXP 	image: image = 'stimuli/mouse_left.jpg'
15.0839 	EXP 	mouse_none: autoDraw = True
15.1728 	DATA 	Mouse:  Left button up, pos=(395,294)
15.2841 	EXP 	mouse_none: autoDraw = False
15.2841 	EXP 	image: autoDraw = True
15.5356 	DATA 	Mouse: Left button down, pos=(395,294)
15.5360 	EXP 	New trial (rep=11, index=1): <Trial 23 (1 in rep 11) data={'mouse_stim_side': 'stimuli/mouse_right.jpg', 'thisN': 23, 'thisTrialN': 1, 'thisRepN': 11}>
15.5500 	EXP 	mouse_none: autoDraw = False
15.5500 	EXP 	image: autoDraw = False
15.5500 	EXP 	image: image = 'stimuli/mouse_right.jpg'
15.5500 	EXP 	mouse_none: autoDraw = True
15.6205 	DATA 	Mouse:  Left button up, pos=(395,294)
15.7499 	EXP 	mouse_none: autoDraw = False
15.7499 	EXP 	image: autoDraw = True
16.0023 	DATA 	Mouse: Right button down, pos=(395,294)
16.0027 	EXP 	New trial (rep=12, index=0): <Trial 24 (0 in rep 12) data={'mouse_stim_side': 'stimuli/mouse_right.jpg', 'thisN': 24, 'thisTrialN': 0, 'thisRepN': 12}>
16.0168 	EXP 	mouse_none: autoDraw = False
16.0168 	EXP 	image: autoDraw = False
16.0168 	EXP 	image: image = 'stimuli/mouse_right.jpg'
16.0168 	EXP 	mouse_none: autoDraw = True
16.1041 	DATA 	Mouse:  Right button up, pos=(395,294)
16.2166 	EXP 	mouse_none: autoDraw = False
16.2166 	EXP 	image: autoDraw = True
16.5225 	DATA 	Mouse: Right button down, pos=(395,294)
16.5230 	EXP 	New trial (rep=12, index=1): <Trial 25 (1 in rep 12) data={'mouse_stim_side': 'stimuli/mouse_left.jpg', 'thisN': 25, 'thisTrialN': 1, 'thisRepN': 12}>
16.5340 	EXP 	mouse_none: autoDraw = False
16.5340 	EXP 	image: autoDraw = False
16.5340 	EXP 	image: image = 'stimuli/mouse_left.jpg'
16.5340 	EXP 	mouse_none: autoDraw = True
16.6387 	DATA 	Mouse:  Right button up, pos=(395,294)
16.7337 	EXP 	mouse_none: autoDraw = False
16.7337 	EXP 	image: autoDraw = True
16.9901 	DATA 	Mouse: Left button down, pos=(395,294)
16.9908 	EXP 	New trial (rep=13, index=0): <Trial 26 (0 in rep 13) data={'mouse_stim_side': 'stimuli/mouse_left.jpg', 'thisN': 26, 'thisTrialN': 0, 'thisRepN': 13}>
17.0002 	EXP 	mouse_none: autoDraw = False
17.0002 	EXP 	image: autoDraw = False
17.0002 	EXP 	image: image = 'stimuli/mouse_left.jpg'
17.0002 	EXP 	mouse_none: autoDraw = True
17.0908 	DATA 	Mouse:  Left button up, pos=(395,294)
17.2009 	EXP 	mouse_none: autoDraw = False
17.2009 	EXP 	image: autoDraw = True
17.4904 	DATA 	Mouse: Left button down, pos=(395,294)
17.4910 	EXP 	New trial (rep=13, index=1): <Trial 27 (1 in rep 13) data={'mouse_stim_side': 'stimuli/mouse_right.jpg', 'thisN': 27, 'thisTrialN': 1, 'thisRepN': 13}>
17.5015 	EXP 	mouse_none: autoDraw = False
17.5015 	EXP 	image: autoDraw = False
17.5015 	EXP 	image: image = 'stimuli/mouse_right.jpg'
17.5015 	EXP 	mouse_none: autoDraw = True
17.5880 	DATA 	Mouse:  Left button up, pos=(395,294)
17.7008 	EXP 	mouse_none: autoDraw = False
17.7008 	EXP 	image: autoDraw = True
17.9390 	DATA 	Mouse: Right button down, pos=(395,294)
17.9395 	EXP 	New trial (rep=14, index=0): <Trial 28 (0 in rep 14) data={'mouse_stim_side': 'stimuli/mouse_right.jpg', 'thisN': 28, 'thisTrialN': 0, 'thisRepN': 14}>
17.9504 	EXP 	mouse_none: autoDraw = False
17.9504 	EXP 	image: autoDraw = False
17.9504 	EXP 	image: image = 'stimuli/mouse_right.jpg'
17.9504 	EXP 	mouse_none: autoDraw = True
18.0379 	DATA 	Mouse:  Right button up, pos=(395,294)
18.1525 	EXP 	mouse_none: autoDraw = False
18.1525 	EXP 	image: autoDraw = True
18.4872 	DATA 	Mouse: Right button down, pos=(395,294)
18.4878 	EXP 	New trial (rep=14, index=1): <Trial 29 (1 in rep 14) data={'mouse_stim_side': 'stimuli/mouse_left.jpg', 'thisN': 29, 'thisTrialN': 1, 'thisRepN': 14}>
18.5003 	EXP 	mouse_none: autoDraw = False
18.5003 	EXP 	image: autoDraw = False
18.5003 	EXP 	image: image = 'stimuli/mouse_left.jpg'
18.5003 	EXP 	mouse_none: autoDraw = True
18.5710 	DATA 	Mouse:  Right button up, pos=(395,294)
18.7007 	EXP 	mouse_none: autoDraw = False
18.7007 	EXP 	image: autoDraw = True
18.9220 	DATA 	Mouse: Left button down, pos=(395,294)
18.9288 	DEBUG 	Read csv file with pandas: conditions_letter2.csv
18.9294 	DEBUG 	Clearing unnamed columns from conditions_letter2.csv
18.9296 	EXP 	Imported conditions_letter2.csv as conditions, 2 conditions, 1 params
18.9299 	EXP 	New trial (rep=0, index=0): <Trial 0 (0 in rep 0) data={'mouse_stim_side': 'stimuli/mouse_left_letter.jpg', 'thisN': 0, 'thisTrialN': 0, 'thisRepN': 0}>
18.9499 	EXP 	mouse_none: autoDraw = False
18.9499 	EXP 	image: autoDraw = False
18.9499 	EXP 	image_2: image = 'stimuli/mouse_left_letter.jpg'
18.9499 	EXP 	mouse_none_2: autoDraw = True
19.0068 	DATA 	Mouse:  Left button up, pos=(395,294)
19.1346 	EXP 	image_2: autoDraw = True
19.1513 	EXP 	mouse_none_2: autoDraw = False
20.2392 	DATA 	Mouse: Left button down, pos=(395,294)
20.2398 	EXP 	New trial (rep=0, index=1): <Trial 1 (1 in rep 0) data={'mouse_stim_side': 'stimuli/mouse_right_letter.jpg', 'thisN': 1, 'thisTrialN': 1, 'thisRepN': 0}>
20.2504 	EXP 	mouse_none_2: autoDraw = False
20.2504 	EXP 	image_2: autoDraw = False
20.2504 	EXP 	image_2: image = 'stimuli/mouse_right_letter.jpg'
20.2504 	EXP 	mouse_none_2: autoDraw = True
20.2889 	DATA 	Mouse:  Left button up, pos=(395,294)
20.4507 	EXP 	mouse_none_2: autoDraw = False
20.4507 	EXP 	image_2: autoDraw = True
20.9435 	DATA 	Mouse: Right button down, pos=(395,294)
20.9441 	EXP 	New trial (rep=1, index=0): <Trial 2 (0 in rep 1) data={'mouse_stim_side': 'stimuli/mouse_left_letter.jpg', 'thisN': 2, 'thisTrialN': 0, 'thisRepN': 1}>
20.9685 	EXP 	mouse_none_2: autoDraw = False
20.9685 	EXP 	image_2: autoDraw = False
20.9685 	EXP 	image_2: image = 'stimuli/mouse_left_letter.jpg'
20.9685 	EXP 	mouse_none_2: autoDraw = True
21.0527 	DATA 	Mouse:  Right button up, pos=(395,294)
21.1522 	EXP 	image_2: autoDraw = True
21.1685 	EXP 	mouse_none_2: autoDraw = False
21.4861 	DATA 	Mouse: Right button down, pos=(481,294)
21.4865 	EXP 	New trial (rep=1, index=1): <Trial 3 (1 in rep 1) data={'mouse_stim_side': 'stimuli/mouse_right_letter.jpg', 'thisN': 3, 'thisTrialN': 1, 'thisRepN': 1}>
21.5006 	EXP 	mouse_none_2: autoDraw = False
21.5006 	EXP 	image_2: autoDraw = False
21.5006 	EXP 	image_2: image = 'stimuli/mouse_right_letter.jpg'
21.5006 	EXP 	mouse_none_2: autoDraw = True
21.6061 	DATA 	Mouse:  Right button up, pos=(481,294)
21.7006 	EXP 	mouse_none_2: autoDraw = False
21.7006 	EXP 	image_2: autoDraw = True
22.2745 	DATA 	Mouse: Right button down, pos=(479,294)
22.2753 	EXP 	New trial (rep=2, index=0): <Trial 4 (0 in rep 2) data={'mouse_stim_side': 'stimuli/mouse_left_letter.jpg', 'thisN': 4, 'thisTrialN': 0, 'thisRepN': 2}>
22.2839 	EXP 	mouse_none_2: autoDraw = False
22.2839 	EXP 	image_2: autoDraw = False
22.2839 	EXP 	image_2: image = 'stimuli/mouse_left_letter.jpg'
22.2839 	EXP 	mouse_none_2: autoDraw = True
22.4052 	DATA 	Mouse:  Right button up, pos=(459,288)
22.4834 	EXP 	mouse_none_2: autoDraw = False
22.4834 	EXP 	image_2: autoDraw = True
22.7363 	DATA 	Mouse: Left button down, pos=(459,288)
22.7367 	EXP 	New trial (rep=2, index=1): <Trial 5 (1 in rep 2) data={'mouse_stim_side': 'stimuli/mouse_right_letter.jpg', 'thisN': 5, 'thisTrialN': 1, 'thisRepN': 2}>
22.7521 	EXP 	mouse_none_2: autoDraw = False
22.7521 	EXP 	image_2: autoDraw = False
22.7521 	EXP 	image_2: image = 'stimuli/mouse_right_letter.jpg'
22.7521 	EXP 	mouse_none_2: autoDraw = True
22.8392 	DATA 	Mouse:  Left button up, pos=(459,288)
22.9354 	EXP 	image_2: autoDraw = True
22.9521 	EXP 	mouse_none_2: autoDraw = False
23.3064 	DATA 	Mouse: Right button down, pos=(459,288)
23.3069 	EXP 	New trial (rep=3, index=0): <Trial 6 (0 in rep 3) data={'mouse_stim_side': 'stimuli/mouse_right_letter.jpg', 'thisN': 6, 'thisTrialN': 0, 'thisRepN': 3}>
23.3171 	EXP 	mouse_none_2: autoDraw = False
23.3171 	EXP 	image_2: autoDraw = False
23.3171 	EXP 	image_2: image = 'stimuli/mouse_right_letter.jpg'
23.3171 	EXP 	mouse_none_2: autoDraw = True
23.4245 	DATA 	Mouse:  Right button up, pos=(459,288)
23.5168 	EXP 	mouse_none_2: autoDraw = False
23.5168 	EXP 	image_2: autoDraw = True
23.7892 	DATA 	Mouse: Left button down, pos=(459,288)
23.7897 	EXP 	New trial (rep=3, index=1): <Trial 7 (1 in rep 3) data={'mouse_stim_side': 'stimuli/mouse_left_letter.jpg', 'thisN': 7, 'thisTrialN': 1, 'thisRepN': 3}>
23.8003 	EXP 	mouse_none_2: autoDraw = False
23.8003 	EXP 	image_2: autoDraw = False
23.8003 	EXP 	image_2: image = 'stimuli/mouse_left_letter.jpg'
23.8003 	EXP 	mouse_none_2: autoDraw = True
23.8737 	DATA 	Mouse:  Left button up, pos=(459,288)
24.0012 	EXP 	mouse_none_2: autoDraw = False
24.0012 	EXP 	image_2: autoDraw = True
24.1713 	DATA 	Mouse: Right button down, pos=(459,288)
24.1718 	EXP 	New trial (rep=4, index=0): <Trial 8 (0 in rep 4) data={'mouse_stim_side': 'stimuli/mouse_left_letter.jpg', 'thisN': 8, 'thisTrialN': 0, 'thisRepN': 4}>
24.1836 	EXP 	mouse_none_2: autoDraw = False
24.1836 	EXP 	image_2: autoDraw = False
24.1836 	EXP 	image_2: image = 'stimuli/mouse_left_letter.jpg'
24.1836 	EXP 	mouse_none_2: autoDraw = True
24.2548 	DATA 	Mouse:  Right button up, pos=(459,288)
24.3850 	EXP 	mouse_none_2: autoDraw = False
24.3850 	EXP 	image_2: autoDraw = True
24.7708 	DATA 	Mouse: Left button down, pos=(459,288)
24.7713 	EXP 	New trial (rep=4, index=1): <Trial 9 (1 in rep 4) data={'mouse_stim_side': 'stimuli/mouse_right_letter.jpg', 'thisN': 9, 'thisTrialN': 1, 'thisRepN': 4}>
24.7836 	EXP 	mouse_none_2: autoDraw = False
24.7836 	EXP 	image_2: autoDraw = False
24.7836 	EXP 	image_2: image = 'stimuli/mouse_right_letter.jpg'
24.7836 	EXP 	mouse_none_2: autoDraw = True
24.8898 	DATA 	Mouse:  Left button up, pos=(459,288)
24.9849 	EXP 	mouse_none_2: autoDraw = False
24.9849 	EXP 	image_2: autoDraw = True
25.2226 	DATA 	Mouse: Right button down, pos=(459,288)
25.2232 	EXP 	New trial (rep=5, index=0): <Trial 10 (0 in rep 5) data={'mouse_stim_side': 'stimuli/mouse_left_letter.jpg', 'thisN': 10, 'thisTrialN': 0, 'thisRepN': 5}>
25.2334 	EXP 	mouse_none_2: autoDraw = False
25.2334 	EXP 	image_2: autoDraw = False
25.2334 	EXP 	image_2: image = 'stimuli/mouse_left_letter.jpg'
25.2334 	EXP 	mouse_none_2: autoDraw = True
25.3382 	DATA 	Mouse:  Right button up, pos=(459,288)
25.4343 	EXP 	mouse_none_2: autoDraw = False
25.4343 	EXP 	image_2: autoDraw = True
25.8042 	DATA 	Mouse: Left button down, pos=(459,288)
25.8046 	EXP 	New trial (rep=5, index=1): <Trial 11 (1 in rep 5) data={'mouse_stim_side': 'stimuli/mouse_right_letter.jpg', 'thisN': 11, 'thisTrialN': 1, 'thisRepN': 5}>
25.8171 	EXP 	mouse_none_2: autoDraw = False
25.8171 	EXP 	image_2: autoDraw = False
25.8171 	EXP 	image_2: image = 'stimuli/mouse_right_letter.jpg'
25.8171 	EXP 	mouse_none_2: autoDraw = True
25.9071 	DATA 	Mouse:  Left button up, pos=(459,288)
26.0185 	EXP 	mouse_none_2: autoDraw = False
26.0185 	EXP 	image_2: autoDraw = True
26.1744 	DATA 	Mouse: Right button down, pos=(459,288)
26.1749 	EXP 	New trial (rep=6, index=0): <Trial 12 (0 in rep 6) data={'mouse_stim_side': 'stimuli/mouse_left_letter.jpg', 'thisN': 12, 'thisTrialN': 0, 'thisRepN': 6}>
26.1835 	EXP 	mouse_none_2: autoDraw = False
26.1835 	EXP 	image_2: autoDraw = False
26.1835 	EXP 	image_2: image = 'stimuli/mouse_left_letter.jpg'
26.1835 	EXP 	mouse_none_2: autoDraw = True
26.2215 	DATA 	Mouse:  Right button up, pos=(459,288)
26.3837 	EXP 	mouse_none_2: autoDraw = False
26.3837 	EXP 	image_2: autoDraw = True
28.1417 	DATA 	Keypress: escape
28.1465 	EXP 	Device response: <KeyPress from None: t=28.13591820001602, value=escape, duration=None>
28.2586 	EXP 	Device response: <KeyPress from None: t=28.13591820001602, value=escape, duration=0.11839000001782551>
28.2586 	EXP 	mouse: status = STOPPED
28.2675 	EXP 	image_2: autoDraw = False
28.2710 	EXP 	mouse: status = STOPPED
28.2920 	INFO 	saved data to 'C:\\Users\\delgr\\Projects\\mouseGame\\data\\pilot_mouse_2025-06-17_22h45.12.025.csv'
28.2932 	INFO 	saved data to C:\Users\delgr\Projects\mouseGame\data\pilot_mouse_2025-06-17_22h45.12.025.psydat
28.3675 	DEBUG 	Saving data for mouse ExperimentHandler
28.3708 	WARNING 	Stopping key buffers but this could be dangerous ifother keyboards rely on the same.
