3.2276 	DEBUG 	Fullscreen settings ignored as running in pilot mode.
3.2284 	INFO 	Loaded monitor calibration from ['2025_06_17 20:17']
3.3402 	INFO 	Using renderer 'Intel(R) Iris(R) Xe Graphics' for graphics
3.3402 	INFO 	OpenGL version supported by driver is 4..
3.3503 	EXP 	Created window1 = Window(allowGUI=False, allowStencil=False, autoLog=True, backendConf=UNKNOWN, backgroundFit=<method-wrapper '__getattribute__' of attributeSetter object at 0x00000222EBBA10C0>, backgroundImage=<method-wrapper '__getattribute__' of attributeSetter object at 0x00000222EBBA1060>, bitsMode=UNKNOWN, blendMode='avg', bpc=(8, 8, 8), color=array([0, 0, 0]), colorSpace='rgb', depthBits=8, fullscr=False, gamma=None, gammaErrorPolicy='raise', infoMsg=UNKNOWN, lms=UNKNOWN, monitor=<psychopy.monitors.calibTools.Monitor object at 0x00000222EBC5A950>, multiSample=False, name='window1', numSamples=2, pos=[np.float64(1520.0), np.float64(780.0)], screen=0, size=array([800, 600]), stencilBits=0, stereo=False, title='PsychoPy', units='height', useFBO=True, useRetina=False, viewOri=0.0, viewPos=None, viewScale=None, waitBlanking=True, winType='pyglet')
3.3504 	EXP 	window1: backgroundImage = ''
3.3504 	EXP 	window1: backgroundFit = 'none'
3.3650 	DEBUG 	TextBox2 loaded 1 chars with 0 blanks and 1 valid
3.3741 	DEBUG 	TextBox2 loaded 1 chars with 0 blanks and 1 valid
3.3835 	DEBUG 	TextBox2 loaded 1 chars with 0 blanks and 1 valid
3.3922 	DEBUG 	TextBox2 loaded 1 chars with 0 blanks and 1 valid
3.4012 	DEBUG 	TextBox2 loaded 1 chars with 0 blanks and 1 valid
3.4095 	DEBUG 	TextBox2 loaded 1 chars with 0 blanks and 1 valid
3.4184 	DEBUG 	TextBox2 loaded 1 chars with 0 blanks and 1 valid
3.4272 	DEBUG 	TextBox2 loaded 1 chars with 0 blanks and 1 valid
3.4363 	DEBUG 	TextBox2 loaded 1 chars with 0 blanks and 1 valid
3.4454 	DEBUG 	TextBox2 loaded 1 chars with 0 blanks and 1 valid
3.4549 	DEBUG 	TextBox2 loaded 1 chars with 0 blanks and 1 valid
3.4632 	DEBUG 	TextBox2 loaded 1 chars with 0 blanks and 1 valid
3.4718 	DEBUG 	TextBox2 loaded 1 chars with 0 blanks and 1 valid
3.4805 	DEBUG 	TextBox2 loaded 1 chars with 0 blanks and 1 valid
3.4892 	DEBUG 	TextBox2 loaded 1 chars with 0 blanks and 1 valid
3.4978 	DEBUG 	TextBox2 loaded 1 chars with 0 blanks and 1 valid
3.5067 	DEBUG 	TextBox2 loaded 1 chars with 0 blanks and 1 valid
3.5161 	DEBUG 	TextBox2 loaded 1 chars with 0 blanks and 1 valid
3.5246 	DEBUG 	TextBox2 loaded 1 chars with 0 blanks and 1 valid
3.5339 	DEBUG 	TextBox2 loaded 1 chars with 0 blanks and 1 valid
3.5419 	DEBUG 	TextBox2 loaded 1 chars with 0 blanks and 1 valid
3.5422 	DEBUG 	Uploading Texture Font fontname to graphics card
3.5458 	DEBUG 	Upload of Texture Font fontname complete
3.5584 	DEBUG 	TextBox2 loaded 1 chars with 0 blanks and 1 valid
3.5678 	DEBUG 	TextBox2 loaded 1 chars with 0 blanks and 1 valid
3.5760 	DEBUG 	TextBox2 loaded 1 chars with 0 blanks and 1 valid
3.5763 	DEBUG 	Uploading Texture Font fontname to graphics card
3.5788 	DEBUG 	Upload of Texture Font fontname complete
3.5804 	EXP 	window1: Attempting to measure frame rate of screen (0) ...
3.5805 	EXP 	window1: recordFrameIntervals = False
3.7510 	EXP 	window1: recordFrameIntervals = True
3.9343 	EXP 	Screen (0) actual frame rate measured at 60.01Hz
3.9344 	EXP 	window1: recordFrameIntervals = False
3.9480 	DEBUG 	TextBox2 loaded 1 chars with 0 blanks and 1 valid
3.9570 	DEBUG 	TextBox2 loaded 1 chars with 0 blanks and 1 valid
3.9665 	DEBUG 	TextBox2 loaded 1 chars with 0 blanks and 1 valid
3.9756 	DEBUG 	TextBox2 loaded 1 chars with 0 blanks and 1 valid
3.9848 	DEBUG 	TextBox2 loaded 1 chars with 0 blanks and 1 valid
3.9930 	DEBUG 	TextBox2 loaded 1 chars with 0 blanks and 1 valid
4.0012 	DEBUG 	TextBox2 loaded 1 chars with 0 blanks and 1 valid
4.0098 	DEBUG 	TextBox2 loaded 1 chars with 0 blanks and 1 valid
4.0187 	DEBUG 	TextBox2 loaded 1 chars with 0 blanks and 1 valid
4.0274 	DEBUG 	TextBox2 loaded 1 chars with 0 blanks and 1 valid
4.0277 	DEBUG 	Uploading Texture Font fontname to graphics card
4.0282 	DEBUG 	Upload of Texture Font fontname complete
4.3875 	INFO 	keyboard.Keyboard is using ptb backend.
4.3875 	EXP 	mouse: status = STARTED
4.3886 	EXP 	Created drawing_area = Rect(__class__=<class 'psychopy.visual.rect.Rect'>, anchor=('center', 'center'), autoDraw=False, autoLog=True, closeShape=True, color=method-wrapper(...), colorSpace='rgb', contrast=None, depth=0.0, draggable=False, fillColor=array([1, 1, 1]), fillColorSpace='rgb', fillRGB=array([1, 1, 1]), interpolate=True, lineColor=array([-0.6706, -0.749 , -0.749 ]), lineColorSpace='rgb', lineRGB=array([-0.6706, -0.749 , -0.749 ]), lineWidth=3.0, name='drawing_area', opacity=1, ori=0.0, pos=array([0., 0.]), size=array([0.5, 0.5]), units='height', vertices=ndarray(...), win=Window(...))
4.3887 	EXP 	Created brush = <psychopy.visual.brush.Brush object at 0x00000222F3133F40>
4.3893 	EXP 	Created start_button = Rect(__class__=<class 'psychopy.visual.rect.Rect'>, anchor=('center', 'center'), autoDraw=False, autoLog=True, closeShape=True, color=method-wrapper(...), colorSpace='rgb', contrast=None, depth=-2.0, draggable=False, fillColor=array([0.8902, 0.7098, 0.6549]), fillColorSpace='rgb', fillRGB=array([0.8902, 0.7098, 0.6549]), interpolate=True, lineColor=array([ 0.6078, -0.2784, -0.2784]), lineColorSpace='rgb', lineRGB=array([ 0.6078, -0.2784, -0.2784]), lineWidth=4.0, name='start_button', opacity=1, ori=0.0, pos=array([ 0. , -0.4]), size=array([0.25, 0.1 ]), units='height', vertices=ndarray(...), win=Window(...))
4.4205 	EXP 	Created text = TextStim(__class__=<class 'psychopy.visual.text.TextStim'>, alignHoriz=method-wrapper(...), alignText='center', alignVert=method-wrapper(...), anchorHoriz='center', anchorVert='center', antialias=True, autoDraw=False, autoLog=True, bold=False, color=array([1., 1., 1.]), colorSpace='rgb', contrast=1.0, depth=-4.0, draggable=False, flipHoriz=False, flipVert=False, font='Arial', fontFiles=[], height=np.float64(0.04), italic=False, languageStyle='LTR', name='text', opacity=1, ori=0.0, pos=array([ 0. , -0.4]), rgb=UNKNOWN, text='Start Experiment', units='height', win=Window(...), wrapWidth=1)
4.4322 	EXP 	Created instrutions_text = TextStim(__class__=<class 'psychopy.visual.text.TextStim'>, alignHoriz=method-wrapper(...), alignText='center', alignVert=method-wrapper(...), anchorHoriz='center', anchorVert='center', antialias=True, autoDraw=False, autoLog=True, bold=False, color=array([1., 1., 1.]), colorSpace='rgb', contrast=1.0, depth=0.0, draggable=False, flipHoriz=False, flipVert=False, font='Arial', fontFiles=[], height=np.float64(0.05), italic=False, languageStyle='LTR', name='instrutions_text', opacity=1, ori=0.0, pos=array([0., 0.]), rgb=UNKNOWN, text=str(...), units='height', win=Window(...), wrapWidth=1)
4.4459 	EXP 	Created instructions_mouse_2 = ImageStim(__class__=<class 'psychopy.visual.image.ImageStim'>, anchor=('center', 'center'), autoLog=True, color=array([1., 1., 1.]), colorSpace='rgb', contrast=1.0, depth=0.0, draggable=False, flipHoriz=np.False_, flipVert=np.False_, image='stimuli/mouse_none.jpg', interpolate=True, mask='stimuli/mouse_mask.jpg', maskParams=None, name='instructions_mouse_2', opacity=1, ori=0.0, pos=array([0., 0.]), size=array([0.5, 0.5]), texRes=128.0, units='height', win=Window(...))
4.4504 	EXP 	Created mouse_none = ImageStim(__class__=<class 'psychopy.visual.image.ImageStim'>, anchor=('center', 'center'), autoLog=True, color=array([1., 1., 1.]), colorSpace='rgb', contrast=1.0, depth=0.0, draggable=False, flipHoriz=np.False_, flipVert=np.False_, image='stimuli/mouse_none.jpg', interpolate=True, mask='stimuli/mouse_mask.jpg', maskParams=None, name='mouse_none', opacity=1, ori=0.0, pos=array([0., 0.]), size=array([0.5, 0.5]), texRes=128.0, units='height', win=Window(...))
4.4537 	EXP 	Created image = ImageStim(__class__=<class 'psychopy.visual.image.ImageStim'>, anchor=('center', 'center'), autoLog=True, color=array([1., 1., 1.]), colorSpace='rgb', contrast=1.0, depth=-1.0, draggable=False, flipHoriz=np.False_, flipVert=np.False_, image='default.png', interpolate=True, mask='stimuli/mouse_mask.jpg', maskParams=None, name='image', opacity=1, ori=0.0, pos=array([0., 0.]), size=array([0.5, 0.5]), texRes=128.0, units='height', win=Window(...))
4.4572 	EXP 	Created mouse_none_2 = ImageStim(__class__=<class 'psychopy.visual.image.ImageStim'>, anchor=('center', 'center'), autoLog=True, color=array([1., 1., 1.]), colorSpace='rgb', contrast=1.0, depth=0.0, draggable=False, flipHoriz=np.False_, flipVert=np.False_, image='stimuli/mouse_none.jpg', interpolate=True, mask='stimuli/mouse_mask.jpg', maskParams=None, name='mouse_none_2', opacity=1, ori=0.0, pos=array([0., 0.]), size=array([0.5, 0.5]), texRes=128.0, units='height', win=Window(...))
4.4606 	EXP 	Created image_2 = ImageStim(__class__=<class 'psychopy.visual.image.ImageStim'>, anchor=('center', 'center'), autoLog=True, color=array([1., 1., 1.]), colorSpace='rgb', contrast=1.0, depth=-1.0, draggable=False, flipHoriz=np.False_, flipVert=np.False_, image='default.png', interpolate=True, mask='stimuli/mouse_mask.jpg', maskParams=None, name='image_2', opacity=1, ori=0.0, pos=array([0., 0.]), size=array([0.5, 0.5]), texRes=128.0, units='height', win=Window(...))
4.4641 	EXP 	Created thankyou_text = TextStim(__class__=<class 'psychopy.visual.text.TextStim'>, alignHoriz=method-wrapper(...), alignText='center', alignVert=method-wrapper(...), anchorHoriz='center', anchorVert='center', antialias=True, autoDraw=False, autoLog=True, bold=False, color=array([1., 1., 1.]), colorSpace='rgb', contrast=1.0, depth=0.0, draggable=False, flipHoriz=False, flipVert=False, font='Arial', fontFiles=[], height=np.float64(0.05), italic=False, languageStyle='LTR', name='thankyou_text', opacity=1, ori=0.0, pos=array([0., 0.]), rgb=UNKNOWN, text='Done, Thank You!\n\n(Click mouse to end).', units='height', win=Window(...), wrapWidth=1)
0.0177 	EXP 	brush: autoLog = True
0.0177 	EXP 	brush: autoDraw = False
0.0193 	EXP 	Resetting brush
0.0356 	EXP 	drawing_area: autoDraw = True
0.0356 	EXP 	brush: autoDraw = True
0.0356 	EXP 	start_button: autoDraw = True
0.0356 	EXP 	text: autoDraw = True
2.3056 	DATA 	Keypress: escape
2.3098 	EXP 	Device response: <KeyPress from None: t=2.2890507000265643, value=escape, duration=None>
2.3897 	EXP 	Device response: <KeyPress from None: t=2.2890507000265643, value=escape, duration=0.09656169998925179>
2.3897 	EXP 	mouse: status = STOPPED
2.4023 	EXP 	drawing_area: autoDraw = False
2.4023 	EXP 	brush: autoDraw = False
2.4023 	EXP 	start_button: autoDraw = False
2.4023 	EXP 	text: autoDraw = False
2.4049 	EXP 	mouse: status = STOPPED
2.4172 	INFO 	saved data to 'C:\\Users\\delgr\\Projects\\mouseGame\\data\\pilot_mouse_2025-06-17_23h42.42.826.csv'
2.4182 	INFO 	saved data to C:\Users\delgr\Projects\mouseGame\data\pilot_mouse_2025-06-17_23h42.42.826.psydat
2.5410 	DEBUG 	Saving data for mouse ExperimentHandler
2.5449 	WARNING 	Stopping key buffers but this could be dangerous ifother keyboards rely on the same.
