3.5802 	DEBUG 	Fullscreen settings ignored as running in pilot mode.
3.5809 	INFO 	Loaded monitor calibration from ['2025_06_17 20:17']
3.6841 	INFO 	Using renderer 'Intel(R) Iris(R) Xe Graphics' for graphics
3.6841 	INFO 	OpenGL version supported by driver is 4..
3.6970 	EXP 	Created window1 = Window(allowGUI=False, allowStencil=False, autoLog=True, backendConf=UNKNOWN, backgroundFit=<method-wrapper '__getattribute__' of attributeSetter object at 0x000002793104BDF0>, backgroundImage=<method-wrapper '__getattribute__' of attributeSetter object at 0x000002793104BD90>, bitsMode=UNKNOWN, blendMode='avg', bpc=(8, 8, 8), color=array([0, 0, 0]), colorSpace='rgb', depthBits=8, fullscr=False, gamma=None, gammaErrorPolicy='raise', infoMsg=UNKNOWN, lms=UNKNOWN, monitor=<psychopy.monitors.calibTools.Monitor object at 0x000002793111D6C0>, multiSample=False, name='window1', numSamples=2, pos=[np.float64(1520.0), np.float64(780.0)], screen=0, size=array([800, 600]), stencilBits=0, stereo=False, title='PsychoPy', units='height', useFBO=True, useRetina=False, viewOri=0.0, viewPos=None, viewScale=None, waitBlanking=True, winType='pyglet')
3.6971 	EXP 	window1: backgroundImage = ''
3.6971 	EXP 	window1: backgroundFit = 'none'
3.7163 	DEBUG 	TextBox2 loaded 1 chars with 0 blanks and 1 valid
3.7281 	DEBUG 	TextBox2 loaded 1 chars with 0 blanks and 1 valid
3.7401 	DEBUG 	TextBox2 loaded 1 chars with 0 blanks and 1 valid
3.7524 	DEBUG 	TextBox2 loaded 1 chars with 0 blanks and 1 valid
3.7648 	DEBUG 	TextBox2 loaded 1 chars with 0 blanks and 1 valid
3.7771 	DEBUG 	TextBox2 loaded 1 chars with 0 blanks and 1 valid
3.7896 	DEBUG 	TextBox2 loaded 1 chars with 0 blanks and 1 valid
3.8026 	DEBUG 	TextBox2 loaded 1 chars with 0 blanks and 1 valid
3.8147 	DEBUG 	TextBox2 loaded 1 chars with 0 blanks and 1 valid
3.8269 	DEBUG 	TextBox2 loaded 1 chars with 0 blanks and 1 valid
3.8398 	DEBUG 	TextBox2 loaded 1 chars with 0 blanks and 1 valid
3.8528 	DEBUG 	TextBox2 loaded 1 chars with 0 blanks and 1 valid
3.8657 	DEBUG 	TextBox2 loaded 1 chars with 0 blanks and 1 valid
3.8786 	DEBUG 	TextBox2 loaded 1 chars with 0 blanks and 1 valid
3.8913 	DEBUG 	TextBox2 loaded 1 chars with 0 blanks and 1 valid
3.9042 	DEBUG 	TextBox2 loaded 1 chars with 0 blanks and 1 valid
3.9171 	DEBUG 	TextBox2 loaded 1 chars with 0 blanks and 1 valid
3.9298 	DEBUG 	TextBox2 loaded 1 chars with 0 blanks and 1 valid
3.9425 	DEBUG 	TextBox2 loaded 1 chars with 0 blanks and 1 valid
3.9560 	DEBUG 	TextBox2 loaded 1 chars with 0 blanks and 1 valid
3.9690 	DEBUG 	TextBox2 loaded 1 chars with 0 blanks and 1 valid
3.9694 	DEBUG 	Uploading Texture Font fontname to graphics card
3.9750 	DEBUG 	Upload of Texture Font fontname complete
3.9952 	DEBUG 	TextBox2 loaded 1 chars with 0 blanks and 1 valid
4.0093 	DEBUG 	TextBox2 loaded 1 chars with 0 blanks and 1 valid
4.0233 	DEBUG 	TextBox2 loaded 1 chars with 0 blanks and 1 valid
4.0237 	DEBUG 	Uploading Texture Font fontname to graphics card
4.0277 	DEBUG 	Upload of Texture Font fontname complete
4.0299 	EXP 	window1: Attempting to measure frame rate of screen (0) ...
4.0300 	EXP 	window1: recordFrameIntervals = False
4.1968 	EXP 	window1: recordFrameIntervals = True
4.3802 	EXP 	Screen (0) actual frame rate measured at 60.13Hz
4.3803 	EXP 	window1: recordFrameIntervals = False
4.3972 	DEBUG 	TextBox2 loaded 1 chars with 0 blanks and 1 valid
4.4075 	DEBUG 	TextBox2 loaded 1 chars with 0 blanks and 1 valid
4.4181 	DEBUG 	TextBox2 loaded 1 chars with 0 blanks and 1 valid
4.4289 	DEBUG 	TextBox2 loaded 1 chars with 0 blanks and 1 valid
4.4396 	DEBUG 	TextBox2 loaded 1 chars with 0 blanks and 1 valid
4.4503 	DEBUG 	TextBox2 loaded 1 chars with 0 blanks and 1 valid
4.4606 	DEBUG 	TextBox2 loaded 1 chars with 0 blanks and 1 valid
4.4714 	DEBUG 	TextBox2 loaded 1 chars with 0 blanks and 1 valid
4.4825 	DEBUG 	TextBox2 loaded 1 chars with 0 blanks and 1 valid
4.4938 	DEBUG 	TextBox2 loaded 1 chars with 0 blanks and 1 valid
4.4942 	DEBUG 	Uploading Texture Font fontname to graphics card
4.4947 	DEBUG 	Upload of Texture Font fontname complete
4.9937 	INFO 	keyboard.Keyboard is using ptb backend.
4.9938 	EXP 	mouse: status = STARTED
4.9949 	EXP 	Created start_button = Rect(__class__=<class 'psychopy.visual.rect.Rect'>, anchor=('center', 'center'), autoDraw=False, autoLog=True, closeShape=True, color=method-wrapper(...), colorSpace='rgb', contrast=None, depth=0.0, draggable=False, fillColor=array([ 0.8902, -0.3098,  0.6549]), fillColorSpace='rgb', fillRGB=array([ 0.8902, -0.3098,  0.6549]), interpolate=True, lineColor=array([ 0.6078, -0.2784, -0.2784]), lineColorSpace='rgb', lineRGB=array([ 0.6078, -0.2784, -0.2784]), lineWidth=2.0, name='start_button', opacity=1, ori=0.0, pos=array([0., 0.]), size=array([0.5, 0.6]), units='height', vertices=ndarray(...), win=Window(...))
4.9950 	EXP 	Created brush = <psychopy.visual.brush.Brush object at 0x000002793855AC80>
4.9958 	EXP 	Created drawing_area = Rect(__class__=<class 'psychopy.visual.rect.Rect'>, anchor=('center', 'center'), autoDraw=False, autoLog=True, closeShape=True, color=method-wrapper(...), colorSpace='rgb', contrast=None, depth=-2.0, draggable=False, fillColor=array([1, 1, 1]), fillColorSpace='rgb', fillRGB=array([1, 1, 1]), interpolate=True, lineColor=array([-0.6706, -0.749 , -0.749 ]), lineColorSpace='rgb', lineRGB=array([-0.6706, -0.749 , -0.749 ]), lineWidth=3.0, name='drawing_area', opacity=1, ori=0.0, pos=array([0., 0.]), size=array([0.5, 0.5]), units='height', vertices=ndarray(...), win=Window(...))
5.0365 	EXP 	Created instrutions_text = TextStim(__class__=<class 'psychopy.visual.text.TextStim'>, alignHoriz=method-wrapper(...), alignText='center', alignVert=method-wrapper(...), anchorHoriz='center', anchorVert='center', antialias=True, autoDraw=False, autoLog=True, bold=False, color=array([1., 1., 1.]), colorSpace='rgb', contrast=1.0, depth=0.0, draggable=False, flipHoriz=False, flipVert=False, font='Arial', fontFiles=[], height=np.float64(0.05), italic=False, languageStyle='LTR', name='instrutions_text', opacity=1, ori=0.0, pos=array([0., 0.]), rgb=UNKNOWN, text=str(...), units='height', win=Window(...), wrapWidth=1)
5.0529 	EXP 	Created instructions_mouse_2 = ImageStim(__class__=<class 'psychopy.visual.image.ImageStim'>, anchor=('center', 'center'), autoLog=True, color=array([1., 1., 1.]), colorSpace='rgb', contrast=1.0, depth=0.0, draggable=False, flipHoriz=np.False_, flipVert=np.False_, image='stimuli/mouse_none.jpg', interpolate=True, mask='stimuli/mouse_mask.jpg', maskParams=None, name='instructions_mouse_2', opacity=1, ori=0.0, pos=array([0., 0.]), size=array([0.5, 0.5]), texRes=128.0, units='height', win=Window(...))
5.0577 	EXP 	Created mouse_none = ImageStim(__class__=<class 'psychopy.visual.image.ImageStim'>, anchor=('center', 'center'), autoLog=True, color=array([1., 1., 1.]), colorSpace='rgb', contrast=1.0, depth=0.0, draggable=False, flipHoriz=np.False_, flipVert=np.False_, image='stimuli/mouse_none.jpg', interpolate=True, mask='stimuli/mouse_mask.jpg', maskParams=None, name='mouse_none', opacity=1, ori=0.0, pos=array([0., 0.]), size=array([0.5, 0.5]), texRes=128.0, units='height', win=Window(...))
5.0623 	EXP 	Created image = ImageStim(__class__=<class 'psychopy.visual.image.ImageStim'>, anchor=('center', 'center'), autoLog=True, color=array([1., 1., 1.]), colorSpace='rgb', contrast=1.0, depth=-1.0, draggable=False, flipHoriz=np.False_, flipVert=np.False_, image='default.png', interpolate=True, mask='stimuli/mouse_mask.jpg', maskParams=None, name='image', opacity=1, ori=0.0, pos=array([0., 0.]), size=array([0.5, 0.5]), texRes=128.0, units='height', win=Window(...))
5.0670 	EXP 	Created mouse_none_2 = ImageStim(__class__=<class 'psychopy.visual.image.ImageStim'>, anchor=('center', 'center'), autoLog=True, color=array([1., 1., 1.]), colorSpace='rgb', contrast=1.0, depth=0.0, draggable=False, flipHoriz=np.False_, flipVert=np.False_, image='stimuli/mouse_none.jpg', interpolate=True, mask='stimuli/mouse_mask.jpg', maskParams=None, name='mouse_none_2', opacity=1, ori=0.0, pos=array([0., 0.]), size=array([0.5, 0.5]), texRes=128.0, units='height', win=Window(...))
5.0717 	EXP 	Created image_2 = ImageStim(__class__=<class 'psychopy.visual.image.ImageStim'>, anchor=('center', 'center'), autoLog=True, color=array([1., 1., 1.]), colorSpace='rgb', contrast=1.0, depth=-1.0, draggable=False, flipHoriz=np.False_, flipVert=np.False_, image='default.png', interpolate=True, mask='stimuli/mouse_mask.jpg', maskParams=None, name='image_2', opacity=1, ori=0.0, pos=array([0., 0.]), size=array([0.5, 0.5]), texRes=128.0, units='height', win=Window(...))
5.0779 	EXP 	Created thankyou_text = TextStim(__class__=<class 'psychopy.visual.text.TextStim'>, alignHoriz=method-wrapper(...), alignText='center', alignVert=method-wrapper(...), anchorHoriz='center', anchorVert='center', antialias=True, autoDraw=False, autoLog=True, bold=False, color=array([1., 1., 1.]), colorSpace='rgb', contrast=1.0, depth=0.0, draggable=False, flipHoriz=False, flipVert=False, font='Arial', fontFiles=[], height=np.float64(0.05), italic=False, languageStyle='LTR', name='thankyou_text', opacity=1, ori=0.0, pos=array([0., 0.]), rgb=UNKNOWN, text='Done, Thank You!\n\n(Click mouse to end).', units='height', win=Window(...), wrapWidth=1)
0.0171 	EXP 	brush: autoLog = True
0.0171 	EXP 	brush: autoDraw = False
0.0191 	EXP 	Resetting brush
0.0349 	EXP 	start_button: autoDraw = True
0.0349 	EXP 	brush: autoDraw = True
0.0349 	EXP 	drawing_area: autoDraw = True
2.5058 	DATA 	Mouse: Left button down, pos=(728,363)
2.5067 	EXP 	Resetting brush parameter: brushPos.
2.5067 	EXP 	Creating ShapeStim for brush
2.6387 	DATA 	Mouse:  Left button up, pos=(728,363)
3.2229 	DATA 	Keypress: escape
3.2272 	EXP 	Device response: <KeyPress from None: t=3.2072431999840774, value=escape, duration=None>
3.2881 	EXP 	Device response: <KeyPress from None: t=3.2072431999840774, value=escape, duration=0.0718392000417225>
3.2882 	EXP 	mouse: status = STOPPED
3.3021 	EXP 	start_button: autoDraw = False
3.3021 	EXP 	brush: autoDraw = False
3.3021 	EXP 	drawing_area: autoDraw = False
3.3039 	EXP 	mouse: status = STOPPED
3.3147 	INFO 	saved data to 'C:\\Users\\delgr\\Projects\\mouseGame\\data\\pilot_mouse_2025-06-17_23h40.11.088.csv'
3.3155 	INFO 	saved data to C:\Users\delgr\Projects\mouseGame\data\pilot_mouse_2025-06-17_23h40.11.088.psydat
3.4398 	DEBUG 	Saving data for mouse ExperimentHandler
3.4430 	WARNING 	Stopping key buffers but this could be dangerous ifother keyboards rely on the same.
