3.0147 	DEBUG 	Fullscreen settings ignored as running in pilot mode.
3.0153 	INFO 	Loaded monitor calibration from ['2025_06_17 20:17']
3.1427 	INFO 	Using renderer 'Intel(R) Iris(R) Xe Graphics' for graphics
3.1427 	INFO 	OpenGL version supported by driver is 4..
3.1566 	EXP 	Created window1 = Window(allowGUI=False, allowStencil=False, autoLog=True, backendConf=UNKNOWN, backgroundFit=<method-wrapper '__getattribute__' of attributeSetter object at 0x0000015A1C2ABDF0>, backgroundImage=<method-wrapper '__getattribute__' of attributeSetter object at 0x0000015A1C2ABD90>, bitsMode=UNKNOWN, blendMode='avg', bpc=(8, 8, 8), color=array([0, 0, 0]), colorSpace='rgb', depthBits=8, fullscr=False, gamma=None, gammaErrorPolicy='raise', infoMsg=UNKNOWN, lms=UNKNOWN, monitor=<psychopy.monitors.calibTools.Monitor object at 0x0000015A1C37D6C0>, multiSample=False, name='window1', numSamples=2, pos=[np.float64(1520.0), np.float64(780.0)], screen=0, size=array([800, 600]), stencilBits=0, stereo=False, title='PsychoPy', units='height', useFBO=True, useRetina=False, viewOri=0.0, viewPos=None, viewScale=None, waitBlanking=True, winType='pyglet')
3.1567 	EXP 	window1: backgroundImage = ''
3.1567 	EXP 	window1: backgroundFit = 'none'
3.1775 	DEBUG 	TextBox2 loaded 1 chars with 0 blanks and 1 valid
3.1918 	DEBUG 	TextBox2 loaded 1 chars with 0 blanks and 1 valid
3.2062 	DEBUG 	TextBox2 loaded 1 chars with 0 blanks and 1 valid
3.2207 	DEBUG 	TextBox2 loaded 1 chars with 0 blanks and 1 valid
3.2352 	DEBUG 	TextBox2 loaded 1 chars with 0 blanks and 1 valid
3.2491 	DEBUG 	TextBox2 loaded 1 chars with 0 blanks and 1 valid
3.2633 	DEBUG 	TextBox2 loaded 1 chars with 0 blanks and 1 valid
3.2778 	DEBUG 	TextBox2 loaded 1 chars with 0 blanks and 1 valid
3.2918 	DEBUG 	TextBox2 loaded 1 chars with 0 blanks and 1 valid
3.3064 	DEBUG 	TextBox2 loaded 1 chars with 0 blanks and 1 valid
3.3211 	DEBUG 	TextBox2 loaded 1 chars with 0 blanks and 1 valid
3.3355 	DEBUG 	TextBox2 loaded 1 chars with 0 blanks and 1 valid
3.3503 	DEBUG 	TextBox2 loaded 1 chars with 0 blanks and 1 valid
3.3670 	DEBUG 	TextBox2 loaded 1 chars with 0 blanks and 1 valid
3.3820 	DEBUG 	TextBox2 loaded 1 chars with 0 blanks and 1 valid
3.3989 	DEBUG 	TextBox2 loaded 1 chars with 0 blanks and 1 valid
3.4148 	DEBUG 	TextBox2 loaded 1 chars with 0 blanks and 1 valid
3.4302 	DEBUG 	TextBox2 loaded 1 chars with 0 blanks and 1 valid
3.4454 	DEBUG 	TextBox2 loaded 1 chars with 0 blanks and 1 valid
3.4612 	DEBUG 	TextBox2 loaded 1 chars with 0 blanks and 1 valid
3.4764 	DEBUG 	TextBox2 loaded 1 chars with 0 blanks and 1 valid
3.4770 	DEBUG 	Uploading Texture Font fontname to graphics card
3.4834 	DEBUG 	Upload of Texture Font fontname complete
3.5059 	DEBUG 	TextBox2 loaded 1 chars with 0 blanks and 1 valid
3.5220 	DEBUG 	TextBox2 loaded 1 chars with 0 blanks and 1 valid
3.5379 	DEBUG 	TextBox2 loaded 1 chars with 0 blanks and 1 valid
3.5383 	DEBUG 	Uploading Texture Font fontname to graphics card
3.5428 	DEBUG 	Upload of Texture Font fontname complete
3.5453 	EXP 	window1: Attempting to measure frame rate of screen (0) ...
3.5454 	EXP 	window1: recordFrameIntervals = False
3.7201 	EXP 	window1: recordFrameIntervals = True
3.9182 	EXP 	Screen (0) actual frame rate measured at 60.36Hz
3.9183 	EXP 	window1: recordFrameIntervals = False
3.9384 	DEBUG 	TextBox2 loaded 1 chars with 0 blanks and 1 valid
3.9529 	DEBUG 	TextBox2 loaded 1 chars with 0 blanks and 1 valid
3.9676 	DEBUG 	TextBox2 loaded 1 chars with 0 blanks and 1 valid
3.9826 	DEBUG 	TextBox2 loaded 1 chars with 0 blanks and 1 valid
3.9978 	DEBUG 	TextBox2 loaded 1 chars with 0 blanks and 1 valid
4.0127 	DEBUG 	TextBox2 loaded 1 chars with 0 blanks and 1 valid
4.0271 	DEBUG 	TextBox2 loaded 1 chars with 0 blanks and 1 valid
4.0418 	DEBUG 	TextBox2 loaded 1 chars with 0 blanks and 1 valid
4.0586 	DEBUG 	TextBox2 loaded 1 chars with 0 blanks and 1 valid
4.0726 	DEBUG 	TextBox2 loaded 1 chars with 0 blanks and 1 valid
4.0731 	DEBUG 	Uploading Texture Font fontname to graphics card
4.0736 	DEBUG 	Upload of Texture Font fontname complete
4.6368 	INFO 	keyboard.Keyboard is using ptb backend.
4.6368 	EXP 	mouse: status = STARTED
4.6385 	EXP 	Created drawing_area = Rect(__class__=<class 'psychopy.visual.rect.Rect'>, anchor=('center', 'center'), autoDraw=False, autoLog=True, closeShape=True, color=method-wrapper(...), colorSpace='rgb', contrast=None, depth=0.0, draggable=False, fillColor=array([1, 1, 1]), fillColorSpace='rgb', fillRGB=array([1, 1, 1]), interpolate=True, lineColor=array([-0.6706, -0.749 , -0.749 ]), lineColorSpace='rgb', lineRGB=array([-0.6706, -0.749 , -0.749 ]), lineWidth=3.0, name='drawing_area', opacity=1, ori=0.0, pos=array([0., 0.]), size=array([0.5, 0.5]), units='height', vertices=ndarray(...), win=Window(...))
4.6386 	EXP 	Created brush = <psychopy.visual.brush.Brush object at 0x0000015A217EABF0>
4.6393 	EXP 	Created start_button = Rect(__class__=<class 'psychopy.visual.rect.Rect'>, anchor=('center', 'center'), autoDraw=False, autoLog=True, closeShape=True, color=method-wrapper(...), colorSpace='rgb', contrast=None, depth=-2.0, draggable=False, fillColor=array([ 0.8902, -0.3098,  0.6549]), fillColorSpace='rgb', fillRGB=array([ 0.8902, -0.3098,  0.6549]), interpolate=True, lineColor=array([ 0.6078, -0.2784, -0.2784]), lineColorSpace='rgb', lineRGB=array([ 0.6078, -0.2784, -0.2784]), lineWidth=2.0, name='start_button', opacity=1, ori=0.0, pos=array([0., 0.]), size=array([0.5, 0.6]), units='height', vertices=ndarray(...), win=Window(...))
4.6805 	EXP 	Created instrutions_text = TextStim(__class__=<class 'psychopy.visual.text.TextStim'>, alignHoriz=method-wrapper(...), alignText='center', alignVert=method-wrapper(...), anchorHoriz='center', anchorVert='center', antialias=True, autoDraw=False, autoLog=True, bold=False, color=array([1., 1., 1.]), colorSpace='rgb', contrast=1.0, depth=0.0, draggable=False, flipHoriz=False, flipVert=False, font='Arial', fontFiles=[], height=np.float64(0.05), italic=False, languageStyle='LTR', name='instrutions_text', opacity=1, ori=0.0, pos=array([0., 0.]), rgb=UNKNOWN, text=str(...), units='height', win=Window(...), wrapWidth=1)
4.6987 	EXP 	Created instructions_mouse_2 = ImageStim(__class__=<class 'psychopy.visual.image.ImageStim'>, anchor=('center', 'center'), autoLog=True, color=array([1., 1., 1.]), colorSpace='rgb', contrast=1.0, depth=0.0, draggable=False, flipHoriz=np.False_, flipVert=np.False_, image='stimuli/mouse_none.jpg', interpolate=True, mask='stimuli/mouse_mask.jpg', maskParams=None, name='instructions_mouse_2', opacity=1, ori=0.0, pos=array([0., 0.]), size=array([0.5, 0.5]), texRes=128.0, units='height', win=Window(...))
4.7036 	EXP 	Created mouse_none = ImageStim(__class__=<class 'psychopy.visual.image.ImageStim'>, anchor=('center', 'center'), autoLog=True, color=array([1., 1., 1.]), colorSpace='rgb', contrast=1.0, depth=0.0, draggable=False, flipHoriz=np.False_, flipVert=np.False_, image='stimuli/mouse_none.jpg', interpolate=True, mask='stimuli/mouse_mask.jpg', maskParams=None, name='mouse_none', opacity=1, ori=0.0, pos=array([0., 0.]), size=array([0.5, 0.5]), texRes=128.0, units='height', win=Window(...))
4.7077 	EXP 	Created image = ImageStim(__class__=<class 'psychopy.visual.image.ImageStim'>, anchor=('center', 'center'), autoLog=True, color=array([1., 1., 1.]), colorSpace='rgb', contrast=1.0, depth=-1.0, draggable=False, flipHoriz=np.False_, flipVert=np.False_, image='default.png', interpolate=True, mask='stimuli/mouse_mask.jpg', maskParams=None, name='image', opacity=1, ori=0.0, pos=array([0., 0.]), size=array([0.5, 0.5]), texRes=128.0, units='height', win=Window(...))
4.7125 	EXP 	Created mouse_none_2 = ImageStim(__class__=<class 'psychopy.visual.image.ImageStim'>, anchor=('center', 'center'), autoLog=True, color=array([1., 1., 1.]), colorSpace='rgb', contrast=1.0, depth=0.0, draggable=False, flipHoriz=np.False_, flipVert=np.False_, image='stimuli/mouse_none.jpg', interpolate=True, mask='stimuli/mouse_mask.jpg', maskParams=None, name='mouse_none_2', opacity=1, ori=0.0, pos=array([0., 0.]), size=array([0.5, 0.5]), texRes=128.0, units='height', win=Window(...))
4.7168 	EXP 	Created image_2 = ImageStim(__class__=<class 'psychopy.visual.image.ImageStim'>, anchor=('center', 'center'), autoLog=True, color=array([1., 1., 1.]), colorSpace='rgb', contrast=1.0, depth=-1.0, draggable=False, flipHoriz=np.False_, flipVert=np.False_, image='default.png', interpolate=True, mask='stimuli/mouse_mask.jpg', maskParams=None, name='image_2', opacity=1, ori=0.0, pos=array([0., 0.]), size=array([0.5, 0.5]), texRes=128.0, units='height', win=Window(...))
4.7217 	EXP 	Created thankyou_text = TextStim(__class__=<class 'psychopy.visual.text.TextStim'>, alignHoriz=method-wrapper(...), alignText='center', alignVert=method-wrapper(...), anchorHoriz='center', anchorVert='center', antialias=True, autoDraw=False, autoLog=True, bold=False, color=array([1., 1., 1.]), colorSpace='rgb', contrast=1.0, depth=0.0, draggable=False, flipHoriz=False, flipVert=False, font='Arial', fontFiles=[], height=np.float64(0.05), italic=False, languageStyle='LTR', name='thankyou_text', opacity=1, ori=0.0, pos=array([0., 0.]), rgb=UNKNOWN, text='Done, Thank You!\n\n(Click mouse to end).', units='height', win=Window(...), wrapWidth=1)
0.0130 	EXP 	brush: autoLog = True
0.0130 	EXP 	brush: autoDraw = False
0.0151 	EXP 	Resetting brush
0.0302 	EXP 	drawing_area: autoDraw = True
0.0302 	EXP 	brush: autoDraw = True
0.0302 	EXP 	start_button: autoDraw = True
2.2005 	DATA 	Keypress: escape
2.2035 	EXP 	Device response: <KeyPress from None: t=2.1904512000037357, value=escape, duration=None>
2.3016 	EXP 	Device response: <KeyPress from None: t=2.1904512000037357, value=escape, duration=0.09569119999650866>
2.3016 	EXP 	mouse: status = STOPPED
2.3139 	EXP 	drawing_area: autoDraw = False
2.3139 	EXP 	brush: autoDraw = False
2.3139 	EXP 	start_button: autoDraw = False
2.3154 	EXP 	mouse: status = STOPPED
2.3256 	INFO 	saved data to 'C:\\Users\\delgr\\Projects\\mouseGame\\data\\pilot_mouse_2025-06-17_23h40.39.293.csv'
2.3259 	INFO 	saved data to C:\Users\delgr\Projects\mouseGame\data\pilot_mouse_2025-06-17_23h40.39.293.psydat
2.4627 	DEBUG 	Saving data for mouse ExperimentHandler
2.4684 	WARNING 	Stopping key buffers but this could be dangerous ifother keyboards rely on the same.
