8.6619 	DEBUG 	Fullscreen settings ignored as running in pilot mode.
8.6625 	INFO 	Loaded monitor calibration from ['2025_06_17 20:17']
8.7923 	INFO 	Using renderer 'Intel(R) Iris(R) Xe Graphics' for graphics
8.7924 	INFO 	OpenGL version supported by driver is 4..
8.8020 	EXP 	Created window1 = Window(allowGUI=False, allowStencil=False, autoLog=True, backendConf=UNKNOWN, backgroundFit=<method-wrapper '__getattribute__' of attributeSetter object at 0x000001AB5B70B6A0>, backgroundImage=<method-wrapper '__getattribute__' of attributeSetter object at 0x000001AB5B70B640>, bitsMode=UNKNOWN, blendMode='avg', bpc=(8, 8, 8), color=array([0, 0, 0]), colorSpace='rgb', depthBits=8, fullscr=False, gamma=None, gammaErrorPolicy='raise', infoMsg=UNKNOWN, lms=UNKNOWN, monitor=<psychopy.monitors.calibTools.Monitor object at 0x000001AB5B7DCF70>, multiSample=False, name='window1', numSamples=2, pos=[np.float64(1520.0), np.float64(780.0)], screen=0, size=array([800, 600]), stencilBits=0, stereo=False, title='PsychoPy', units='height', useFBO=True, useRetina=False, viewOri=0.0, viewPos=None, viewScale=None, waitBlanking=True, winType='pyglet')
8.8021 	EXP 	window1: backgroundImage = ''
8.8021 	EXP 	window1: backgroundFit = 'none'
8.8192 	DEBUG 	TextBox2 loaded 1 chars with 0 blanks and 1 valid
8.8290 	DEBUG 	TextBox2 loaded 1 chars with 0 blanks and 1 valid
8.8387 	DEBUG 	TextBox2 loaded 1 chars with 0 blanks and 1 valid
8.8488 	DEBUG 	TextBox2 loaded 1 chars with 0 blanks and 1 valid
8.8587 	DEBUG 	TextBox2 loaded 1 chars with 0 blanks and 1 valid
8.8685 	DEBUG 	TextBox2 loaded 1 chars with 0 blanks and 1 valid
8.8787 	DEBUG 	TextBox2 loaded 1 chars with 0 blanks and 1 valid
8.8890 	DEBUG 	TextBox2 loaded 1 chars with 0 blanks and 1 valid
8.8986 	DEBUG 	TextBox2 loaded 1 chars with 0 blanks and 1 valid
8.9084 	DEBUG 	TextBox2 loaded 1 chars with 0 blanks and 1 valid
8.9189 	DEBUG 	TextBox2 loaded 1 chars with 0 blanks and 1 valid
8.9294 	DEBUG 	TextBox2 loaded 1 chars with 0 blanks and 1 valid
8.9401 	DEBUG 	TextBox2 loaded 1 chars with 0 blanks and 1 valid
8.9518 	DEBUG 	TextBox2 loaded 1 chars with 0 blanks and 1 valid
8.9629 	DEBUG 	TextBox2 loaded 1 chars with 0 blanks and 1 valid
8.9744 	DEBUG 	TextBox2 loaded 1 chars with 0 blanks and 1 valid
8.9860 	DEBUG 	TextBox2 loaded 1 chars with 0 blanks and 1 valid
8.9975 	DEBUG 	TextBox2 loaded 1 chars with 0 blanks and 1 valid
9.0090 	DEBUG 	TextBox2 loaded 1 chars with 0 blanks and 1 valid
9.0214 	DEBUG 	TextBox2 loaded 1 chars with 0 blanks and 1 valid
9.0332 	DEBUG 	TextBox2 loaded 1 chars with 0 blanks and 1 valid
9.0337 	DEBUG 	Uploading Texture Font fontname to graphics card
9.0401 	DEBUG 	Upload of Texture Font fontname complete
9.0586 	DEBUG 	TextBox2 loaded 1 chars with 0 blanks and 1 valid
9.0714 	DEBUG 	TextBox2 loaded 1 chars with 0 blanks and 1 valid
9.0845 	DEBUG 	TextBox2 loaded 1 chars with 0 blanks and 1 valid
9.0851 	DEBUG 	Uploading Texture Font fontname to graphics card
9.0902 	DEBUG 	Upload of Texture Font fontname complete
9.0926 	EXP 	window1: Attempting to measure frame rate of screen (0) ...
9.0927 	EXP 	window1: recordFrameIntervals = False
9.2732 	EXP 	window1: recordFrameIntervals = True
9.4561 	EXP 	Screen (0) actual frame rate measured at 60.23Hz
9.4562 	EXP 	window1: recordFrameIntervals = False
9.4764 	DEBUG 	TextBox2 loaded 1 chars with 0 blanks and 1 valid
9.4897 	DEBUG 	TextBox2 loaded 1 chars with 0 blanks and 1 valid
9.5036 	DEBUG 	TextBox2 loaded 1 chars with 0 blanks and 1 valid
9.5181 	DEBUG 	TextBox2 loaded 1 chars with 0 blanks and 1 valid
9.5347 	DEBUG 	TextBox2 loaded 1 chars with 0 blanks and 1 valid
9.5491 	DEBUG 	TextBox2 loaded 1 chars with 0 blanks and 1 valid
9.5636 	DEBUG 	TextBox2 loaded 1 chars with 0 blanks and 1 valid
9.5802 	DEBUG 	TextBox2 loaded 1 chars with 0 blanks and 1 valid
9.5958 	DEBUG 	TextBox2 loaded 1 chars with 0 blanks and 1 valid
9.6128 	DEBUG 	TextBox2 loaded 1 chars with 0 blanks and 1 valid
9.6133 	DEBUG 	Uploading Texture Font fontname to graphics card
9.6139 	DEBUG 	Upload of Texture Font fontname complete
10.0154 	INFO 	keyboard.Keyboard is using ptb backend.
10.0155 	EXP 	mouse: status = STARTED
10.0169 	EXP 	Created start_button = Rect(__class__=<class 'psychopy.visual.rect.Rect'>, anchor=('center', 'center'), autoDraw=False, autoLog=True, closeShape=True, color=method-wrapper(...), colorSpace='rgb', contrast=None, depth=0.0, draggable=False, fillColor=array([0.8902, 0.898 , 0.6549]), fillColorSpace='rgb', fillRGB=array([0.8902, 0.898 , 0.6549]), interpolate=True, lineColor=array([ 0.6078, -0.2784, -0.2784]), lineColorSpace='rgb', lineRGB=array([ 0.6078, -0.2784, -0.2784]), lineWidth=2.0, name='start_button', opacity=1, ori=0.0, pos=array([0., 0.]), size=array([0.3, 0.1]), units='height', vertices=ndarray(...), win=Window(...))
10.0171 	EXP 	Created brush = <psychopy.visual.brush.Brush object at 0x000001AB655DA530>
10.0184 	EXP 	Created drawing_area = Rect(__class__=<class 'psychopy.visual.rect.Rect'>, anchor=('center', 'center'), autoDraw=False, autoLog=True, closeShape=True, color=method-wrapper(...), colorSpace='rgb', contrast=None, depth=-2.0, draggable=False, fillColor=array([1, 1, 1]), fillColorSpace='rgb', fillRGB=array([1, 1, 1]), interpolate=True, lineColor=array([-0.6706, -0.749 , -0.749 ]), lineColorSpace='rgb', lineRGB=array([-0.6706, -0.749 , -0.749 ]), lineWidth=3.0, name='drawing_area', opacity=1, ori=0.0, pos=array([0., 0.]), size=array([0.5, 0.5]), units='height', vertices=ndarray(...), win=Window(...))
10.0887 	EXP 	Created instrutions_text = TextStim(__class__=<class 'psychopy.visual.text.TextStim'>, alignHoriz=method-wrapper(...), alignText='center', alignVert=method-wrapper(...), anchorHoriz='center', anchorVert='center', antialias=True, autoDraw=False, autoLog=True, bold=False, color=array([1., 1., 1.]), colorSpace='rgb', contrast=1.0, depth=0.0, draggable=False, flipHoriz=False, flipVert=False, font='Arial', fontFiles=[], height=np.float64(0.05), italic=False, languageStyle='LTR', name='instrutions_text', opacity=1, ori=0.0, pos=array([0., 0.]), rgb=UNKNOWN, text=str(...), units='height', win=Window(...), wrapWidth=1)
10.1126 	EXP 	Created instructions_mouse_2 = ImageStim(__class__=<class 'psychopy.visual.image.ImageStim'>, anchor=('center', 'center'), autoLog=True, color=array([1., 1., 1.]), colorSpace='rgb', contrast=1.0, depth=0.0, draggable=False, flipHoriz=np.False_, flipVert=np.False_, image='stimuli/mouse_none.jpg', interpolate=True, mask='stimuli/mouse_mask.jpg', maskParams=None, name='instructions_mouse_2', opacity=1, ori=0.0, pos=array([0., 0.]), size=array([0.5, 0.5]), texRes=128.0, units='height', win=Window(...))
10.1184 	EXP 	Created mouse_none = ImageStim(__class__=<class 'psychopy.visual.image.ImageStim'>, anchor=('center', 'center'), autoLog=True, color=array([1., 1., 1.]), colorSpace='rgb', contrast=1.0, depth=0.0, draggable=False, flipHoriz=np.False_, flipVert=np.False_, image='stimuli/mouse_none.jpg', interpolate=True, mask='stimuli/mouse_mask.jpg', maskParams=None, name='mouse_none', opacity=1, ori=0.0, pos=array([0., 0.]), size=array([0.5, 0.5]), texRes=128.0, units='height', win=Window(...))
10.1254 	EXP 	Created image = ImageStim(__class__=<class 'psychopy.visual.image.ImageStim'>, anchor=('center', 'center'), autoLog=True, color=array([1., 1., 1.]), colorSpace='rgb', contrast=1.0, depth=-1.0, draggable=False, flipHoriz=np.False_, flipVert=np.False_, image='default.png', interpolate=True, mask='stimuli/mouse_mask.jpg', maskParams=None, name='image', opacity=1, ori=0.0, pos=array([0., 0.]), size=array([0.5, 0.5]), texRes=128.0, units='height', win=Window(...))
10.1354 	EXP 	Created mouse_none_2 = ImageStim(__class__=<class 'psychopy.visual.image.ImageStim'>, anchor=('center', 'center'), autoLog=True, color=array([1., 1., 1.]), colorSpace='rgb', contrast=1.0, depth=0.0, draggable=False, flipHoriz=np.False_, flipVert=np.False_, image='stimuli/mouse_none.jpg', interpolate=True, mask='stimuli/mouse_mask.jpg', maskParams=None, name='mouse_none_2', opacity=1, ori=0.0, pos=array([0., 0.]), size=array([0.5, 0.5]), texRes=128.0, units='height', win=Window(...))
10.1436 	EXP 	Created image_2 = ImageStim(__class__=<class 'psychopy.visual.image.ImageStim'>, anchor=('center', 'center'), autoLog=True, color=array([1., 1., 1.]), colorSpace='rgb', contrast=1.0, depth=-1.0, draggable=False, flipHoriz=np.False_, flipVert=np.False_, image='default.png', interpolate=True, mask='stimuli/mouse_mask.jpg', maskParams=None, name='image_2', opacity=1, ori=0.0, pos=array([0., 0.]), size=array([0.5, 0.5]), texRes=128.0, units='height', win=Window(...))
10.1495 	EXP 	Created thankyou_text = TextStim(__class__=<class 'psychopy.visual.text.TextStim'>, alignHoriz=method-wrapper(...), alignText='center', alignVert=method-wrapper(...), anchorHoriz='center', anchorVert='center', antialias=True, autoDraw=False, autoLog=True, bold=False, color=array([1., 1., 1.]), colorSpace='rgb', contrast=1.0, depth=0.0, draggable=False, flipHoriz=False, flipVert=False, font='Arial', fontFiles=[], height=np.float64(0.05), italic=False, languageStyle='LTR', name='thankyou_text', opacity=1, ori=0.0, pos=array([0., 0.]), rgb=UNKNOWN, text='Done, Thank You!\n\n(Click mouse to end).', units='height', win=Window(...), wrapWidth=1)
0.0058 	EXP 	brush: autoLog = True
0.0058 	EXP 	brush: autoDraw = False
0.0099 	EXP 	Resetting brush
0.0229 	EXP 	start_button: autoDraw = True
0.0229 	EXP 	brush: autoDraw = True
0.0229 	EXP 	drawing_area: autoDraw = True
4.1293 	DATA 	Mouse: Left button down, pos=(635,279)
4.1301 	EXP 	Resetting brush parameter: brushPos.
4.1301 	EXP 	Creating ShapeStim for brush
4.2271 	DATA 	Mouse:  Left button up, pos=(635,279)
5.2619 	DATA 	Mouse: Right button down, pos=(591,281)
5.3933 	DATA 	Mouse:  Right button up, pos=(591,281)
6.9599 	DATA 	Keypress: space
6.9652 	EXP 	Device response: <KeyPress from None: t=6.957664199988358, value=space, duration=None>
7.0775 	EXP 	Device response: <KeyPress from None: t=6.957664199988358, value=space, duration=0.11166070000035688>
7.3431 	DATA 	Keypress: return
7.3434 	EXP 	Device response: <KeyPress from None: t=7.33543669997016, value=return, duration=None>
7.3944 	EXP 	Device response: <KeyPress from None: t=7.33543669997016, value=return, duration=0.04697399999713525>
7.5430 	DATA 	Keypress: return
7.5434 	EXP 	Device response: <KeyPress from None: t=7.532176399952732, value=return, duration=None>
7.6690 	EXP 	Device response: <KeyPress from None: t=7.532176399952732, value=return, duration=0.07189280004240572>
7.7467 	DATA 	Keypress: return
7.7472 	EXP 	Device response: <KeyPress from None: t=7.740137299988419, value=return, duration=None>
7.8105 	EXP 	Device response: <KeyPress from None: t=7.740137299988419, value=return, duration=0.06273399997735396>
7.9264 	DATA 	Keypress: return
7.9268 	EXP 	Device response: <KeyPress from None: t=7.915324100002181, value=return, duration=None>
8.0443 	EXP 	Device response: <KeyPress from None: t=7.915324100002181, value=return, duration=0.11248109996085986>
8.6355 	DATA 	Keypress: escape
8.6360 	EXP 	Device response: <KeyPress from None: t=8.622769299952779, value=escape, duration=None>
8.7152 	EXP 	Device response: <KeyPress from None: t=8.622769299952779, value=escape, duration=0.08721360005438328>
8.7153 	EXP 	mouse: status = STOPPED
8.7240 	EXP 	start_button: autoDraw = False
8.7240 	EXP 	brush: autoDraw = False
8.7240 	EXP 	drawing_area: autoDraw = False
8.7291 	EXP 	mouse: status = STOPPED
8.7434 	INFO 	saved data to 'C:\\Users\\delgr\\Projects\\mouseGame\\data\\pilot_mouse_2025-06-17_23h37.29.890.csv'
8.7449 	INFO 	saved data to C:\Users\delgr\Projects\mouseGame\data\pilot_mouse_2025-06-17_23h37.29.890.psydat
8.8740 	DEBUG 	Saving data for mouse ExperimentHandler
8.8814 	WARNING 	Stopping key buffers but this could be dangerous ifother keyboards rely on the same.
