4.4206 	DEBUG 	Fullscreen settings ignored as running in pilot mode.
4.4213 	INFO 	Loaded monitor calibration from ['2025_06_17 20:17']
4.5217 	INFO 	Using renderer 'Intel(R) Iris(R) Xe Graphics' for graphics
4.5217 	INFO 	OpenGL version supported by driver is 4..
4.5358 	EXP 	Created window1 = Window(allowGUI=False, allowStencil=False, autoLog=True, backendConf=UNKNOWN, backgroundFit=<method-wrapper '__getattribute__' of attributeSetter object at 0x0000019392245090>, backgroundImage=<method-wrapper '__getattribute__' of attributeSetter object at 0x0000019392245030>, bitsMode=UNKNOWN, blendMode='avg', bpc=(8, 8, 8), color=array([0, 0, 0]), colorSpace='rgb', depthBits=8, fullscr=False, gamma=None, gammaErrorPolicy='raise', infoMsg=UNKNOWN, lms=UNKNOWN, monitor=<psychopy.monitors.calibTools.Monitor object at 0x00000193922F6920>, multiSample=False, name='window1', numSamples=2, pos=[np.float64(560.0), np.float64(300.0)], screen=0, size=array([800, 600]), stencilBits=0, stereo=False, title='PsychoPy', units='height', useFBO=True, useRetina=False, viewOri=0.0, viewPos=None, viewScale=None, waitBlanking=True, winType='pyglet')
4.5358 	EXP 	window1: backgroundImage = ''
4.5359 	EXP 	window1: backgroundFit = 'none'
4.5564 	DEBUG 	TextBox2 loaded 1 chars with 0 blanks and 1 valid
4.5706 	DEBUG 	TextBox2 loaded 1 chars with 0 blanks and 1 valid
4.5845 	DEBUG 	TextBox2 loaded 1 chars with 0 blanks and 1 valid
4.5989 	DEBUG 	TextBox2 loaded 1 chars with 0 blanks and 1 valid
4.6136 	DEBUG 	TextBox2 loaded 1 chars with 0 blanks and 1 valid
4.6275 	DEBUG 	TextBox2 loaded 1 chars with 0 blanks and 1 valid
4.6418 	DEBUG 	TextBox2 loaded 1 chars with 0 blanks and 1 valid
4.6565 	DEBUG 	TextBox2 loaded 1 chars with 0 blanks and 1 valid
4.6723 	DEBUG 	TextBox2 loaded 1 chars with 0 blanks and 1 valid
4.6862 	DEBUG 	TextBox2 loaded 1 chars with 0 blanks and 1 valid
4.7005 	DEBUG 	TextBox2 loaded 1 chars with 0 blanks and 1 valid
4.7149 	DEBUG 	TextBox2 loaded 1 chars with 0 blanks and 1 valid
4.7293 	DEBUG 	TextBox2 loaded 1 chars with 0 blanks and 1 valid
4.7440 	DEBUG 	TextBox2 loaded 1 chars with 0 blanks and 1 valid
4.7593 	DEBUG 	TextBox2 loaded 1 chars with 0 blanks and 1 valid
4.7745 	DEBUG 	TextBox2 loaded 1 chars with 0 blanks and 1 valid
4.7902 	DEBUG 	TextBox2 loaded 1 chars with 0 blanks and 1 valid
4.8060 	DEBUG 	TextBox2 loaded 1 chars with 0 blanks and 1 valid
4.8206 	DEBUG 	TextBox2 loaded 1 chars with 0 blanks and 1 valid
4.8362 	DEBUG 	TextBox2 loaded 1 chars with 0 blanks and 1 valid
4.8513 	DEBUG 	TextBox2 loaded 1 chars with 0 blanks and 1 valid
4.8518 	DEBUG 	Uploading Texture Font fontname to graphics card
4.8594 	DEBUG 	Upload of Texture Font fontname complete
4.8841 	DEBUG 	TextBox2 loaded 1 chars with 0 blanks and 1 valid
4.9005 	DEBUG 	TextBox2 loaded 1 chars with 0 blanks and 1 valid
4.9177 	DEBUG 	TextBox2 loaded 1 chars with 0 blanks and 1 valid
4.9181 	DEBUG 	Uploading Texture Font fontname to graphics card
4.9237 	DEBUG 	Upload of Texture Font fontname complete
4.9263 	EXP 	window1: Attempting to measure frame rate of screen (0) ...
4.9263 	EXP 	window1: recordFrameIntervals = False
5.0961 	EXP 	window1: recordFrameIntervals = True
5.2801 	EXP 	Screen (0) actual frame rate measured at 60.26Hz
5.2803 	EXP 	window1: recordFrameIntervals = False
5.3015 	DEBUG 	TextBox2 loaded 1 chars with 0 blanks and 1 valid
5.3163 	DEBUG 	TextBox2 loaded 1 chars with 0 blanks and 1 valid
5.3311 	DEBUG 	TextBox2 loaded 1 chars with 0 blanks and 1 valid
5.3462 	DEBUG 	TextBox2 loaded 1 chars with 0 blanks and 1 valid
5.3621 	DEBUG 	TextBox2 loaded 1 chars with 0 blanks and 1 valid
5.3784 	DEBUG 	TextBox2 loaded 1 chars with 0 blanks and 1 valid
5.3939 	DEBUG 	TextBox2 loaded 1 chars with 0 blanks and 1 valid
5.4115 	DEBUG 	TextBox2 loaded 1 chars with 0 blanks and 1 valid
5.4293 	DEBUG 	TextBox2 loaded 1 chars with 0 blanks and 1 valid
5.4464 	DEBUG 	TextBox2 loaded 1 chars with 0 blanks and 1 valid
5.4469 	DEBUG 	Uploading Texture Font fontname to graphics card
5.4475 	DEBUG 	Upload of Texture Font fontname complete
5.8084 	INFO 	keyboard.Keyboard is using ptb backend.
5.8084 	EXP 	mouse: status = STARTED
5.8511 	EXP 	Created welcome = TextStim(__class__=<class 'psychopy.visual.text.TextStim'>, alignHoriz=method-wrapper(...), alignText='center', alignVert=method-wrapper(...), anchorHoriz='center', anchorVert='center', antialias=True, autoDraw=False, autoLog=True, bold=False, color=array([1., 1., 1.]), colorSpace='rgb', contrast=1.0, depth=0.0, draggable=False, flipHoriz=False, flipVert=False, font='Arial', fontFiles=[], height=np.float64(0.05), italic=False, languageStyle='LTR', name='welcome', opacity=1, ori=0.0, pos=array([0., 0.]), rgb=UNKNOWN, text='Hi!', units='height', win=Window(...), wrapWidth=1)
0.0278 	EXP 	welcome: autoDraw = True
5.0289 	EXP 	welcome: autoDraw = False
5.0302 	EXP 	mouse: status = STOPPED
5.0403 	INFO 	saved data to 'C:\\Users\\delgr\\Projects\\mouseGame\\data\\pilot_mouse_2025-06-17_20h22.55.107.csv'
5.0407 	INFO 	saved data to C:\Users\delgr\Projects\mouseGame\data\pilot_mouse_2025-06-17_20h22.55.107.psydat
5.1477 	DEBUG 	Saving data for mouse ExperimentHandler
5.1507 	WARNING 	Stopping key buffers but this could be dangerous ifother keyboards rely on the same.
