3.1962 	DEBUG 	Fullscreen settings ignored as running in pilot mode.
3.1972 	INFO 	Loaded monitor calibration from ['2025_06_17 20:17']
3.2959 	INFO 	Using renderer 'Intel(R) Iris(R) Xe Graphics' for graphics
3.2960 	INFO 	OpenGL version supported by driver is 4..
3.3068 	EXP 	Created window1 = Window(allowGUI=False, allowStencil=False, autoLog=True, backendConf=UNKNOWN, backgroundFit=<method-wrapper '__getattribute__' of attributeSetter object at 0x00000212E5D05A80>, backgroundImage=<method-wrapper '__getattribute__' of attributeSetter object at 0x00000212E5D05A20>, bitsMode=UNKNOWN, blendMode='avg', bpc=(8, 8, 8), color=array([0, 0, 0]), colorSpace='rgb', depthBits=8, fullscr=False, gamma=None, gammaErrorPolicy='raise', infoMsg=UNKNOWN, lms=UNKNOWN, monitor=<psychopy.monitors.calibTools.Monitor object at 0x00000212E5DB3310>, multiSample=False, name='window1', numSamples=2, pos=[np.float64(1520.0), np.float64(780.0)], screen=0, size=array([800, 600]), stencilBits=0, stereo=False, title='PsychoPy', units='height', useFBO=True, useRetina=False, viewOri=0.0, viewPos=None, viewScale=None, waitBlanking=True, winType='pyglet')
3.3068 	EXP 	window1: backgroundImage = ''
3.3069 	EXP 	window1: backgroundFit = 'none'
3.3217 	DEBUG 	TextBox2 loaded 1 chars with 0 blanks and 1 valid
3.3307 	DEBUG 	TextBox2 loaded 1 chars with 0 blanks and 1 valid
3.3399 	DEBUG 	TextBox2 loaded 1 chars with 0 blanks and 1 valid
3.3489 	DEBUG 	TextBox2 loaded 1 chars with 0 blanks and 1 valid
3.3583 	DEBUG 	TextBox2 loaded 1 chars with 0 blanks and 1 valid
3.3677 	DEBUG 	TextBox2 loaded 1 chars with 0 blanks and 1 valid
3.3773 	DEBUG 	TextBox2 loaded 1 chars with 0 blanks and 1 valid
3.3866 	DEBUG 	TextBox2 loaded 1 chars with 0 blanks and 1 valid
3.3955 	DEBUG 	TextBox2 loaded 1 chars with 0 blanks and 1 valid
3.4039 	DEBUG 	TextBox2 loaded 1 chars with 0 blanks and 1 valid
3.4131 	DEBUG 	TextBox2 loaded 1 chars with 0 blanks and 1 valid
3.4222 	DEBUG 	TextBox2 loaded 1 chars with 0 blanks and 1 valid
3.4311 	DEBUG 	TextBox2 loaded 1 chars with 0 blanks and 1 valid
3.4403 	DEBUG 	TextBox2 loaded 1 chars with 0 blanks and 1 valid
3.4490 	DEBUG 	TextBox2 loaded 1 chars with 0 blanks and 1 valid
3.4582 	DEBUG 	TextBox2 loaded 1 chars with 0 blanks and 1 valid
3.4674 	DEBUG 	TextBox2 loaded 1 chars with 0 blanks and 1 valid
3.4763 	DEBUG 	TextBox2 loaded 1 chars with 0 blanks and 1 valid
3.4848 	DEBUG 	TextBox2 loaded 1 chars with 0 blanks and 1 valid
3.4941 	DEBUG 	TextBox2 loaded 1 chars with 0 blanks and 1 valid
3.5028 	DEBUG 	TextBox2 loaded 1 chars with 0 blanks and 1 valid
3.5032 	DEBUG 	Uploading Texture Font fontname to graphics card
3.5069 	DEBUG 	Upload of Texture Font fontname complete
3.5199 	DEBUG 	TextBox2 loaded 1 chars with 0 blanks and 1 valid
3.5297 	DEBUG 	TextBox2 loaded 1 chars with 0 blanks and 1 valid
3.5385 	DEBUG 	TextBox2 loaded 1 chars with 0 blanks and 1 valid
3.5389 	DEBUG 	Uploading Texture Font fontname to graphics card
3.5416 	DEBUG 	Upload of Texture Font fontname complete
3.5429 	EXP 	window1: Attempting to measure frame rate of screen (0) ...
3.5430 	EXP 	window1: recordFrameIntervals = False
3.7055 	EXP 	window1: recordFrameIntervals = True
3.8890 	EXP 	Screen (0) actual frame rate measured at 60.03Hz
3.8891 	EXP 	window1: recordFrameIntervals = False
3.9006 	DEBUG 	TextBox2 loaded 1 chars with 0 blanks and 1 valid
3.9099 	DEBUG 	TextBox2 loaded 1 chars with 0 blanks and 1 valid
3.9192 	DEBUG 	TextBox2 loaded 1 chars with 0 blanks and 1 valid
3.9283 	DEBUG 	TextBox2 loaded 1 chars with 0 blanks and 1 valid
3.9381 	DEBUG 	TextBox2 loaded 1 chars with 0 blanks and 1 valid
3.9478 	DEBUG 	TextBox2 loaded 1 chars with 0 blanks and 1 valid
3.9566 	DEBUG 	TextBox2 loaded 1 chars with 0 blanks and 1 valid
3.9661 	DEBUG 	TextBox2 loaded 1 chars with 0 blanks and 1 valid
3.9758 	DEBUG 	TextBox2 loaded 1 chars with 0 blanks and 1 valid
3.9854 	DEBUG 	TextBox2 loaded 1 chars with 0 blanks and 1 valid
3.9857 	DEBUG 	Uploading Texture Font fontname to graphics card
3.9862 	DEBUG 	Upload of Texture Font fontname complete
4.2710 	INFO 	keyboard.Keyboard is using ptb backend.
4.2710 	EXP 	mouse: status = STARTED
4.2901 	EXP 	Created mouse_none = ImageStim(__class__=<class 'psychopy.visual.image.ImageStim'>, anchor=('center', 'center'), autoLog=True, color=array([1., 1., 1.]), colorSpace='rgb', contrast=1.0, depth=0.0, draggable=False, flipHoriz=np.False_, flipVert=np.False_, image='stimuli/mouse_none.jpg', interpolate=True, mask='stimuli/mouse_mask.jpg', maskParams=None, name='mouse_none', opacity=1, ori=0.0, pos=array([0., 0.]), size=array([0.5, 0.5]), texRes=128.0, units='height', win=Window(...))
4.2949 	EXP 	Created image = ImageStim(__class__=<class 'psychopy.visual.image.ImageStim'>, anchor=('center', 'center'), autoLog=True, color=array([1., 1., 1.]), colorSpace='rgb', contrast=1.0, depth=-1.0, draggable=False, flipHoriz=np.False_, flipVert=np.False_, image='default.png', interpolate=True, mask='stimuli/mouse_mask.jpg', maskParams=None, name='image', opacity=1, ori=0.0, pos=array([0., 0.]), size=array([0.5, 0.5]), texRes=128.0, units='height', win=Window(...))
4.2998 	EXP 	Created mouse_none_2 = ImageStim(__class__=<class 'psychopy.visual.image.ImageStim'>, anchor=('center', 'center'), autoLog=True, color=array([1., 1., 1.]), colorSpace='rgb', contrast=1.0, depth=0.0, draggable=False, flipHoriz=np.False_, flipVert=np.False_, image='stimuli/mouse_none.jpg', interpolate=True, mask='stimuli/mouse_mask.jpg', maskParams=None, name='mouse_none_2', opacity=1, ori=0.0, pos=array([0., 0.]), size=array([0.5, 0.5]), texRes=128.0, units='height', win=Window(...))
4.3042 	EXP 	Created image_2 = ImageStim(__class__=<class 'psychopy.visual.image.ImageStim'>, anchor=('center', 'center'), autoLog=True, color=array([1., 1., 1.]), colorSpace='rgb', contrast=1.0, depth=-1.0, draggable=False, flipHoriz=np.False_, flipVert=np.False_, image='default.png', interpolate=True, mask='stimuli/mouse_mask.jpg', maskParams=None, name='image_2', opacity=1, ori=0.0, pos=array([0., 0.]), size=array([0.5, 0.5]), texRes=128.0, units='height', win=Window(...))
0.0218 	DEBUG 	Read csv file with pandas: conditions.csv
0.0226 	DEBUG 	Clearing unnamed columns from conditions.csv
0.0228 	EXP 	Imported conditions.csv as conditions, 2 conditions, 1 params
0.0230 	EXP 	New trial (rep=0, index=0): <Trial 0 (0 in rep 0) data={'mouse_stim_side': 'stimuli/mouse_right.jpg', 'thisN': 0, 'thisTrialN': 0, 'thisRepN': 0}>
0.0346 	EXP 	image: image = 'stimuli/mouse_right.jpg'
0.0346 	EXP 	mouse_none: autoDraw = True
0.3014 	EXP 	image: autoDraw = True
0.3344 	EXP 	mouse_none: autoDraw = False
0.7894 	DATA 	Mouse: Right button down, pos=(362,339)
0.7899 	EXP 	New trial (rep=0, index=1): <Trial 1 (1 in rep 0) data={'mouse_stim_side': 'stimuli/mouse_left.jpg', 'thisN': 1, 'thisTrialN': 1, 'thisRepN': 0}>
0.8015 	EXP 	mouse_none: autoDraw = False
0.8015 	EXP 	image: autoDraw = False
0.8015 	EXP 	image: image = 'stimuli/mouse_left.jpg'
0.8015 	EXP 	mouse_none: autoDraw = True
0.9037 	DATA 	Mouse:  Right button up, pos=(362,339)
1.1014 	EXP 	mouse_none: autoDraw = False
1.1014 	EXP 	image: autoDraw = True
1.4047 	DATA 	Mouse: Left button down, pos=(408,260)
1.4050 	EXP 	New trial (rep=1, index=0): <Trial 2 (0 in rep 1) data={'mouse_stim_side': 'stimuli/mouse_right.jpg', 'thisN': 2, 'thisTrialN': 0, 'thisRepN': 1}>
1.4176 	EXP 	mouse_none: autoDraw = False
1.4176 	EXP 	image: autoDraw = False
1.4176 	EXP 	image: image = 'stimuli/mouse_right.jpg'
1.4176 	EXP 	mouse_none: autoDraw = True
1.4873 	DATA 	Mouse:  Left button up, pos=(408,260)
1.7185 	EXP 	mouse_none: autoDraw = False
1.7185 	EXP 	image: autoDraw = True
2.0034 	DATA 	Mouse: Right button down, pos=(408,260)
2.0037 	EXP 	New trial (rep=1, index=1): <Trial 3 (1 in rep 1) data={'mouse_stim_side': 'stimuli/mouse_left.jpg', 'thisN': 3, 'thisTrialN': 1, 'thisRepN': 1}>
2.0178 	EXP 	mouse_none: autoDraw = False
2.0178 	EXP 	image: autoDraw = False
2.0178 	EXP 	image: image = 'stimuli/mouse_left.jpg'
2.0178 	EXP 	mouse_none: autoDraw = True
2.1205 	DATA 	Mouse:  Right button up, pos=(408,260)
2.3175 	EXP 	mouse_none: autoDraw = False
2.3175 	EXP 	image: autoDraw = True
2.5697 	DATA 	Mouse: Left button down, pos=(408,260)
2.5712 	DEBUG 	Read csv file with pandas: conditions_letter2.csv
2.5717 	DEBUG 	Clearing unnamed columns from conditions_letter2.csv
2.5719 	EXP 	Imported conditions_letter2.csv as conditions, 2 conditions, 1 params
2.5721 	EXP 	New trial (rep=0, index=0): <Trial 0 (0 in rep 0) data={'mouse_stim_side': 'stimuli/mouse_right_letter.jpg', 'thisN': 0, 'thisTrialN': 0, 'thisRepN': 0}>
2.5843 	EXP 	mouse_none: autoDraw = False
2.5843 	EXP 	image: autoDraw = False
2.5843 	EXP 	image_2: image = 'stimuli/mouse_right_letter.jpg'
2.5843 	EXP 	mouse_none_2: autoDraw = True
2.6706 	DATA 	Mouse:  Left button up, pos=(408,260)
2.8850 	EXP 	mouse_none_2: autoDraw = False
2.8850 	EXP 	image_2: autoDraw = True
3.7532 	DATA 	Mouse: Right button down, pos=(408,260)
3.7535 	EXP 	New trial (rep=0, index=1): <Trial 1 (1 in rep 0) data={'mouse_stim_side': 'stimuli/mouse_left_letter.jpg', 'thisN': 1, 'thisTrialN': 1, 'thisRepN': 0}>
3.7676 	EXP 	mouse_none_2: autoDraw = False
3.7676 	EXP 	image_2: autoDraw = False
3.7676 	EXP 	image_2: image = 'stimuli/mouse_left_letter.jpg'
3.7676 	EXP 	mouse_none_2: autoDraw = True
3.8556 	DATA 	Mouse:  Right button up, pos=(408,260)
4.0675 	EXP 	mouse_none_2: autoDraw = False
4.0675 	EXP 	image_2: autoDraw = True
4.4244 	DATA 	Mouse: Left button down, pos=(408,260)
4.4249 	EXP 	New trial (rep=1, index=0): <Trial 2 (0 in rep 1) data={'mouse_stim_side': 'stimuli/mouse_right_letter.jpg', 'thisN': 2, 'thisTrialN': 0, 'thisRepN': 1}>
4.4345 	EXP 	mouse_none_2: autoDraw = False
4.4345 	EXP 	image_2: autoDraw = False
4.4345 	EXP 	image_2: image = 'stimuli/mouse_right_letter.jpg'
4.4345 	EXP 	mouse_none_2: autoDraw = True
4.5551 	DATA 	Mouse:  Left button up, pos=(408,260)
4.7340 	EXP 	mouse_none_2: autoDraw = False
4.7340 	EXP 	image_2: autoDraw = True
5.2201 	DATA 	Mouse: Right button down, pos=(467,287)
5.2204 	EXP 	New trial (rep=1, index=1): <Trial 3 (1 in rep 1) data={'mouse_stim_side': 'stimuli/mouse_left_letter.jpg', 'thisN': 3, 'thisTrialN': 1, 'thisRepN': 1}>
5.2341 	EXP 	mouse_none_2: autoDraw = False
5.2341 	EXP 	image_2: autoDraw = False
5.2341 	EXP 	image_2: image = 'stimuli/mouse_left_letter.jpg'
5.2341 	EXP 	mouse_none_2: autoDraw = True
5.3380 	DATA 	Mouse:  Right button up, pos=(467,287)
5.5180 	EXP 	image_2: autoDraw = True
5.5351 	EXP 	mouse_none_2: autoDraw = False
5.8551 	DATA 	Mouse: Left button down, pos=(473,288)
5.8556 	EXP 	New trial (rep=2, index=0): <Trial 4 (0 in rep 2) data={'mouse_stim_side': 'stimuli/mouse_right_letter.jpg', 'thisN': 4, 'thisTrialN': 0, 'thisRepN': 2}>
5.8678 	EXP 	mouse_none_2: autoDraw = False
5.8678 	EXP 	image_2: autoDraw = False
5.8678 	EXP 	image_2: image = 'stimuli/mouse_right_letter.jpg'
5.8678 	EXP 	mouse_none_2: autoDraw = True
5.9556 	DATA 	Mouse:  Left button up, pos=(473,288)
6.1678 	EXP 	mouse_none_2: autoDraw = False
6.1678 	EXP 	image_2: autoDraw = True
6.6215 	DATA 	Mouse: Right button down, pos=(473,288)
6.6220 	EXP 	New trial (rep=2, index=1): <Trial 5 (1 in rep 2) data={'mouse_stim_side': 'stimuli/mouse_left_letter.jpg', 'thisN': 5, 'thisTrialN': 1, 'thisRepN': 2}>
6.6345 	EXP 	mouse_none_2: autoDraw = False
6.6345 	EXP 	image_2: autoDraw = False
6.6345 	EXP 	image_2: image = 'stimuli/mouse_left_letter.jpg'
6.6345 	EXP 	mouse_none_2: autoDraw = True
6.7397 	DATA 	Mouse:  Right button up, pos=(473,288)
6.9343 	EXP 	mouse_none_2: autoDraw = False
6.9343 	EXP 	image_2: autoDraw = True
7.2705 	DATA 	Mouse: Left button down, pos=(473,286)
7.2710 	EXP 	New trial (rep=3, index=0): <Trial 6 (0 in rep 3) data={'mouse_stim_side': 'stimuli/mouse_right_letter.jpg', 'thisN': 6, 'thisTrialN': 0, 'thisRepN': 3}>
7.2839 	EXP 	mouse_none_2: autoDraw = False
7.2839 	EXP 	image_2: autoDraw = False
7.2839 	EXP 	image_2: image = 'stimuli/mouse_right_letter.jpg'
7.2839 	EXP 	mouse_none_2: autoDraw = True
7.3906 	DATA 	Mouse:  Left button up, pos=(473,286)
7.5851 	EXP 	mouse_none_2: autoDraw = False
7.5851 	EXP 	image_2: autoDraw = True
7.8568 	DATA 	Mouse: Left button down, pos=(473,286)
7.8574 	EXP 	New trial (rep=3, index=1): <Trial 7 (1 in rep 3) data={'mouse_stim_side': 'stimuli/mouse_left_letter.jpg', 'thisN': 7, 'thisTrialN': 1, 'thisRepN': 3}>
7.8678 	EXP 	mouse_none_2: autoDraw = False
7.8678 	EXP 	image_2: autoDraw = False
7.8678 	EXP 	image_2: image = 'stimuli/mouse_left_letter.jpg'
7.8678 	EXP 	mouse_none_2: autoDraw = True
7.9726 	DATA 	Mouse:  Left button up, pos=(473,286)
8.1678 	EXP 	mouse_none_2: autoDraw = False
8.1678 	EXP 	image_2: autoDraw = True
8.5719 	DATA 	Mouse: Left button down, pos=(473,286)
8.5723 	EXP 	New trial (rep=4, index=0): <Trial 8 (0 in rep 4) data={'mouse_stim_side': 'stimuli/mouse_right_letter.jpg', 'thisN': 8, 'thisTrialN': 0, 'thisRepN': 4}>
8.5842 	EXP 	mouse_none_2: autoDraw = False
8.5842 	EXP 	image_2: autoDraw = False
8.5842 	EXP 	image_2: image = 'stimuli/mouse_right_letter.jpg'
8.5842 	EXP 	mouse_none_2: autoDraw = True
8.6871 	DATA 	Mouse:  Left button up, pos=(473,286)
8.8846 	EXP 	mouse_none_2: autoDraw = False
8.8846 	EXP 	image_2: autoDraw = True
9.2042 	DATA 	Mouse: Right button down, pos=(473,286)
9.2045 	EXP 	New trial (rep=4, index=1): <Trial 9 (1 in rep 4) data={'mouse_stim_side': 'stimuli/mouse_left_letter.jpg', 'thisN': 9, 'thisTrialN': 1, 'thisRepN': 4}>
9.2177 	EXP 	mouse_none_2: autoDraw = False
9.2177 	EXP 	image_2: autoDraw = False
9.2177 	EXP 	image_2: image = 'stimuli/mouse_left_letter.jpg'
9.2177 	EXP 	mouse_none_2: autoDraw = True
9.3062 	DATA 	Mouse:  Right button up, pos=(473,286)
9.5177 	EXP 	mouse_none_2: autoDraw = False
9.5177 	EXP 	image_2: autoDraw = True
9.7537 	DATA 	Mouse: Left button down, pos=(473,286)
9.7679 	EXP 	mouse_none_2: autoDraw = False
9.7679 	EXP 	image_2: autoDraw = False
9.7692 	EXP 	mouse: status = STOPPED
9.7831 	INFO 	saved data to 'C:\\Users\\delgr\\Projects\\mouseGame\\data\\pilot_mouse_2025-06-17_22h31.36.142.csv'
9.7840 	INFO 	saved data to C:\Users\delgr\Projects\mouseGame\data\pilot_mouse_2025-06-17_22h31.36.142.psydat
9.9091 	DEBUG 	Saving data for mouse ExperimentHandler
9.9118 	WARNING 	Stopping key buffers but this could be dangerous ifother keyboards rely on the same.
