2.8984 	DEBUG 	Fullscreen settings ignored as running in pilot mode.
2.8989 	INFO 	Loaded monitor calibration from ['2025_06_17 20:17']
3.0028 	INFO 	Using renderer 'Intel(R) Iris(R) Xe Graphics' for graphics
3.0028 	INFO 	OpenGL version supported by driver is 4..
3.0128 	EXP 	Created window1 = Window(allowGUI=False, allowStencil=False, autoLog=True, backendConf=UNKNOWN, backgroundFit=<method-wrapper '__getattribute__' of attributeSetter object at 0x000001CF9A45E380>, backgroundImage=<method-wrapper '__getattribute__' of attributeSetter object at 0x000001CF9A45E320>, bitsMode=UNKNOWN, blendMode='avg', bpc=(8, 8, 8), color=array([0, 0, 0]), colorSpace='rgb', depthBits=8, fullscr=False, gamma=None, gammaErrorPolicy='raise', infoMsg=UNKNOWN, lms=UNKNOWN, monitor=<psychopy.monitors.calibTools.Monitor object at 0x000001CF9A51BC10>, multiSample=False, name='window1', numSamples=2, pos=[np.float64(1520.0), np.float64(780.0)], screen=0, size=array([800, 600]), stencilBits=0, stereo=False, title='PsychoPy', units='height', useFBO=True, useRetina=False, viewOri=0.0, viewPos=None, viewScale=None, waitBlanking=True, winType='pyglet')
3.0129 	EXP 	window1: backgroundImage = ''
3.0129 	EXP 	window1: backgroundFit = 'none'
3.0259 	DEBUG 	TextBox2 loaded 1 chars with 0 blanks and 1 valid
3.0344 	DEBUG 	TextBox2 loaded 1 chars with 0 blanks and 1 valid
3.0432 	DEBUG 	TextBox2 loaded 1 chars with 0 blanks and 1 valid
3.0522 	DEBUG 	TextBox2 loaded 1 chars with 0 blanks and 1 valid
3.0610 	DEBUG 	TextBox2 loaded 1 chars with 0 blanks and 1 valid
3.0704 	DEBUG 	TextBox2 loaded 1 chars with 0 blanks and 1 valid
3.0790 	DEBUG 	TextBox2 loaded 1 chars with 0 blanks and 1 valid
3.0878 	DEBUG 	TextBox2 loaded 1 chars with 0 blanks and 1 valid
3.0957 	DEBUG 	TextBox2 loaded 1 chars with 0 blanks and 1 valid
3.1040 	DEBUG 	TextBox2 loaded 1 chars with 0 blanks and 1 valid
3.1124 	DEBUG 	TextBox2 loaded 1 chars with 0 blanks and 1 valid
3.1211 	DEBUG 	TextBox2 loaded 1 chars with 0 blanks and 1 valid
3.1293 	DEBUG 	TextBox2 loaded 1 chars with 0 blanks and 1 valid
3.1379 	DEBUG 	TextBox2 loaded 1 chars with 0 blanks and 1 valid
3.1463 	DEBUG 	TextBox2 loaded 1 chars with 0 blanks and 1 valid
3.1549 	DEBUG 	TextBox2 loaded 1 chars with 0 blanks and 1 valid
3.1629 	DEBUG 	TextBox2 loaded 1 chars with 0 blanks and 1 valid
3.1711 	DEBUG 	TextBox2 loaded 1 chars with 0 blanks and 1 valid
3.1793 	DEBUG 	TextBox2 loaded 1 chars with 0 blanks and 1 valid
3.1882 	DEBUG 	TextBox2 loaded 1 chars with 0 blanks and 1 valid
3.1967 	DEBUG 	TextBox2 loaded 1 chars with 0 blanks and 1 valid
3.1970 	DEBUG 	Uploading Texture Font fontname to graphics card
3.2009 	DEBUG 	Upload of Texture Font fontname complete
3.2130 	DEBUG 	TextBox2 loaded 1 chars with 0 blanks and 1 valid
3.2221 	DEBUG 	TextBox2 loaded 1 chars with 0 blanks and 1 valid
3.2312 	DEBUG 	TextBox2 loaded 1 chars with 0 blanks and 1 valid
3.2314 	DEBUG 	Uploading Texture Font fontname to graphics card
3.2346 	DEBUG 	Upload of Texture Font fontname complete
3.2361 	EXP 	window1: Attempting to measure frame rate of screen (0) ...
3.2362 	EXP 	window1: recordFrameIntervals = False
3.4012 	EXP 	window1: recordFrameIntervals = True
3.5852 	EXP 	Screen (0) actual frame rate measured at 59.77Hz
3.5852 	EXP 	window1: recordFrameIntervals = False
3.5983 	DEBUG 	TextBox2 loaded 1 chars with 0 blanks and 1 valid
3.6081 	DEBUG 	TextBox2 loaded 1 chars with 0 blanks and 1 valid
3.6171 	DEBUG 	TextBox2 loaded 1 chars with 0 blanks and 1 valid
3.6256 	DEBUG 	TextBox2 loaded 1 chars with 0 blanks and 1 valid
3.6343 	DEBUG 	TextBox2 loaded 1 chars with 0 blanks and 1 valid
3.6430 	DEBUG 	TextBox2 loaded 1 chars with 0 blanks and 1 valid
3.6514 	DEBUG 	TextBox2 loaded 1 chars with 0 blanks and 1 valid
3.6596 	DEBUG 	TextBox2 loaded 1 chars with 0 blanks and 1 valid
3.6683 	DEBUG 	TextBox2 loaded 1 chars with 0 blanks and 1 valid
3.6774 	DEBUG 	TextBox2 loaded 1 chars with 0 blanks and 1 valid
3.6781 	DEBUG 	Uploading Texture Font fontname to graphics card
3.6786 	DEBUG 	Upload of Texture Font fontname complete
3.9312 	INFO 	keyboard.Keyboard is using ptb backend.
3.9313 	EXP 	mouse: status = STARTED
3.9326 	EXP 	Created drawing_area = Rect(__class__=<class 'psychopy.visual.rect.Rect'>, anchor=('center', 'center'), autoDraw=False, autoLog=True, closeShape=True, color=method-wrapper(...), colorSpace='rgb', contrast=None, depth=0.0, draggable=False, fillColor=array([1, 1, 1]), fillColorSpace='rgb', fillRGB=array([1, 1, 1]), interpolate=True, lineColor=array([-0.6706, -0.749 , -0.749 ]), lineColorSpace='rgb', lineRGB=array([-0.6706, -0.749 , -0.749 ]), lineWidth=3.0, name='drawing_area', opacity=1, ori=0.0, pos=array([0., 0.]), size=array([0.5, 0.5]), units='height', vertices=ndarray(...), win=Window(...))
3.9327 	EXP 	Created brush = <psychopy.visual.brush.Brush object at 0x000001CFA4321150>
3.9332 	EXP 	Created start_button = Rect(__class__=<class 'psychopy.visual.rect.Rect'>, anchor=('center', 'center'), autoDraw=False, autoLog=True, closeShape=True, color=method-wrapper(...), colorSpace='rgb', contrast=None, depth=-2.0, draggable=False, fillColor=array([0.8902, 0.7098, 0.6549]), fillColorSpace='rgb', fillRGB=array([0.8902, 0.7098, 0.6549]), interpolate=True, lineColor=array([ 0.6078, -0.2784, -0.2784]), lineColorSpace='rgb', lineRGB=array([ 0.6078, -0.2784, -0.2784]), lineWidth=4.0, name='start_button', opacity=1, ori=0.0, pos=array([ 0. , -0.4]), size=array([0.4, 0.1]), units='height', vertices=ndarray(...), win=Window(...))
3.9622 	EXP 	Created text = TextStim(__class__=<class 'psychopy.visual.text.TextStim'>, alignHoriz=method-wrapper(...), alignText='center', alignVert=method-wrapper(...), anchorHoriz='center', anchorVert='center', antialias=True, autoDraw=False, autoLog=True, bold=False, color=array([-1., -1., -1.]), colorSpace='rgb', contrast=1.0, depth=-4.0, draggable=False, flipHoriz=False, flipVert=False, font='Arial', fontFiles=[], height=np.float64(0.04), italic=False, languageStyle='LTR', name='text', opacity=1, ori=0.0, pos=array([ 0. , -0.4]), rgb=UNKNOWN, text='Start Experiment', units='height', win=Window(...), wrapWidth=1)
3.9735 	EXP 	Created draw_text = TextStim(__class__=<class 'psychopy.visual.text.TextStim'>, alignHoriz=method-wrapper(...), alignText='center', alignVert=method-wrapper(...), anchorHoriz='center', anchorVert='center', antialias=True, autoDraw=False, autoLog=True, bold=False, color=array([-1., -1., -1.]), colorSpace='rgb', contrast=1.0, depth=-5.0, draggable=False, flipHoriz=False, flipVert=False, font='Arial', fontFiles=[], height=np.float64(0.04), italic=False, languageStyle='LTR', name='draw_text', opacity=1, ori=0.0, pos=array([0. , 0.4]), rgb=UNKNOWN, text=str(...), units='height', win=Window(...), wrapWidth=1)
3.9843 	EXP 	Created instrutions_text = TextStim(__class__=<class 'psychopy.visual.text.TextStim'>, alignHoriz=method-wrapper(...), alignText='center', alignVert=method-wrapper(...), anchorHoriz='center', anchorVert='center', antialias=True, autoDraw=False, autoLog=True, bold=False, color=array([1., 1., 1.]), colorSpace='rgb', contrast=1.0, depth=0.0, draggable=False, flipHoriz=False, flipVert=False, font='Arial', fontFiles=[], height=np.float64(0.05), italic=False, languageStyle='LTR', name='instrutions_text', opacity=1, ori=0.0, pos=array([0., 0.]), rgb=UNKNOWN, text=str(...), units='height', win=Window(...), wrapWidth=1)
3.9987 	EXP 	Created instructions_mouse_2 = ImageStim(__class__=<class 'psychopy.visual.image.ImageStim'>, anchor=('center', 'center'), autoLog=True, color=array([1., 1., 1.]), colorSpace='rgb', contrast=1.0, depth=0.0, draggable=False, flipHoriz=np.False_, flipVert=np.False_, image='stimuli/mouse_none.jpg', interpolate=True, mask='stimuli/mouse_mask.jpg', maskParams=None, name='instructions_mouse_2', opacity=1, ori=0.0, pos=array([0., 0.]), size=array([0.5, 0.5]), texRes=128.0, units='height', win=Window(...))
4.0027 	EXP 	Created mouse_none = ImageStim(__class__=<class 'psychopy.visual.image.ImageStim'>, anchor=('center', 'center'), autoLog=True, color=array([1., 1., 1.]), colorSpace='rgb', contrast=1.0, depth=0.0, draggable=False, flipHoriz=np.False_, flipVert=np.False_, image='stimuli/mouse_none.jpg', interpolate=True, mask='stimuli/mouse_mask.jpg', maskParams=None, name='mouse_none', opacity=1, ori=0.0, pos=array([0., 0.]), size=array([0.5, 0.5]), texRes=128.0, units='height', win=Window(...))
4.0060 	EXP 	Created image = ImageStim(__class__=<class 'psychopy.visual.image.ImageStim'>, anchor=('center', 'center'), autoLog=True, color=array([1., 1., 1.]), colorSpace='rgb', contrast=1.0, depth=-1.0, draggable=False, flipHoriz=np.False_, flipVert=np.False_, image='default.png', interpolate=True, mask='stimuli/mouse_mask.jpg', maskParams=None, name='image', opacity=1, ori=0.0, pos=array([0., 0.]), size=array([0.5, 0.5]), texRes=128.0, units='height', win=Window(...))
4.0100 	EXP 	Created mouse_none_2 = ImageStim(__class__=<class 'psychopy.visual.image.ImageStim'>, anchor=('center', 'center'), autoLog=True, color=array([1., 1., 1.]), colorSpace='rgb', contrast=1.0, depth=0.0, draggable=False, flipHoriz=np.False_, flipVert=np.False_, image='stimuli/mouse_none.jpg', interpolate=True, mask='stimuli/mouse_mask.jpg', maskParams=None, name='mouse_none_2', opacity=1, ori=0.0, pos=array([0., 0.]), size=array([0.5, 0.5]), texRes=128.0, units='height', win=Window(...))
4.0133 	EXP 	Created image_2 = ImageStim(__class__=<class 'psychopy.visual.image.ImageStim'>, anchor=('center', 'center'), autoLog=True, color=array([1., 1., 1.]), colorSpace='rgb', contrast=1.0, depth=-1.0, draggable=False, flipHoriz=np.False_, flipVert=np.False_, image='default.png', interpolate=True, mask='stimuli/mouse_mask.jpg', maskParams=None, name='image_2', opacity=1, ori=0.0, pos=array([0., 0.]), size=array([0.5, 0.5]), texRes=128.0, units='height', win=Window(...))
4.0174 	EXP 	Created thankyou_text = TextStim(__class__=<class 'psychopy.visual.text.TextStim'>, alignHoriz=method-wrapper(...), alignText='center', alignVert=method-wrapper(...), anchorHoriz='center', anchorVert='center', antialias=True, autoDraw=False, autoLog=True, bold=False, color=array([1., 1., 1.]), colorSpace='rgb', contrast=1.0, depth=0.0, draggable=False, flipHoriz=False, flipVert=False, font='Arial', fontFiles=[], height=np.float64(0.05), italic=False, languageStyle='LTR', name='thankyou_text', opacity=1, ori=0.0, pos=array([0., 0.]), rgb=UNKNOWN, text='Done, Thank You!\n\n(Click mouse to end).', units='height', win=Window(...), wrapWidth=1)
0.0161 	EXP 	brush: autoLog = True
0.0161 	EXP 	brush: autoDraw = False
0.0178 	EXP 	Resetting brush
0.0334 	EXP 	drawing_area: autoDraw = True
0.0334 	EXP 	brush: autoDraw = True
0.0334 	EXP 	start_button: autoDraw = True
0.0334 	EXP 	text: autoDraw = True
0.0334 	EXP 	draw_text: autoDraw = True
2.6864 	DATA 	Mouse: Left button down, pos=(291,401)
2.6871 	EXP 	Resetting brush parameter: brushPos.
2.6871 	EXP 	Creating ShapeStim for brush
3.9588 	DATA 	Mouse:  Left button up, pos=(533,265)
4.6872 	DATA 	Mouse: Left button down, pos=(473,75)
4.7004 	EXP 	drawing_area: autoDraw = False
4.7004 	EXP 	brush: autoDraw = False
4.7004 	EXP 	start_button: autoDraw = False
4.7004 	EXP 	text: autoDraw = False
4.7004 	EXP 	draw_text: autoDraw = False
4.7004 	EXP 	instrutions_text: autoDraw = True
4.7875 	DATA 	Mouse:  Left button up, pos=(473,75)
9.6877 	DATA 	Mouse: Left button down, pos=(396,258)
9.7028 	EXP 	instrutions_text: autoDraw = False
9.7028 	EXP 	instructions_mouse_2: autoDraw = True
9.7724 	DATA 	Mouse:  Left button up, pos=(396,258)
11.2044 	EXP 	New trial (rep=0, index=0): <Trial 0 (0 in rep 0) data={'thisN': 0, 'thisTrialN': 0, 'thisRepN': 0}>
11.2071 	DEBUG 	Read csv file with pandas: conditions.csv
11.2078 	DEBUG 	Clearing unnamed columns from conditions.csv
11.2080 	EXP 	Imported conditions.csv as conditions, 2 conditions, 1 params
11.2082 	EXP 	New trial (rep=0, index=0): <Trial 0 (0 in rep 0) data={'mouse_stim_side': 'stimuli/mouse_left.jpg', 'thisN': 0, 'thisTrialN': 0, 'thisRepN': 0}>
11.2169 	EXP 	instructions_mouse_2: autoDraw = False
11.2169 	EXP 	image: image = 'stimuli/mouse_left.jpg'
11.2169 	EXP 	mouse_none: autoDraw = True
11.4024 	EXP 	image: autoDraw = True
11.4184 	EXP 	mouse_none: autoDraw = False
11.8360 	DATA 	Mouse: Left button down, pos=(396,258)
11.8367 	EXP 	New trial (rep=0, index=1): <Trial 1 (1 in rep 0) data={'mouse_stim_side': 'stimuli/mouse_right.jpg', 'thisN': 1, 'thisTrialN': 1, 'thisRepN': 0}>
11.8511 	EXP 	mouse_none: autoDraw = False
11.8511 	EXP 	image: autoDraw = False
11.8511 	EXP 	image: image = 'stimuli/mouse_right.jpg'
11.8511 	EXP 	mouse_none: autoDraw = True
11.9215 	DATA 	Mouse:  Left button up, pos=(396,258)
12.0511 	EXP 	mouse_none: autoDraw = False
12.0511 	EXP 	image: autoDraw = True
12.4889 	DATA 	Mouse: Right button down, pos=(396,258)
12.4893 	EXP 	New trial (rep=1, index=0): <Trial 2 (0 in rep 1) data={'mouse_stim_side': 'stimuli/mouse_right.jpg', 'thisN': 2, 'thisTrialN': 0, 'thisRepN': 1}>
12.5005 	EXP 	mouse_none: autoDraw = False
12.5005 	EXP 	image: autoDraw = False
12.5005 	EXP 	image: image = 'stimuli/mouse_right.jpg'
12.5005 	EXP 	mouse_none: autoDraw = True
12.6731 	DATA 	Mouse:  Right button up, pos=(396,258)
12.7019 	EXP 	mouse_none: autoDraw = False
12.7019 	EXP 	image: autoDraw = True
13.0068 	DATA 	Mouse: Right button down, pos=(396,258)
13.0077 	EXP 	New trial (rep=1, index=1): <Trial 3 (1 in rep 1) data={'mouse_stim_side': 'stimuli/mouse_left.jpg', 'thisN': 3, 'thisTrialN': 1, 'thisRepN': 1}>
13.0170 	EXP 	mouse_none: autoDraw = False
13.0170 	EXP 	image: autoDraw = False
13.0170 	EXP 	image: image = 'stimuli/mouse_left.jpg'
13.0170 	EXP 	mouse_none: autoDraw = True
13.1549 	DATA 	Mouse:  Right button up, pos=(396,258)
13.2178 	EXP 	mouse_none: autoDraw = False
13.2178 	EXP 	image: autoDraw = True
13.4376 	DATA 	Mouse: Left button down, pos=(396,258)
13.4381 	EXP 	New trial (rep=2, index=0): <Trial 4 (0 in rep 2) data={'mouse_stim_side': 'stimuli/mouse_left.jpg', 'thisN': 4, 'thisTrialN': 0, 'thisRepN': 2}>
13.4513 	EXP 	mouse_none: autoDraw = False
13.4513 	EXP 	image: autoDraw = False
13.4513 	EXP 	image: image = 'stimuli/mouse_left.jpg'
13.4513 	EXP 	mouse_none: autoDraw = True
13.5750 	DATA 	Mouse:  Left button up, pos=(396,258)
13.6521 	EXP 	mouse_none: autoDraw = False
13.6521 	EXP 	image: autoDraw = True
13.9395 	DATA 	Mouse: Left button down, pos=(396,258)
13.9401 	EXP 	New trial (rep=2, index=1): <Trial 5 (1 in rep 2) data={'mouse_stim_side': 'stimuli/mouse_right.jpg', 'thisN': 5, 'thisTrialN': 1, 'thisRepN': 2}>
13.9503 	EXP 	mouse_none: autoDraw = False
13.9503 	EXP 	image: autoDraw = False
13.9503 	EXP 	image: image = 'stimuli/mouse_right.jpg'
13.9503 	EXP 	mouse_none: autoDraw = True
14.0575 	DATA 	Mouse:  Left button up, pos=(396,258)
14.1509 	EXP 	mouse_none: autoDraw = False
14.1509 	EXP 	image: autoDraw = True
14.4569 	DATA 	Mouse: Right button down, pos=(396,258)
14.4576 	EXP 	New trial (rep=3, index=0): <Trial 6 (0 in rep 3) data={'mouse_stim_side': 'stimuli/mouse_left.jpg', 'thisN': 6, 'thisTrialN': 0, 'thisRepN': 3}>
14.4671 	EXP 	mouse_none: autoDraw = False
14.4671 	EXP 	image: autoDraw = False
14.4671 	EXP 	image: image = 'stimuli/mouse_left.jpg'
14.4671 	EXP 	mouse_none: autoDraw = True
14.6224 	DATA 	Mouse:  Right button up, pos=(396,258)
14.6676 	EXP 	mouse_none: autoDraw = False
14.6676 	EXP 	image: autoDraw = True
14.9228 	DATA 	Mouse: Left button down, pos=(396,258)
14.9235 	EXP 	New trial (rep=3, index=1): <Trial 7 (1 in rep 3) data={'mouse_stim_side': 'stimuli/mouse_right.jpg', 'thisN': 7, 'thisTrialN': 1, 'thisRepN': 3}>
14.9341 	EXP 	mouse_none: autoDraw = False
14.9341 	EXP 	image: autoDraw = False
14.9341 	EXP 	image: image = 'stimuli/mouse_right.jpg'
14.9341 	EXP 	mouse_none: autoDraw = True
15.0568 	DATA 	Mouse:  Left button up, pos=(396,258)
15.1350 	EXP 	mouse_none: autoDraw = False
15.1350 	EXP 	image: autoDraw = True
15.3581 	DATA 	Mouse: Left button down, pos=(396,258)
15.3587 	EXP 	New trial (rep=4, index=0): <Trial 8 (0 in rep 4) data={'mouse_stim_side': 'stimuli/mouse_left.jpg', 'thisN': 8, 'thisTrialN': 0, 'thisRepN': 4}>
15.3671 	EXP 	mouse_none: autoDraw = False
15.3671 	EXP 	image: autoDraw = False
15.3671 	EXP 	image: image = 'stimuli/mouse_left.jpg'
15.3671 	EXP 	mouse_none: autoDraw = True
15.4388 	DATA 	Mouse:  Left button up, pos=(396,258)
15.4890 	DATA 	Mouse: Right button down, pos=(396,258)
15.5678 	EXP 	mouse_none: autoDraw = False
15.5678 	EXP 	image: autoDraw = True
15.6081 	DATA 	Mouse:  Right button up, pos=(396,258)
15.8734 	DATA 	Mouse: Left button down, pos=(396,258)
15.8889 	EXP 	New trial (rep=4, index=1): <Trial 9 (1 in rep 4) data={'mouse_stim_side': 'stimuli/mouse_right.jpg', 'thisN': 9, 'thisTrialN': 1, 'thisRepN': 4}>
15.9005 	EXP 	mouse_none: autoDraw = False
15.9005 	EXP 	image: autoDraw = False
15.9005 	EXP 	image: image = 'stimuli/mouse_right.jpg'
15.9005 	EXP 	mouse_none: autoDraw = True
15.9935 	DATA 	Mouse:  Left button up, pos=(396,258)
16.1017 	EXP 	mouse_none: autoDraw = False
16.1017 	EXP 	image: autoDraw = True
16.3727 	DATA 	Mouse: Right button down, pos=(396,258)
16.3754 	DEBUG 	Read csv file with pandas: conditions_letter.csv
16.3759 	DEBUG 	Clearing unnamed columns from conditions_letter.csv
16.3761 	EXP 	Imported conditions_letter.csv as conditions, 2 conditions, 1 params
16.3762 	EXP 	New trial (rep=0, index=0): <Trial 0 (0 in rep 0) data={'mouse_stim_side': 'stimuli/mouse_right_letter.jpg', 'thisN': 0, 'thisTrialN': 0, 'thisRepN': 0}>
16.3839 	EXP 	mouse_none: autoDraw = False
16.3839 	EXP 	image: autoDraw = False
16.3839 	EXP 	image_2: image = 'stimuli/mouse_right_letter.jpg'
16.3839 	EXP 	mouse_none_2: autoDraw = True
16.4871 	DATA 	Mouse:  Right button up, pos=(396,258)
16.5852 	EXP 	mouse_none_2: autoDraw = False
16.5852 	EXP 	image_2: autoDraw = True
16.8082 	DATA 	Mouse: Left button down, pos=(396,258)
16.8092 	EXP 	New trial (rep=0, index=1): <Trial 1 (1 in rep 0) data={'mouse_stim_side': 'stimuli/mouse_left_letter.jpg', 'thisN': 1, 'thisTrialN': 1, 'thisRepN': 0}>
16.8181 	EXP 	mouse_none_2: autoDraw = False
16.8181 	EXP 	image_2: autoDraw = False
16.8181 	EXP 	image_2: image = 'stimuli/mouse_left_letter.jpg'
16.8181 	EXP 	mouse_none_2: autoDraw = True
16.9242 	DATA 	Mouse:  Left button up, pos=(396,258)
17.0188 	EXP 	mouse_none_2: autoDraw = False
17.0188 	EXP 	image_2: autoDraw = True
17.5210 	DATA 	Mouse: Right button down, pos=(396,258)
17.5218 	EXP 	New trial (rep=1, index=0): <Trial 2 (0 in rep 1) data={'mouse_stim_side': 'stimuli/mouse_left_letter.jpg', 'thisN': 2, 'thisTrialN': 0, 'thisRepN': 1}>
17.5349 	EXP 	mouse_none_2: autoDraw = False
17.5349 	EXP 	image_2: autoDraw = False
17.5349 	EXP 	image_2: image = 'stimuli/mouse_left_letter.jpg'
17.5349 	EXP 	mouse_none_2: autoDraw = True
17.6067 	DATA 	Mouse:  Right button up, pos=(396,258)
17.7353 	EXP 	mouse_none_2: autoDraw = False
17.7353 	EXP 	image_2: autoDraw = True
18.0560 	DATA 	Mouse: Left button down, pos=(397,258)
18.0567 	EXP 	New trial (rep=1, index=1): <Trial 3 (1 in rep 1) data={'mouse_stim_side': 'stimuli/mouse_right_letter.jpg', 'thisN': 3, 'thisTrialN': 1, 'thisRepN': 1}>
18.0681 	EXP 	mouse_none_2: autoDraw = False
18.0681 	EXP 	image_2: autoDraw = False
18.0681 	EXP 	image_2: image = 'stimuli/mouse_right_letter.jpg'
18.0681 	EXP 	mouse_none_2: autoDraw = True
18.1564 	DATA 	Mouse:  Left button up, pos=(394,258)
18.2681 	EXP 	mouse_none_2: autoDraw = False
18.2681 	EXP 	image_2: autoDraw = True
18.4733 	DATA 	Mouse: Left button down, pos=(416,338)
18.4739 	EXP 	New trial (rep=2, index=0): <Trial 4 (0 in rep 2) data={'mouse_stim_side': 'stimuli/mouse_left_letter.jpg', 'thisN': 4, 'thisTrialN': 0, 'thisRepN': 2}>
18.4838 	EXP 	mouse_none_2: autoDraw = False
18.4838 	EXP 	image_2: autoDraw = False
18.4838 	EXP 	image_2: image = 'stimuli/mouse_left_letter.jpg'
18.4838 	EXP 	mouse_none_2: autoDraw = True
18.5358 	DATA 	Mouse:  Left button up, pos=(416,339)
18.6858 	EXP 	mouse_none_2: autoDraw = False
18.6858 	EXP 	image_2: autoDraw = True
18.8895 	DATA 	Mouse: Right button down, pos=(464,456)
18.8901 	EXP 	New trial (rep=2, index=1): <Trial 5 (1 in rep 2) data={'mouse_stim_side': 'stimuli/mouse_right_letter.jpg', 'thisN': 5, 'thisTrialN': 1, 'thisRepN': 2}>
18.9007 	EXP 	mouse_none_2: autoDraw = False
18.9007 	EXP 	image_2: autoDraw = False
18.9007 	EXP 	image_2: image = 'stimuli/mouse_right_letter.jpg'
18.9007 	EXP 	mouse_none_2: autoDraw = True
19.0078 	DATA 	Mouse:  Right button up, pos=(459,463)
19.1014 	EXP 	mouse_none_2: autoDraw = False
19.1014 	EXP 	image_2: autoDraw = True
26.5037 	DATA 	Keypress: lalt
26.5043 	EXP 	Device response: <KeyPress from None: t=26.49562139995396, value=lalt, duration=None>
27.2790 	EXP 	Device response: <KeyPress from None: t=27.268610599974636, value=escape, duration=None>
27.4189 	EXP 	Device response: <KeyPress from None: t=27.268610599974636, value=escape, duration=0.13614630000665784>
27.4189 	EXP 	mouse: status = STOPPED
27.4335 	EXP 	image_2: autoDraw = False
27.4351 	EXP 	mouse: status = STOPPED
27.4479 	INFO 	saved data to 'C:\\Users\\delgr\\Projects\\mouseGame\\data\\pilot_mouse_2025-06-17_23h47.32.675.csv'
27.4488 	INFO 	saved data to C:\Users\delgr\Projects\mouseGame\data\pilot_mouse_2025-06-17_23h47.32.675.psydat
27.8716 	DEBUG 	Saving data for mouse ExperimentHandler
27.8810 	WARNING 	Stopping key buffers but this could be dangerous ifother keyboards rely on the same.
