44.2643 	DEBUG 	Fullscreen settings ignored as running in pilot mode.
44.2648 	INFO 	Loaded monitor calibration from ['2025_06_17 20:17']
44.7661 	INFO 	Using renderer 'Intel(R) Iris(R) Xe Graphics' for graphics
44.7661 	INFO 	OpenGL version supported by driver is 4..
44.7779 	EXP 	Created window1 = Window(allowGUI=False, allowStencil=False, autoLog=True, backendConf=UNKNOWN, backgroundFit=<method-wrapper '__getattribute__' of attributeSetter object at 0x000001C156CA0F40>, backgroundImage=<method-wrapper '__getattribute__' of attributeSetter object at 0x000001C156CA0EE0>, bitsMode=UNKNOWN, blendMode='avg', bpc=(8, 8, 8), color=array([0, 0, 0]), colorSpace='rgb', depthBits=8, fullscr=False, gamma=None, gammaErrorPolicy='raise', infoMsg=UNKNOWN, lms=UNKNOWN, monitor=<psychopy.monitors.calibTools.Monitor object at 0x000001C156D5A7D0>, multiSample=False, name='window1', numSamples=2, pos=[np.float64(1520.0), np.float64(780.0)], screen=0, size=array([800, 600]), stencilBits=0, stereo=False, title='PsychoPy', units='height', useFBO=True, useRetina=False, viewOri=0.0, viewPos=None, viewScale=None, waitBlanking=True, winType='pyglet')
44.7779 	EXP 	window1: backgroundImage = ''
44.7779 	EXP 	window1: backgroundFit = 'none'
44.8020 	DEBUG 	TextBox2 loaded 1 chars with 0 blanks and 1 valid
44.8133 	DEBUG 	TextBox2 loaded 1 chars with 0 blanks and 1 valid
44.8247 	DEBUG 	TextBox2 loaded 1 chars with 0 blanks and 1 valid
44.8354 	DEBUG 	TextBox2 loaded 1 chars with 0 blanks and 1 valid
44.8468 	DEBUG 	TextBox2 loaded 1 chars with 0 blanks and 1 valid
44.8574 	DEBUG 	TextBox2 loaded 1 chars with 0 blanks and 1 valid
44.8695 	DEBUG 	TextBox2 loaded 1 chars with 0 blanks and 1 valid
44.8808 	DEBUG 	TextBox2 loaded 1 chars with 0 blanks and 1 valid
44.8911 	DEBUG 	TextBox2 loaded 1 chars with 0 blanks and 1 valid
44.9015 	DEBUG 	TextBox2 loaded 1 chars with 0 blanks and 1 valid
44.9127 	DEBUG 	TextBox2 loaded 1 chars with 0 blanks and 1 valid
44.9235 	DEBUG 	TextBox2 loaded 1 chars with 0 blanks and 1 valid
44.9355 	DEBUG 	TextBox2 loaded 1 chars with 0 blanks and 1 valid
44.9464 	DEBUG 	TextBox2 loaded 1 chars with 0 blanks and 1 valid
44.9573 	DEBUG 	TextBox2 loaded 1 chars with 0 blanks and 1 valid
44.9684 	DEBUG 	TextBox2 loaded 1 chars with 0 blanks and 1 valid
44.9789 	DEBUG 	TextBox2 loaded 1 chars with 0 blanks and 1 valid
44.9896 	DEBUG 	TextBox2 loaded 1 chars with 0 blanks and 1 valid
45.0002 	DEBUG 	TextBox2 loaded 1 chars with 0 blanks and 1 valid
45.0113 	DEBUG 	TextBox2 loaded 1 chars with 0 blanks and 1 valid
45.0226 	DEBUG 	TextBox2 loaded 1 chars with 0 blanks and 1 valid
45.0230 	DEBUG 	Uploading Texture Font fontname to graphics card
45.0281 	DEBUG 	Upload of Texture Font fontname complete
45.0447 	DEBUG 	TextBox2 loaded 1 chars with 0 blanks and 1 valid
45.0559 	DEBUG 	TextBox2 loaded 1 chars with 0 blanks and 1 valid
45.0670 	DEBUG 	TextBox2 loaded 1 chars with 0 blanks and 1 valid
45.0674 	DEBUG 	Uploading Texture Font fontname to graphics card
45.0709 	DEBUG 	Upload of Texture Font fontname complete
45.0728 	EXP 	window1: Attempting to measure frame rate of screen (0) ...
45.0728 	EXP 	window1: recordFrameIntervals = False
45.2436 	EXP 	window1: recordFrameIntervals = True
45.5612 	EXP 	Screen (0) actual frame rate measured at 59.48Hz
45.5613 	EXP 	window1: recordFrameIntervals = False
45.5838 	DEBUG 	TextBox2 loaded 1 chars with 0 blanks and 1 valid
45.5957 	DEBUG 	TextBox2 loaded 1 chars with 0 blanks and 1 valid
45.6067 	DEBUG 	TextBox2 loaded 1 chars with 0 blanks and 1 valid
45.6217 	DEBUG 	TextBox2 loaded 1 chars with 0 blanks and 1 valid
45.6329 	DEBUG 	TextBox2 loaded 1 chars with 0 blanks and 1 valid
45.6443 	DEBUG 	TextBox2 loaded 1 chars with 0 blanks and 1 valid
45.6550 	DEBUG 	TextBox2 loaded 1 chars with 0 blanks and 1 valid
45.6664 	DEBUG 	TextBox2 loaded 1 chars with 0 blanks and 1 valid
45.6800 	DEBUG 	TextBox2 loaded 1 chars with 0 blanks and 1 valid
45.6913 	DEBUG 	TextBox2 loaded 1 chars with 0 blanks and 1 valid
45.6917 	DEBUG 	Uploading Texture Font fontname to graphics card
45.6922 	DEBUG 	Upload of Texture Font fontname complete
45.9951 	INFO 	keyboard.Keyboard is using ptb backend.
45.9951 	EXP 	mouse: status = STARTED
46.1444 	EXP 	Created instrutions_text = TextStim(__class__=<class 'psychopy.visual.text.TextStim'>, alignHoriz=method-wrapper(...), alignText='center', alignVert=method-wrapper(...), anchorHoriz='center', anchorVert='center', antialias=True, autoDraw=False, autoLog=True, bold=False, color=array([1., 1., 1.]), colorSpace='rgb', contrast=1.0, depth=0.0, draggable=False, flipHoriz=False, flipVert=False, font='Arial', fontFiles=[], height=np.float64(0.05), italic=False, languageStyle='LTR', name='instrutions_text', opacity=1, ori=0.0, pos=array([0., 0.]), rgb=UNKNOWN, text=str(...), units='height', win=Window(...), wrapWidth=1)
46.1761 	EXP 	Created mouse_none = ImageStim(__class__=<class 'psychopy.visual.image.ImageStim'>, anchor=('center', 'center'), autoLog=True, color=array([1., 1., 1.]), colorSpace='rgb', contrast=1.0, depth=0.0, draggable=False, flipHoriz=np.False_, flipVert=np.False_, image='stimuli/mouse_none.jpg', interpolate=True, mask='stimuli/mouse_mask.jpg', maskParams=None, name='mouse_none', opacity=1, ori=0.0, pos=array([0., 0.]), size=array([0.5, 0.5]), texRes=128.0, units='height', win=Window(...))
46.1875 	EXP 	Created image = ImageStim(__class__=<class 'psychopy.visual.image.ImageStim'>, anchor=('center', 'center'), autoLog=True, color=array([1., 1., 1.]), colorSpace='rgb', contrast=1.0, depth=-1.0, draggable=False, flipHoriz=np.False_, flipVert=np.False_, image='default.png', interpolate=True, mask='stimuli/mouse_mask.jpg', maskParams=None, name='image', opacity=1, ori=0.0, pos=array([0., 0.]), size=array([0.5, 0.5]), texRes=128.0, units='height', win=Window(...))
46.1929 	EXP 	Created mouse_none_2 = ImageStim(__class__=<class 'psychopy.visual.image.ImageStim'>, anchor=('center', 'center'), autoLog=True, color=array([1., 1., 1.]), colorSpace='rgb', contrast=1.0, depth=0.0, draggable=False, flipHoriz=np.False_, flipVert=np.False_, image='stimuli/mouse_none.jpg', interpolate=True, mask='stimuli/mouse_mask.jpg', maskParams=None, name='mouse_none_2', opacity=1, ori=0.0, pos=array([0., 0.]), size=array([0.5, 0.5]), texRes=128.0, units='height', win=Window(...))
46.1972 	EXP 	Created image_2 = ImageStim(__class__=<class 'psychopy.visual.image.ImageStim'>, anchor=('center', 'center'), autoLog=True, color=array([1., 1., 1.]), colorSpace='rgb', contrast=1.0, depth=-1.0, draggable=False, flipHoriz=np.False_, flipVert=np.False_, image='default.png', interpolate=True, mask='stimuli/mouse_mask.jpg', maskParams=None, name='image_2', opacity=1, ori=0.0, pos=array([0., 0.]), size=array([0.5, 0.5]), texRes=128.0, units='height', win=Window(...))
46.2027 	EXP 	Created thankyou_text = TextStim(__class__=<class 'psychopy.visual.text.TextStim'>, alignHoriz=method-wrapper(...), alignText='center', alignVert=method-wrapper(...), anchorHoriz='center', anchorVert='center', antialias=True, autoDraw=False, autoLog=True, bold=False, color=array([1., 1., 1.]), colorSpace='rgb', contrast=1.0, depth=0.0, draggable=False, flipHoriz=False, flipVert=False, font='Arial', fontFiles=[], height=np.float64(0.05), italic=False, languageStyle='LTR', name='thankyou_text', opacity=1, ori=0.0, pos=array([0., 0.]), rgb=UNKNOWN, text='Done, Thank You!\n\n(Click mouse to end).', units='height', win=Window(...), wrapWidth=1)
0.0234 	EXP 	instrutions_text: autoDraw = True
1.0476 	DATA 	Mouse: Left button down, pos=(417,202)
1.0487 	EXP 	New trial (rep=0, index=0): <Trial 0 (0 in rep 0) data={'thisN': 0, 'thisTrialN': 0, 'thisRepN': 0}>
1.0555 	DEBUG 	Read csv file with pandas: conditions.csv
1.0570 	DEBUG 	Clearing unnamed columns from conditions.csv
1.0576 	EXP 	Imported conditions.csv as conditions, 2 conditions, 3 params
1.0579 	EXP 	New trial (rep=0, index=0): <Trial 0 (0 in rep 0) data={'mouse_stim_side': 'stimuli/mouse_right.jpg', 'stim_type': 'button', 'stim_side': 'R', 'thisN': 0, 'thisTrialN': 0, 'thisRepN': 0}>
1.0911 	EXP 	instrutions_text: autoDraw = False
1.0911 	EXP 	image: image = 'stimuli/mouse_right.jpg'
1.0911 	EXP 	mouse_none: autoDraw = True
1.1461 	DATA 	Mouse:  Left button up, pos=(417,202)
1.2573 	EXP 	image: autoDraw = True
1.2913 	EXP 	mouse_none: autoDraw = False
2.2799 	DATA 	Mouse: Right button down, pos=(417,202)
2.2805 	EXP 	New trial (rep=0, index=1): <Trial 1 (1 in rep 0) data={'mouse_stim_side': 'stimuli/mouse_left.jpg', 'stim_type': 'button', 'stim_side': 'L', 'thisN': 1, 'thisTrialN': 1, 'thisRepN': 0}>
2.3063 	EXP 	mouse_none: autoDraw = False
2.3063 	EXP 	image: autoDraw = False
2.3063 	EXP 	image: image = 'stimuli/mouse_left.jpg'
2.3063 	EXP 	mouse_none: autoDraw = True
2.3995 	DATA 	Mouse:  Right button up, pos=(417,202)
2.4953 	EXP 	image: autoDraw = True
2.5085 	EXP 	mouse_none: autoDraw = False
2.8607 	DATA 	Mouse: Left button down, pos=(421,197)
2.8612 	EXP 	New trial (rep=1, index=0): <Trial 2 (0 in rep 1) data={'mouse_stim_side': 'stimuli/mouse_left.jpg', 'stim_type': 'button', 'stim_side': 'L', 'thisN': 2, 'thisTrialN': 0, 'thisRepN': 1}>
2.8734 	EXP 	mouse_none: autoDraw = False
2.8734 	EXP 	image: autoDraw = False
2.8734 	EXP 	image: image = 'stimuli/mouse_left.jpg'
2.8734 	EXP 	mouse_none: autoDraw = True
2.9657 	DATA 	Mouse:  Left button up, pos=(421,197)
3.0745 	EXP 	mouse_none: autoDraw = False
3.0745 	EXP 	image: autoDraw = True
3.3468 	DATA 	Mouse: Left button down, pos=(421,197)
3.3477 	EXP 	New trial (rep=1, index=1): <Trial 3 (1 in rep 1) data={'mouse_stim_side': 'stimuli/mouse_right.jpg', 'stim_type': 'button', 'stim_side': 'R', 'thisN': 3, 'thisTrialN': 1, 'thisRepN': 1}>
3.3572 	EXP 	mouse_none: autoDraw = False
3.3572 	EXP 	image: autoDraw = False
3.3572 	EXP 	image: image = 'stimuli/mouse_right.jpg'
3.3572 	EXP 	mouse_none: autoDraw = True
3.4798 	DATA 	Mouse:  Left button up, pos=(421,197)
3.5578 	EXP 	mouse_none: autoDraw = False
3.5578 	EXP 	image: autoDraw = True
3.8612 	DATA 	Mouse: Right button down, pos=(421,197)
3.8619 	EXP 	New trial (rep=2, index=0): <Trial 4 (0 in rep 2) data={'mouse_stim_side': 'stimuli/mouse_left.jpg', 'stim_type': 'button', 'stim_side': 'L', 'thisN': 4, 'thisTrialN': 0, 'thisRepN': 2}>
3.8737 	EXP 	mouse_none: autoDraw = False
3.8737 	EXP 	image: autoDraw = False
3.8737 	EXP 	image: image = 'stimuli/mouse_left.jpg'
3.8737 	EXP 	mouse_none: autoDraw = True
3.9589 	DATA 	Mouse:  Right button up, pos=(421,197)
4.0754 	EXP 	mouse_none: autoDraw = False
4.0754 	EXP 	image: autoDraw = True
4.3785 	DATA 	Mouse: Left button down, pos=(421,197)
4.3790 	EXP 	New trial (rep=2, index=1): <Trial 5 (1 in rep 2) data={'mouse_stim_side': 'stimuli/mouse_right.jpg', 'stim_type': 'button', 'stim_side': 'R', 'thisN': 5, 'thisTrialN': 1, 'thisRepN': 2}>
4.3913 	EXP 	mouse_none: autoDraw = False
4.3913 	EXP 	image: autoDraw = False
4.3913 	EXP 	image: image = 'stimuli/mouse_right.jpg'
4.3913 	EXP 	mouse_none: autoDraw = True
4.4774 	DATA 	Mouse:  Left button up, pos=(421,197)
4.5912 	EXP 	mouse_none: autoDraw = False
4.5912 	EXP 	image: autoDraw = True
4.8771 	DATA 	Mouse: Right button down, pos=(421,197)
4.8777 	EXP 	New trial (rep=3, index=0): <Trial 6 (0 in rep 3) data={'mouse_stim_side': 'stimuli/mouse_right.jpg', 'stim_type': 'button', 'stim_side': 'R', 'thisN': 6, 'thisTrialN': 0, 'thisRepN': 3}>
4.8898 	EXP 	mouse_none: autoDraw = False
4.8898 	EXP 	image: autoDraw = False
4.8898 	EXP 	image: image = 'stimuli/mouse_right.jpg'
4.8898 	EXP 	mouse_none: autoDraw = True
4.9780 	DATA 	Mouse:  Right button up, pos=(421,197)
5.0905 	EXP 	mouse_none: autoDraw = False
5.0905 	EXP 	image: autoDraw = True
5.4109 	DATA 	Mouse: Right button down, pos=(421,197)
5.4115 	EXP 	New trial (rep=3, index=1): <Trial 7 (1 in rep 3) data={'mouse_stim_side': 'stimuli/mouse_left.jpg', 'stim_type': 'button', 'stim_side': 'L', 'thisN': 7, 'thisTrialN': 1, 'thisRepN': 3}>
5.4242 	EXP 	mouse_none: autoDraw = False
5.4242 	EXP 	image: autoDraw = False
5.4242 	EXP 	image: image = 'stimuli/mouse_left.jpg'
5.4242 	EXP 	mouse_none: autoDraw = True
5.5310 	DATA 	Mouse:  Right button up, pos=(421,197)
5.6242 	EXP 	mouse_none: autoDraw = False
5.6242 	EXP 	image: autoDraw = True
5.9294 	DATA 	Mouse: Left button down, pos=(421,197)
5.9303 	EXP 	New trial (rep=4, index=0): <Trial 8 (0 in rep 4) data={'mouse_stim_side': 'stimuli/mouse_left.jpg', 'stim_type': 'button', 'stim_side': 'L', 'thisN': 8, 'thisTrialN': 0, 'thisRepN': 4}>
5.9406 	EXP 	mouse_none: autoDraw = False
5.9406 	EXP 	image: autoDraw = False
5.9406 	EXP 	image: image = 'stimuli/mouse_left.jpg'
5.9406 	EXP 	mouse_none: autoDraw = True
6.0437 	DATA 	Mouse:  Left button up, pos=(421,197)
6.1406 	EXP 	mouse_none: autoDraw = False
6.1406 	EXP 	image: autoDraw = True
6.3915 	DATA 	Mouse: Left button down, pos=(421,197)
6.3923 	EXP 	New trial (rep=4, index=1): <Trial 9 (1 in rep 4) data={'mouse_stim_side': 'stimuli/mouse_right.jpg', 'stim_type': 'button', 'stim_side': 'R', 'thisN': 9, 'thisTrialN': 1, 'thisRepN': 4}>
6.4077 	EXP 	mouse_none: autoDraw = False
6.4077 	EXP 	image: autoDraw = False
6.4077 	EXP 	image: image = 'stimuli/mouse_right.jpg'
6.4077 	EXP 	mouse_none: autoDraw = True
6.5467 	DATA 	Mouse:  Left button up, pos=(421,197)
6.6086 	EXP 	mouse_none: autoDraw = False
6.6086 	EXP 	image: autoDraw = True
6.8606 	DATA 	Mouse: Right button down, pos=(421,197)
6.8645 	DEBUG 	Read csv file with pandas: conditions_letter.csv
6.8650 	DEBUG 	Clearing unnamed columns from conditions_letter.csv
6.8653 	EXP 	Imported conditions_letter.csv as conditions, 2 conditions, 3 params
6.8655 	EXP 	New trial (rep=0, index=0): <Trial 0 (0 in rep 0) data={'mouse_stim_side': 'stimuli/mouse_left_letter.jpg', 'stim_type': 'letter', 'stim_side': 'L', 'thisN': 0, 'thisTrialN': 0, 'thisRepN': 0}>
6.8896 	EXP 	mouse_none: autoDraw = False
6.8896 	EXP 	image: autoDraw = False
6.8896 	EXP 	image_2: image = 'stimuli/mouse_left_letter.jpg'
6.8896 	EXP 	mouse_none_2: autoDraw = True
6.9637 	DATA 	Mouse:  Right button up, pos=(421,197)
7.0739 	EXP 	image_2: autoDraw = True
7.0904 	EXP 	mouse_none_2: autoDraw = False
7.2650 	DATA 	Mouse: Right button down, pos=(421,197)
7.2656 	EXP 	New trial (rep=0, index=1): <Trial 1 (1 in rep 0) data={'mouse_stim_side': 'stimuli/mouse_right_letter.jpg', 'stim_type': 'letter', 'stim_side': 'R', 'thisN': 1, 'thisTrialN': 1, 'thisRepN': 0}>
7.2901 	EXP 	mouse_none_2: autoDraw = False
7.2901 	EXP 	image_2: autoDraw = False
7.2901 	EXP 	image_2: image = 'stimuli/mouse_right_letter.jpg'
7.2901 	EXP 	mouse_none_2: autoDraw = True
7.3798 	DATA 	Mouse:  Right button up, pos=(421,197)
7.4745 	EXP 	image_2: autoDraw = True
7.4905 	EXP 	mouse_none_2: autoDraw = False
7.7754 	DATA 	Mouse: Left button down, pos=(421,197)
7.7757 	EXP 	New trial (rep=1, index=0): <Trial 2 (0 in rep 1) data={'mouse_stim_side': 'stimuli/mouse_right_letter.jpg', 'stim_type': 'letter', 'stim_side': 'R', 'thisN': 2, 'thisTrialN': 0, 'thisRepN': 1}>
7.7900 	EXP 	mouse_none_2: autoDraw = False
7.7900 	EXP 	image_2: autoDraw = False
7.7900 	EXP 	image_2: image = 'stimuli/mouse_right_letter.jpg'
7.7900 	EXP 	mouse_none_2: autoDraw = True
7.8957 	DATA 	Mouse:  Left button up, pos=(421,197)
7.9780 	DATA 	Mouse: Left button down, pos=(421,197)
7.9901 	EXP 	mouse_none_2: autoDraw = False
7.9901 	EXP 	image_2: autoDraw = True
8.0780 	DATA 	Mouse:  Left button up, pos=(421,197)
8.3949 	DATA 	Keypress: escape
8.4700 	EXP 	Device response: <KeyPress from None: t=8.393956000043545, value=escape, duration=None>
8.5434 	EXP 	Device response: <KeyPress from None: t=8.393956000043545, value=escape, duration=0.13648249994730577>
8.5435 	EXP 	mouse: status = STOPPED
8.5574 	EXP 	image_2: autoDraw = False
8.5591 	EXP 	mouse: status = STOPPED
8.5744 	INFO 	saved data to 'C:\\Users\\delgr\\Projects\\mouseGame\\data\\pilot_mouse_2025-06-18_00h22.37.775.csv'
8.5753 	INFO 	saved data to C:\Users\delgr\Projects\mouseGame\data\pilot_mouse_2025-06-18_00h22.37.775.psydat
