2.7337 	DEBUG 	Fullscreen settings ignored as running in pilot mode.
2.7343 	INFO 	Loaded monitor calibration from ['2025_06_17 20:17']
2.8240 	INFO 	Using renderer 'Intel(R) Iris(R) Xe Graphics' for graphics
2.8240 	INFO 	OpenGL version supported by driver is 4..
2.8335 	EXP 	Created window1 = Window(allowGUI=False, allowStencil=False, autoLog=True, backendConf=UNKNOWN, backgroundFit=<method-wrapper '__getattribute__' of attributeSetter object at 0x000002348000BE20>, backgroundImage=<method-wrapper '__getattribute__' of attributeSetter object at 0x000002348000BDC0>, bitsMode=UNKNOWN, blendMode='avg', bpc=(8, 8, 8), color=array([0, 0, 0]), colorSpace='rgb', depthBits=8, fullscr=False, gamma=None, gammaErrorPolicy='raise', infoMsg=UNKNOWN, lms=UNKNOWN, monitor=<psychopy.monitors.calibTools.Monitor object at 0x00000234800D96F0>, multiSample=False, name='window1', numSamples=2, pos=[np.float64(1520.0), np.float64(780.0)], screen=0, size=array([800, 600]), stencilBits=0, stereo=False, title='PsychoPy', units='height', useFBO=True, useRetina=False, viewOri=0.0, viewPos=None, viewScale=None, waitBlanking=True, winType='pyglet')
2.8335 	EXP 	window1: backgroundImage = ''
2.8335 	EXP 	window1: backgroundFit = 'none'
2.8479 	DEBUG 	TextBox2 loaded 1 chars with 0 blanks and 1 valid
2.8570 	DEBUG 	TextBox2 loaded 1 chars with 0 blanks and 1 valid
2.8662 	DEBUG 	TextBox2 loaded 1 chars with 0 blanks and 1 valid
2.8755 	DEBUG 	TextBox2 loaded 1 chars with 0 blanks and 1 valid
2.8849 	DEBUG 	TextBox2 loaded 1 chars with 0 blanks and 1 valid
2.8940 	DEBUG 	TextBox2 loaded 1 chars with 0 blanks and 1 valid
2.9034 	DEBUG 	TextBox2 loaded 1 chars with 0 blanks and 1 valid
2.9127 	DEBUG 	TextBox2 loaded 1 chars with 0 blanks and 1 valid
2.9217 	DEBUG 	TextBox2 loaded 1 chars with 0 blanks and 1 valid
2.9309 	DEBUG 	TextBox2 loaded 1 chars with 0 blanks and 1 valid
2.9404 	DEBUG 	TextBox2 loaded 1 chars with 0 blanks and 1 valid
2.9498 	DEBUG 	TextBox2 loaded 1 chars with 0 blanks and 1 valid
2.9591 	DEBUG 	TextBox2 loaded 1 chars with 0 blanks and 1 valid
2.9699 	DEBUG 	TextBox2 loaded 1 chars with 0 blanks and 1 valid
2.9792 	DEBUG 	TextBox2 loaded 1 chars with 0 blanks and 1 valid
2.9895 	DEBUG 	TextBox2 loaded 1 chars with 0 blanks and 1 valid
2.9987 	DEBUG 	TextBox2 loaded 1 chars with 0 blanks and 1 valid
3.0077 	DEBUG 	TextBox2 loaded 1 chars with 0 blanks and 1 valid
3.0167 	DEBUG 	TextBox2 loaded 1 chars with 0 blanks and 1 valid
3.0267 	DEBUG 	TextBox2 loaded 1 chars with 0 blanks and 1 valid
3.0351 	DEBUG 	TextBox2 loaded 1 chars with 0 blanks and 1 valid
3.0354 	DEBUG 	Uploading Texture Font fontname to graphics card
3.0390 	DEBUG 	Upload of Texture Font fontname complete
3.0511 	DEBUG 	TextBox2 loaded 1 chars with 0 blanks and 1 valid
3.0604 	DEBUG 	TextBox2 loaded 1 chars with 0 blanks and 1 valid
3.0689 	DEBUG 	TextBox2 loaded 1 chars with 0 blanks and 1 valid
3.0692 	DEBUG 	Uploading Texture Font fontname to graphics card
3.0719 	DEBUG 	Upload of Texture Font fontname complete
3.0734 	EXP 	window1: Attempting to measure frame rate of screen (0) ...
3.0734 	EXP 	window1: recordFrameIntervals = False
3.2461 	EXP 	window1: recordFrameIntervals = True
3.4276 	EXP 	Screen (0) actual frame rate measured at 60.35Hz
3.4276 	EXP 	window1: recordFrameIntervals = False
3.4406 	DEBUG 	TextBox2 loaded 1 chars with 0 blanks and 1 valid
3.4492 	DEBUG 	TextBox2 loaded 1 chars with 0 blanks and 1 valid
3.4583 	DEBUG 	TextBox2 loaded 1 chars with 0 blanks and 1 valid
3.4681 	DEBUG 	TextBox2 loaded 1 chars with 0 blanks and 1 valid
3.4777 	DEBUG 	TextBox2 loaded 1 chars with 0 blanks and 1 valid
3.4865 	DEBUG 	TextBox2 loaded 1 chars with 0 blanks and 1 valid
3.4951 	DEBUG 	TextBox2 loaded 1 chars with 0 blanks and 1 valid
3.5036 	DEBUG 	TextBox2 loaded 1 chars with 0 blanks and 1 valid
3.5123 	DEBUG 	TextBox2 loaded 1 chars with 0 blanks and 1 valid
3.5209 	DEBUG 	TextBox2 loaded 1 chars with 0 blanks and 1 valid
3.5212 	DEBUG 	Uploading Texture Font fontname to graphics card
3.5217 	DEBUG 	Upload of Texture Font fontname complete
3.7597 	INFO 	keyboard.Keyboard is using ptb backend.
3.7598 	EXP 	mouse: status = STARTED
3.7610 	EXP 	Created drawing_area = Rect(__class__=<class 'psychopy.visual.rect.Rect'>, anchor=('center', 'center'), autoDraw=False, autoLog=True, closeShape=True, color=method-wrapper(...), colorSpace='rgb', contrast=None, depth=0.0, draggable=False, fillColor=array([1, 1, 1]), fillColorSpace='rgb', fillRGB=array([1, 1, 1]), interpolate=True, lineColor=array([-0.6706, -0.749 , -0.749 ]), lineColorSpace='rgb', lineRGB=array([-0.6706, -0.749 , -0.749 ]), lineWidth=3.0, name='drawing_area', opacity=1, ori=0.0, pos=array([0., 0.]), size=array([0.5, 0.5]), units='height', vertices=ndarray(...), win=Window(...))
3.7610 	EXP 	Created brush = <psychopy.visual.brush.Brush object at 0x000002348429ABF0>
3.7616 	EXP 	Created start_button = Rect(__class__=<class 'psychopy.visual.rect.Rect'>, anchor=('center', 'center'), autoDraw=False, autoLog=True, closeShape=True, color=method-wrapper(...), colorSpace='rgb', contrast=None, depth=-2.0, draggable=False, fillColor=array([ 0.8902, -0.3098,  0.6549]), fillColorSpace='rgb', fillRGB=array([ 0.8902, -0.3098,  0.6549]), interpolate=True, lineColor=array([ 0.6078, -0.2784, -0.2784]), lineColorSpace='rgb', lineRGB=array([ 0.6078, -0.2784, -0.2784]), lineWidth=2.0, name='start_button', opacity=1, ori=0.0, pos=array([ 0. , -0.2]), size=array([0.25, 0.1 ]), units='height', vertices=ndarray(...), win=Window(...))
3.7954 	EXP 	Created instrutions_text = TextStim(__class__=<class 'psychopy.visual.text.TextStim'>, alignHoriz=method-wrapper(...), alignText='center', alignVert=method-wrapper(...), anchorHoriz='center', anchorVert='center', antialias=True, autoDraw=False, autoLog=True, bold=False, color=array([1., 1., 1.]), colorSpace='rgb', contrast=1.0, depth=0.0, draggable=False, flipHoriz=False, flipVert=False, font='Arial', fontFiles=[], height=np.float64(0.05), italic=False, languageStyle='LTR', name='instrutions_text', opacity=1, ori=0.0, pos=array([0., 0.]), rgb=UNKNOWN, text=str(...), units='height', win=Window(...), wrapWidth=1)
3.8087 	EXP 	Created instructions_mouse_2 = ImageStim(__class__=<class 'psychopy.visual.image.ImageStim'>, anchor=('center', 'center'), autoLog=True, color=array([1., 1., 1.]), colorSpace='rgb', contrast=1.0, depth=0.0, draggable=False, flipHoriz=np.False_, flipVert=np.False_, image='stimuli/mouse_none.jpg', interpolate=True, mask='stimuli/mouse_mask.jpg', maskParams=None, name='instructions_mouse_2', opacity=1, ori=0.0, pos=array([0., 0.]), size=array([0.5, 0.5]), texRes=128.0, units='height', win=Window(...))
3.8126 	EXP 	Created mouse_none = ImageStim(__class__=<class 'psychopy.visual.image.ImageStim'>, anchor=('center', 'center'), autoLog=True, color=array([1., 1., 1.]), colorSpace='rgb', contrast=1.0, depth=0.0, draggable=False, flipHoriz=np.False_, flipVert=np.False_, image='stimuli/mouse_none.jpg', interpolate=True, mask='stimuli/mouse_mask.jpg', maskParams=None, name='mouse_none', opacity=1, ori=0.0, pos=array([0., 0.]), size=array([0.5, 0.5]), texRes=128.0, units='height', win=Window(...))
3.8159 	EXP 	Created image = ImageStim(__class__=<class 'psychopy.visual.image.ImageStim'>, anchor=('center', 'center'), autoLog=True, color=array([1., 1., 1.]), colorSpace='rgb', contrast=1.0, depth=-1.0, draggable=False, flipHoriz=np.False_, flipVert=np.False_, image='default.png', interpolate=True, mask='stimuli/mouse_mask.jpg', maskParams=None, name='image', opacity=1, ori=0.0, pos=array([0., 0.]), size=array([0.5, 0.5]), texRes=128.0, units='height', win=Window(...))
3.8195 	EXP 	Created mouse_none_2 = ImageStim(__class__=<class 'psychopy.visual.image.ImageStim'>, anchor=('center', 'center'), autoLog=True, color=array([1., 1., 1.]), colorSpace='rgb', contrast=1.0, depth=0.0, draggable=False, flipHoriz=np.False_, flipVert=np.False_, image='stimuli/mouse_none.jpg', interpolate=True, mask='stimuli/mouse_mask.jpg', maskParams=None, name='mouse_none_2', opacity=1, ori=0.0, pos=array([0., 0.]), size=array([0.5, 0.5]), texRes=128.0, units='height', win=Window(...))
3.8229 	EXP 	Created image_2 = ImageStim(__class__=<class 'psychopy.visual.image.ImageStim'>, anchor=('center', 'center'), autoLog=True, color=array([1., 1., 1.]), colorSpace='rgb', contrast=1.0, depth=-1.0, draggable=False, flipHoriz=np.False_, flipVert=np.False_, image='default.png', interpolate=True, mask='stimuli/mouse_mask.jpg', maskParams=None, name='image_2', opacity=1, ori=0.0, pos=array([0., 0.]), size=array([0.5, 0.5]), texRes=128.0, units='height', win=Window(...))
3.8270 	EXP 	Created thankyou_text = TextStim(__class__=<class 'psychopy.visual.text.TextStim'>, alignHoriz=method-wrapper(...), alignText='center', alignVert=method-wrapper(...), anchorHoriz='center', anchorVert='center', antialias=True, autoDraw=False, autoLog=True, bold=False, color=array([1., 1., 1.]), colorSpace='rgb', contrast=1.0, depth=0.0, draggable=False, flipHoriz=False, flipVert=False, font='Arial', fontFiles=[], height=np.float64(0.05), italic=False, languageStyle='LTR', name='thankyou_text', opacity=1, ori=0.0, pos=array([0., 0.]), rgb=UNKNOWN, text='Done, Thank You!\n\n(Click mouse to end).', units='height', win=Window(...), wrapWidth=1)
0.0167 	EXP 	brush: autoLog = True
0.0167 	EXP 	brush: autoDraw = False
0.0183 	EXP 	Resetting brush
0.0347 	EXP 	drawing_area: autoDraw = True
0.0347 	EXP 	brush: autoDraw = True
0.0347 	EXP 	start_button: autoDraw = True
2.8867 	DATA 	Keypress: escape
2.8891 	EXP 	Device response: <KeyPress from None: t=2.8842523000203073, value=escape, duration=None>
3.0034 	EXP 	Device response: <KeyPress from None: t=2.8842523000203073, value=escape, duration=0.11202850000699982>
3.0035 	EXP 	mouse: status = STOPPED
3.0186 	EXP 	drawing_area: autoDraw = False
3.0186 	EXP 	brush: autoDraw = False
3.0186 	EXP 	start_button: autoDraw = False
3.0212 	EXP 	mouse: status = STOPPED
3.0326 	INFO 	saved data to 'C:\\Users\\delgr\\Projects\\mouseGame\\data\\pilot_mouse_2025-06-17_23h41.17.480.csv'
3.0341 	INFO 	saved data to C:\Users\delgr\Projects\mouseGame\data\pilot_mouse_2025-06-17_23h41.17.480.psydat
3.1597 	DEBUG 	Saving data for mouse ExperimentHandler
3.1627 	WARNING 	Stopping key buffers but this could be dangerous ifother keyboards rely on the same.
