2.9512 	DEBUG 	Fullscreen settings ignored as running in pilot mode.
2.9518 	INFO 	Loaded monitor calibration from ['2025_06_17 20:17']
3.0499 	INFO 	Using renderer 'Intel(R) Iris(R) Xe Graphics' for graphics
3.0500 	INFO 	OpenGL version supported by driver is 4..
3.0594 	EXP 	Created window1 = Window(allowGUI=False, allowStencil=False, autoLog=True, backendConf=UNKNOWN, backgroundFit=<method-wrapper '__getattribute__' of attributeSetter object at 0x000001CA5233BDF0>, backgroundImage=<method-wrapper '__getattribute__' of attributeSetter object at 0x000001CA5233BD90>, bitsMode=UNKNOWN, blendMode='avg', bpc=(8, 8, 8), color=array([0, 0, 0]), colorSpace='rgb', depthBits=8, fullscr=False, gamma=None, gammaErrorPolicy='raise', infoMsg=UNKNOWN, lms=UNKNOWN, monitor=<psychopy.monitors.calibTools.Monitor object at 0x000001CA524096C0>, multiSample=False, name='window1', numSamples=2, pos=[np.float64(1520.0), np.float64(780.0)], screen=0, size=array([800, 600]), stencilBits=0, stereo=False, title='PsychoPy', units='height', useFBO=True, useRetina=False, viewOri=0.0, viewPos=None, viewScale=None, waitBlanking=True, winType='pyglet')
3.0595 	EXP 	window1: backgroundImage = ''
3.0595 	EXP 	window1: backgroundFit = 'none'
3.0735 	DEBUG 	TextBox2 loaded 1 chars with 0 blanks and 1 valid
3.0828 	DEBUG 	TextBox2 loaded 1 chars with 0 blanks and 1 valid
3.0918 	DEBUG 	TextBox2 loaded 1 chars with 0 blanks and 1 valid
3.1011 	DEBUG 	TextBox2 loaded 1 chars with 0 blanks and 1 valid
3.1102 	DEBUG 	TextBox2 loaded 1 chars with 0 blanks and 1 valid
3.1191 	DEBUG 	TextBox2 loaded 1 chars with 0 blanks and 1 valid
3.1281 	DEBUG 	TextBox2 loaded 1 chars with 0 blanks and 1 valid
3.1373 	DEBUG 	TextBox2 loaded 1 chars with 0 blanks and 1 valid
3.1460 	DEBUG 	TextBox2 loaded 1 chars with 0 blanks and 1 valid
3.1548 	DEBUG 	TextBox2 loaded 1 chars with 0 blanks and 1 valid
3.1641 	DEBUG 	TextBox2 loaded 1 chars with 0 blanks and 1 valid
3.1728 	DEBUG 	TextBox2 loaded 1 chars with 0 blanks and 1 valid
3.1819 	DEBUG 	TextBox2 loaded 1 chars with 0 blanks and 1 valid
3.1916 	DEBUG 	TextBox2 loaded 1 chars with 0 blanks and 1 valid
3.2006 	DEBUG 	TextBox2 loaded 1 chars with 0 blanks and 1 valid
3.2096 	DEBUG 	TextBox2 loaded 1 chars with 0 blanks and 1 valid
3.2189 	DEBUG 	TextBox2 loaded 1 chars with 0 blanks and 1 valid
3.2277 	DEBUG 	TextBox2 loaded 1 chars with 0 blanks and 1 valid
3.2367 	DEBUG 	TextBox2 loaded 1 chars with 0 blanks and 1 valid
3.2464 	DEBUG 	TextBox2 loaded 1 chars with 0 blanks and 1 valid
3.2548 	DEBUG 	TextBox2 loaded 1 chars with 0 blanks and 1 valid
3.2550 	DEBUG 	Uploading Texture Font fontname to graphics card
3.2589 	DEBUG 	Upload of Texture Font fontname complete
3.2718 	DEBUG 	TextBox2 loaded 1 chars with 0 blanks and 1 valid
3.2809 	DEBUG 	TextBox2 loaded 1 chars with 0 blanks and 1 valid
3.2901 	DEBUG 	TextBox2 loaded 1 chars with 0 blanks and 1 valid
3.2904 	DEBUG 	Uploading Texture Font fontname to graphics card
3.2936 	DEBUG 	Upload of Texture Font fontname complete
3.2950 	EXP 	window1: Attempting to measure frame rate of screen (0) ...
3.2950 	EXP 	window1: recordFrameIntervals = False
3.4624 	EXP 	window1: recordFrameIntervals = True
3.6457 	EXP 	Screen (0) actual frame rate measured at 59.91Hz
3.6457 	EXP 	window1: recordFrameIntervals = False
3.6596 	DEBUG 	TextBox2 loaded 1 chars with 0 blanks and 1 valid
3.6677 	DEBUG 	TextBox2 loaded 1 chars with 0 blanks and 1 valid
3.6766 	DEBUG 	TextBox2 loaded 1 chars with 0 blanks and 1 valid
3.6868 	DEBUG 	TextBox2 loaded 1 chars with 0 blanks and 1 valid
3.6959 	DEBUG 	TextBox2 loaded 1 chars with 0 blanks and 1 valid
3.7041 	DEBUG 	TextBox2 loaded 1 chars with 0 blanks and 1 valid
3.7130 	DEBUG 	TextBox2 loaded 1 chars with 0 blanks and 1 valid
3.7220 	DEBUG 	TextBox2 loaded 1 chars with 0 blanks and 1 valid
3.7307 	DEBUG 	TextBox2 loaded 1 chars with 0 blanks and 1 valid
3.7400 	DEBUG 	TextBox2 loaded 1 chars with 0 blanks and 1 valid
3.7403 	DEBUG 	Uploading Texture Font fontname to graphics card
3.7409 	DEBUG 	Upload of Texture Font fontname complete
3.9761 	INFO 	keyboard.Keyboard is using ptb backend.
3.9762 	EXP 	mouse: status = STARTED
3.9773 	EXP 	Created start_button = Rect(__class__=<class 'psychopy.visual.rect.Rect'>, anchor=('center', 'center'), autoDraw=False, autoLog=True, closeShape=True, color=method-wrapper(...), colorSpace='rgb', contrast=None, depth=0.0, draggable=False, fillColor=array([0.8902, 0.898 , 0.6549]), fillColorSpace='rgb', fillRGB=array([0.8902, 0.898 , 0.6549]), interpolate=True, lineColor=array([ 0.6078, -0.2784, -0.2784]), lineColorSpace='rgb', lineRGB=array([ 0.6078, -0.2784, -0.2784]), lineWidth=2.0, name='start_button', opacity=1, ori=0.0, pos=array([0., 0.]), size=array([0.3, 0.1]), units='height', vertices=ndarray(...), win=Window(...))
3.9774 	EXP 	Created brush = <psychopy.visual.brush.Brush object at 0x000001CA5984AC80>
3.9780 	EXP 	Created drawing_area = Rect(__class__=<class 'psychopy.visual.rect.Rect'>, anchor=('center', 'center'), autoDraw=False, autoLog=True, closeShape=True, color=method-wrapper(...), colorSpace='rgb', contrast=None, depth=-2.0, draggable=False, fillColor=array([1, 1, 1]), fillColorSpace='rgb', fillRGB=array([1, 1, 1]), interpolate=True, lineColor=array([-0.6706, -0.749 , -0.749 ]), lineColorSpace='rgb', lineRGB=array([-0.6706, -0.749 , -0.749 ]), lineWidth=3.0, name='drawing_area', opacity=1, ori=0.0, pos=array([0., 0.]), size=array([0.5, 0.5]), units='height', vertices=ndarray(...), win=Window(...))
4.0134 	EXP 	Created instrutions_text = TextStim(__class__=<class 'psychopy.visual.text.TextStim'>, alignHoriz=method-wrapper(...), alignText='center', alignVert=method-wrapper(...), anchorHoriz='center', anchorVert='center', antialias=True, autoDraw=False, autoLog=True, bold=False, color=array([1., 1., 1.]), colorSpace='rgb', contrast=1.0, depth=0.0, draggable=False, flipHoriz=False, flipVert=False, font='Arial', fontFiles=[], height=np.float64(0.05), italic=False, languageStyle='LTR', name='instrutions_text', opacity=1, ori=0.0, pos=array([0., 0.]), rgb=UNKNOWN, text=str(...), units='height', win=Window(...), wrapWidth=1)
4.0270 	EXP 	Created instructions_mouse_2 = ImageStim(__class__=<class 'psychopy.visual.image.ImageStim'>, anchor=('center', 'center'), autoLog=True, color=array([1., 1., 1.]), colorSpace='rgb', contrast=1.0, depth=0.0, draggable=False, flipHoriz=np.False_, flipVert=np.False_, image='stimuli/mouse_none.jpg', interpolate=True, mask='stimuli/mouse_mask.jpg', maskParams=None, name='instructions_mouse_2', opacity=1, ori=0.0, pos=array([0., 0.]), size=array([0.5, 0.5]), texRes=128.0, units='height', win=Window(...))
4.0307 	EXP 	Created mouse_none = ImageStim(__class__=<class 'psychopy.visual.image.ImageStim'>, anchor=('center', 'center'), autoLog=True, color=array([1., 1., 1.]), colorSpace='rgb', contrast=1.0, depth=0.0, draggable=False, flipHoriz=np.False_, flipVert=np.False_, image='stimuli/mouse_none.jpg', interpolate=True, mask='stimuli/mouse_mask.jpg', maskParams=None, name='mouse_none', opacity=1, ori=0.0, pos=array([0., 0.]), size=array([0.5, 0.5]), texRes=128.0, units='height', win=Window(...))
4.0343 	EXP 	Created image = ImageStim(__class__=<class 'psychopy.visual.image.ImageStim'>, anchor=('center', 'center'), autoLog=True, color=array([1., 1., 1.]), colorSpace='rgb', contrast=1.0, depth=-1.0, draggable=False, flipHoriz=np.False_, flipVert=np.False_, image='default.png', interpolate=True, mask='stimuli/mouse_mask.jpg', maskParams=None, name='image', opacity=1, ori=0.0, pos=array([0., 0.]), size=array([0.5, 0.5]), texRes=128.0, units='height', win=Window(...))
4.0381 	EXP 	Created mouse_none_2 = ImageStim(__class__=<class 'psychopy.visual.image.ImageStim'>, anchor=('center', 'center'), autoLog=True, color=array([1., 1., 1.]), colorSpace='rgb', contrast=1.0, depth=0.0, draggable=False, flipHoriz=np.False_, flipVert=np.False_, image='stimuli/mouse_none.jpg', interpolate=True, mask='stimuli/mouse_mask.jpg', maskParams=None, name='mouse_none_2', opacity=1, ori=0.0, pos=array([0., 0.]), size=array([0.5, 0.5]), texRes=128.0, units='height', win=Window(...))
4.0417 	EXP 	Created image_2 = ImageStim(__class__=<class 'psychopy.visual.image.ImageStim'>, anchor=('center', 'center'), autoLog=True, color=array([1., 1., 1.]), colorSpace='rgb', contrast=1.0, depth=-1.0, draggable=False, flipHoriz=np.False_, flipVert=np.False_, image='default.png', interpolate=True, mask='stimuli/mouse_mask.jpg', maskParams=None, name='image_2', opacity=1, ori=0.0, pos=array([0., 0.]), size=array([0.5, 0.5]), texRes=128.0, units='height', win=Window(...))
4.0456 	EXP 	Created thankyou_text = TextStim(__class__=<class 'psychopy.visual.text.TextStim'>, alignHoriz=method-wrapper(...), alignText='center', alignVert=method-wrapper(...), anchorHoriz='center', anchorVert='center', antialias=True, autoDraw=False, autoLog=True, bold=False, color=array([1., 1., 1.]), colorSpace='rgb', contrast=1.0, depth=0.0, draggable=False, flipHoriz=False, flipVert=False, font='Arial', fontFiles=[], height=np.float64(0.05), italic=False, languageStyle='LTR', name='thankyou_text', opacity=1, ori=0.0, pos=array([0., 0.]), rgb=UNKNOWN, text='Done, Thank You!\n\n(Click mouse to end).', units='height', win=Window(...), wrapWidth=1)
0.0152 	EXP 	brush: autoLog = True
0.0152 	EXP 	brush: autoDraw = False
0.0170 	EXP 	Resetting brush
0.0325 	EXP 	start_button: autoDraw = True
0.0325 	EXP 	brush: autoDraw = True
0.0325 	EXP 	drawing_area: autoDraw = True
1.6021 	DATA 	Mouse: Left button down, pos=(370,342)
1.6030 	EXP 	Resetting brush parameter: brushPos.
1.6030 	EXP 	Creating ShapeStim for brush
1.7370 	DATA 	Mouse:  Left button up, pos=(370,342)
1.9685 	DATA 	Mouse: Left button down, pos=(389,305)
1.9821 	EXP 	start_button: autoDraw = False
1.9821 	EXP 	brush: autoDraw = False
1.9821 	EXP 	drawing_area: autoDraw = False
1.9821 	EXP 	instrutions_text: autoDraw = True
2.3193 	DATA 	Mouse:  Left button up, pos=(393,240)
2.9177 	DATA 	Mouse: Left button down, pos=(388,240)
3.0204 	DATA 	Mouse:  Left button up, pos=(388,240)
3.7686 	DATA 	Keypress: escape
3.7715 	EXP 	Device response: <KeyPress from None: t=3.753276100032963, value=escape, duration=None>
3.8842 	EXP 	Device response: <KeyPress from None: t=3.753276100032963, value=escape, duration=0.1281256999936886>
3.8842 	EXP 	mouse: status = STOPPED
3.8987 	EXP 	instrutions_text: autoDraw = False
3.8999 	EXP 	mouse: status = STOPPED
3.9100 	INFO 	saved data to 'C:\\Users\\delgr\\Projects\\mouseGame\\data\\pilot_mouse_2025-06-17_23h39.08.386.csv'
3.9103 	INFO 	saved data to C:\Users\delgr\Projects\mouseGame\data\pilot_mouse_2025-06-17_23h39.08.386.psydat
4.0449 	DEBUG 	Saving data for mouse ExperimentHandler
4.0488 	WARNING 	Stopping key buffers but this could be dangerous ifother keyboards rely on the same.
