4.8897 	DEBUG 	Fullscreen settings ignored as running in pilot mode.
4.8911 	INFO 	Loaded monitor calibration from ['2025_06_17 20:17']
5.1450 	INFO 	Using renderer 'Intel(R) Iris(R) Xe Graphics' for graphics
5.1450 	INFO 	OpenGL version supported by driver is 4..
5.1685 	EXP 	Created window1 = Window(allowGUI=False, allowStencil=False, autoLog=True, backendConf=UNKNOWN, backgroundFit=<method-wrapper '__getattribute__' of attributeSetter object at 0x0000025D9062B670>, backgroundImage=<method-wrapper '__getattribute__' of attributeSetter object at 0x0000025D9062B610>, bitsMode=UNKNOWN, blendMode='avg', bpc=(8, 8, 8), color=array([0, 0, 0]), colorSpace='rgb', depthBits=8, fullscr=False, gamma=None, gammaErrorPolicy='raise', infoMsg=UNKNOWN, lms=UNKNOWN, monitor=<psychopy.monitors.calibTools.Monitor object at 0x0000025D906FCF40>, multiSample=False, name='window1', numSamples=2, pos=[np.float64(1520.0), np.float64(780.0)], screen=0, size=array([800, 600]), stencilBits=0, stereo=False, title='PsychoPy', units='height', useFBO=True, useRetina=False, viewOri=0.0, viewPos=None, viewScale=None, waitBlanking=True, winType='pyglet')
5.1686 	EXP 	window1: backgroundImage = ''
5.1687 	EXP 	window1: backgroundFit = 'none'
5.2020 	DEBUG 	TextBox2 loaded 1 chars with 0 blanks and 1 valid
5.2253 	DEBUG 	TextBox2 loaded 1 chars with 0 blanks and 1 valid
5.2495 	DEBUG 	TextBox2 loaded 1 chars with 0 blanks and 1 valid
5.2746 	DEBUG 	TextBox2 loaded 1 chars with 0 blanks and 1 valid
5.2995 	DEBUG 	TextBox2 loaded 1 chars with 0 blanks and 1 valid
5.3230 	DEBUG 	TextBox2 loaded 1 chars with 0 blanks and 1 valid
5.3469 	DEBUG 	TextBox2 loaded 1 chars with 0 blanks and 1 valid
5.3712 	DEBUG 	TextBox2 loaded 1 chars with 0 blanks and 1 valid
5.3943 	DEBUG 	TextBox2 loaded 1 chars with 0 blanks and 1 valid
5.4178 	DEBUG 	TextBox2 loaded 1 chars with 0 blanks and 1 valid
5.4422 	DEBUG 	TextBox2 loaded 1 chars with 0 blanks and 1 valid
5.4669 	DEBUG 	TextBox2 loaded 1 chars with 0 blanks and 1 valid
5.4906 	DEBUG 	TextBox2 loaded 1 chars with 0 blanks and 1 valid
5.5147 	DEBUG 	TextBox2 loaded 1 chars with 0 blanks and 1 valid
5.5387 	DEBUG 	TextBox2 loaded 1 chars with 0 blanks and 1 valid
5.5626 	DEBUG 	TextBox2 loaded 1 chars with 0 blanks and 1 valid
5.5881 	DEBUG 	TextBox2 loaded 1 chars with 0 blanks and 1 valid
5.6119 	DEBUG 	TextBox2 loaded 1 chars with 0 blanks and 1 valid
5.6354 	DEBUG 	TextBox2 loaded 1 chars with 0 blanks and 1 valid
5.6604 	DEBUG 	TextBox2 loaded 1 chars with 0 blanks and 1 valid
5.6836 	DEBUG 	TextBox2 loaded 1 chars with 0 blanks and 1 valid
5.6844 	DEBUG 	Uploading Texture Font fontname to graphics card
5.6944 	DEBUG 	Upload of Texture Font fontname complete
5.7325 	DEBUG 	TextBox2 loaded 1 chars with 0 blanks and 1 valid
5.7584 	DEBUG 	TextBox2 loaded 1 chars with 0 blanks and 1 valid
5.7847 	DEBUG 	TextBox2 loaded 1 chars with 0 blanks and 1 valid
5.7856 	DEBUG 	Uploading Texture Font fontname to graphics card
5.7939 	DEBUG 	Upload of Texture Font fontname complete
5.7985 	EXP 	window1: Attempting to measure frame rate of screen (0) ...
5.7986 	EXP 	window1: recordFrameIntervals = False
5.9813 	EXP 	window1: recordFrameIntervals = True
6.1987 	EXP 	Screen (0) actual frame rate measured at 59.91Hz
6.1988 	EXP 	window1: recordFrameIntervals = False
6.2283 	DEBUG 	TextBox2 loaded 1 chars with 0 blanks and 1 valid
6.2497 	DEBUG 	TextBox2 loaded 1 chars with 0 blanks and 1 valid
6.2712 	DEBUG 	TextBox2 loaded 1 chars with 0 blanks and 1 valid
6.2937 	DEBUG 	TextBox2 loaded 1 chars with 0 blanks and 1 valid
6.3158 	DEBUG 	TextBox2 loaded 1 chars with 0 blanks and 1 valid
6.3366 	DEBUG 	TextBox2 loaded 1 chars with 0 blanks and 1 valid
6.3581 	DEBUG 	TextBox2 loaded 1 chars with 0 blanks and 1 valid
6.3791 	DEBUG 	TextBox2 loaded 1 chars with 0 blanks and 1 valid
6.3998 	DEBUG 	TextBox2 loaded 1 chars with 0 blanks and 1 valid
6.4205 	DEBUG 	TextBox2 loaded 1 chars with 0 blanks and 1 valid
6.4212 	DEBUG 	Uploading Texture Font fontname to graphics card
6.4221 	DEBUG 	Upload of Texture Font fontname complete
6.8975 	INFO 	keyboard.Keyboard is using ptb backend.
6.8976 	EXP 	mouse: status = STARTED
6.9010 	EXP 	Created drawing_area = Rect(__class__=<class 'psychopy.visual.rect.Rect'>, anchor=('center', 'center'), autoDraw=False, autoLog=True, closeShape=True, color=method-wrapper(...), colorSpace='rgb', contrast=None, depth=0.0, draggable=False, fillColor=array([1, 1, 1]), fillColorSpace='rgb', fillRGB=array([1, 1, 1]), interpolate=True, lineColor=array([-0.6706, -0.749 , -0.749 ]), lineColorSpace='rgb', lineRGB=array([-0.6706, -0.749 , -0.749 ]), lineWidth=3.0, name='drawing_area', opacity=1, ori=0.0, pos=array([0., 0.]), size=array([0.5, 0.5]), units='height', vertices=ndarray(...), win=Window(...))
6.9011 	EXP 	Created brush = <psychopy.visual.brush.Brush object at 0x0000025D9A5124A0>
6.9027 	EXP 	Created start_button = Rect(__class__=<class 'psychopy.visual.rect.Rect'>, anchor=('center', 'center'), autoDraw=False, autoLog=True, closeShape=True, color=method-wrapper(...), colorSpace='rgb', contrast=None, depth=-3.0, draggable=False, fillColor=array([1, 1, 1]), fillColorSpace='rgb', fillRGB=array([1, 1, 1]), interpolate=True, lineColor=array([ 0.6078, -0.2784, -0.2784]), lineColorSpace='rgb', lineRGB=array([ 0.6078, -0.2784, -0.2784]), lineWidth=2.0, name='start_button', opacity=1, ori=0.0, pos=array([ 0. , -3.5]), size=array([0.3, 0.1]), units='height', vertices=ndarray(...), win=Window(...))
6.9789 	EXP 	Created instrutions_text = TextStim(__class__=<class 'psychopy.visual.text.TextStim'>, alignHoriz=method-wrapper(...), alignText='center', alignVert=method-wrapper(...), anchorHoriz='center', anchorVert='center', antialias=True, autoDraw=False, autoLog=True, bold=False, color=array([1., 1., 1.]), colorSpace='rgb', contrast=1.0, depth=0.0, draggable=False, flipHoriz=False, flipVert=False, font='Arial', fontFiles=[], height=np.float64(0.05), italic=False, languageStyle='LTR', name='instrutions_text', opacity=1, ori=0.0, pos=array([0., 0.]), rgb=UNKNOWN, text=str(...), units='height', win=Window(...), wrapWidth=1)
7.0075 	EXP 	Created instructions_mouse_2 = ImageStim(__class__=<class 'psychopy.visual.image.ImageStim'>, anchor=('center', 'center'), autoLog=True, color=array([1., 1., 1.]), colorSpace='rgb', contrast=1.0, depth=0.0, draggable=False, flipHoriz=np.False_, flipVert=np.False_, image='stimuli/mouse_none.jpg', interpolate=True, mask='stimuli/mouse_mask.jpg', maskParams=None, name='instructions_mouse_2', opacity=1, ori=0.0, pos=array([0., 0.]), size=array([0.5, 0.5]), texRes=128.0, units='height', win=Window(...))
7.0163 	EXP 	Created mouse_none = ImageStim(__class__=<class 'psychopy.visual.image.ImageStim'>, anchor=('center', 'center'), autoLog=True, color=array([1., 1., 1.]), colorSpace='rgb', contrast=1.0, depth=0.0, draggable=False, flipHoriz=np.False_, flipVert=np.False_, image='stimuli/mouse_none.jpg', interpolate=True, mask='stimuli/mouse_mask.jpg', maskParams=None, name='mouse_none', opacity=1, ori=0.0, pos=array([0., 0.]), size=array([0.5, 0.5]), texRes=128.0, units='height', win=Window(...))
7.0255 	EXP 	Created image = ImageStim(__class__=<class 'psychopy.visual.image.ImageStim'>, anchor=('center', 'center'), autoLog=True, color=array([1., 1., 1.]), colorSpace='rgb', contrast=1.0, depth=-1.0, draggable=False, flipHoriz=np.False_, flipVert=np.False_, image='default.png', interpolate=True, mask='stimuli/mouse_mask.jpg', maskParams=None, name='image', opacity=1, ori=0.0, pos=array([0., 0.]), size=array([0.5, 0.5]), texRes=128.0, units='height', win=Window(...))
7.0357 	EXP 	Created mouse_none_2 = ImageStim(__class__=<class 'psychopy.visual.image.ImageStim'>, anchor=('center', 'center'), autoLog=True, color=array([1., 1., 1.]), colorSpace='rgb', contrast=1.0, depth=0.0, draggable=False, flipHoriz=np.False_, flipVert=np.False_, image='stimuli/mouse_none.jpg', interpolate=True, mask='stimuli/mouse_mask.jpg', maskParams=None, name='mouse_none_2', opacity=1, ori=0.0, pos=array([0., 0.]), size=array([0.5, 0.5]), texRes=128.0, units='height', win=Window(...))
7.0434 	EXP 	Created image_2 = ImageStim(__class__=<class 'psychopy.visual.image.ImageStim'>, anchor=('center', 'center'), autoLog=True, color=array([1., 1., 1.]), colorSpace='rgb', contrast=1.0, depth=-1.0, draggable=False, flipHoriz=np.False_, flipVert=np.False_, image='default.png', interpolate=True, mask='stimuli/mouse_mask.jpg', maskParams=None, name='image_2', opacity=1, ori=0.0, pos=array([0., 0.]), size=array([0.5, 0.5]), texRes=128.0, units='height', win=Window(...))
7.0517 	EXP 	Created thankyou_text = TextStim(__class__=<class 'psychopy.visual.text.TextStim'>, alignHoriz=method-wrapper(...), alignText='center', alignVert=method-wrapper(...), anchorHoriz='center', anchorVert='center', antialias=True, autoDraw=False, autoLog=True, bold=False, color=array([1., 1., 1.]), colorSpace='rgb', contrast=1.0, depth=0.0, draggable=False, flipHoriz=False, flipVert=False, font='Arial', fontFiles=[], height=np.float64(0.05), italic=False, languageStyle='LTR', name='thankyou_text', opacity=1, ori=0.0, pos=array([0., 0.]), rgb=UNKNOWN, text='Done, Thank You!\n\n(Click mouse to end).', units='height', win=Window(...), wrapWidth=1)
0.0124 	EXP 	brush: autoLog = True
0.0124 	EXP 	brush: autoDraw = False
0.0172 	EXP 	Resetting brush
0.0298 	EXP 	drawing_area: autoDraw = True
0.0298 	EXP 	brush: autoDraw = True
0.0298 	EXP 	start_button: autoDraw = True
3.1532 	DATA 	Mouse: Left button down, pos=(395,314)
3.1532 	EXP 	Resetting brush parameter: brushPos.
3.1533 	EXP 	Creating ShapeStim for brush
4.4206 	DATA 	Mouse:  Left button up, pos=(324,380)
5.5366 	DATA 	Mouse: Left button down, pos=(429,92)
5.5373 	EXP 	Resetting brush parameter: brushPos.
5.5373 	EXP 	Creating ShapeStim for brush
5.9004 	DATA 	Mouse:  Left button up, pos=(316,112)
6.5193 	DATA 	Keypress: escape
6.5231 	EXP 	Device response: <KeyPress from None: t=6.511346599960234, value=escape, duration=None>
6.6345 	EXP 	Device response: <KeyPress from None: t=6.511346599960234, value=escape, duration=0.11895020003430545>
6.6345 	EXP 	mouse: status = STOPPED
6.6464 	EXP 	drawing_area: autoDraw = False
6.6464 	EXP 	brush: autoDraw = False
6.6464 	EXP 	start_button: autoDraw = False
6.6497 	EXP 	mouse: status = STOPPED
6.6527 	INFO 	saved data to 'C:\\Users\\delgr\\Projects\\mouseGame\\data\\pilot_mouse_2025-06-17_23h35.43.223.csv'
6.6534 	INFO 	saved data to C:\Users\delgr\Projects\mouseGame\data\pilot_mouse_2025-06-17_23h35.43.223.psydat
6.9055 	DEBUG 	Saving data for mouse ExperimentHandler
6.9129 	WARNING 	Stopping key buffers but this could be dangerous ifother keyboards rely on the same.
