2.9180 	DEBUG 	Fullscreen settings ignored as running in pilot mode.
2.9188 	INFO 	Loaded monitor calibration from ['2025_06_17 20:17']
3.0019 	INFO 	Using renderer 'Intel(R) Iris(R) Xe Graphics' for graphics
3.0020 	INFO 	OpenGL version supported by driver is 4..
3.0109 	EXP 	Created window1 = Window(allowGUI=False, allowStencil=False, autoLog=True, backendConf=UNKNOWN, backgroundFit=<method-wrapper '__getattribute__' of attributeSetter object at 0x000001AC02DA2BC0>, backgroundImage=<method-wrapper '__getattribute__' of attributeSetter object at 0x000001AC02DA2B60>, bitsMode=UNKNOWN, blendMode='avg', bpc=(8, 8, 8), color=array([0, 0, 0]), colorSpace='rgb', depthBits=8, fullscr=False, gamma=None, gammaErrorPolicy='raise', infoMsg=UNKNOWN, lms=UNKNOWN, monitor=<psychopy.monitors.calibTools.Monitor object at 0x000001AC02E70490>, multiSample=False, name='window1', numSamples=2, pos=[np.float64(1520.0), np.float64(780.0)], screen=0, size=array([800, 600]), stencilBits=0, stereo=False, title='PsychoPy', units='height', useFBO=True, useRetina=False, viewOri=0.0, viewPos=None, viewScale=None, waitBlanking=True, winType='pyglet')
3.0110 	EXP 	window1: backgroundImage = ''
3.0110 	EXP 	window1: backgroundFit = 'none'
3.0253 	DEBUG 	TextBox2 loaded 1 chars with 0 blanks and 1 valid
3.0349 	DEBUG 	TextBox2 loaded 1 chars with 0 blanks and 1 valid
3.0443 	DEBUG 	TextBox2 loaded 1 chars with 0 blanks and 1 valid
3.0539 	DEBUG 	TextBox2 loaded 1 chars with 0 blanks and 1 valid
3.0635 	DEBUG 	TextBox2 loaded 1 chars with 0 blanks and 1 valid
3.0725 	DEBUG 	TextBox2 loaded 1 chars with 0 blanks and 1 valid
3.0817 	DEBUG 	TextBox2 loaded 1 chars with 0 blanks and 1 valid
3.0909 	DEBUG 	TextBox2 loaded 1 chars with 0 blanks and 1 valid
3.0997 	DEBUG 	TextBox2 loaded 1 chars with 0 blanks and 1 valid
3.1084 	DEBUG 	TextBox2 loaded 1 chars with 0 blanks and 1 valid
3.1173 	DEBUG 	TextBox2 loaded 1 chars with 0 blanks and 1 valid
3.1263 	DEBUG 	TextBox2 loaded 1 chars with 0 blanks and 1 valid
3.1352 	DEBUG 	TextBox2 loaded 1 chars with 0 blanks and 1 valid
3.1444 	DEBUG 	TextBox2 loaded 1 chars with 0 blanks and 1 valid
3.1533 	DEBUG 	TextBox2 loaded 1 chars with 0 blanks and 1 valid
3.1626 	DEBUG 	TextBox2 loaded 1 chars with 0 blanks and 1 valid
3.1715 	DEBUG 	TextBox2 loaded 1 chars with 0 blanks and 1 valid
3.1808 	DEBUG 	TextBox2 loaded 1 chars with 0 blanks and 1 valid
3.1902 	DEBUG 	TextBox2 loaded 1 chars with 0 blanks and 1 valid
3.1999 	DEBUG 	TextBox2 loaded 1 chars with 0 blanks and 1 valid
3.2092 	DEBUG 	TextBox2 loaded 1 chars with 0 blanks and 1 valid
3.2095 	DEBUG 	Uploading Texture Font fontname to graphics card
3.2137 	DEBUG 	Upload of Texture Font fontname complete
3.2270 	DEBUG 	TextBox2 loaded 1 chars with 0 blanks and 1 valid
3.2364 	DEBUG 	TextBox2 loaded 1 chars with 0 blanks and 1 valid
3.2452 	DEBUG 	TextBox2 loaded 1 chars with 0 blanks and 1 valid
3.2454 	DEBUG 	Uploading Texture Font fontname to graphics card
3.2483 	DEBUG 	Upload of Texture Font fontname complete
3.2498 	EXP 	window1: Attempting to measure frame rate of screen (0) ...
3.2498 	EXP 	window1: recordFrameIntervals = False
3.4124 	EXP 	window1: recordFrameIntervals = True
3.5953 	EXP 	Screen (0) actual frame rate measured at 60.00Hz
3.5953 	EXP 	window1: recordFrameIntervals = False
3.6075 	DEBUG 	TextBox2 loaded 1 chars with 0 blanks and 1 valid
3.6167 	DEBUG 	TextBox2 loaded 1 chars with 0 blanks and 1 valid
3.6249 	DEBUG 	TextBox2 loaded 1 chars with 0 blanks and 1 valid
3.6341 	DEBUG 	TextBox2 loaded 1 chars with 0 blanks and 1 valid
3.6430 	DEBUG 	TextBox2 loaded 1 chars with 0 blanks and 1 valid
3.6521 	DEBUG 	TextBox2 loaded 1 chars with 0 blanks and 1 valid
3.6607 	DEBUG 	TextBox2 loaded 1 chars with 0 blanks and 1 valid
3.6697 	DEBUG 	TextBox2 loaded 1 chars with 0 blanks and 1 valid
3.6795 	DEBUG 	TextBox2 loaded 1 chars with 0 blanks and 1 valid
3.6885 	DEBUG 	TextBox2 loaded 1 chars with 0 blanks and 1 valid
3.6888 	DEBUG 	Uploading Texture Font fontname to graphics card
3.6892 	DEBUG 	Upload of Texture Font fontname complete
4.0604 	INFO 	keyboard.Keyboard is using ptb backend.
4.0604 	EXP 	mouse: status = STARTED
4.0964 	EXP 	Created instrutions_text = TextStim(__class__=<class 'psychopy.visual.text.TextStim'>, alignHoriz=method-wrapper(...), alignText='center', alignVert=method-wrapper(...), anchorHoriz='center', anchorVert='center', antialias=True, autoDraw=False, autoLog=True, bold=False, color=array([1., 1., 1.]), colorSpace='rgb', contrast=1.0, depth=-1.0, draggable=False, flipHoriz=False, flipVert=False, font='Arial', fontFiles=[], height=np.float64(0.05), italic=False, languageStyle='LTR', name='instrutions_text', opacity=1, ori=0.0, pos=array([0., 0.]), rgb=UNKNOWN, text=str(...), units='height', win=Window(...), wrapWidth=1)
4.1098 	EXP 	Created instructions_mouse_2 = ImageStim(__class__=<class 'psychopy.visual.image.ImageStim'>, anchor=('center', 'center'), autoLog=True, color=array([1., 1., 1.]), colorSpace='rgb', contrast=1.0, depth=0.0, draggable=False, flipHoriz=np.False_, flipVert=np.False_, image='stimuli/mouse_none.jpg', interpolate=True, mask='stimuli/mouse_mask.jpg', maskParams=None, name='instructions_mouse_2', opacity=1, ori=0.0, pos=array([0., 0.]), size=array([0.5, 0.5]), texRes=128.0, units='height', win=Window(...))
4.1137 	EXP 	Created mouse_none = ImageStim(__class__=<class 'psychopy.visual.image.ImageStim'>, anchor=('center', 'center'), autoLog=True, color=array([1., 1., 1.]), colorSpace='rgb', contrast=1.0, depth=0.0, draggable=False, flipHoriz=np.False_, flipVert=np.False_, image='stimuli/mouse_none.jpg', interpolate=True, mask='stimuli/mouse_mask.jpg', maskParams=None, name='mouse_none', opacity=1, ori=0.0, pos=array([0., 0.]), size=array([0.5, 0.5]), texRes=128.0, units='height', win=Window(...))
4.1170 	EXP 	Created image = ImageStim(__class__=<class 'psychopy.visual.image.ImageStim'>, anchor=('center', 'center'), autoLog=True, color=array([1., 1., 1.]), colorSpace='rgb', contrast=1.0, depth=-1.0, draggable=False, flipHoriz=np.False_, flipVert=np.False_, image='default.png', interpolate=True, mask='stimuli/mouse_mask.jpg', maskParams=None, name='image', opacity=1, ori=0.0, pos=array([0., 0.]), size=array([0.5, 0.5]), texRes=128.0, units='height', win=Window(...))
4.1208 	EXP 	Created mouse_none_2 = ImageStim(__class__=<class 'psychopy.visual.image.ImageStim'>, anchor=('center', 'center'), autoLog=True, color=array([1., 1., 1.]), colorSpace='rgb', contrast=1.0, depth=0.0, draggable=False, flipHoriz=np.False_, flipVert=np.False_, image='stimuli/mouse_none.jpg', interpolate=True, mask='stimuli/mouse_mask.jpg', maskParams=None, name='mouse_none_2', opacity=1, ori=0.0, pos=array([0., 0.]), size=array([0.5, 0.5]), texRes=128.0, units='height', win=Window(...))
4.1241 	EXP 	Created image_2 = ImageStim(__class__=<class 'psychopy.visual.image.ImageStim'>, anchor=('center', 'center'), autoLog=True, color=array([1., 1., 1.]), colorSpace='rgb', contrast=1.0, depth=-1.0, draggable=False, flipHoriz=np.False_, flipVert=np.False_, image='default.png', interpolate=True, mask='stimuli/mouse_mask.jpg', maskParams=None, name='image_2', opacity=1, ori=0.0, pos=array([0., 0.]), size=array([0.5, 0.5]), texRes=128.0, units='height', win=Window(...))
0.0213 	EXP 	instrutions_text: autoDraw = True
1.1576 	DATA 	Mouse: Left button down, pos=(493,319)
1.2588 	DATA 	Mouse:  Left button up, pos=(493,319)
3.1255 	DATA 	Mouse: Left button down, pos=(448,234)
3.2127 	DATA 	Mouse:  Left button up, pos=(448,234)
5.1080 	DATA 	Mouse: Left button down, pos=(554,294)
5.1227 	EXP 	instrutions_text: autoDraw = False
5.1227 	EXP 	instructions_mouse_2: autoDraw = True
5.1917 	DATA 	Mouse:  Left button up, pos=(554,294)
7.0940 	DATA 	Mouse: Left button down, pos=(619,324)
7.1763 	DATA 	Mouse:  Left button up, pos=(619,324)
8.1230 	EXP 	New trial (rep=0, index=0): <Trial 0 (0 in rep 0) data={'thisN': 0, 'thisTrialN': 0, 'thisRepN': 0}>
8.1250 	DEBUG 	Read csv file with pandas: conditions.csv
8.1257 	DEBUG 	Clearing unnamed columns from conditions.csv
8.1258 	EXP 	Imported conditions.csv as conditions, 2 conditions, 1 params
8.1260 	EXP 	New trial (rep=0, index=0): <Trial 0 (0 in rep 0) data={'mouse_stim_side': 'stimuli/mouse_right.jpg', 'thisN': 0, 'thisTrialN': 0, 'thisRepN': 0}>
8.1382 	EXP 	instructions_mouse_2: autoDraw = False
8.1382 	EXP 	image: image = 'stimuli/mouse_right.jpg'
8.1382 	EXP 	mouse_none: autoDraw = True
8.4219 	EXP 	image: autoDraw = True
8.4387 	EXP 	mouse_none: autoDraw = False
8.9253 	DATA 	Mouse: Right button down, pos=(619,324)
8.9258 	EXP 	New trial (rep=0, index=1): <Trial 1 (1 in rep 0) data={'mouse_stim_side': 'stimuli/mouse_left.jpg', 'thisN': 1, 'thisTrialN': 1, 'thisRepN': 0}>
8.9388 	EXP 	mouse_none: autoDraw = False
8.9388 	EXP 	image: autoDraw = False
8.9388 	EXP 	image: image = 'stimuli/mouse_left.jpg'
8.9388 	EXP 	mouse_none: autoDraw = True
9.0089 	DATA 	Mouse:  Right button up, pos=(619,324)
9.2392 	EXP 	mouse_none: autoDraw = False
9.2392 	EXP 	image: autoDraw = True
9.5920 	DATA 	Mouse: Left button down, pos=(619,324)
9.5924 	EXP 	New trial (rep=1, index=0): <Trial 2 (0 in rep 1) data={'mouse_stim_side': 'stimuli/mouse_left.jpg', 'thisN': 2, 'thisTrialN': 0, 'thisRepN': 1}>
9.6055 	EXP 	mouse_none: autoDraw = False
9.6055 	EXP 	image: autoDraw = False
9.6055 	EXP 	image: image = 'stimuli/mouse_left.jpg'
9.6055 	EXP 	mouse_none: autoDraw = True
9.6946 	DATA 	Mouse:  Left button up, pos=(619,324)
9.9055 	EXP 	mouse_none: autoDraw = False
9.9055 	EXP 	image: autoDraw = True
10.2081 	DATA 	Mouse: Left button down, pos=(619,324)
10.2086 	EXP 	New trial (rep=1, index=1): <Trial 3 (1 in rep 1) data={'mouse_stim_side': 'stimuli/mouse_right.jpg', 'thisN': 3, 'thisTrialN': 1, 'thisRepN': 1}>
10.2215 	EXP 	mouse_none: autoDraw = False
10.2215 	EXP 	image: autoDraw = False
10.2215 	EXP 	image: image = 'stimuli/mouse_right.jpg'
10.2215 	EXP 	mouse_none: autoDraw = True
10.3270 	DATA 	Mouse:  Left button up, pos=(619,324)
10.5223 	EXP 	mouse_none: autoDraw = False
10.5223 	EXP 	image: autoDraw = True
10.8264 	DATA 	Mouse: Right button down, pos=(619,324)
10.8296 	DEBUG 	Read csv file with pandas: conditions_letter2.csv
10.8302 	DEBUG 	Clearing unnamed columns from conditions_letter2.csv
10.8304 	EXP 	Imported conditions_letter2.csv as conditions, 2 conditions, 1 params
10.8305 	EXP 	New trial (rep=0, index=0): <Trial 0 (0 in rep 0) data={'mouse_stim_side': 'stimuli/mouse_right_letter.jpg', 'thisN': 0, 'thisTrialN': 0, 'thisRepN': 0}>
10.8380 	EXP 	mouse_none: autoDraw = False
10.8380 	EXP 	image: autoDraw = False
10.8380 	EXP 	image_2: image = 'stimuli/mouse_right_letter.jpg'
10.8380 	EXP 	mouse_none_2: autoDraw = True
10.9584 	DATA 	Mouse:  Right button up, pos=(619,324)
11.1391 	EXP 	mouse_none_2: autoDraw = False
11.1391 	EXP 	image_2: autoDraw = True
11.9432 	DATA 	Mouse: Right button down, pos=(619,324)
11.9437 	EXP 	New trial (rep=0, index=1): <Trial 1 (1 in rep 0) data={'mouse_stim_side': 'stimuli/mouse_left_letter.jpg', 'thisN': 1, 'thisTrialN': 1, 'thisRepN': 0}>
11.9553 	EXP 	mouse_none_2: autoDraw = False
11.9553 	EXP 	image_2: autoDraw = False
11.9553 	EXP 	image_2: image = 'stimuli/mouse_left_letter.jpg'
11.9553 	EXP 	mouse_none_2: autoDraw = True
12.0592 	DATA 	Mouse:  Right button up, pos=(619,324)
12.2558 	EXP 	mouse_none_2: autoDraw = False
12.2558 	EXP 	image_2: autoDraw = True
12.6599 	DATA 	Mouse: Left button down, pos=(619,324)
12.6605 	EXP 	New trial (rep=1, index=0): <Trial 2 (0 in rep 1) data={'mouse_stim_side': 'stimuli/mouse_right_letter.jpg', 'thisN': 2, 'thisTrialN': 0, 'thisRepN': 1}>
12.6715 	EXP 	mouse_none_2: autoDraw = False
12.6715 	EXP 	image_2: autoDraw = False
12.6715 	EXP 	image_2: image = 'stimuli/mouse_right_letter.jpg'
12.6715 	EXP 	mouse_none_2: autoDraw = True
12.7778 	DATA 	Mouse:  Left button up, pos=(619,324)
12.9719 	EXP 	mouse_none_2: autoDraw = False
12.9719 	EXP 	image_2: autoDraw = True
13.4588 	DATA 	Mouse: Right button down, pos=(619,324)
13.4592 	EXP 	New trial (rep=1, index=1): <Trial 3 (1 in rep 1) data={'mouse_stim_side': 'stimuli/mouse_left_letter.jpg', 'thisN': 3, 'thisTrialN': 1, 'thisRepN': 1}>
13.4712 	EXP 	mouse_none_2: autoDraw = False
13.4712 	EXP 	image_2: autoDraw = False
13.4712 	EXP 	image_2: image = 'stimuli/mouse_left_letter.jpg'
13.4712 	EXP 	mouse_none_2: autoDraw = True
13.5918 	DATA 	Mouse:  Right button up, pos=(619,324)
13.7712 	EXP 	mouse_none_2: autoDraw = False
13.7712 	EXP 	image_2: autoDraw = True
14.1092 	DATA 	Mouse: Left button down, pos=(619,324)
14.1110 	EXP 	New trial (rep=1, index=0): <Trial 1 (0 in rep 1) data={'thisN': 1, 'thisTrialN': 0, 'thisRepN': 1}>
14.1128 	DEBUG 	Read csv file with pandas: conditions.csv
14.1136 	DEBUG 	Clearing unnamed columns from conditions.csv
14.1138 	EXP 	Imported conditions.csv as conditions, 2 conditions, 1 params
14.1140 	EXP 	New trial (rep=0, index=0): <Trial 0 (0 in rep 0) data={'mouse_stim_side': 'stimuli/mouse_left.jpg', 'thisN': 0, 'thisTrialN': 0, 'thisRepN': 0}>
14.1212 	EXP 	mouse_none_2: autoDraw = False
14.1212 	EXP 	image_2: autoDraw = False
14.1212 	EXP 	image: image = 'stimuli/mouse_left.jpg'
14.1212 	EXP 	mouse_none: autoDraw = True
14.2261 	DATA 	Mouse:  Left button up, pos=(619,324)
14.4225 	EXP 	mouse_none: autoDraw = False
14.4225 	EXP 	image: autoDraw = True
15.0273 	DATA 	Mouse: Left button down, pos=(619,324)
15.0277 	EXP 	New trial (rep=0, index=1): <Trial 1 (1 in rep 0) data={'mouse_stim_side': 'stimuli/mouse_right.jpg', 'thisN': 1, 'thisTrialN': 1, 'thisRepN': 0}>
15.0380 	EXP 	mouse_none: autoDraw = False
15.0380 	EXP 	image: autoDraw = False
15.0380 	EXP 	image: image = 'stimuli/mouse_right.jpg'
15.0380 	EXP 	mouse_none: autoDraw = True
15.1619 	DATA 	Mouse:  Left button up, pos=(619,324)
15.3387 	EXP 	mouse_none: autoDraw = False
15.3387 	EXP 	image: autoDraw = True
15.6758 	DATA 	Mouse: Right button down, pos=(619,324)
15.6762 	EXP 	New trial (rep=1, index=0): <Trial 2 (0 in rep 1) data={'mouse_stim_side': 'stimuli/mouse_left.jpg', 'thisN': 2, 'thisTrialN': 0, 'thisRepN': 1}>
15.6883 	EXP 	mouse_none: autoDraw = False
15.6883 	EXP 	image: autoDraw = False
15.6883 	EXP 	image: image = 'stimuli/mouse_left.jpg'
15.6883 	EXP 	mouse_none: autoDraw = True
15.7773 	DATA 	Mouse:  Right button up, pos=(619,324)
15.9883 	EXP 	mouse_none: autoDraw = False
15.9883 	EXP 	image: autoDraw = True
16.3419 	DATA 	Mouse: Left button down, pos=(619,324)
16.3424 	EXP 	New trial (rep=1, index=1): <Trial 3 (1 in rep 1) data={'mouse_stim_side': 'stimuli/mouse_right.jpg', 'thisN': 3, 'thisTrialN': 1, 'thisRepN': 1}>
16.3548 	EXP 	mouse_none: autoDraw = False
16.3548 	EXP 	image: autoDraw = False
16.3548 	EXP 	image: image = 'stimuli/mouse_right.jpg'
16.3548 	EXP 	mouse_none: autoDraw = True
16.4446 	DATA 	Mouse:  Left button up, pos=(619,324)
16.6545 	EXP 	mouse_none: autoDraw = False
16.6545 	EXP 	image: autoDraw = True
16.9235 	DATA 	Mouse: Right button down, pos=(619,324)
16.9258 	DEBUG 	Read csv file with pandas: conditions_letter2.csv
16.9263 	DEBUG 	Clearing unnamed columns from conditions_letter2.csv
16.9264 	EXP 	Imported conditions_letter2.csv as conditions, 2 conditions, 1 params
16.9266 	EXP 	New trial (rep=0, index=0): <Trial 0 (0 in rep 0) data={'mouse_stim_side': 'stimuli/mouse_right_letter.jpg', 'thisN': 0, 'thisTrialN': 0, 'thisRepN': 0}>
16.9385 	EXP 	mouse_none: autoDraw = False
16.9385 	EXP 	image: autoDraw = False
16.9385 	EXP 	image_2: image = 'stimuli/mouse_right_letter.jpg'
16.9385 	EXP 	mouse_none_2: autoDraw = True
17.0432 	DATA 	Mouse:  Right button up, pos=(619,324)
17.2217 	EXP 	image_2: autoDraw = True
17.2387 	EXP 	mouse_none_2: autoDraw = False
17.7609 	DATA 	Mouse: Right button down, pos=(616,311)
17.7616 	EXP 	New trial (rep=0, index=1): <Trial 1 (1 in rep 0) data={'mouse_stim_side': 'stimuli/mouse_left_letter.jpg', 'thisN': 1, 'thisTrialN': 1, 'thisRepN': 0}>
17.7725 	EXP 	mouse_none_2: autoDraw = False
17.7725 	EXP 	image_2: autoDraw = False
17.7725 	EXP 	image_2: image = 'stimuli/mouse_left_letter.jpg'
17.7725 	EXP 	mouse_none_2: autoDraw = True
17.8598 	DATA 	Mouse:  Right button up, pos=(616,311)
18.0728 	EXP 	image_2: autoDraw = True
18.0894 	EXP 	mouse_none_2: autoDraw = False
18.4264 	DATA 	Mouse: Left button down, pos=(613,314)
18.4271 	EXP 	New trial (rep=1, index=0): <Trial 2 (0 in rep 1) data={'mouse_stim_side': 'stimuli/mouse_left_letter.jpg', 'thisN': 2, 'thisTrialN': 0, 'thisRepN': 1}>
18.4386 	EXP 	mouse_none_2: autoDraw = False
18.4386 	EXP 	image_2: autoDraw = False
18.4386 	EXP 	image_2: image = 'stimuli/mouse_left_letter.jpg'
18.4386 	EXP 	mouse_none_2: autoDraw = True
18.5103 	DATA 	Mouse:  Left button up, pos=(613,314)
18.7392 	EXP 	mouse_none_2: autoDraw = False
18.7392 	EXP 	image_2: autoDraw = True
18.9733 	DATA 	Mouse: Right button down, pos=(613,314)
18.9739 	EXP 	New trial (rep=1, index=1): <Trial 3 (1 in rep 1) data={'mouse_stim_side': 'stimuli/mouse_right_letter.jpg', 'thisN': 3, 'thisTrialN': 1, 'thisRepN': 1}>
18.9885 	EXP 	mouse_none_2: autoDraw = False
18.9885 	EXP 	image_2: autoDraw = False
18.9885 	EXP 	image_2: image = 'stimuli/mouse_right_letter.jpg'
18.9885 	EXP 	mouse_none_2: autoDraw = True
19.0945 	DATA 	Mouse:  Right button up, pos=(603,313)
19.2729 	EXP 	image_2: autoDraw = True
19.2893 	EXP 	mouse_none_2: autoDraw = False
19.9248 	DATA 	Mouse: Right button down, pos=(603,313)
19.9265 	EXP 	New trial (rep=2, index=0): <Trial 2 (0 in rep 2) data={'thisN': 2, 'thisTrialN': 0, 'thisRepN': 2}>
19.9281 	DEBUG 	Read csv file with pandas: conditions.csv
19.9289 	DEBUG 	Clearing unnamed columns from conditions.csv
19.9292 	EXP 	Imported conditions.csv as conditions, 2 conditions, 1 params
19.9294 	EXP 	New trial (rep=0, index=0): <Trial 0 (0 in rep 0) data={'mouse_stim_side': 'stimuli/mouse_right.jpg', 'thisN': 0, 'thisTrialN': 0, 'thisRepN': 0}>
19.9382 	EXP 	mouse_none_2: autoDraw = False
19.9382 	EXP 	image_2: autoDraw = False
19.9382 	EXP 	image: image = 'stimuli/mouse_right.jpg'
19.9382 	EXP 	mouse_none: autoDraw = True
20.0273 	DATA 	Mouse:  Right button up, pos=(572,304)
20.2396 	EXP 	mouse_none: autoDraw = False
20.2396 	EXP 	image: autoDraw = True
20.8094 	DATA 	Mouse: Right button down, pos=(572,304)
20.8100 	EXP 	New trial (rep=0, index=1): <Trial 1 (1 in rep 0) data={'mouse_stim_side': 'stimuli/mouse_left.jpg', 'thisN': 1, 'thisTrialN': 1, 'thisRepN': 0}>
20.8229 	EXP 	mouse_none: autoDraw = False
20.8229 	EXP 	image: autoDraw = False
20.8229 	EXP 	image: image = 'stimuli/mouse_left.jpg'
20.8229 	EXP 	mouse_none: autoDraw = True
20.9241 	DATA 	Mouse:  Right button up, pos=(572,304)
21.1226 	EXP 	mouse_none: autoDraw = False
21.1226 	EXP 	image: autoDraw = True
21.5759 	DATA 	Keypress: escape
21.5799 	EXP 	Device response: <KeyPress from None: t=21.56388660002267, value=escape, duration=None>
21.6749 	EXP 	Device response: <KeyPress from None: t=21.56388660002267, value=escape, duration=0.09676809998927638>
21.6749 	EXP 	mouse: status = STOPPED
21.6893 	EXP 	image: autoDraw = False
21.6930 	EXP 	mouse: status = STOPPED
21.7118 	INFO 	saved data to 'C:\\Users\\delgr\\Projects\\mouseGame\\data\\pilot_mouse_2025-06-17_22h39.56.800.csv'
21.7135 	INFO 	saved data to C:\Users\delgr\Projects\mouseGame\data\pilot_mouse_2025-06-17_22h39.56.800.psydat
21.8003 	DEBUG 	Saving data for mouse ExperimentHandler
21.8040 	WARNING 	Stopping key buffers but this could be dangerous ifother keyboards rely on the same.
