2.8245 	DEBUG 	Fullscreen settings ignored as running in pilot mode.
2.8251 	INFO 	Loaded monitor calibration from ['2025_06_17 20:17']
2.9128 	INFO 	Using renderer 'Intel(R) Iris(R) Xe Graphics' for graphics
2.9129 	INFO 	OpenGL version supported by driver is 4..
2.9233 	EXP 	Created window1 = Window(allowGUI=False, allowStencil=False, autoLog=True, backendConf=UNKNOWN, backgroundFit=<method-wrapper '__getattribute__' of attributeSetter object at 0x00000252F4012BF0>, backgroundImage=<method-wrapper '__getattribute__' of attributeSetter object at 0x00000252F4012B90>, bitsMode=UNKNOWN, blendMode='avg', bpc=(8, 8, 8), color=array([0, 0, 0]), colorSpace='rgb', depthBits=8, fullscr=False, gamma=None, gammaErrorPolicy='raise', infoMsg=UNKNOWN, lms=UNKNOWN, monitor=<psychopy.monitors.calibTools.Monitor object at 0x00000252F40E04C0>, multiSample=False, name='window1', numSamples=2, pos=[np.float64(1520.0), np.float64(780.0)], screen=0, size=array([800, 600]), stencilBits=0, stereo=False, title='PsychoPy', units='height', useFBO=True, useRetina=False, viewOri=0.0, viewPos=None, viewScale=None, waitBlanking=True, winType='pyglet')
2.9234 	EXP 	window1: backgroundImage = ''
2.9234 	EXP 	window1: backgroundFit = 'none'
2.9389 	DEBUG 	TextBox2 loaded 1 chars with 0 blanks and 1 valid
2.9493 	DEBUG 	TextBox2 loaded 1 chars with 0 blanks and 1 valid
2.9597 	DEBUG 	TextBox2 loaded 1 chars with 0 blanks and 1 valid
2.9700 	DEBUG 	TextBox2 loaded 1 chars with 0 blanks and 1 valid
2.9802 	DEBUG 	TextBox2 loaded 1 chars with 0 blanks and 1 valid
2.9902 	DEBUG 	TextBox2 loaded 1 chars with 0 blanks and 1 valid
3.0005 	DEBUG 	TextBox2 loaded 1 chars with 0 blanks and 1 valid
3.0115 	DEBUG 	TextBox2 loaded 1 chars with 0 blanks and 1 valid
3.0220 	DEBUG 	TextBox2 loaded 1 chars with 0 blanks and 1 valid
3.0331 	DEBUG 	TextBox2 loaded 1 chars with 0 blanks and 1 valid
3.0446 	DEBUG 	TextBox2 loaded 1 chars with 0 blanks and 1 valid
3.0561 	DEBUG 	TextBox2 loaded 1 chars with 0 blanks and 1 valid
3.0681 	DEBUG 	TextBox2 loaded 1 chars with 0 blanks and 1 valid
3.0803 	DEBUG 	TextBox2 loaded 1 chars with 0 blanks and 1 valid
3.0920 	DEBUG 	TextBox2 loaded 1 chars with 0 blanks and 1 valid
3.1040 	DEBUG 	TextBox2 loaded 1 chars with 0 blanks and 1 valid
3.1165 	DEBUG 	TextBox2 loaded 1 chars with 0 blanks and 1 valid
3.1288 	DEBUG 	TextBox2 loaded 1 chars with 0 blanks and 1 valid
3.1409 	DEBUG 	TextBox2 loaded 1 chars with 0 blanks and 1 valid
3.1535 	DEBUG 	TextBox2 loaded 1 chars with 0 blanks and 1 valid
3.1656 	DEBUG 	TextBox2 loaded 1 chars with 0 blanks and 1 valid
3.1660 	DEBUG 	Uploading Texture Font fontname to graphics card
3.1713 	DEBUG 	Upload of Texture Font fontname complete
3.1886 	DEBUG 	TextBox2 loaded 1 chars with 0 blanks and 1 valid
3.2009 	DEBUG 	TextBox2 loaded 1 chars with 0 blanks and 1 valid
3.2133 	DEBUG 	TextBox2 loaded 1 chars with 0 blanks and 1 valid
3.2136 	DEBUG 	Uploading Texture Font fontname to graphics card
3.2173 	DEBUG 	Upload of Texture Font fontname complete
3.2192 	EXP 	window1: Attempting to measure frame rate of screen (0) ...
3.2193 	EXP 	window1: recordFrameIntervals = False
3.3938 	EXP 	window1: recordFrameIntervals = True
3.5933 	EXP 	Screen (0) actual frame rate measured at 59.94Hz
3.5933 	EXP 	window1: recordFrameIntervals = False
3.6069 	DEBUG 	TextBox2 loaded 1 chars with 0 blanks and 1 valid
3.6174 	DEBUG 	TextBox2 loaded 1 chars with 0 blanks and 1 valid
3.6274 	DEBUG 	TextBox2 loaded 1 chars with 0 blanks and 1 valid
3.6372 	DEBUG 	TextBox2 loaded 1 chars with 0 blanks and 1 valid
3.6470 	DEBUG 	TextBox2 loaded 1 chars with 0 blanks and 1 valid
3.6569 	DEBUG 	TextBox2 loaded 1 chars with 0 blanks and 1 valid
3.6667 	DEBUG 	TextBox2 loaded 1 chars with 0 blanks and 1 valid
3.6771 	DEBUG 	TextBox2 loaded 1 chars with 0 blanks and 1 valid
3.6873 	DEBUG 	TextBox2 loaded 1 chars with 0 blanks and 1 valid
3.6981 	DEBUG 	TextBox2 loaded 1 chars with 0 blanks and 1 valid
3.6984 	DEBUG 	Uploading Texture Font fontname to graphics card
3.6988 	DEBUG 	Upload of Texture Font fontname complete
3.9880 	INFO 	keyboard.Keyboard is using ptb backend.
3.9880 	EXP 	mouse: status = STARTED
4.0370 	EXP 	Created instrutions_text = TextStim(__class__=<class 'psychopy.visual.text.TextStim'>, alignHoriz=method-wrapper(...), alignText='center', alignVert=method-wrapper(...), anchorHoriz='center', anchorVert='center', antialias=True, autoDraw=False, autoLog=True, bold=False, color=array([1., 1., 1.]), colorSpace='rgb', contrast=1.0, depth=0.0, draggable=False, flipHoriz=False, flipVert=False, font='Arial', fontFiles=[], height=np.float64(0.05), italic=False, languageStyle='LTR', name='instrutions_text', opacity=1, ori=0.0, pos=array([0., 0.]), rgb=UNKNOWN, text=str(...), units='height', win=Window(...), wrapWidth=1)
4.0586 	EXP 	Created instructions_mouse_2 = ImageStim(__class__=<class 'psychopy.visual.image.ImageStim'>, anchor=('center', 'center'), autoLog=True, color=array([1., 1., 1.]), colorSpace='rgb', contrast=1.0, depth=0.0, draggable=False, flipHoriz=np.False_, flipVert=np.False_, image='stimuli/mouse_none.jpg', interpolate=True, mask='stimuli/mouse_mask.jpg', maskParams=None, name='instructions_mouse_2', opacity=1, ori=0.0, pos=array([0., 0.]), size=array([0.5, 0.5]), texRes=128.0, units='height', win=Window(...))
4.0644 	EXP 	Created mouse_none = ImageStim(__class__=<class 'psychopy.visual.image.ImageStim'>, anchor=('center', 'center'), autoLog=True, color=array([1., 1., 1.]), colorSpace='rgb', contrast=1.0, depth=0.0, draggable=False, flipHoriz=np.False_, flipVert=np.False_, image='stimuli/mouse_none.jpg', interpolate=True, mask='stimuli/mouse_mask.jpg', maskParams=None, name='mouse_none', opacity=1, ori=0.0, pos=array([0., 0.]), size=array([0.5, 0.5]), texRes=128.0, units='height', win=Window(...))
4.0731 	EXP 	Created image = ImageStim(__class__=<class 'psychopy.visual.image.ImageStim'>, anchor=('center', 'center'), autoLog=True, color=array([1., 1., 1.]), colorSpace='rgb', contrast=1.0, depth=-1.0, draggable=False, flipHoriz=np.False_, flipVert=np.False_, image='default.png', interpolate=True, mask='stimuli/mouse_mask.jpg', maskParams=None, name='image', opacity=1, ori=0.0, pos=array([0., 0.]), size=array([0.5, 0.5]), texRes=128.0, units='height', win=Window(...))
4.0793 	EXP 	Created mouse_none_2 = ImageStim(__class__=<class 'psychopy.visual.image.ImageStim'>, anchor=('center', 'center'), autoLog=True, color=array([1., 1., 1.]), colorSpace='rgb', contrast=1.0, depth=0.0, draggable=False, flipHoriz=np.False_, flipVert=np.False_, image='stimuli/mouse_none.jpg', interpolate=True, mask='stimuli/mouse_mask.jpg', maskParams=None, name='mouse_none_2', opacity=1, ori=0.0, pos=array([0., 0.]), size=array([0.5, 0.5]), texRes=128.0, units='height', win=Window(...))
4.0860 	EXP 	Created image_2 = ImageStim(__class__=<class 'psychopy.visual.image.ImageStim'>, anchor=('center', 'center'), autoLog=True, color=array([1., 1., 1.]), colorSpace='rgb', contrast=1.0, depth=-1.0, draggable=False, flipHoriz=np.False_, flipVert=np.False_, image='default.png', interpolate=True, mask='stimuli/mouse_mask.jpg', maskParams=None, name='image_2', opacity=1, ori=0.0, pos=array([0., 0.]), size=array([0.5, 0.5]), texRes=128.0, units='height', win=Window(...))
0.0236 	EXP 	instrutions_text: autoDraw = True
1.2446 	DATA 	Mouse: Left button down, pos=(563,299)
1.2591 	EXP 	instrutions_text: autoDraw = False
1.2591 	EXP 	instructions_mouse_2: autoDraw = True
1.3453 	DATA 	Mouse:  Left button up, pos=(563,299)
2.7590 	EXP 	New trial (rep=0, index=0): <Trial 0 (0 in rep 0) data={'thisN': 0, 'thisTrialN': 0, 'thisRepN': 0}>
2.7616 	DEBUG 	Read csv file with pandas: conditions.csv
2.7624 	DEBUG 	Clearing unnamed columns from conditions.csv
2.7625 	EXP 	Imported conditions.csv as conditions, 2 conditions, 1 params
2.7628 	EXP 	New trial (rep=0, index=0): <Trial 0 (0 in rep 0) data={'mouse_stim_side': 'stimuli/mouse_right.jpg', 'thisN': 0, 'thisTrialN': 0, 'thisRepN': 0}>
2.7736 	EXP 	instructions_mouse_2: autoDraw = False
2.7736 	EXP 	image: image = 'stimuli/mouse_right.jpg'
2.7736 	EXP 	mouse_none: autoDraw = True
2.9575 	EXP 	image: autoDraw = True
2.9738 	EXP 	mouse_none: autoDraw = False
3.3443 	DATA 	Mouse: Right button down, pos=(557,281)
3.3447 	EXP 	New trial (rep=0, index=1): <Trial 1 (1 in rep 0) data={'mouse_stim_side': 'stimuli/mouse_left.jpg', 'thisN': 1, 'thisTrialN': 1, 'thisRepN': 0}>
3.3573 	EXP 	mouse_none: autoDraw = False
3.3573 	EXP 	image: autoDraw = False
3.3573 	EXP 	image: image = 'stimuli/mouse_left.jpg'
3.3573 	EXP 	mouse_none: autoDraw = True
3.4286 	DATA 	Mouse:  Right button up, pos=(557,281)
3.5572 	EXP 	mouse_none: autoDraw = False
3.5572 	EXP 	image: autoDraw = True
3.8590 	DATA 	Mouse: Left button down, pos=(557,281)
3.8593 	EXP 	New trial (rep=1, index=0): <Trial 2 (0 in rep 1) data={'mouse_stim_side': 'stimuli/mouse_left.jpg', 'thisN': 2, 'thisTrialN': 0, 'thisRepN': 1}>
3.8739 	EXP 	mouse_none: autoDraw = False
3.8739 	EXP 	image: autoDraw = False
3.8739 	EXP 	image: image = 'stimuli/mouse_left.jpg'
3.8739 	EXP 	mouse_none: autoDraw = True
3.9456 	DATA 	Mouse:  Left button up, pos=(557,281)
4.0741 	EXP 	mouse_none: autoDraw = False
4.0741 	EXP 	image: autoDraw = True
4.3469 	DATA 	Mouse: Left button down, pos=(557,281)
4.3476 	EXP 	New trial (rep=1, index=1): <Trial 3 (1 in rep 1) data={'mouse_stim_side': 'stimuli/mouse_right.jpg', 'thisN': 3, 'thisTrialN': 1, 'thisRepN': 1}>
4.3579 	EXP 	mouse_none: autoDraw = False
4.3579 	EXP 	image: autoDraw = False
4.3579 	EXP 	image: image = 'stimuli/mouse_right.jpg'
4.3579 	EXP 	mouse_none: autoDraw = True
4.4616 	DATA 	Mouse:  Left button up, pos=(557,281)
4.5572 	EXP 	mouse_none: autoDraw = False
4.5572 	EXP 	image: autoDraw = True
4.7947 	DATA 	Mouse: Right button down, pos=(557,281)
4.7950 	EXP 	New trial (rep=2, index=0): <Trial 4 (0 in rep 2) data={'mouse_stim_side': 'stimuli/mouse_right.jpg', 'thisN': 4, 'thisTrialN': 0, 'thisRepN': 2}>
4.8075 	EXP 	mouse_none: autoDraw = False
4.8075 	EXP 	image: autoDraw = False
4.8075 	EXP 	image: image = 'stimuli/mouse_right.jpg'
4.8075 	EXP 	mouse_none: autoDraw = True
4.9095 	DATA 	Mouse:  Right button up, pos=(557,281)
5.0075 	EXP 	mouse_none: autoDraw = False
5.0075 	EXP 	image: autoDraw = True
5.3258 	DATA 	Mouse: Right button down, pos=(557,281)
5.3261 	EXP 	New trial (rep=2, index=1): <Trial 5 (1 in rep 2) data={'mouse_stim_side': 'stimuli/mouse_left.jpg', 'thisN': 5, 'thisTrialN': 1, 'thisRepN': 2}>
5.3403 	EXP 	mouse_none: autoDraw = False
5.3403 	EXP 	image: autoDraw = False
5.3403 	EXP 	image: image = 'stimuli/mouse_left.jpg'
5.3403 	EXP 	mouse_none: autoDraw = True
5.4441 	DATA 	Mouse:  Right button up, pos=(557,281)
5.5407 	EXP 	mouse_none: autoDraw = False
5.5407 	EXP 	image: autoDraw = True
5.7779 	DATA 	Mouse: Left button down, pos=(557,281)
5.7783 	EXP 	New trial (rep=3, index=0): <Trial 6 (0 in rep 3) data={'mouse_stim_side': 'stimuli/mouse_right.jpg', 'thisN': 6, 'thisTrialN': 0, 'thisRepN': 3}>
5.7906 	EXP 	mouse_none: autoDraw = False
5.7906 	EXP 	image: autoDraw = False
5.7906 	EXP 	image: image = 'stimuli/mouse_right.jpg'
5.7906 	EXP 	mouse_none: autoDraw = True
5.8796 	DATA 	Mouse:  Left button up, pos=(557,281)
5.9911 	EXP 	mouse_none: autoDraw = False
5.9911 	EXP 	image: autoDraw = True
6.2763 	DATA 	Mouse: Right button down, pos=(557,281)
6.2767 	EXP 	New trial (rep=3, index=1): <Trial 7 (1 in rep 3) data={'mouse_stim_side': 'stimuli/mouse_left.jpg', 'thisN': 7, 'thisTrialN': 1, 'thisRepN': 3}>
6.2902 	EXP 	mouse_none: autoDraw = False
6.2902 	EXP 	image: autoDraw = False
6.2902 	EXP 	image: image = 'stimuli/mouse_left.jpg'
6.2902 	EXP 	mouse_none: autoDraw = True
6.3762 	DATA 	Mouse:  Right button up, pos=(557,281)
6.4902 	EXP 	mouse_none: autoDraw = False
6.4902 	EXP 	image: autoDraw = True
6.8594 	DATA 	Mouse: Left button down, pos=(557,281)
6.8598 	EXP 	New trial (rep=4, index=0): <Trial 8 (0 in rep 4) data={'mouse_stim_side': 'stimuli/mouse_left.jpg', 'thisN': 8, 'thisTrialN': 0, 'thisRepN': 4}>
6.8739 	EXP 	mouse_none: autoDraw = False
6.8739 	EXP 	image: autoDraw = False
6.8739 	EXP 	image: image = 'stimuli/mouse_left.jpg'
6.8739 	EXP 	mouse_none: autoDraw = True
6.9427 	DATA 	Mouse:  Left button up, pos=(557,281)
7.0737 	EXP 	mouse_none: autoDraw = False
7.0737 	EXP 	image: autoDraw = True
7.3927 	DATA 	Mouse: Left button down, pos=(557,281)
7.3931 	EXP 	New trial (rep=4, index=1): <Trial 9 (1 in rep 4) data={'mouse_stim_side': 'stimuli/mouse_right.jpg', 'thisN': 9, 'thisTrialN': 1, 'thisRepN': 4}>
7.4073 	EXP 	mouse_none: autoDraw = False
7.4073 	EXP 	image: autoDraw = False
7.4073 	EXP 	image: image = 'stimuli/mouse_right.jpg'
7.4073 	EXP 	mouse_none: autoDraw = True
7.4931 	DATA 	Mouse:  Left button up, pos=(557,281)
7.6075 	EXP 	mouse_none: autoDraw = False
7.6075 	EXP 	image: autoDraw = True
7.8625 	DATA 	Mouse: Right button down, pos=(557,281)
7.8631 	EXP 	New trial (rep=5, index=0): <Trial 10 (0 in rep 5) data={'mouse_stim_side': 'stimuli/mouse_left.jpg', 'thisN': 10, 'thisTrialN': 0, 'thisRepN': 5}>
7.8746 	EXP 	mouse_none: autoDraw = False
7.8746 	EXP 	image: autoDraw = False
7.8746 	EXP 	image: image = 'stimuli/mouse_left.jpg'
7.8746 	EXP 	mouse_none: autoDraw = True
7.9622 	DATA 	Mouse:  Right button up, pos=(557,281)
8.0742 	EXP 	mouse_none: autoDraw = False
8.0742 	EXP 	image: autoDraw = True
8.3437 	DATA 	Mouse: Left button down, pos=(557,281)
8.3442 	EXP 	New trial (rep=5, index=1): <Trial 11 (1 in rep 5) data={'mouse_stim_side': 'stimuli/mouse_right.jpg', 'thisN': 11, 'thisTrialN': 1, 'thisRepN': 5}>
8.3572 	EXP 	mouse_none: autoDraw = False
8.3572 	EXP 	image: autoDraw = False
8.3572 	EXP 	image: image = 'stimuli/mouse_right.jpg'
8.3572 	EXP 	mouse_none: autoDraw = True
8.4452 	DATA 	Mouse:  Left button up, pos=(557,281)
8.5418 	EXP 	image: autoDraw = True
8.5578 	EXP 	mouse_none: autoDraw = False
8.7591 	DATA 	Mouse: Right button down, pos=(557,281)
8.7594 	EXP 	New trial (rep=6, index=0): <Trial 12 (0 in rep 6) data={'mouse_stim_side': 'stimuli/mouse_right.jpg', 'thisN': 12, 'thisTrialN': 0, 'thisRepN': 6}>
8.7737 	EXP 	mouse_none: autoDraw = False
8.7737 	EXP 	image: autoDraw = False
8.7737 	EXP 	image: image = 'stimuli/mouse_right.jpg'
8.7737 	EXP 	mouse_none: autoDraw = True
8.8800 	DATA 	Mouse:  Right button up, pos=(557,281)
8.9742 	EXP 	mouse_none: autoDraw = False
8.9742 	EXP 	image: autoDraw = True
9.2097 	DATA 	Mouse: Left button down, pos=(557,281)
9.2104 	EXP 	New trial (rep=6, index=1): <Trial 13 (1 in rep 6) data={'mouse_stim_side': 'stimuli/mouse_left.jpg', 'thisN': 13, 'thisTrialN': 1, 'thisRepN': 6}>
9.2239 	EXP 	mouse_none: autoDraw = False
9.2239 	EXP 	image: autoDraw = False
9.2239 	EXP 	image: image = 'stimuli/mouse_left.jpg'
9.2239 	EXP 	mouse_none: autoDraw = True
9.2632 	DATA 	Mouse:  Left button up, pos=(557,281)
9.3460 	DATA 	Mouse: Right button down, pos=(557,281)
9.4240 	EXP 	mouse_none: autoDraw = False
9.4240 	EXP 	image: autoDraw = True
9.4463 	DATA 	Mouse:  Right button up, pos=(557,281)
9.7619 	DATA 	Mouse: Left button down, pos=(557,281)
9.7623 	EXP 	New trial (rep=7, index=0): <Trial 14 (0 in rep 7) data={'mouse_stim_side': 'stimuli/mouse_left.jpg', 'thisN': 14, 'thisTrialN': 0, 'thisRepN': 7}>
9.7747 	EXP 	mouse_none: autoDraw = False
9.7747 	EXP 	image: autoDraw = False
9.7747 	EXP 	image: image = 'stimuli/mouse_left.jpg'
9.7747 	EXP 	mouse_none: autoDraw = True
9.8809 	DATA 	Mouse:  Left button up, pos=(557,281)
9.9751 	EXP 	mouse_none: autoDraw = False
9.9751 	EXP 	image: autoDraw = True
10.1932 	DATA 	Mouse: Right button down, pos=(557,281)
10.1935 	EXP 	New trial (rep=7, index=1): <Trial 15 (1 in rep 7) data={'mouse_stim_side': 'stimuli/mouse_right.jpg', 'thisN': 15, 'thisTrialN': 1, 'thisRepN': 7}>
10.2073 	EXP 	mouse_none: autoDraw = False
10.2073 	EXP 	image: autoDraw = False
10.2073 	EXP 	image: image = 'stimuli/mouse_right.jpg'
10.2073 	EXP 	mouse_none: autoDraw = True
10.2967 	DATA 	Mouse:  Right button up, pos=(557,281)
10.4081 	EXP 	mouse_none: autoDraw = False
10.4081 	EXP 	image: autoDraw = True
10.7951 	DATA 	Mouse: Right button down, pos=(557,281)
10.7955 	EXP 	New trial (rep=8, index=0): <Trial 16 (0 in rep 8) data={'mouse_stim_side': 'stimuli/mouse_right.jpg', 'thisN': 16, 'thisTrialN': 0, 'thisRepN': 8}>
10.8078 	EXP 	mouse_none: autoDraw = False
10.8078 	EXP 	image: autoDraw = False
10.8078 	EXP 	image: image = 'stimuli/mouse_right.jpg'
10.8078 	EXP 	mouse_none: autoDraw = True
10.9127 	DATA 	Mouse:  Right button up, pos=(557,281)
11.0089 	EXP 	mouse_none: autoDraw = False
11.0089 	EXP 	image: autoDraw = True
11.3135 	DATA 	Mouse: Right button down, pos=(557,281)
11.3142 	EXP 	New trial (rep=8, index=1): <Trial 17 (1 in rep 8) data={'mouse_stim_side': 'stimuli/mouse_left.jpg', 'thisN': 17, 'thisTrialN': 1, 'thisRepN': 8}>
11.3239 	EXP 	mouse_none: autoDraw = False
11.3239 	EXP 	image: autoDraw = False
11.3239 	EXP 	image: image = 'stimuli/mouse_left.jpg'
11.3239 	EXP 	mouse_none: autoDraw = True
11.4290 	DATA 	Mouse:  Right button up, pos=(557,281)
11.5236 	EXP 	mouse_none: autoDraw = False
11.5236 	EXP 	image: autoDraw = True
11.7258 	DATA 	Mouse: Left button down, pos=(557,281)
11.7261 	EXP 	New trial (rep=9, index=0): <Trial 18 (0 in rep 9) data={'mouse_stim_side': 'stimuli/mouse_left.jpg', 'thisN': 18, 'thisTrialN': 0, 'thisRepN': 9}>
11.7405 	EXP 	mouse_none: autoDraw = False
11.7405 	EXP 	image: autoDraw = False
11.7405 	EXP 	image: image = 'stimuli/mouse_left.jpg'
11.7405 	EXP 	mouse_none: autoDraw = True
11.8307 	DATA 	Mouse:  Left button up, pos=(557,281)
11.9422 	EXP 	mouse_none: autoDraw = False
11.9422 	EXP 	image: autoDraw = True
12.2115 	DATA 	Mouse: Left button down, pos=(557,281)
12.2119 	EXP 	New trial (rep=9, index=1): <Trial 19 (1 in rep 9) data={'mouse_stim_side': 'stimuli/mouse_right.jpg', 'thisN': 19, 'thisTrialN': 1, 'thisRepN': 9}>
12.2243 	EXP 	mouse_none: autoDraw = False
12.2243 	EXP 	image: autoDraw = False
12.2243 	EXP 	image: image = 'stimuli/mouse_right.jpg'
12.2243 	EXP 	mouse_none: autoDraw = True
12.3304 	DATA 	Mouse:  Left button up, pos=(557,281)
12.4248 	EXP 	mouse_none: autoDraw = False
12.4248 	EXP 	image: autoDraw = True
12.6792 	DATA 	Mouse: Right button down, pos=(557,281)
12.6842 	DEBUG 	Read csv file with pandas: conditions_letter2.csv
12.6850 	DEBUG 	Clearing unnamed columns from conditions_letter2.csv
12.6853 	EXP 	Imported conditions_letter2.csv as conditions, 2 conditions, 1 params
12.6855 	EXP 	New trial (rep=0, index=0): <Trial 0 (0 in rep 0) data={'mouse_stim_side': 'stimuli/mouse_right_letter.jpg', 'thisN': 0, 'thisTrialN': 0, 'thisRepN': 0}>
12.7069 	EXP 	mouse_none: autoDraw = False
12.7069 	EXP 	image: autoDraw = False
12.7069 	EXP 	image_2: image = 'stimuli/mouse_right_letter.jpg'
12.7069 	EXP 	mouse_none_2: autoDraw = True
12.7939 	DATA 	Mouse:  Right button up, pos=(557,281)
12.8904 	EXP 	image_2: autoDraw = True
12.9070 	EXP 	mouse_none_2: autoDraw = False
13.4326 	DATA 	Mouse: Right button down, pos=(557,281)
13.4332 	EXP 	New trial (rep=0, index=1): <Trial 1 (1 in rep 0) data={'mouse_stim_side': 'stimuli/mouse_left_letter.jpg', 'thisN': 1, 'thisTrialN': 1, 'thisRepN': 0}>
13.4407 	EXP 	mouse_none_2: autoDraw = False
13.4407 	EXP 	image_2: autoDraw = False
13.4407 	EXP 	image_2: image = 'stimuli/mouse_left_letter.jpg'
13.4407 	EXP 	mouse_none_2: autoDraw = True
13.5478 	DATA 	Mouse:  Right button up, pos=(557,281)
13.6403 	EXP 	mouse_none_2: autoDraw = False
13.6403 	EXP 	image_2: autoDraw = True
14.0312 	DATA 	Mouse: Left button down, pos=(557,281)
14.0318 	EXP 	New trial (rep=1, index=0): <Trial 2 (0 in rep 1) data={'mouse_stim_side': 'stimuli/mouse_right_letter.jpg', 'thisN': 2, 'thisTrialN': 0, 'thisRepN': 1}>
14.0408 	EXP 	mouse_none_2: autoDraw = False
14.0408 	EXP 	image_2: autoDraw = False
14.0408 	EXP 	image_2: image = 'stimuli/mouse_right_letter.jpg'
14.0408 	EXP 	mouse_none_2: autoDraw = True
14.1808 	DATA 	Mouse:  Left button up, pos=(557,281)
14.2416 	EXP 	mouse_none_2: autoDraw = False
14.2416 	EXP 	image_2: autoDraw = True
14.5122 	DATA 	Mouse: Right button down, pos=(557,281)
14.5127 	EXP 	New trial (rep=1, index=1): <Trial 3 (1 in rep 1) data={'mouse_stim_side': 'stimuli/mouse_left_letter.jpg', 'thisN': 3, 'thisTrialN': 1, 'thisRepN': 1}>
14.5239 	EXP 	mouse_none_2: autoDraw = False
14.5239 	EXP 	image_2: autoDraw = False
14.5239 	EXP 	image_2: image = 'stimuli/mouse_left_letter.jpg'
14.5239 	EXP 	mouse_none_2: autoDraw = True
14.5669 	DATA 	Mouse:  Right button up, pos=(557,281)
14.7248 	EXP 	mouse_none_2: autoDraw = False
14.7248 	EXP 	image_2: autoDraw = True
14.9926 	DATA 	Mouse: Right button down, pos=(557,281)
14.9937 	EXP 	New trial (rep=1, index=0): <Trial 1 (0 in rep 1) data={'thisN': 1, 'thisTrialN': 0, 'thisRepN': 1}>
14.9949 	DEBUG 	Read csv file with pandas: conditions.csv
14.9957 	DEBUG 	Clearing unnamed columns from conditions.csv
14.9959 	EXP 	Imported conditions.csv as conditions, 2 conditions, 1 params
14.9961 	EXP 	New trial (rep=0, index=0): <Trial 0 (0 in rep 0) data={'mouse_stim_side': 'stimuli/mouse_left.jpg', 'thisN': 0, 'thisTrialN': 0, 'thisRepN': 0}>
15.0076 	EXP 	mouse_none_2: autoDraw = False
15.0076 	EXP 	image_2: autoDraw = False
15.0076 	EXP 	image: image = 'stimuli/mouse_left.jpg'
15.0076 	EXP 	mouse_none: autoDraw = True
15.0630 	DATA 	Mouse:  Right button up, pos=(557,281)
15.2071 	EXP 	mouse_none: autoDraw = False
15.2071 	EXP 	image: autoDraw = True
15.6479 	DATA 	Mouse: Left button down, pos=(557,281)
15.6484 	EXP 	New trial (rep=0, index=1): <Trial 1 (1 in rep 0) data={'mouse_stim_side': 'stimuli/mouse_right.jpg', 'thisN': 1, 'thisTrialN': 1, 'thisRepN': 0}>
15.6574 	EXP 	mouse_none: autoDraw = False
15.6574 	EXP 	image: autoDraw = False
15.6574 	EXP 	image: image = 'stimuli/mouse_right.jpg'
15.6574 	EXP 	mouse_none: autoDraw = True
15.7459 	DATA 	Mouse:  Left button up, pos=(557,281)
15.8583 	EXP 	mouse_none: autoDraw = False
15.8583 	EXP 	image: autoDraw = True
16.1644 	DATA 	Mouse: Right button down, pos=(557,281)
16.1652 	EXP 	New trial (rep=1, index=0): <Trial 2 (0 in rep 1) data={'mouse_stim_side': 'stimuli/mouse_left.jpg', 'thisN': 2, 'thisTrialN': 0, 'thisRepN': 1}>
16.1739 	EXP 	mouse_none: autoDraw = False
16.1739 	EXP 	image: autoDraw = False
16.1739 	EXP 	image: image = 'stimuli/mouse_left.jpg'
16.1739 	EXP 	mouse_none: autoDraw = True
16.2827 	DATA 	Mouse:  Right button up, pos=(557,281)
16.3749 	EXP 	mouse_none: autoDraw = False
16.3749 	EXP 	image: autoDraw = True
16.6439 	DATA 	Mouse: Left button down, pos=(557,281)
16.6443 	EXP 	New trial (rep=1, index=1): <Trial 3 (1 in rep 1) data={'mouse_stim_side': 'stimuli/mouse_right.jpg', 'thisN': 3, 'thisTrialN': 1, 'thisRepN': 1}>
16.6580 	EXP 	mouse_none: autoDraw = False
16.6580 	EXP 	image: autoDraw = False
16.6580 	EXP 	image: image = 'stimuli/mouse_right.jpg'
16.6580 	EXP 	mouse_none: autoDraw = True
16.7628 	DATA 	Mouse:  Left button up, pos=(557,281)
16.8573 	EXP 	mouse_none: autoDraw = False
16.8573 	EXP 	image: autoDraw = True
17.0423 	DATA 	Mouse: Right button down, pos=(557,281)
17.0426 	EXP 	New trial (rep=2, index=0): <Trial 4 (0 in rep 2) data={'mouse_stim_side': 'stimuli/mouse_right.jpg', 'thisN': 4, 'thisTrialN': 0, 'thisRepN': 2}>
17.0570 	EXP 	mouse_none: autoDraw = False
17.0570 	EXP 	image: autoDraw = False
17.0570 	EXP 	image: image = 'stimuli/mouse_right.jpg'
17.0570 	EXP 	mouse_none: autoDraw = True
17.1628 	DATA 	Mouse:  Right button up, pos=(557,281)
17.2583 	EXP 	mouse_none: autoDraw = False
17.2583 	EXP 	image: autoDraw = True
17.5628 	DATA 	Mouse: Right button down, pos=(557,281)
17.5633 	EXP 	New trial (rep=2, index=1): <Trial 5 (1 in rep 2) data={'mouse_stim_side': 'stimuli/mouse_left.jpg', 'thisN': 5, 'thisTrialN': 1, 'thisRepN': 2}>
17.5740 	EXP 	mouse_none: autoDraw = False
17.5740 	EXP 	image: autoDraw = False
17.5740 	EXP 	image: image = 'stimuli/mouse_left.jpg'
17.5740 	EXP 	mouse_none: autoDraw = True
17.6778 	DATA 	Mouse:  Right button up, pos=(557,281)
17.7744 	EXP 	mouse_none: autoDraw = False
17.7744 	EXP 	image: autoDraw = True
17.9647 	DATA 	Mouse: Left button down, pos=(557,281)
17.9783 	EXP 	New trial (rep=3, index=0): <Trial 6 (0 in rep 3) data={'mouse_stim_side': 'stimuli/mouse_left.jpg', 'thisN': 6, 'thisTrialN': 0, 'thisRepN': 3}>
17.9905 	EXP 	mouse_none: autoDraw = False
17.9905 	EXP 	image: autoDraw = False
17.9905 	EXP 	image: image = 'stimuli/mouse_left.jpg'
17.9905 	EXP 	mouse_none: autoDraw = True
18.0649 	DATA 	Mouse:  Left button up, pos=(557,281)
18.1923 	EXP 	mouse_none: autoDraw = False
18.1923 	EXP 	image: autoDraw = True
18.4788 	DATA 	Mouse: Left button down, pos=(557,281)
18.4792 	EXP 	New trial (rep=3, index=1): <Trial 7 (1 in rep 3) data={'mouse_stim_side': 'stimuli/mouse_right.jpg', 'thisN': 7, 'thisTrialN': 1, 'thisRepN': 3}>
18.4906 	EXP 	mouse_none: autoDraw = False
18.4906 	EXP 	image: autoDraw = False
18.4906 	EXP 	image: image = 'stimuli/mouse_right.jpg'
18.4906 	EXP 	mouse_none: autoDraw = True
18.5955 	DATA 	Mouse:  Left button up, pos=(557,281)
18.6924 	EXP 	mouse_none: autoDraw = False
18.6924 	EXP 	image: autoDraw = True
18.9426 	DATA 	Mouse: Right button down, pos=(557,281)
18.9429 	EXP 	New trial (rep=4, index=0): <Trial 8 (0 in rep 4) data={'mouse_stim_side': 'stimuli/mouse_right.jpg', 'thisN': 8, 'thisTrialN': 0, 'thisRepN': 4}>
18.9572 	EXP 	mouse_none: autoDraw = False
18.9572 	EXP 	image: autoDraw = False
18.9572 	EXP 	image: image = 'stimuli/mouse_right.jpg'
18.9572 	EXP 	mouse_none: autoDraw = True
19.0467 	DATA 	Mouse:  Right button up, pos=(557,281)
19.1571 	EXP 	mouse_none: autoDraw = False
19.1571 	EXP 	image: autoDraw = True
19.4792 	DATA 	Mouse: Right button down, pos=(557,281)
19.4798 	EXP 	New trial (rep=4, index=1): <Trial 9 (1 in rep 4) data={'mouse_stim_side': 'stimuli/mouse_left.jpg', 'thisN': 9, 'thisTrialN': 1, 'thisRepN': 4}>
19.4905 	EXP 	mouse_none: autoDraw = False
19.4905 	EXP 	image: autoDraw = False
19.4905 	EXP 	image: image = 'stimuli/mouse_left.jpg'
19.4905 	EXP 	mouse_none: autoDraw = True
19.5791 	DATA 	Mouse:  Right button up, pos=(557,281)
19.6912 	EXP 	mouse_none: autoDraw = False
19.6912 	EXP 	image: autoDraw = True
19.9963 	DATA 	Mouse: Left button down, pos=(557,281)
20.0113 	EXP 	New trial (rep=5, index=0): <Trial 10 (0 in rep 5) data={'mouse_stim_side': 'stimuli/mouse_left.jpg', 'thisN': 10, 'thisTrialN': 0, 'thisRepN': 5}>
20.0239 	EXP 	mouse_none: autoDraw = False
20.0239 	EXP 	image: autoDraw = False
20.0239 	EXP 	image: image = 'stimuli/mouse_left.jpg'
20.0239 	EXP 	mouse_none: autoDraw = True
20.0943 	DATA 	Mouse:  Left button up, pos=(557,281)
20.2246 	EXP 	mouse_none: autoDraw = False
20.2246 	EXP 	image: autoDraw = True
20.3791 	DATA 	Mouse: Left button down, pos=(557,281)
20.3798 	EXP 	New trial (rep=5, index=1): <Trial 11 (1 in rep 5) data={'mouse_stim_side': 'stimuli/mouse_right.jpg', 'thisN': 11, 'thisTrialN': 1, 'thisRepN': 5}>
20.3904 	EXP 	mouse_none: autoDraw = False
20.3904 	EXP 	image: autoDraw = False
20.3904 	EXP 	image: image = 'stimuli/mouse_right.jpg'
20.3904 	EXP 	mouse_none: autoDraw = True
20.4965 	DATA 	Mouse:  Left button up, pos=(557,281)
20.5920 	EXP 	mouse_none: autoDraw = False
20.5920 	EXP 	image: autoDraw = True
20.8628 	DATA 	Mouse: Right button down, pos=(557,281)
20.8633 	EXP 	New trial (rep=6, index=0): <Trial 12 (0 in rep 6) data={'mouse_stim_side': 'stimuli/mouse_left.jpg', 'thisN': 12, 'thisTrialN': 0, 'thisRepN': 6}>
20.8738 	EXP 	mouse_none: autoDraw = False
20.8738 	EXP 	image: autoDraw = False
20.8738 	EXP 	image: image = 'stimuli/mouse_left.jpg'
20.8738 	EXP 	mouse_none: autoDraw = True
20.9614 	DATA 	Mouse:  Right button up, pos=(557,281)
21.0739 	EXP 	mouse_none: autoDraw = False
21.0739 	EXP 	image: autoDraw = True
21.4126 	DATA 	Keypress: escape
21.4182 	EXP 	Device response: <KeyPress from None: t=21.400112900009844, value=escape, duration=None>
21.5420 	EXP 	Device response: <KeyPress from None: t=21.400112900009844, value=escape, duration=0.12776539998594671>
21.5420 	EXP 	mouse: status = STOPPED
21.5571 	EXP 	image: autoDraw = False
21.5592 	EXP 	mouse: status = STOPPED
21.5779 	INFO 	saved data to 'C:\\Users\\delgr\\Projects\\mouseGame\\data\\pilot_mouse_2025-06-17_22h43.17.865.csv'
21.5790 	INFO 	saved data to C:\Users\delgr\Projects\mouseGame\data\pilot_mouse_2025-06-17_22h43.17.865.psydat
21.6555 	DEBUG 	Saving data for mouse ExperimentHandler
21.6594 	WARNING 	Stopping key buffers but this could be dangerous ifother keyboards rely on the same.
