8.8089 	DEBUG 	Fullscreen settings ignored as running in pilot mode.
8.8095 	INFO 	Loaded monitor calibration from ['2025_06_17 20:17']
8.9107 	INFO 	Using renderer 'Intel(R) Iris(R) Xe Graphics' for graphics
8.9107 	INFO 	OpenGL version supported by driver is 4..
8.9222 	EXP 	Created window1 = Window(allowGUI=False, allowStencil=False, autoLog=True, backendConf=UNKNOWN, backgroundFit=<method-wrapper '__getattribute__' of attributeSetter object at 0x0000017A23739A80>, backgroundImage=<method-wrapper '__getattribute__' of attributeSetter object at 0x0000017A23739A20>, bitsMode=UNKNOWN, blendMode='avg', bpc=(8, 8, 8), color=array([0, 0, 0]), colorSpace='rgb', depthBits=8, fullscr=False, gamma=None, gammaErrorPolicy='raise', infoMsg=UNKNOWN, lms=UNKNOWN, monitor=<psychopy.monitors.calibTools.Monitor object at 0x0000017A237E7310>, multiSample=False, name='window1', numSamples=2, pos=[np.float64(560.0), np.float64(300.0)], screen=0, size=array([800, 600]), stencilBits=0, stereo=False, title='PsychoPy', units='height', useFBO=True, useRetina=False, viewOri=0.0, viewPos=None, viewScale=None, waitBlanking=True, winType='pyglet')
8.9222 	EXP 	window1: backgroundImage = ''
8.9223 	EXP 	window1: backgroundFit = 'none'
8.9378 	DEBUG 	TextBox2 loaded 1 chars with 0 blanks and 1 valid
8.9474 	DEBUG 	TextBox2 loaded 1 chars with 0 blanks and 1 valid
8.9567 	DEBUG 	TextBox2 loaded 1 chars with 0 blanks and 1 valid
8.9666 	DEBUG 	TextBox2 loaded 1 chars with 0 blanks and 1 valid
8.9777 	DEBUG 	TextBox2 loaded 1 chars with 0 blanks and 1 valid
8.9875 	DEBUG 	TextBox2 loaded 1 chars with 0 blanks and 1 valid
8.9970 	DEBUG 	TextBox2 loaded 1 chars with 0 blanks and 1 valid
9.0064 	DEBUG 	TextBox2 loaded 1 chars with 0 blanks and 1 valid
9.0158 	DEBUG 	TextBox2 loaded 1 chars with 0 blanks and 1 valid
9.0254 	DEBUG 	TextBox2 loaded 1 chars with 0 blanks and 1 valid
9.0358 	DEBUG 	TextBox2 loaded 1 chars with 0 blanks and 1 valid
9.0464 	DEBUG 	TextBox2 loaded 1 chars with 0 blanks and 1 valid
9.0559 	DEBUG 	TextBox2 loaded 1 chars with 0 blanks and 1 valid
9.0658 	DEBUG 	TextBox2 loaded 1 chars with 0 blanks and 1 valid
9.0747 	DEBUG 	TextBox2 loaded 1 chars with 0 blanks and 1 valid
9.0842 	DEBUG 	TextBox2 loaded 1 chars with 0 blanks and 1 valid
9.0933 	DEBUG 	TextBox2 loaded 1 chars with 0 blanks and 1 valid
9.1027 	DEBUG 	TextBox2 loaded 1 chars with 0 blanks and 1 valid
9.1120 	DEBUG 	TextBox2 loaded 1 chars with 0 blanks and 1 valid
9.1215 	DEBUG 	TextBox2 loaded 1 chars with 0 blanks and 1 valid
9.1307 	DEBUG 	TextBox2 loaded 1 chars with 0 blanks and 1 valid
9.1311 	DEBUG 	Uploading Texture Font fontname to graphics card
9.1352 	DEBUG 	Upload of Texture Font fontname complete
9.1485 	DEBUG 	TextBox2 loaded 1 chars with 0 blanks and 1 valid
9.1589 	DEBUG 	TextBox2 loaded 1 chars with 0 blanks and 1 valid
9.1694 	DEBUG 	TextBox2 loaded 1 chars with 0 blanks and 1 valid
9.1698 	DEBUG 	Uploading Texture Font fontname to graphics card
9.1739 	DEBUG 	Upload of Texture Font fontname complete
9.1756 	EXP 	window1: Attempting to measure frame rate of screen (0) ...
9.1757 	EXP 	window1: recordFrameIntervals = False
9.3470 	EXP 	window1: recordFrameIntervals = True
9.5296 	EXP 	Screen (0) actual frame rate measured at 60.29Hz
9.5296 	EXP 	window1: recordFrameIntervals = False
9.5462 	DEBUG 	TextBox2 loaded 1 chars with 0 blanks and 1 valid
9.5565 	DEBUG 	TextBox2 loaded 1 chars with 0 blanks and 1 valid
9.5666 	DEBUG 	TextBox2 loaded 1 chars with 0 blanks and 1 valid
9.5763 	DEBUG 	TextBox2 loaded 1 chars with 0 blanks and 1 valid
9.5858 	DEBUG 	TextBox2 loaded 1 chars with 0 blanks and 1 valid
9.5948 	DEBUG 	TextBox2 loaded 1 chars with 0 blanks and 1 valid
9.6034 	DEBUG 	TextBox2 loaded 1 chars with 0 blanks and 1 valid
9.6128 	DEBUG 	TextBox2 loaded 1 chars with 0 blanks and 1 valid
9.6221 	DEBUG 	TextBox2 loaded 1 chars with 0 blanks and 1 valid
9.6314 	DEBUG 	TextBox2 loaded 1 chars with 0 blanks and 1 valid
9.6318 	DEBUG 	Uploading Texture Font fontname to graphics card
9.6323 	DEBUG 	Upload of Texture Font fontname complete
9.9283 	INFO 	keyboard.Keyboard is using ptb backend.
9.9283 	EXP 	mouse: status = STARTED
9.9437 	EXP 	Created mouse_none = ImageStim(__class__=<class 'psychopy.visual.image.ImageStim'>, anchor=('center', 'center'), autoLog=True, color=array([1., 1., 1.]), colorSpace='rgb', contrast=1.0, depth=0.0, draggable=False, flipHoriz=np.False_, flipVert=np.False_, image='stimuli/mouse_none.jpg', interpolate=True, mask='stimuli/mouse_mask.jpg', maskParams=None, name='mouse_none', opacity=1, ori=0.0, pos=array([0., 0.]), size=array([0.5, 0.5]), texRes=128.0, units='height', win=Window(...))
9.9709 	DEBUG 	Saving data for mouse ExperimentHandler
9.9716 	INFO 	saved data to C:\Users\delgr\Projects\mouseGame\data\pilot_mouse_2025-06-17_21h49.41.104.psydat
9.9721 	INFO 	saved data to 'C:\\Users\\delgr\\Projects\\mouseGame\\data\\pilot_mouse_2025-06-17_21h49.41.104.csv'
9.9786 	WARNING 	Stopping key buffers but this could be dangerous ifother keyboards rely on the same.
