4.9454 	DEBUG 	Fullscreen settings ignored as running in pilot mode.
4.9463 	INFO 	Loaded monitor calibration from ['2025_06_17 20:17']
5.0709 	INFO 	Using renderer 'Intel(R) Iris(R) Xe Graphics' for graphics
5.0710 	INFO 	OpenGL version supported by driver is 4..
5.0860 	EXP 	Created window1 = Window(allowGUI=False, allowStencil=False, autoLog=True, backendConf=UNKNOWN, backgroundFit=<method-wrapper '__getattribute__' of attributeSetter object at 0x0000024BBA8B9A50>, backgroundImage=<method-wrapper '__getattribute__' of attributeSetter object at 0x0000024BBA8B99F0>, bitsMode=UNKNOWN, blendMode='avg', bpc=(8, 8, 8), color=array([0, 0, 0]), colorSpace='rgb', depthBits=8, fullscr=False, gamma=None, gammaErrorPolicy='raise', infoMsg=UNKNOWN, lms=UNKNOWN, monitor=<psychopy.monitors.calibTools.Monitor object at 0x0000024BBA9672E0>, multiSample=False, name='window1', numSamples=2, pos=[np.float64(560.0), np.float64(300.0)], screen=0, size=array([800, 600]), stencilBits=0, stereo=False, title='PsychoPy', units='height', useFBO=True, useRetina=False, viewOri=0.0, viewPos=None, viewScale=None, waitBlanking=True, winType='pyglet')
5.0861 	EXP 	window1: backgroundImage = ''
5.0861 	EXP 	window1: backgroundFit = 'none'
5.1096 	DEBUG 	TextBox2 loaded 1 chars with 0 blanks and 1 valid
5.1252 	DEBUG 	TextBox2 loaded 1 chars with 0 blanks and 1 valid
5.1412 	DEBUG 	TextBox2 loaded 1 chars with 0 blanks and 1 valid
5.1570 	DEBUG 	TextBox2 loaded 1 chars with 0 blanks and 1 valid
5.1726 	DEBUG 	TextBox2 loaded 1 chars with 0 blanks and 1 valid
5.1878 	DEBUG 	TextBox2 loaded 1 chars with 0 blanks and 1 valid
5.2049 	DEBUG 	TextBox2 loaded 1 chars with 0 blanks and 1 valid
5.2216 	DEBUG 	TextBox2 loaded 1 chars with 0 blanks and 1 valid
5.2372 	DEBUG 	TextBox2 loaded 1 chars with 0 blanks and 1 valid
5.2528 	DEBUG 	TextBox2 loaded 1 chars with 0 blanks and 1 valid
5.2710 	DEBUG 	TextBox2 loaded 1 chars with 0 blanks and 1 valid
5.2874 	DEBUG 	TextBox2 loaded 1 chars with 0 blanks and 1 valid
5.3048 	DEBUG 	TextBox2 loaded 1 chars with 0 blanks and 1 valid
5.3209 	DEBUG 	TextBox2 loaded 1 chars with 0 blanks and 1 valid
5.3367 	DEBUG 	TextBox2 loaded 1 chars with 0 blanks and 1 valid
5.3528 	DEBUG 	TextBox2 loaded 1 chars with 0 blanks and 1 valid
5.3690 	DEBUG 	TextBox2 loaded 1 chars with 0 blanks and 1 valid
5.3846 	DEBUG 	TextBox2 loaded 1 chars with 0 blanks and 1 valid
5.4000 	DEBUG 	TextBox2 loaded 1 chars with 0 blanks and 1 valid
5.4167 	DEBUG 	TextBox2 loaded 1 chars with 0 blanks and 1 valid
5.4327 	DEBUG 	TextBox2 loaded 1 chars with 0 blanks and 1 valid
5.4332 	DEBUG 	Uploading Texture Font fontname to graphics card
5.4399 	DEBUG 	Upload of Texture Font fontname complete
5.4636 	DEBUG 	TextBox2 loaded 1 chars with 0 blanks and 1 valid
5.4800 	DEBUG 	TextBox2 loaded 1 chars with 0 blanks and 1 valid
5.4963 	DEBUG 	TextBox2 loaded 1 chars with 0 blanks and 1 valid
5.4967 	DEBUG 	Uploading Texture Font fontname to graphics card
5.5014 	DEBUG 	Upload of Texture Font fontname complete
5.5041 	EXP 	window1: Attempting to measure frame rate of screen (0) ...
5.5041 	EXP 	window1: recordFrameIntervals = False
5.6755 	EXP 	window1: recordFrameIntervals = True
5.8602 	EXP 	Screen (0) actual frame rate measured at 59.84Hz
5.8603 	EXP 	window1: recordFrameIntervals = False
5.8928 	DEBUG 	TextBox2 loaded 1 chars with 0 blanks and 1 valid
5.9074 	DEBUG 	TextBox2 loaded 1 chars with 0 blanks and 1 valid
5.9191 	DEBUG 	TextBox2 loaded 1 chars with 0 blanks and 1 valid
5.9314 	DEBUG 	TextBox2 loaded 1 chars with 0 blanks and 1 valid
5.9458 	DEBUG 	TextBox2 loaded 1 chars with 0 blanks and 1 valid
5.9593 	DEBUG 	TextBox2 loaded 1 chars with 0 blanks and 1 valid
5.9710 	DEBUG 	TextBox2 loaded 1 chars with 0 blanks and 1 valid
5.9838 	DEBUG 	TextBox2 loaded 1 chars with 0 blanks and 1 valid
5.9969 	DEBUG 	TextBox2 loaded 1 chars with 0 blanks and 1 valid
6.0100 	DEBUG 	TextBox2 loaded 1 chars with 0 blanks and 1 valid
6.0105 	DEBUG 	Uploading Texture Font fontname to graphics card
6.0110 	DEBUG 	Upload of Texture Font fontname complete
6.3131 	INFO 	keyboard.Keyboard is using ptb backend.
6.3131 	EXP 	mouse: status = STARTED
6.3359 	EXP 	Created mouse_none = ImageStim(__class__=<class 'psychopy.visual.image.ImageStim'>, anchor=('center', 'center'), autoLog=True, color=array([1., 1., 1.]), colorSpace='rgb', contrast=1.0, depth=0.0, draggable=False, flipHoriz=np.False_, flipVert=np.False_, image='stimuli/mouse_none.jpg', interpolate=True, mask='stimuli/mouse_mask.jpg', maskParams=None, name='mouse_none', opacity=1, ori=0.0, pos=array([0., 0.]), size=array([0.5, 0.5]), texRes=128.0, units='height', win=Window(...))
6.3420 	EXP 	Created image = ImageStim(__class__=<class 'psychopy.visual.image.ImageStim'>, anchor=('center', 'center'), autoLog=True, color=array([1., 1., 1.]), colorSpace='rgb', contrast=1.0, depth=-1.0, draggable=False, flipHoriz=np.False_, flipVert=np.False_, image='stimuli/mouse_left.jpg', interpolate=True, mask='stimuli/mouse_mask.jpg', maskParams=None, name='image', opacity=1, ori=0.0, pos=array([0., 0.]), size=array([0.5, 0.5]), texRes=128.0, units='height', win=Window(...))
0.0209 	DEBUG 	Read csv file with pandas: conditions.csv
0.0219 	DEBUG 	Clearing unnamed columns from conditions.csv
0.0222 	EXP 	Imported conditions.csv as conditions, 2 conditions, 1 params
0.0224 	EXP 	New trial (rep=0, index=0): <Trial 0 (0 in rep 0) data={'side': 'stimuli/mouse_left.jpg', 'thisN': 0, 'thisTrialN': 0, 'thisRepN': 0}>
0.0331 	EXP 	mouse_none: autoDraw = True
0.1992 	EXP 	image: autoDraw = True
0.2334 	EXP 	mouse_none: autoDraw = False
1.6858 	EXP 	New trial (rep=0, index=1): <Trial 1 (1 in rep 0) data={'side': 'stimuli/mouse_right.jpg', 'thisN': 1, 'thisTrialN': 1, 'thisRepN': 0}>
1.7002 	EXP 	image: autoDraw = False
1.7002 	EXP 	mouse_none: autoDraw = False
1.7002 	EXP 	image: autoDraw = False
1.7002 	EXP 	mouse_none: autoDraw = True
1.8998 	EXP 	mouse_none: autoDraw = False
1.8998 	EXP 	image: autoDraw = True
3.3873 	EXP 	New trial (rep=1, index=0): <Trial 2 (0 in rep 1) data={'side': 'stimuli/mouse_left.jpg', 'thisN': 2, 'thisTrialN': 0, 'thisRepN': 1}>
3.4003 	EXP 	image: autoDraw = False
3.4003 	EXP 	mouse_none: autoDraw = False
3.4003 	EXP 	image: autoDraw = False
3.4003 	EXP 	mouse_none: autoDraw = True
3.5991 	EXP 	mouse_none: autoDraw = False
3.5991 	EXP 	image: autoDraw = True
5.0882 	EXP 	New trial (rep=1, index=1): <Trial 3 (1 in rep 1) data={'side': 'stimuli/mouse_right.jpg', 'thisN': 3, 'thisTrialN': 1, 'thisRepN': 1}>
5.1001 	EXP 	image: autoDraw = False
5.1001 	EXP 	mouse_none: autoDraw = False
5.1001 	EXP 	image: autoDraw = False
5.1001 	EXP 	mouse_none: autoDraw = True
5.2993 	EXP 	mouse_none: autoDraw = False
5.2993 	EXP 	image: autoDraw = True
6.7875 	EXP 	New trial (rep=2, index=0): <Trial 4 (0 in rep 2) data={'side': 'stimuli/mouse_right.jpg', 'thisN': 4, 'thisTrialN': 0, 'thisRepN': 2}>
6.8002 	EXP 	image: autoDraw = False
6.8002 	EXP 	mouse_none: autoDraw = False
6.8002 	EXP 	image: autoDraw = False
6.8002 	EXP 	mouse_none: autoDraw = True
7.0002 	EXP 	mouse_none: autoDraw = False
7.0002 	EXP 	image: autoDraw = True
8.4855 	EXP 	New trial (rep=2, index=1): <Trial 5 (1 in rep 2) data={'side': 'stimuli/mouse_left.jpg', 'thisN': 5, 'thisTrialN': 1, 'thisRepN': 2}>
8.4994 	EXP 	image: autoDraw = False
8.4994 	EXP 	mouse_none: autoDraw = False
8.4994 	EXP 	image: autoDraw = False
8.4994 	EXP 	mouse_none: autoDraw = True
8.7004 	EXP 	mouse_none: autoDraw = False
8.7004 	EXP 	image: autoDraw = True
10.1878 	EXP 	New trial (rep=3, index=0): <Trial 6 (0 in rep 3) data={'side': 'stimuli/mouse_right.jpg', 'thisN': 6, 'thisTrialN': 0, 'thisRepN': 3}>
10.2006 	EXP 	image: autoDraw = False
10.2006 	EXP 	mouse_none: autoDraw = False
10.2006 	EXP 	image: autoDraw = False
10.2006 	EXP 	mouse_none: autoDraw = True
10.3994 	EXP 	image: autoDraw = True
10.4162 	EXP 	mouse_none: autoDraw = False
11.8879 	EXP 	New trial (rep=3, index=1): <Trial 7 (1 in rep 3) data={'side': 'stimuli/mouse_left.jpg', 'thisN': 7, 'thisTrialN': 1, 'thisRepN': 3}>
11.9002 	EXP 	image: autoDraw = False
11.9002 	EXP 	mouse_none: autoDraw = False
11.9002 	EXP 	image: autoDraw = False
11.9002 	EXP 	mouse_none: autoDraw = True
12.1011 	EXP 	mouse_none: autoDraw = False
12.1011 	EXP 	image: autoDraw = True
12.7395 	DATA 	Keypress: escape
12.7444 	EXP 	Device response: <KeyPress from None: t=12.733223300019745, value=escape, duration=None>
12.8714 	EXP 	Device response: <KeyPress from None: t=12.733223300019745, value=escape, duration=0.1274439999833703>
12.8714 	EXP 	mouse: status = STOPPED
12.8822 	EXP 	image: autoDraw = False
12.8852 	EXP 	mouse: status = STOPPED
12.8962 	INFO 	saved data to 'C:\\Users\\delgr\\Projects\\mouseGame\\data\\pilot_mouse_2025-06-17_21h42.28.508.csv'
12.8969 	INFO 	saved data to C:\Users\delgr\Projects\mouseGame\data\pilot_mouse_2025-06-17_21h42.28.508.psydat
13.0571 	DEBUG 	Saving data for mouse ExperimentHandler
13.0610 	WARNING 	Stopping key buffers but this could be dangerous ifother keyboards rely on the same.
