2.7290 	DEBUG 	Fullscreen settings ignored as running in pilot mode.
2.7298 	INFO 	Loaded monitor calibration from ['2025_06_17 20:17']
2.8241 	INFO 	Using renderer 'Intel(R) Iris(R) Xe Graphics' for graphics
2.8241 	INFO 	OpenGL version supported by driver is 4..
2.8342 	EXP 	Created window1 = Window(allowGUI=False, allowStencil=False, autoLog=True, backendConf=UNKNOWN, backgroundFit=<method-wrapper '__getattribute__' of attributeSetter object at 0x0000020B87E68730>, backgroundImage=<method-wrapper '__getattribute__' of attributeSetter object at 0x0000020B87E686D0>, bitsMode=UNKNOWN, blendMode='avg', bpc=(8, 8, 8), color=array([0, 0, 0]), colorSpace='rgb', depthBits=8, fullscr=False, gamma=None, gammaErrorPolicy='raise', infoMsg=UNKNOWN, lms=UNKNOWN, monitor=<psychopy.monitors.calibTools.Monitor object at 0x0000020B87F21FC0>, multiSample=False, name='window1', numSamples=2, pos=[np.float64(1520.0), np.float64(780.0)], screen=0, size=array([800, 600]), stencilBits=0, stereo=False, title='PsychoPy', units='height', useFBO=True, useRetina=False, viewOri=0.0, viewPos=None, viewScale=None, waitBlanking=True, winType='pyglet')
2.8342 	EXP 	window1: backgroundImage = ''
2.8343 	EXP 	window1: backgroundFit = 'none'
2.8480 	DEBUG 	TextBox2 loaded 1 chars with 0 blanks and 1 valid
2.8565 	DEBUG 	TextBox2 loaded 1 chars with 0 blanks and 1 valid
2.8652 	DEBUG 	TextBox2 loaded 1 chars with 0 blanks and 1 valid
2.8740 	DEBUG 	TextBox2 loaded 1 chars with 0 blanks and 1 valid
2.8827 	DEBUG 	TextBox2 loaded 1 chars with 0 blanks and 1 valid
2.8910 	DEBUG 	TextBox2 loaded 1 chars with 0 blanks and 1 valid
2.9001 	DEBUG 	TextBox2 loaded 1 chars with 0 blanks and 1 valid
2.9085 	DEBUG 	TextBox2 loaded 1 chars with 0 blanks and 1 valid
2.9168 	DEBUG 	TextBox2 loaded 1 chars with 0 blanks and 1 valid
2.9249 	DEBUG 	TextBox2 loaded 1 chars with 0 blanks and 1 valid
2.9338 	DEBUG 	TextBox2 loaded 1 chars with 0 blanks and 1 valid
2.9422 	DEBUG 	TextBox2 loaded 1 chars with 0 blanks and 1 valid
2.9511 	DEBUG 	TextBox2 loaded 1 chars with 0 blanks and 1 valid
2.9602 	DEBUG 	TextBox2 loaded 1 chars with 0 blanks and 1 valid
2.9695 	DEBUG 	TextBox2 loaded 1 chars with 0 blanks and 1 valid
2.9787 	DEBUG 	TextBox2 loaded 1 chars with 0 blanks and 1 valid
2.9880 	DEBUG 	TextBox2 loaded 1 chars with 0 blanks and 1 valid
2.9969 	DEBUG 	TextBox2 loaded 1 chars with 0 blanks and 1 valid
3.0059 	DEBUG 	TextBox2 loaded 1 chars with 0 blanks and 1 valid
3.0154 	DEBUG 	TextBox2 loaded 1 chars with 0 blanks and 1 valid
3.0242 	DEBUG 	TextBox2 loaded 1 chars with 0 blanks and 1 valid
3.0245 	DEBUG 	Uploading Texture Font fontname to graphics card
3.0284 	DEBUG 	Upload of Texture Font fontname complete
3.0418 	DEBUG 	TextBox2 loaded 1 chars with 0 blanks and 1 valid
3.0512 	DEBUG 	TextBox2 loaded 1 chars with 0 blanks and 1 valid
3.0608 	DEBUG 	TextBox2 loaded 1 chars with 0 blanks and 1 valid
3.0611 	DEBUG 	Uploading Texture Font fontname to graphics card
3.0643 	DEBUG 	Upload of Texture Font fontname complete
3.0659 	EXP 	window1: Attempting to measure frame rate of screen (0) ...
3.0660 	EXP 	window1: recordFrameIntervals = False
3.2335 	EXP 	window1: recordFrameIntervals = True
3.4166 	EXP 	Screen (0) actual frame rate measured at 59.83Hz
3.4166 	EXP 	window1: recordFrameIntervals = False
3.4296 	DEBUG 	TextBox2 loaded 1 chars with 0 blanks and 1 valid
3.4384 	DEBUG 	TextBox2 loaded 1 chars with 0 blanks and 1 valid
3.4473 	DEBUG 	TextBox2 loaded 1 chars with 0 blanks and 1 valid
3.4561 	DEBUG 	TextBox2 loaded 1 chars with 0 blanks and 1 valid
3.4650 	DEBUG 	TextBox2 loaded 1 chars with 0 blanks and 1 valid
3.4734 	DEBUG 	TextBox2 loaded 1 chars with 0 blanks and 1 valid
3.4815 	DEBUG 	TextBox2 loaded 1 chars with 0 blanks and 1 valid
3.4899 	DEBUG 	TextBox2 loaded 1 chars with 0 blanks and 1 valid
3.4985 	DEBUG 	TextBox2 loaded 1 chars with 0 blanks and 1 valid
3.5075 	DEBUG 	TextBox2 loaded 1 chars with 0 blanks and 1 valid
3.5078 	DEBUG 	Uploading Texture Font fontname to graphics card
3.5083 	DEBUG 	Upload of Texture Font fontname complete
3.7849 	INFO 	keyboard.Keyboard is using ptb backend.
3.7850 	EXP 	mouse: status = STARTED
3.7861 	EXP 	Created drawing_area = Rect(__class__=<class 'psychopy.visual.rect.Rect'>, anchor=('center', 'center'), autoDraw=False, autoLog=True, closeShape=True, color=method-wrapper(...), colorSpace='rgb', contrast=None, depth=0.0, draggable=False, fillColor=array([1, 1, 1]), fillColorSpace='rgb', fillRGB=array([1, 1, 1]), interpolate=True, lineColor=array([-0.6706, -0.749 , -0.749 ]), lineColorSpace='rgb', lineRGB=array([-0.6706, -0.749 , -0.749 ]), lineWidth=3.0, name='drawing_area', opacity=1, ori=0.0, pos=array([0., 0.]), size=array([0.5, 0.5]), units='height', vertices=ndarray(...), win=Window(...))
3.7861 	EXP 	Created brush = <psychopy.visual.brush.Brush object at 0x0000020B8F3D74C0>
3.8201 	EXP 	Created instrutions_text = TextStim(__class__=<class 'psychopy.visual.text.TextStim'>, alignHoriz=method-wrapper(...), alignText='center', alignVert=method-wrapper(...), anchorHoriz='center', anchorVert='center', antialias=True, autoDraw=False, autoLog=True, bold=False, color=array([1., 1., 1.]), colorSpace='rgb', contrast=1.0, depth=0.0, draggable=False, flipHoriz=False, flipVert=False, font='Arial', fontFiles=[], height=np.float64(0.05), italic=False, languageStyle='LTR', name='instrutions_text', opacity=1, ori=0.0, pos=array([0., 0.]), rgb=UNKNOWN, text=str(...), units='height', win=Window(...), wrapWidth=1)
3.8337 	EXP 	Created instructions_mouse_2 = ImageStim(__class__=<class 'psychopy.visual.image.ImageStim'>, anchor=('center', 'center'), autoLog=True, color=array([1., 1., 1.]), colorSpace='rgb', contrast=1.0, depth=0.0, draggable=False, flipHoriz=np.False_, flipVert=np.False_, image='stimuli/mouse_none.jpg', interpolate=True, mask='stimuli/mouse_mask.jpg', maskParams=None, name='instructions_mouse_2', opacity=1, ori=0.0, pos=array([0., 0.]), size=array([0.5, 0.5]), texRes=128.0, units='height', win=Window(...))
3.8375 	EXP 	Created mouse_none = ImageStim(__class__=<class 'psychopy.visual.image.ImageStim'>, anchor=('center', 'center'), autoLog=True, color=array([1., 1., 1.]), colorSpace='rgb', contrast=1.0, depth=0.0, draggable=False, flipHoriz=np.False_, flipVert=np.False_, image='stimuli/mouse_none.jpg', interpolate=True, mask='stimuli/mouse_mask.jpg', maskParams=None, name='mouse_none', opacity=1, ori=0.0, pos=array([0., 0.]), size=array([0.5, 0.5]), texRes=128.0, units='height', win=Window(...))
3.8405 	EXP 	Created image = ImageStim(__class__=<class 'psychopy.visual.image.ImageStim'>, anchor=('center', 'center'), autoLog=True, color=array([1., 1., 1.]), colorSpace='rgb', contrast=1.0, depth=-1.0, draggable=False, flipHoriz=np.False_, flipVert=np.False_, image='default.png', interpolate=True, mask='stimuli/mouse_mask.jpg', maskParams=None, name='image', opacity=1, ori=0.0, pos=array([0., 0.]), size=array([0.5, 0.5]), texRes=128.0, units='height', win=Window(...))
3.8442 	EXP 	Created mouse_none_2 = ImageStim(__class__=<class 'psychopy.visual.image.ImageStim'>, anchor=('center', 'center'), autoLog=True, color=array([1., 1., 1.]), colorSpace='rgb', contrast=1.0, depth=0.0, draggable=False, flipHoriz=np.False_, flipVert=np.False_, image='stimuli/mouse_none.jpg', interpolate=True, mask='stimuli/mouse_mask.jpg', maskParams=None, name='mouse_none_2', opacity=1, ori=0.0, pos=array([0., 0.]), size=array([0.5, 0.5]), texRes=128.0, units='height', win=Window(...))
3.8473 	EXP 	Created image_2 = ImageStim(__class__=<class 'psychopy.visual.image.ImageStim'>, anchor=('center', 'center'), autoLog=True, color=array([1., 1., 1.]), colorSpace='rgb', contrast=1.0, depth=-1.0, draggable=False, flipHoriz=np.False_, flipVert=np.False_, image='default.png', interpolate=True, mask='stimuli/mouse_mask.jpg', maskParams=None, name='image_2', opacity=1, ori=0.0, pos=array([0., 0.]), size=array([0.5, 0.5]), texRes=128.0, units='height', win=Window(...))
3.8511 	EXP 	Created thankyou_text = TextStim(__class__=<class 'psychopy.visual.text.TextStim'>, alignHoriz=method-wrapper(...), alignText='center', alignVert=method-wrapper(...), anchorHoriz='center', anchorVert='center', antialias=True, autoDraw=False, autoLog=True, bold=False, color=array([1., 1., 1.]), colorSpace='rgb', contrast=1.0, depth=0.0, draggable=False, flipHoriz=False, flipVert=False, font='Arial', fontFiles=[], height=np.float64(0.05), italic=False, languageStyle='LTR', name='thankyou_text', opacity=1, ori=0.0, pos=array([0., 0.]), rgb=UNKNOWN, text='Done, Thank You!\n\n(Click mouse to end).', units='height', win=Window(...), wrapWidth=1)
0.0148 	EXP 	brush: autoLog = True
0.0148 	EXP 	brush: autoDraw = False
0.0165 	EXP 	Resetting brush
0.0317 	EXP 	drawing_area: autoDraw = True
0.0317 	EXP 	brush: autoDraw = True
0.5700 	DATA 	Mouse: Left button down, pos=(263,358)
0.5700 	EXP 	Resetting brush parameter: brushPos.
0.5700 	EXP 	Creating ShapeStim for brush
1.7536 	DATA 	Mouse:  Left button up, pos=(365,227)
2.8069 	DATA 	Mouse: Left button down, pos=(437,184)
2.8070 	EXP 	Resetting brush parameter: brushPos.
2.8070 	EXP 	Creating ShapeStim for brush
3.4694 	DATA 	Mouse:  Left button up, pos=(502,176)
4.1361 	DATA 	Mouse: Left button down, pos=(325,219)
4.1362 	EXP 	Resetting brush parameter: brushPos.
4.1362 	EXP 	Creating ShapeStim for brush
4.8529 	DATA 	Mouse:  Left button up, pos=(296,228)
8.5714 	EXP 	Device response: <KeyPress from None: t=8.556486500019673, value=escape, duration=None>
8.5724 	DATA 	Keypress: escape
8.6514 	EXP 	Device response: <KeyPress from None: t=8.556486500019673, value=escape, duration=0.0881902999826707>
8.6514 	EXP 	mouse: status = STOPPED
8.6653 	EXP 	drawing_area: autoDraw = False
8.6653 	EXP 	brush: autoDraw = False
8.6678 	EXP 	mouse: status = STOPPED
8.6780 	INFO 	saved data to 'C:\\Users\\delgr\\Projects\\mouseGame\\data\\pilot_mouse_2025-06-17_23h26.51.672.csv'
8.6784 	INFO 	saved data to C:\Users\delgr\Projects\mouseGame\data\pilot_mouse_2025-06-17_23h26.51.672.psydat
8.7511 	DEBUG 	Saving data for mouse ExperimentHandler
8.7539 	WARNING 	Stopping key buffers but this could be dangerous ifother keyboards rely on the same.
