6.1093 	DEBUG 	Fullscreen settings ignored as running in pilot mode.
6.1107 	INFO 	Loaded monitor calibration from ['2025_06_17 20:17']
6.2113 	INFO 	Using renderer 'Intel(R) Iris(R) Xe Graphics' for graphics
6.2113 	INFO 	OpenGL version supported by driver is 4..
6.2241 	EXP 	Created window1 = Window(allowGUI=False, allowStencil=False, autoLog=True, backendConf=UNKNOWN, backgroundFit=<method-wrapper '__getattribute__' of attributeSetter object at 0x0000018C486C61A0>, backgroundImage=<method-wrapper '__getattribute__' of attributeSetter object at 0x0000018C486C6140>, bitsMode=UNKNOWN, blendMode='avg', bpc=(8, 8, 8), color=array([0, 0, 0]), colorSpace='rgb', depthBits=8, fullscr=False, gamma=None, gammaErrorPolicy='raise', infoMsg=UNKNOWN, lms=UNKNOWN, monitor=<psychopy.monitors.calibTools.Monitor object at 0x0000018C48777A30>, multiSample=False, name='window1', numSamples=2, pos=[np.float64(560.0), np.float64(300.0)], screen=0, size=array([800, 600]), stencilBits=0, stereo=False, title='PsychoPy', units='height', useFBO=True, useRetina=False, viewOri=0.0, viewPos=None, viewScale=None, waitBlanking=True, winType='pyglet')
6.2242 	EXP 	window1: backgroundImage = ''
6.2242 	EXP 	window1: backgroundFit = 'none'
6.2417 	DEBUG 	TextBox2 loaded 1 chars with 0 blanks and 1 valid
6.2539 	DEBUG 	TextBox2 loaded 1 chars with 0 blanks and 1 valid
6.2677 	DEBUG 	TextBox2 loaded 1 chars with 0 blanks and 1 valid
6.2803 	DEBUG 	TextBox2 loaded 1 chars with 0 blanks and 1 valid
6.2930 	DEBUG 	TextBox2 loaded 1 chars with 0 blanks and 1 valid
6.3053 	DEBUG 	TextBox2 loaded 1 chars with 0 blanks and 1 valid
6.3181 	DEBUG 	TextBox2 loaded 1 chars with 0 blanks and 1 valid
6.3314 	DEBUG 	TextBox2 loaded 1 chars with 0 blanks and 1 valid
6.3442 	DEBUG 	TextBox2 loaded 1 chars with 0 blanks and 1 valid
6.3571 	DEBUG 	TextBox2 loaded 1 chars with 0 blanks and 1 valid
6.3700 	DEBUG 	TextBox2 loaded 1 chars with 0 blanks and 1 valid
6.3830 	DEBUG 	TextBox2 loaded 1 chars with 0 blanks and 1 valid
6.3965 	DEBUG 	TextBox2 loaded 1 chars with 0 blanks and 1 valid
6.4096 	DEBUG 	TextBox2 loaded 1 chars with 0 blanks and 1 valid
6.4232 	DEBUG 	TextBox2 loaded 1 chars with 0 blanks and 1 valid
6.4367 	DEBUG 	TextBox2 loaded 1 chars with 0 blanks and 1 valid
6.4502 	DEBUG 	TextBox2 loaded 1 chars with 0 blanks and 1 valid
6.4631 	DEBUG 	TextBox2 loaded 1 chars with 0 blanks and 1 valid
6.4759 	DEBUG 	TextBox2 loaded 1 chars with 0 blanks and 1 valid
6.4895 	DEBUG 	TextBox2 loaded 1 chars with 0 blanks and 1 valid
6.5033 	DEBUG 	TextBox2 loaded 1 chars with 0 blanks and 1 valid
6.5037 	DEBUG 	Uploading Texture Font fontname to graphics card
6.5095 	DEBUG 	Upload of Texture Font fontname complete
6.5294 	DEBUG 	TextBox2 loaded 1 chars with 0 blanks and 1 valid
6.5431 	DEBUG 	TextBox2 loaded 1 chars with 0 blanks and 1 valid
6.5564 	DEBUG 	TextBox2 loaded 1 chars with 0 blanks and 1 valid
6.5567 	DEBUG 	Uploading Texture Font fontname to graphics card
6.5609 	DEBUG 	Upload of Texture Font fontname complete
6.5630 	EXP 	window1: Attempting to measure frame rate of screen (0) ...
6.5631 	EXP 	window1: recordFrameIntervals = False
6.7302 	EXP 	window1: recordFrameIntervals = True
6.9140 	EXP 	Screen (0) actual frame rate measured at 59.97Hz
6.9141 	EXP 	window1: recordFrameIntervals = False
6.9318 	DEBUG 	TextBox2 loaded 1 chars with 0 blanks and 1 valid
6.9432 	DEBUG 	TextBox2 loaded 1 chars with 0 blanks and 1 valid
6.9545 	DEBUG 	TextBox2 loaded 1 chars with 0 blanks and 1 valid
6.9662 	DEBUG 	TextBox2 loaded 1 chars with 0 blanks and 1 valid
6.9778 	DEBUG 	TextBox2 loaded 1 chars with 0 blanks and 1 valid
6.9895 	DEBUG 	TextBox2 loaded 1 chars with 0 blanks and 1 valid
7.0010 	DEBUG 	TextBox2 loaded 1 chars with 0 blanks and 1 valid
7.0139 	DEBUG 	TextBox2 loaded 1 chars with 0 blanks and 1 valid
7.0277 	DEBUG 	TextBox2 loaded 1 chars with 0 blanks and 1 valid
7.0402 	DEBUG 	TextBox2 loaded 1 chars with 0 blanks and 1 valid
7.0406 	DEBUG 	Uploading Texture Font fontname to graphics card
7.0411 	DEBUG 	Upload of Texture Font fontname complete
7.3477 	INFO 	keyboard.Keyboard is using ptb backend.
7.3477 	EXP 	mouse: status = STARTED
7.3848 	EXP 	Created welcome = TextStim(__class__=<class 'psychopy.visual.text.TextStim'>, alignHoriz=method-wrapper(...), alignText='center', alignVert=method-wrapper(...), anchorHoriz='center', anchorVert='center', antialias=True, autoDraw=False, autoLog=True, bold=False, color=array([1., 1., 1.]), colorSpace='rgb', contrast=1.0, depth=0.0, draggable=False, flipHoriz=False, flipVert=False, font='Arial', fontFiles=[], height=np.float64(0.05), italic=False, languageStyle='LTR', name='welcome', opacity=1, ori=0.0, pos=array([0., 0.]), rgb=UNKNOWN, text='Hi!', units='height', win=Window(...), wrapWidth=1)
7.3849 	EXP 	Created brush = <psychopy.visual.brush.Brush object at 0x0000018C5405B400>
0.0111 	EXP 	brush: autoLog = True
0.0111 	EXP 	brush: autoDraw = False
0.0137 	EXP 	Resetting brush
0.0281 	EXP 	welcome: autoDraw = True
1.1655 	DATA 	Mouse: Left button down, pos=(514,415)
1.5324 	DATA 	Mouse:  Left button up, pos=(138,390)
1.6493 	DATA 	Mouse: Left button down, pos=(496,376)
1.9822 	DATA 	Mouse:  Left button up, pos=(315,486)
2.0117 	EXP 	brush: autoDraw = True
2.1157 	DATA 	Mouse: Left button down, pos=(381,445)
2.1158 	EXP 	Resetting brush parameter: brushPos.
2.1158 	EXP 	Creating ShapeStim for brush
4.6490 	DATA 	Mouse:  Left button up, pos=(306,206)
4.9981 	DATA 	Mouse: Left button down, pos=(200,153)
4.9982 	EXP 	Resetting brush parameter: brushPos.
4.9982 	EXP 	Creating ShapeStim for brush
5.0282 	EXP 	welcome: autoDraw = False
5.7507 	DATA 	Mouse:  Left button up, pos=(551,183)
7.0123 	EXP 	brush: autoDraw = False
7.0123 	EXP 	welcome: autoDraw = False
7.0123 	EXP 	brush: autoDraw = False
7.0157 	EXP 	mouse: status = STOPPED
7.0266 	INFO 	saved data to 'C:\\Users\\delgr\\Projects\\mouseGame\\data\\pilot_mouse_2025-06-17_20h26.31.847.csv'
7.0273 	INFO 	saved data to C:\Users\delgr\Projects\mouseGame\data\pilot_mouse_2025-06-17_20h26.31.847.psydat
7.1550 	DEBUG 	Saving data for mouse ExperimentHandler
7.1579 	WARNING 	Stopping key buffers but this could be dangerous ifother keyboards rely on the same.
