3.9155 	DEBUG 	Fullscreen settings ignored as running in pilot mode.
3.9165 	INFO 	Loaded monitor calibration from ['2025_06_17 20:17']
4.0891 	INFO 	Using renderer 'Intel(R) Iris(R) Xe Graphics' for graphics
4.0892 	INFO 	OpenGL version supported by driver is 4..
4.1091 	EXP 	Created window1 = Window(allowGUI=False, allowStencil=False, autoLog=True, backendConf=UNKNOWN, backgroundFit=<method-wrapper '__getattribute__' of attributeSetter object at 0x000002E1EBD0AEC0>, backgroundImage=<method-wrapper '__getattribute__' of attributeSetter object at 0x000002E1EBD0AE60>, bitsMode=UNKNOWN, blendMode='avg', bpc=(8, 8, 8), color=array([0, 0, 0]), colorSpace='rgb', depthBits=8, fullscr=False, gamma=None, gammaErrorPolicy='raise', infoMsg=UNKNOWN, lms=UNKNOWN, monitor=<psychopy.monitors.calibTools.Monitor object at 0x000002E1EBDCC790>, multiSample=False, name='window1', numSamples=2, pos=[np.float64(560.0), np.float64(300.0)], screen=0, size=array([800, 600]), stencilBits=0, stereo=False, title='PsychoPy', units='height', useFBO=True, useRetina=False, viewOri=0.0, viewPos=None, viewScale=None, waitBlanking=True, winType='pyglet')
4.1091 	EXP 	window1: backgroundImage = ''
4.1092 	EXP 	window1: backgroundFit = 'none'
4.1374 	DEBUG 	TextBox2 loaded 1 chars with 0 blanks and 1 valid
4.1575 	DEBUG 	TextBox2 loaded 1 chars with 0 blanks and 1 valid
4.1769 	DEBUG 	TextBox2 loaded 1 chars with 0 blanks and 1 valid
4.1967 	DEBUG 	TextBox2 loaded 1 chars with 0 blanks and 1 valid
4.2160 	DEBUG 	TextBox2 loaded 1 chars with 0 blanks and 1 valid
4.2357 	DEBUG 	TextBox2 loaded 1 chars with 0 blanks and 1 valid
4.2548 	DEBUG 	TextBox2 loaded 1 chars with 0 blanks and 1 valid
4.2734 	DEBUG 	TextBox2 loaded 1 chars with 0 blanks and 1 valid
4.2931 	DEBUG 	TextBox2 loaded 1 chars with 0 blanks and 1 valid
4.3117 	DEBUG 	TextBox2 loaded 1 chars with 0 blanks and 1 valid
4.3308 	DEBUG 	TextBox2 loaded 1 chars with 0 blanks and 1 valid
4.3493 	DEBUG 	TextBox2 loaded 1 chars with 0 blanks and 1 valid
4.3672 	DEBUG 	TextBox2 loaded 1 chars with 0 blanks and 1 valid
4.3845 	DEBUG 	TextBox2 loaded 1 chars with 0 blanks and 1 valid
4.4019 	DEBUG 	TextBox2 loaded 1 chars with 0 blanks and 1 valid
4.4192 	DEBUG 	TextBox2 loaded 1 chars with 0 blanks and 1 valid
4.4369 	DEBUG 	TextBox2 loaded 1 chars with 0 blanks and 1 valid
4.4538 	DEBUG 	TextBox2 loaded 1 chars with 0 blanks and 1 valid
4.4704 	DEBUG 	TextBox2 loaded 1 chars with 0 blanks and 1 valid
4.4872 	DEBUG 	TextBox2 loaded 1 chars with 0 blanks and 1 valid
4.5034 	DEBUG 	TextBox2 loaded 1 chars with 0 blanks and 1 valid
4.5039 	DEBUG 	Uploading Texture Font fontname to graphics card
4.5121 	DEBUG 	Upload of Texture Font fontname complete
4.5379 	DEBUG 	TextBox2 loaded 1 chars with 0 blanks and 1 valid
4.5557 	DEBUG 	TextBox2 loaded 1 chars with 0 blanks and 1 valid
4.5731 	DEBUG 	TextBox2 loaded 1 chars with 0 blanks and 1 valid
4.5736 	DEBUG 	Uploading Texture Font fontname to graphics card
4.5790 	DEBUG 	Upload of Texture Font fontname complete
4.5818 	EXP 	window1: Attempting to measure frame rate of screen (0) ...
4.5819 	EXP 	window1: recordFrameIntervals = False
4.7452 	EXP 	window1: recordFrameIntervals = True
4.9265 	EXP 	Screen (0) actual frame rate measured at 60.64Hz
4.9265 	EXP 	window1: recordFrameIntervals = False
4.9434 	DEBUG 	TextBox2 loaded 1 chars with 0 blanks and 1 valid
4.9559 	DEBUG 	TextBox2 loaded 1 chars with 0 blanks and 1 valid
4.9686 	DEBUG 	TextBox2 loaded 1 chars with 0 blanks and 1 valid
4.9817 	DEBUG 	TextBox2 loaded 1 chars with 0 blanks and 1 valid
4.9951 	DEBUG 	TextBox2 loaded 1 chars with 0 blanks and 1 valid
5.0092 	DEBUG 	TextBox2 loaded 1 chars with 0 blanks and 1 valid
5.0227 	DEBUG 	TextBox2 loaded 1 chars with 0 blanks and 1 valid
5.0379 	DEBUG 	TextBox2 loaded 1 chars with 0 blanks and 1 valid
5.0524 	DEBUG 	TextBox2 loaded 1 chars with 0 blanks and 1 valid
5.0667 	DEBUG 	TextBox2 loaded 1 chars with 0 blanks and 1 valid
5.0671 	DEBUG 	Uploading Texture Font fontname to graphics card
5.0677 	DEBUG 	Upload of Texture Font fontname complete
5.3709 	INFO 	keyboard.Keyboard is using ptb backend.
5.3709 	EXP 	mouse: status = STARTED
5.3938 	EXP 	Created image = ImageStim(__class__=<class 'psychopy.visual.image.ImageStim'>, anchor=('center', 'center'), autoLog=True, color=array([1., 1., 1.]), colorSpace='rgb', contrast=1.0, depth=0.0, draggable=False, flipHoriz=np.False_, flipVert=np.False_, image='stimuli/mouse_left.jpg', interpolate=True, mask='stimuli/mouse_mask.jpg', maskParams=None, name='image', opacity=1, ori=0.0, pos=array([0., 0.]), size=array([0.5, 0.5]), texRes=128.0, units='height', win=Window(...))
0.0346 	EXP 	image: autoDraw = True
1.7014 	DATA 	Mouse: Right button down, pos=(532,364)
1.7157 	EXP 	image: autoDraw = False
1.7175 	EXP 	mouse: status = STOPPED
1.7276 	INFO 	saved data to 'C:\\Users\\delgr\\Projects\\mouseGame\\data\\pilot_mouse_2025-06-17_21h15.37.458.csv'
1.7283 	INFO 	saved data to C:\Users\delgr\Projects\mouseGame\data\pilot_mouse_2025-06-17_21h15.37.458.psydat
1.8720 	DEBUG 	Saving data for mouse ExperimentHandler
1.8764 	WARNING 	Stopping key buffers but this could be dangerous ifother keyboards rely on the same.
