4.0701 	DEBUG 	Fullscreen settings ignored as running in pilot mode.
4.0708 	INFO 	Loaded monitor calibration from ['2025_06_17 20:17']
4.1731 	INFO 	Using renderer 'Intel(R) Iris(R) Xe Graphics' for graphics
4.1731 	INFO 	OpenGL version supported by driver is 4..
4.1865 	EXP 	Created window1 = Window(allowGUI=False, allowStencil=False, autoLog=True, backendConf=UNKNOWN, backgroundFit=<method-wrapper '__getattribute__' of attributeSetter object at 0x00000190323550F0>, backgroundImage=<method-wrapper '__getattribute__' of attributeSetter object at 0x0000019032355090>, bitsMode=UNKNOWN, blendMode='avg', bpc=(8, 8, 8), color=array([0, 0, 0]), colorSpace='rgb', depthBits=8, fullscr=False, gamma=None, gammaErrorPolicy='raise', infoMsg=UNKNOWN, lms=UNKNOWN, monitor=<psychopy.monitors.calibTools.Monitor object at 0x0000019032406980>, multiSample=False, name='window1', numSamples=2, pos=[np.float64(560.0), np.float64(300.0)], screen=0, size=array([800, 600]), stencilBits=0, stereo=False, title='PsychoPy', units='height', useFBO=True, useRetina=False, viewOri=0.0, viewPos=None, viewScale=None, waitBlanking=True, winType='pyglet')
4.1866 	EXP 	window1: backgroundImage = ''
4.1867 	EXP 	window1: backgroundFit = 'none'
4.2073 	DEBUG 	TextBox2 loaded 1 chars with 0 blanks and 1 valid
4.2215 	DEBUG 	TextBox2 loaded 1 chars with 0 blanks and 1 valid
4.2355 	DEBUG 	TextBox2 loaded 1 chars with 0 blanks and 1 valid
4.2498 	DEBUG 	TextBox2 loaded 1 chars with 0 blanks and 1 valid
4.2648 	DEBUG 	TextBox2 loaded 1 chars with 0 blanks and 1 valid
4.2791 	DEBUG 	TextBox2 loaded 1 chars with 0 blanks and 1 valid
4.2953 	DEBUG 	TextBox2 loaded 1 chars with 0 blanks and 1 valid
4.3101 	DEBUG 	TextBox2 loaded 1 chars with 0 blanks and 1 valid
4.3242 	DEBUG 	TextBox2 loaded 1 chars with 0 blanks and 1 valid
4.3385 	DEBUG 	TextBox2 loaded 1 chars with 0 blanks and 1 valid
4.3544 	DEBUG 	TextBox2 loaded 1 chars with 0 blanks and 1 valid
4.3707 	DEBUG 	TextBox2 loaded 1 chars with 0 blanks and 1 valid
4.3856 	DEBUG 	TextBox2 loaded 1 chars with 0 blanks and 1 valid
4.4004 	DEBUG 	TextBox2 loaded 1 chars with 0 blanks and 1 valid
4.4153 	DEBUG 	TextBox2 loaded 1 chars with 0 blanks and 1 valid
4.4306 	DEBUG 	TextBox2 loaded 1 chars with 0 blanks and 1 valid
4.4457 	DEBUG 	TextBox2 loaded 1 chars with 0 blanks and 1 valid
4.4605 	DEBUG 	TextBox2 loaded 1 chars with 0 blanks and 1 valid
4.4746 	DEBUG 	TextBox2 loaded 1 chars with 0 blanks and 1 valid
4.4898 	DEBUG 	TextBox2 loaded 1 chars with 0 blanks and 1 valid
4.5039 	DEBUG 	TextBox2 loaded 1 chars with 0 blanks and 1 valid
4.5043 	DEBUG 	Uploading Texture Font fontname to graphics card
4.5101 	DEBUG 	Upload of Texture Font fontname complete
4.5315 	DEBUG 	TextBox2 loaded 1 chars with 0 blanks and 1 valid
4.5481 	DEBUG 	TextBox2 loaded 1 chars with 0 blanks and 1 valid
4.5636 	DEBUG 	TextBox2 loaded 1 chars with 0 blanks and 1 valid
4.5641 	DEBUG 	Uploading Texture Font fontname to graphics card
4.5686 	DEBUG 	Upload of Texture Font fontname complete
4.5709 	EXP 	window1: Attempting to measure frame rate of screen (0) ...
4.5710 	EXP 	window1: recordFrameIntervals = False
4.7408 	EXP 	window1: recordFrameIntervals = True
4.9246 	EXP 	Screen (0) actual frame rate measured at 59.90Hz
4.9247 	EXP 	window1: recordFrameIntervals = False
4.9438 	DEBUG 	TextBox2 loaded 1 chars with 0 blanks and 1 valid
4.9567 	DEBUG 	TextBox2 loaded 1 chars with 0 blanks and 1 valid
4.9698 	DEBUG 	TextBox2 loaded 1 chars with 0 blanks and 1 valid
4.9830 	DEBUG 	TextBox2 loaded 1 chars with 0 blanks and 1 valid
4.9962 	DEBUG 	TextBox2 loaded 1 chars with 0 blanks and 1 valid
5.0096 	DEBUG 	TextBox2 loaded 1 chars with 0 blanks and 1 valid
5.0224 	DEBUG 	TextBox2 loaded 1 chars with 0 blanks and 1 valid
5.0354 	DEBUG 	TextBox2 loaded 1 chars with 0 blanks and 1 valid
5.0486 	DEBUG 	TextBox2 loaded 1 chars with 0 blanks and 1 valid
5.0623 	DEBUG 	TextBox2 loaded 1 chars with 0 blanks and 1 valid
5.0628 	DEBUG 	Uploading Texture Font fontname to graphics card
5.0633 	DEBUG 	Upload of Texture Font fontname complete
5.3891 	INFO 	keyboard.Keyboard is using ptb backend.
5.3892 	EXP 	mouse: status = STARTED
5.4271 	EXP 	Created welcome = TextStim(__class__=<class 'psychopy.visual.text.TextStim'>, alignHoriz=method-wrapper(...), alignText='center', alignVert=method-wrapper(...), anchorHoriz='center', anchorVert='center', antialias=True, autoDraw=False, autoLog=True, bold=False, color=array([1., 1., 1.]), colorSpace='rgb', contrast=1.0, depth=0.0, draggable=False, flipHoriz=False, flipVert=False, font='Arial', fontFiles=[], height=np.float64(0.05), italic=False, languageStyle='LTR', name='welcome', opacity=1, ori=0.0, pos=array([0., 0.]), rgb=UNKNOWN, text='Hi!', units='deg', win=Window(...), wrapWidth=15.0)
0.0304 	EXP 	welcome: autoDraw = True
3.3843 	DATA 	Mouse: Left button down, pos=(385,336)
3.4845 	DATA 	Mouse:  Left button up, pos=(385,336)
5.0139 	EXP 	welcome: autoDraw = False
5.0153 	EXP 	mouse: status = STOPPED
5.0253 	INFO 	saved data to 'C:\\Users\\delgr\\Projects\\mouseGame\\data\\pilot_mouse_2025-06-17_20h20.53.531.csv'
5.0258 	INFO 	saved data to C:\Users\delgr\Projects\mouseGame\data\pilot_mouse_2025-06-17_20h20.53.531.psydat
5.1551 	DEBUG 	Saving data for mouse ExperimentHandler
5.1599 	WARNING 	Stopping key buffers but this could be dangerous ifother keyboards rely on the same.
