3.1632 	DEBUG 	Fullscreen settings ignored as running in pilot mode.
3.1644 	INFO 	Loaded monitor calibration from ['2025_06_17 20:17']
3.2728 	INFO 	Using renderer 'Intel(R) Iris(R) Xe Graphics' for graphics
3.2728 	INFO 	OpenGL version supported by driver is 4..
3.2837 	EXP 	Created window1 = Window(allowGUI=False, allowStencil=False, autoLog=True, backendConf=UNKNOWN, backgroundFit=<method-wrapper '__getattribute__' of attributeSetter object at 0x0000027647EC42B0>, backgroundImage=<method-wrapper '__getattribute__' of attributeSetter object at 0x0000027647EC4250>, bitsMode=UNKNOWN, blendMode='avg', bpc=(8, 8, 8), color=array([0, 0, 0]), colorSpace='rgb', depthBits=8, fullscr=False, gamma=None, gammaErrorPolicy='raise', infoMsg=UNKNOWN, lms=UNKNOWN, monitor=<psychopy.monitors.calibTools.Monitor object at 0x0000027647F75B40>, multiSample=False, name='window1', numSamples=2, pos=[np.float64(1520.0), np.float64(780.0)], screen=0, size=array([800, 600]), stencilBits=0, stereo=False, title='PsychoPy', units='height', useFBO=True, useRetina=False, viewOri=0.0, viewPos=None, viewScale=None, waitBlanking=True, winType='pyglet')
3.2838 	EXP 	window1: backgroundImage = ''
3.2838 	EXP 	window1: backgroundFit = 'none'
3.2981 	DEBUG 	TextBox2 loaded 1 chars with 0 blanks and 1 valid
3.3069 	DEBUG 	TextBox2 loaded 1 chars with 0 blanks and 1 valid
3.3160 	DEBUG 	TextBox2 loaded 1 chars with 0 blanks and 1 valid
3.3245 	DEBUG 	TextBox2 loaded 1 chars with 0 blanks and 1 valid
3.3335 	DEBUG 	TextBox2 loaded 1 chars with 0 blanks and 1 valid
3.3416 	DEBUG 	TextBox2 loaded 1 chars with 0 blanks and 1 valid
3.3506 	DEBUG 	TextBox2 loaded 1 chars with 0 blanks and 1 valid
3.3593 	DEBUG 	TextBox2 loaded 1 chars with 0 blanks and 1 valid
3.3679 	DEBUG 	TextBox2 loaded 1 chars with 0 blanks and 1 valid
3.3767 	DEBUG 	TextBox2 loaded 1 chars with 0 blanks and 1 valid
3.3857 	DEBUG 	TextBox2 loaded 1 chars with 0 blanks and 1 valid
3.3947 	DEBUG 	TextBox2 loaded 1 chars with 0 blanks and 1 valid
3.4037 	DEBUG 	TextBox2 loaded 1 chars with 0 blanks and 1 valid
3.4132 	DEBUG 	TextBox2 loaded 1 chars with 0 blanks and 1 valid
3.4221 	DEBUG 	TextBox2 loaded 1 chars with 0 blanks and 1 valid
3.4316 	DEBUG 	TextBox2 loaded 1 chars with 0 blanks and 1 valid
3.4404 	DEBUG 	TextBox2 loaded 1 chars with 0 blanks and 1 valid
3.4489 	DEBUG 	TextBox2 loaded 1 chars with 0 blanks and 1 valid
3.4574 	DEBUG 	TextBox2 loaded 1 chars with 0 blanks and 1 valid
3.4668 	DEBUG 	TextBox2 loaded 1 chars with 0 blanks and 1 valid
3.4755 	DEBUG 	TextBox2 loaded 1 chars with 0 blanks and 1 valid
3.4758 	DEBUG 	Uploading Texture Font fontname to graphics card
3.4800 	DEBUG 	Upload of Texture Font fontname complete
3.4925 	DEBUG 	TextBox2 loaded 1 chars with 0 blanks and 1 valid
3.5013 	DEBUG 	TextBox2 loaded 1 chars with 0 blanks and 1 valid
3.5102 	DEBUG 	TextBox2 loaded 1 chars with 0 blanks and 1 valid
3.5105 	DEBUG 	Uploading Texture Font fontname to graphics card
3.5136 	DEBUG 	Upload of Texture Font fontname complete
3.5152 	EXP 	window1: Attempting to measure frame rate of screen (0) ...
3.5152 	EXP 	window1: recordFrameIntervals = False
3.6797 	EXP 	window1: recordFrameIntervals = True
3.8643 	EXP 	Screen (0) actual frame rate measured at 59.73Hz
3.8644 	EXP 	window1: recordFrameIntervals = False
3.8815 	DEBUG 	TextBox2 loaded 1 chars with 0 blanks and 1 valid
3.8897 	DEBUG 	TextBox2 loaded 1 chars with 0 blanks and 1 valid
3.8978 	DEBUG 	TextBox2 loaded 1 chars with 0 blanks and 1 valid
3.9062 	DEBUG 	TextBox2 loaded 1 chars with 0 blanks and 1 valid
3.9147 	DEBUG 	TextBox2 loaded 1 chars with 0 blanks and 1 valid
3.9238 	DEBUG 	TextBox2 loaded 1 chars with 0 blanks and 1 valid
3.9326 	DEBUG 	TextBox2 loaded 1 chars with 0 blanks and 1 valid
3.9411 	DEBUG 	TextBox2 loaded 1 chars with 0 blanks and 1 valid
3.9528 	DEBUG 	TextBox2 loaded 1 chars with 0 blanks and 1 valid
3.9624 	DEBUG 	TextBox2 loaded 1 chars with 0 blanks and 1 valid
3.9629 	DEBUG 	Uploading Texture Font fontname to graphics card
3.9638 	DEBUG 	Upload of Texture Font fontname complete
4.2365 	INFO 	keyboard.Keyboard is using ptb backend.
4.2365 	EXP 	mouse: status = STARTED
4.2524 	EXP 	Created mouse_none = ImageStim(__class__=<class 'psychopy.visual.image.ImageStim'>, anchor=('center', 'center'), autoLog=True, color=array([1., 1., 1.]), colorSpace='rgb', contrast=1.0, depth=0.0, draggable=False, flipHoriz=np.False_, flipVert=np.False_, image='stimuli/mouse_none.jpg', interpolate=True, mask='stimuli/mouse_mask.jpg', maskParams=None, name='mouse_none', opacity=1, ori=0.0, pos=array([0., 0.]), size=array([0.5, 0.5]), texRes=128.0, units='height', win=Window(...))
4.2562 	EXP 	Created image = ImageStim(__class__=<class 'psychopy.visual.image.ImageStim'>, anchor=('center', 'center'), autoLog=True, color=array([1., 1., 1.]), colorSpace='rgb', contrast=1.0, depth=-1.0, draggable=False, flipHoriz=np.False_, flipVert=np.False_, image='default.png', interpolate=True, mask='stimuli/mouse_mask.jpg', maskParams=None, name='image', opacity=1, ori=0.0, pos=array([0., 0.]), size=array([0.5, 0.5]), texRes=128.0, units='height', win=Window(...))
4.2604 	EXP 	Created mouse_none_2 = ImageStim(__class__=<class 'psychopy.visual.image.ImageStim'>, anchor=('center', 'center'), autoLog=True, color=array([1., 1., 1.]), colorSpace='rgb', contrast=1.0, depth=0.0, draggable=False, flipHoriz=np.False_, flipVert=np.False_, image='stimuli/mouse_none.jpg', interpolate=True, mask='stimuli/mouse_mask.jpg', maskParams=None, name='mouse_none_2', opacity=1, ori=0.0, pos=array([0., 0.]), size=array([0.5, 0.5]), texRes=128.0, units='height', win=Window(...))
4.2645 	EXP 	Created image_2 = ImageStim(__class__=<class 'psychopy.visual.image.ImageStim'>, anchor=('center', 'center'), autoLog=True, color=array([1., 1., 1.]), colorSpace='rgb', contrast=1.0, depth=-1.0, draggable=False, flipHoriz=np.False_, flipVert=np.False_, image='default.png', interpolate=True, mask='stimuli/mouse_mask.jpg', maskParams=None, name='image_2', opacity=1, ori=0.0, pos=array([0., 0.]), size=array([0.5, 0.5]), texRes=128.0, units='height', win=Window(...))
0.0202 	DEBUG 	Read csv file with pandas: conditions.csv
0.0209 	DEBUG 	Clearing unnamed columns from conditions.csv
0.0210 	EXP 	Imported conditions.csv as conditions, 2 conditions, 1 params
0.0212 	EXP 	New trial (rep=0, index=0): <Trial 0 (0 in rep 0) data={'mouse_stim_side': 'stimuli/mouse_left.jpg', 'thisN': 0, 'thisTrialN': 0, 'thisRepN': 0}>
0.0329 	EXP 	image: image = 'stimuli/mouse_left.jpg'
0.0329 	EXP 	mouse_none: autoDraw = True
0.2998 	EXP 	image: autoDraw = True
0.3329 	EXP 	mouse_none: autoDraw = False
1.3026 	DATA 	Mouse: Left button down, pos=(455,369)
1.3030 	EXP 	New trial (rep=0, index=1): <Trial 1 (1 in rep 0) data={'mouse_stim_side': 'stimuli/mouse_right.jpg', 'thisN': 1, 'thisTrialN': 1, 'thisRepN': 0}>
1.3156 	EXP 	mouse_none: autoDraw = False
1.3156 	EXP 	image: autoDraw = False
1.3156 	EXP 	image: image = 'stimuli/mouse_right.jpg'
1.3156 	EXP 	mouse_none: autoDraw = True
1.3855 	DATA 	Mouse:  Left button up, pos=(455,369)
1.6156 	EXP 	mouse_none: autoDraw = False
1.6156 	EXP 	image: autoDraw = True
1.9530 	DATA 	Mouse: Right button down, pos=(391,277)
1.9535 	EXP 	New trial (rep=1, index=0): <Trial 2 (0 in rep 1) data={'mouse_stim_side': 'stimuli/mouse_left.jpg', 'thisN': 2, 'thisTrialN': 0, 'thisRepN': 1}>
1.9659 	EXP 	mouse_none: autoDraw = False
1.9659 	EXP 	image: autoDraw = False
1.9659 	EXP 	image: image = 'stimuli/mouse_left.jpg'
1.9659 	EXP 	mouse_none: autoDraw = True
2.0542 	DATA 	Mouse:  Right button up, pos=(390,276)
2.2662 	EXP 	mouse_none: autoDraw = False
2.2662 	EXP 	image: autoDraw = True
2.5510 	DATA 	Mouse: Left button down, pos=(390,276)
2.5513 	EXP 	New trial (rep=1, index=1): <Trial 3 (1 in rep 1) data={'mouse_stim_side': 'stimuli/mouse_right.jpg', 'thisN': 3, 'thisTrialN': 1, 'thisRepN': 1}>
2.5657 	EXP 	mouse_none: autoDraw = False
2.5657 	EXP 	image: autoDraw = False
2.5657 	EXP 	image: image = 'stimuli/mouse_right.jpg'
2.5657 	EXP 	mouse_none: autoDraw = True
2.6542 	DATA 	Mouse:  Left button up, pos=(390,276)
2.8656 	EXP 	mouse_none: autoDraw = False
2.8656 	EXP 	image: autoDraw = True
3.2192 	DATA 	Mouse: Right button down, pos=(390,283)
3.2325 	EXP 	mouse_none: autoDraw = False
3.2325 	EXP 	image: autoDraw = False
3.2325 	EXP 	image_2: image = 'stimuli/mouse_both.png'
3.2325 	EXP 	mouse_none_2: autoDraw = True
3.3206 	DATA 	Mouse:  Right button up, pos=(390,283)
3.5327 	EXP 	mouse_none_2: autoDraw = False
3.5327 	EXP 	image_2: autoDraw = True
4.0522 	DATA 	Mouse: Left button down, pos=(390,283)
4.0659 	EXP 	mouse_none_2: autoDraw = False
4.0659 	EXP 	image_2: autoDraw = False
4.0686 	EXP 	mouse: status = STOPPED
4.0797 	INFO 	saved data to 'C:\\Users\\delgr\\Projects\\mouseGame\\data\\pilot_mouse_2025-06-17_22h18.35.586.csv'
4.0805 	INFO 	saved data to C:\Users\delgr\Projects\mouseGame\data\pilot_mouse_2025-06-17_22h18.35.586.psydat
4.0817 	DATA 	Mouse: Right button down, pos=(390,283)
4.2068 	DEBUG 	Saving data for mouse ExperimentHandler
4.2095 	WARNING 	Stopping key buffers but this could be dangerous ifother keyboards rely on the same.
